2024-07-02 19:48:17.973 [info] Started local extension host with pid 13753.
2024-07-02 19:48:19.687 [info] Invoking resolveAuthority(codespaces)...
2024-07-02 19:48:19.687 [info] [LocalProcess0][resolveAuthority(codespaces,1)][0ms] obtaining proxy...
2024-07-02 19:48:19.687 [info] [LocalProcess0][resolveAuthority(codespaces,1)][0ms] invoking...
2024-07-02 19:48:20.688 [info] [LocalProcess0][resolveAuthority(codespaces,1)][1000ms] waiting...
2024-07-02 19:48:21.688 [info] [LocalProcess0][resolveAuthority(codespaces,1)][2000ms] waiting...
2024-07-02 19:48:22.687 [info] [LocalProcess0][resolveAuthority(codespaces,1)][3000ms] waiting...
2024-07-02 19:48:23.688 [info] [LocalProcess0][resolveAuthority(codespaces,1)][4000ms] waiting...
2024-07-02 19:48:24.435 [info] [LocalProcess0][resolveAuthority(codespaces,1)][4748ms] returned WebSocket(127.0.0.1:45903)
2024-07-02 19:48:24.435 [info] resolveAuthority(codespaces) returned 'WebSocket(127.0.0.1:45903)' after 4749 ms
2024-07-02 19:48:24.436 [info] Creating a socket (renderer-Management-08161e09-f2cf-4a05-acb6-339770443cc8)...
2024-07-02 19:48:24.437 [info] Creating a socket (renderer-ExtensionHost-343a46d0-5699-4ebe-84d9-6c44d840c67d)...
2024-07-02 19:48:24.572 [info] Creating a socket (renderer-Management-08161e09-f2cf-4a05-acb6-339770443cc8) was successful after 135 ms.
2024-07-02 19:48:24.735 [info] Creating a socket (renderer-ExtensionHost-343a46d0-5699-4ebe-84d9-6c44d840c67d) was successful after 298 ms.
2024-07-02 19:48:26.921 [info] [perf] Render performance baseline is 21ms
2024-07-02 20:28:34.611 [info] [remote-connection][Management   ][08161…][reconnect] received socket close event (wasClean: false, code: 1006, reason: ).
2024-07-02 20:28:34.612 [error] {"isTrusted":true}
2024-07-02 20:28:34.612 [info] [remote-connection][Management   ][08161…][reconnect] starting reconnecting loop. You can get more information with the trace log level.
2024-07-02 20:28:34.613 [info] [remote-connection][Management   ][08161…][reconnect] resolving connection...
2024-07-02 20:28:34.613 [info] Invoking resolveAuthority(codespaces)...
2024-07-02 20:28:34.613 [info] [LocalProcess0][resolveAuthority(codespaces,2)][0ms] obtaining proxy...
2024-07-02 20:28:34.613 [info] [LocalProcess0][resolveAuthority(codespaces,2)][0ms] invoking...
2024-07-02 20:28:34.614 [info] [remote-connection][ExtensionHost][343a4…][reconnect] received socket close event (wasClean: false, code: 1006, reason: ).
2024-07-02 20:28:34.614 [error] {"isTrusted":true}
2024-07-02 20:28:34.615 [info] [remote-connection][ExtensionHost][343a4…][reconnect] starting reconnecting loop. You can get more information with the trace log level.
2024-07-02 20:28:34.615 [info] [remote-connection][ExtensionHost][343a4…][reconnect] resolving connection...
2024-07-02 20:28:35.615 [info] [LocalProcess0][resolveAuthority(codespaces,2)][1001ms] waiting...
2024-07-02 20:28:36.614 [info] [LocalProcess0][resolveAuthority(codespaces,2)][2001ms] waiting...
2024-07-02 20:28:37.615 [info] [LocalProcess0][resolveAuthority(codespaces,2)][3001ms] waiting...
2024-07-02 20:28:37.627 [info] Extension host (Remote) is unresponsive.
2024-07-02 20:28:38.614 [info] [LocalProcess0][resolveAuthority(codespaces,2)][4001ms] waiting...
2024-07-02 20:28:39.615 [info] [LocalProcess0][resolveAuthority(codespaces,2)][5001ms] waiting...
2024-07-02 20:28:40.614 [info] [LocalProcess0][resolveAuthority(codespaces,2)][6001ms] waiting...
2024-07-02 20:28:41.616 [info] [LocalProcess0][resolveAuthority(codespaces,2)][7001ms] waiting...
2024-07-02 20:28:42.614 [info] [LocalProcess0][resolveAuthority(codespaces,2)][8001ms] waiting...
2024-07-02 20:28:43.614 [info] [LocalProcess0][resolveAuthority(codespaces,2)][9001ms] waiting...
2024-07-02 20:28:44.614 [info] [LocalProcess0][resolveAuthority(codespaces,2)][10001ms] waiting...
2024-07-02 20:28:45.615 [info] [LocalProcess0][resolveAuthority(codespaces,2)][11001ms] waiting...
2024-07-02 20:28:46.614 [info] [LocalProcess0][resolveAuthority(codespaces,2)][12001ms] waiting...
2024-07-02 20:28:47.614 [info] [LocalProcess0][resolveAuthority(codespaces,2)][13001ms] waiting...
2024-07-02 20:28:48.614 [info] [LocalProcess0][resolveAuthority(codespaces,2)][14001ms] waiting...
2024-07-02 20:28:49.614 [info] [LocalProcess0][resolveAuthority(codespaces,2)][15001ms] waiting...
2024-07-02 20:28:50.615 [info] [LocalProcess0][resolveAuthority(codespaces,2)][16001ms] waiting...
2024-07-02 20:28:51.614 [info] [LocalProcess0][resolveAuthority(codespaces,2)][17001ms] waiting...
2024-07-02 20:28:52.614 [info] [LocalProcess0][resolveAuthority(codespaces,2)][18001ms] waiting...
2024-07-02 20:28:53.614 [info] [LocalProcess0][resolveAuthority(codespaces,2)][19001ms] waiting...
2024-07-02 20:28:54.614 [info] [LocalProcess0][resolveAuthority(codespaces,2)][20001ms] waiting...
2024-07-02 20:28:54.625 [info] [remote-connection][ExtensionHost][343a4…][reconnect] received socket timeout event (unacknowledgedMsgCount: 5, timeSinceOldestUnacknowledgedMsg: 20000, timeSinceLastReceivedSomeData: 21842).
2024-07-02 20:28:55.614 [info] [LocalProcess0][resolveAuthority(codespaces,2)][21001ms] waiting...
2024-07-02 20:28:56.614 [info] [LocalProcess0][resolveAuthority(codespaces,2)][22001ms] waiting...
2024-07-02 20:28:57.614 [info] [LocalProcess0][resolveAuthority(codespaces,2)][23001ms] waiting...
2024-07-02 20:28:58.614 [info] [LocalProcess0][resolveAuthority(codespaces,2)][24001ms] waiting...
2024-07-02 20:28:59.614 [info] [LocalProcess0][resolveAuthority(codespaces,2)][25001ms] waiting...
2024-07-02 20:29:00.614 [info] [LocalProcess0][resolveAuthority(codespaces,2)][26001ms] waiting...
2024-07-02 20:29:01.614 [info] [LocalProcess0][resolveAuthority(codespaces,2)][27001ms] waiting...
2024-07-02 20:29:02.614 [info] [LocalProcess0][resolveAuthority(codespaces,2)][28001ms] waiting...
2024-07-02 20:29:03.614 [info] [LocalProcess0][resolveAuthority(codespaces,2)][29001ms] waiting...
2024-07-02 20:29:04.615 [info] [LocalProcess0][resolveAuthority(codespaces,2)][30001ms] waiting...
2024-07-02 20:29:05.615 [info] [LocalProcess0][resolveAuthority(codespaces,2)][31001ms] waiting...
2024-07-02 20:29:06.614 [info] [LocalProcess0][resolveAuthority(codespaces,2)][32001ms] waiting...
2024-07-02 20:29:07.614 [info] [LocalProcess0][resolveAuthority(codespaces,2)][33001ms] waiting...
2024-07-02 20:29:08.614 [info] [LocalProcess0][resolveAuthority(codespaces,2)][34001ms] waiting...
2024-07-02 20:29:09.614 [info] [LocalProcess0][resolveAuthority(codespaces,2)][35001ms] waiting...
2024-07-02 20:29:10.614 [info] [LocalProcess0][resolveAuthority(codespaces,2)][36001ms] waiting...
2024-07-02 20:29:11.614 [info] [LocalProcess0][resolveAuthority(codespaces,2)][37001ms] waiting...
2024-07-02 20:29:12.614 [info] [LocalProcess0][resolveAuthority(codespaces,2)][38001ms] waiting...
2024-07-02 20:29:13.615 [info] [LocalProcess0][resolveAuthority(codespaces,2)][39001ms] waiting...
2024-07-02 20:29:14.614 [info] [LocalProcess0][resolveAuthority(codespaces,2)][40001ms] waiting...
2024-07-02 20:29:15.615 [info] [LocalProcess0][resolveAuthority(codespaces,2)][41001ms] waiting...
2024-07-02 20:29:16.614 [info] [LocalProcess0][resolveAuthority(codespaces,2)][42001ms] waiting...
2024-07-02 20:29:17.614 [info] [LocalProcess0][resolveAuthority(codespaces,2)][43001ms] waiting...
2024-07-02 20:29:18.614 [info] [LocalProcess0][resolveAuthority(codespaces,2)][44001ms] waiting...
2024-07-02 20:29:19.614 [info] [LocalProcess0][resolveAuthority(codespaces,2)][45001ms] waiting...
2024-07-02 20:29:20.614 [info] [LocalProcess0][resolveAuthority(codespaces,2)][46001ms] waiting...
2024-07-02 20:29:21.614 [info] [LocalProcess0][resolveAuthority(codespaces,2)][47001ms] waiting...
2024-07-02 20:29:22.614 [info] [LocalProcess0][resolveAuthority(codespaces,2)][48001ms] waiting...
2024-07-02 20:29:23.614 [info] [LocalProcess0][resolveAuthority(codespaces,2)][49001ms] waiting...
2024-07-02 20:29:24.614 [info] [LocalProcess0][resolveAuthority(codespaces,2)][50001ms] waiting...
2024-07-02 20:29:25.614 [info] [LocalProcess0][resolveAuthority(codespaces,2)][51001ms] waiting...
2024-07-02 20:29:26.614 [info] [LocalProcess0][resolveAuthority(codespaces,2)][52001ms] waiting...
2024-07-02 20:29:27.614 [info] [LocalProcess0][resolveAuthority(codespaces,2)][53001ms] waiting...
2024-07-02 20:29:28.614 [info] [LocalProcess0][resolveAuthority(codespaces,2)][54001ms] waiting...
2024-07-02 20:29:29.614 [info] [LocalProcess0][resolveAuthority(codespaces,2)][55001ms] waiting...
2024-07-02 20:29:30.614 [info] [LocalProcess0][resolveAuthority(codespaces,2)][56001ms] waiting...
2024-07-02 20:29:31.615 [info] [LocalProcess0][resolveAuthority(codespaces,2)][57001ms] waiting...
2024-07-02 20:29:32.614 [info] [LocalProcess0][resolveAuthority(codespaces,2)][58001ms] waiting...
2024-07-02 20:29:33.614 [info] [LocalProcess0][resolveAuthority(codespaces,2)][59001ms] waiting...
2024-07-02 20:29:34.614 [info] [LocalProcess0][resolveAuthority(codespaces,2)][60001ms] waiting...
2024-07-02 20:29:35.615 [info] [LocalProcess0][resolveAuthority(codespaces,2)][61001ms] waiting...
2024-07-02 20:29:36.614 [info] [LocalProcess0][resolveAuthority(codespaces,2)][62001ms] waiting...
2024-07-02 20:29:37.614 [info] [LocalProcess0][resolveAuthority(codespaces,2)][63001ms] waiting...
2024-07-02 20:29:38.614 [info] [LocalProcess0][resolveAuthority(codespaces,2)][64001ms] waiting...
2024-07-02 20:29:39.614 [info] [LocalProcess0][resolveAuthority(codespaces,2)][65001ms] waiting...
2024-07-02 20:29:40.616 [info] [LocalProcess0][resolveAuthority(codespaces,2)][66001ms] waiting...
2024-07-02 20:29:41.614 [info] [LocalProcess0][resolveAuthority(codespaces,2)][67001ms] waiting...
2024-07-02 20:29:42.614 [info] [LocalProcess0][resolveAuthority(codespaces,2)][68001ms] waiting...
2024-07-02 20:29:43.614 [info] [LocalProcess0][resolveAuthority(codespaces,2)][69001ms] waiting...
2024-07-02 20:29:44.614 [info] [LocalProcess0][resolveAuthority(codespaces,2)][70001ms] waiting...
2024-07-02 20:29:45.614 [info] [LocalProcess0][resolveAuthority(codespaces,2)][71001ms] waiting...
2024-07-02 20:29:46.614 [info] [LocalProcess0][resolveAuthority(codespaces,2)][72001ms] waiting...
2024-07-02 20:29:47.614 [info] [LocalProcess0][resolveAuthority(codespaces,2)][73001ms] waiting...
2024-07-02 20:29:48.614 [info] [LocalProcess0][resolveAuthority(codespaces,2)][74001ms] waiting...
2024-07-02 20:29:49.615 [info] [LocalProcess0][resolveAuthority(codespaces,2)][75001ms] waiting...
2024-07-02 20:29:50.614 [info] [LocalProcess0][resolveAuthority(codespaces,2)][76001ms] waiting...
2024-07-02 20:29:51.614 [info] [LocalProcess0][resolveAuthority(codespaces,2)][77001ms] waiting...
2024-07-02 20:29:52.614 [info] [LocalProcess0][resolveAuthority(codespaces,2)][78001ms] waiting...
2024-07-02 20:29:53.614 [info] [LocalProcess0][resolveAuthority(codespaces,2)][79001ms] waiting...
2024-07-02 20:29:54.614 [info] [LocalProcess0][resolveAuthority(codespaces,2)][80001ms] waiting...
2024-07-02 20:29:55.614 [info] [LocalProcess0][resolveAuthority(codespaces,2)][81001ms] waiting...
2024-07-02 20:29:56.614 [info] [LocalProcess0][resolveAuthority(codespaces,2)][82001ms] waiting...
2024-07-02 20:29:57.614 [info] [LocalProcess0][resolveAuthority(codespaces,2)][83001ms] waiting...
2024-07-02 20:29:58.614 [info] [LocalProcess0][resolveAuthority(codespaces,2)][84001ms] waiting...
2024-07-02 20:29:59.614 [info] [LocalProcess0][resolveAuthority(codespaces,2)][85001ms] waiting...
2024-07-02 20:30:00.614 [info] [LocalProcess0][resolveAuthority(codespaces,2)][86001ms] waiting...
2024-07-02 20:30:01.614 [info] [LocalProcess0][resolveAuthority(codespaces,2)][87001ms] waiting...
2024-07-02 20:30:02.614 [info] [LocalProcess0][resolveAuthority(codespaces,2)][88001ms] waiting...
2024-07-02 20:30:03.614 [info] [LocalProcess0][resolveAuthority(codespaces,2)][89001ms] waiting...
2024-07-02 20:30:04.614 [info] [LocalProcess0][resolveAuthority(codespaces,2)][90001ms] waiting...
2024-07-02 20:30:05.614 [info] [LocalProcess0][resolveAuthority(codespaces,2)][91001ms] waiting...
2024-07-02 20:30:06.614 [info] [LocalProcess0][resolveAuthority(codespaces,2)][92001ms] waiting...
2024-07-02 20:30:07.614 [info] [LocalProcess0][resolveAuthority(codespaces,2)][93001ms] waiting...
2024-07-02 20:30:08.614 [info] [LocalProcess0][resolveAuthority(codespaces,2)][94001ms] waiting...
2024-07-02 20:30:09.614 [info] [LocalProcess0][resolveAuthority(codespaces,2)][95001ms] waiting...
2024-07-02 20:30:10.614 [info] [LocalProcess0][resolveAuthority(codespaces,2)][96001ms] waiting...
2024-07-02 20:30:11.614 [info] [LocalProcess0][resolveAuthority(codespaces,2)][97001ms] waiting...
2024-07-02 20:30:12.614 [info] [LocalProcess0][resolveAuthority(codespaces,2)][98001ms] waiting...
2024-07-02 20:30:13.614 [info] [LocalProcess0][resolveAuthority(codespaces,2)][99001ms] waiting...
2024-07-02 20:30:14.614 [info] [LocalProcess0][resolveAuthority(codespaces,2)][100001ms] waiting...
2024-07-02 20:30:15.614 [info] [LocalProcess0][resolveAuthority(codespaces,2)][101001ms] waiting...
2024-07-02 20:30:16.614 [info] [LocalProcess0][resolveAuthority(codespaces,2)][102001ms] waiting...
2024-07-02 20:30:17.614 [info] [LocalProcess0][resolveAuthority(codespaces,2)][103001ms] waiting...
2024-07-02 20:30:18.614 [info] [LocalProcess0][resolveAuthority(codespaces,2)][104001ms] waiting...
2024-07-02 20:30:19.614 [info] [LocalProcess0][resolveAuthority(codespaces,2)][105001ms] waiting...
2024-07-02 20:30:20.614 [info] [LocalProcess0][resolveAuthority(codespaces,2)][106001ms] waiting...
2024-07-02 20:30:21.614 [info] [LocalProcess0][resolveAuthority(codespaces,2)][107001ms] waiting...
2024-07-02 20:30:22.614 [info] [LocalProcess0][resolveAuthority(codespaces,2)][108001ms] waiting...
2024-07-02 20:30:23.614 [info] [LocalProcess0][resolveAuthority(codespaces,2)][109001ms] waiting...
2024-07-02 20:30:24.614 [info] [LocalProcess0][resolveAuthority(codespaces,2)][110001ms] waiting...
2024-07-02 20:30:25.614 [info] [LocalProcess0][resolveAuthority(codespaces,2)][111001ms] waiting...
2024-07-02 20:30:26.614 [info] [LocalProcess0][resolveAuthority(codespaces,2)][112001ms] waiting...
2024-07-02 20:30:27.614 [info] [LocalProcess0][resolveAuthority(codespaces,2)][113001ms] waiting...
2024-07-02 20:30:28.614 [info] [LocalProcess0][resolveAuthority(codespaces,2)][114001ms] waiting...
2024-07-02 20:30:29.614 [info] [LocalProcess0][resolveAuthority(codespaces,2)][115001ms] waiting...
2024-07-02 20:30:30.614 [info] [LocalProcess0][resolveAuthority(codespaces,2)][116001ms] waiting...
2024-07-02 20:30:31.614 [info] [LocalProcess0][resolveAuthority(codespaces,2)][117001ms] waiting...
2024-07-02 20:30:32.614 [info] [LocalProcess0][resolveAuthority(codespaces,2)][118001ms] waiting...
2024-07-02 20:30:33.614 [info] [LocalProcess0][resolveAuthority(codespaces,2)][119001ms] waiting...
2024-07-02 20:30:34.614 [info] [LocalProcess0][resolveAuthority(codespaces,2)][120001ms] waiting...
2024-07-02 20:30:35.614 [info] [LocalProcess0][resolveAuthority(codespaces,2)][121001ms] waiting...
2024-07-02 20:30:36.614 [info] [LocalProcess0][resolveAuthority(codespaces,2)][122001ms] waiting...
2024-07-02 20:30:37.614 [info] [LocalProcess0][resolveAuthority(codespaces,2)][123001ms] waiting...
2024-07-02 20:30:38.614 [info] [LocalProcess0][resolveAuthority(codespaces,2)][124001ms] waiting...
2024-07-02 20:30:39.614 [info] [LocalProcess0][resolveAuthority(codespaces,2)][125001ms] waiting...
2024-07-02 20:30:40.614 [info] [LocalProcess0][resolveAuthority(codespaces,2)][126001ms] waiting...
2024-07-02 20:30:41.614 [info] [LocalProcess0][resolveAuthority(codespaces,2)][127001ms] waiting...
2024-07-02 20:30:42.614 [info] [LocalProcess0][resolveAuthority(codespaces,2)][128001ms] waiting...
2024-07-02 20:30:43.614 [info] [LocalProcess0][resolveAuthority(codespaces,2)][129001ms] waiting...
2024-07-02 20:30:44.614 [info] [LocalProcess0][resolveAuthority(codespaces,2)][130001ms] waiting...
2024-07-02 20:30:45.614 [info] [LocalProcess0][resolveAuthority(codespaces,2)][131001ms] waiting...
2024-07-02 20:30:46.614 [info] [LocalProcess0][resolveAuthority(codespaces,2)][132001ms] waiting...
2024-07-02 20:30:47.614 [info] [LocalProcess0][resolveAuthority(codespaces,2)][133001ms] waiting...
2024-07-02 20:30:48.614 [info] [LocalProcess0][resolveAuthority(codespaces,2)][134001ms] waiting...
2024-07-02 20:30:49.614 [info] [LocalProcess0][resolveAuthority(codespaces,2)][135001ms] waiting...
2024-07-02 20:30:50.614 [info] [LocalProcess0][resolveAuthority(codespaces,2)][136001ms] waiting...
2024-07-02 20:30:51.614 [info] [LocalProcess0][resolveAuthority(codespaces,2)][137001ms] waiting...
2024-07-02 20:30:52.614 [info] [LocalProcess0][resolveAuthority(codespaces,2)][138001ms] waiting...
2024-07-02 20:30:53.615 [info] [LocalProcess0][resolveAuthority(codespaces,2)][139001ms] waiting...
2024-07-02 20:30:54.614 [info] [LocalProcess0][resolveAuthority(codespaces,2)][140001ms] waiting...
2024-07-02 20:30:55.614 [info] [LocalProcess0][resolveAuthority(codespaces,2)][141001ms] waiting...
2024-07-02 20:30:56.614 [info] [LocalProcess0][resolveAuthority(codespaces,2)][142001ms] waiting...
2024-07-02 20:30:57.614 [info] [LocalProcess0][resolveAuthority(codespaces,2)][143001ms] waiting...
2024-07-02 20:30:58.614 [info] [LocalProcess0][resolveAuthority(codespaces,2)][144001ms] waiting...
2024-07-02 20:30:59.614 [info] [LocalProcess0][resolveAuthority(codespaces,2)][145001ms] waiting...
2024-07-02 20:31:00.614 [info] [LocalProcess0][resolveAuthority(codespaces,2)][146001ms] waiting...
2024-07-02 20:31:01.614 [info] [LocalProcess0][resolveAuthority(codespaces,2)][147001ms] waiting...
2024-07-02 20:31:02.614 [info] [LocalProcess0][resolveAuthority(codespaces,2)][148001ms] waiting...
2024-07-02 20:31:03.614 [info] [LocalProcess0][resolveAuthority(codespaces,2)][149001ms] waiting...
2024-07-02 20:31:04.614 [info] [LocalProcess0][resolveAuthority(codespaces,2)][150001ms] waiting...
2024-07-02 20:31:05.614 [info] [LocalProcess0][resolveAuthority(codespaces,2)][151001ms] waiting...
2024-07-02 20:31:06.614 [info] [LocalProcess0][resolveAuthority(codespaces,2)][152001ms] waiting...
2024-07-02 20:31:07.614 [info] [LocalProcess0][resolveAuthority(codespaces,2)][153001ms] waiting...
2024-07-02 20:31:08.614 [info] [LocalProcess0][resolveAuthority(codespaces,2)][154001ms] waiting...
2024-07-02 20:31:09.614 [info] [LocalProcess0][resolveAuthority(codespaces,2)][155001ms] waiting...
2024-07-02 20:31:10.614 [info] [LocalProcess0][resolveAuthority(codespaces,2)][156001ms] waiting...
2024-07-02 20:31:11.614 [info] [LocalProcess0][resolveAuthority(codespaces,2)][157001ms] waiting...
2024-07-02 20:31:12.614 [info] [LocalProcess0][resolveAuthority(codespaces,2)][158001ms] waiting...
2024-07-02 20:31:13.614 [info] [LocalProcess0][resolveAuthority(codespaces,2)][159001ms] waiting...
2024-07-02 20:31:14.614 [info] [LocalProcess0][resolveAuthority(codespaces,2)][160001ms] waiting...
2024-07-02 20:31:15.614 [info] [LocalProcess0][resolveAuthority(codespaces,2)][161001ms] waiting...
2024-07-02 20:31:16.614 [info] [LocalProcess0][resolveAuthority(codespaces,2)][162001ms] waiting...
2024-07-02 20:31:17.614 [info] [LocalProcess0][resolveAuthority(codespaces,2)][163001ms] waiting...
2024-07-02 20:31:18.614 [info] [LocalProcess0][resolveAuthority(codespaces,2)][164001ms] waiting...
2024-07-02 20:31:19.614 [info] [LocalProcess0][resolveAuthority(codespaces,2)][165001ms] waiting...
2024-07-02 20:31:20.614 [info] [LocalProcess0][resolveAuthority(codespaces,2)][166001ms] waiting...
2024-07-02 20:31:21.614 [info] [LocalProcess0][resolveAuthority(codespaces,2)][167001ms] waiting...
2024-07-02 20:31:22.614 [info] [LocalProcess0][resolveAuthority(codespaces,2)][168001ms] waiting...
2024-07-02 20:31:23.614 [info] [LocalProcess0][resolveAuthority(codespaces,2)][169001ms] waiting...
2024-07-02 20:31:24.614 [info] [LocalProcess0][resolveAuthority(codespaces,2)][170001ms] waiting...
2024-07-02 20:31:25.614 [info] [LocalProcess0][resolveAuthority(codespaces,2)][171001ms] waiting...
2024-07-02 20:31:26.614 [info] [LocalProcess0][resolveAuthority(codespaces,2)][172001ms] waiting...
2024-07-02 20:31:27.614 [info] [LocalProcess0][resolveAuthority(codespaces,2)][173001ms] waiting...
2024-07-02 20:31:28.614 [info] [LocalProcess0][resolveAuthority(codespaces,2)][174001ms] waiting...
2024-07-02 20:31:29.614 [info] [LocalProcess0][resolveAuthority(codespaces,2)][175001ms] waiting...
2024-07-02 20:31:30.614 [info] [LocalProcess0][resolveAuthority(codespaces,2)][176001ms] waiting...
2024-07-02 20:31:31.615 [info] [LocalProcess0][resolveAuthority(codespaces,2)][177001ms] waiting...
2024-07-02 20:31:32.614 [info] [LocalProcess0][resolveAuthority(codespaces,2)][178001ms] waiting...
2024-07-02 20:31:33.614 [info] [LocalProcess0][resolveAuthority(codespaces,2)][179001ms] waiting...
2024-07-02 20:31:34.614 [info] [LocalProcess0][resolveAuthority(codespaces,2)][180001ms] waiting...
2024-07-02 20:31:35.614 [info] [LocalProcess0][resolveAuthority(codespaces,2)][181001ms] waiting...
2024-07-02 20:31:36.614 [info] [LocalProcess0][resolveAuthority(codespaces,2)][182001ms] waiting...
2024-07-02 20:31:37.614 [info] [LocalProcess0][resolveAuthority(codespaces,2)][183001ms] waiting...
2024-07-02 20:31:38.614 [info] [LocalProcess0][resolveAuthority(codespaces,2)][184001ms] waiting...
2024-07-02 20:31:39.614 [info] [LocalProcess0][resolveAuthority(codespaces,2)][185001ms] waiting...
2024-07-02 20:31:40.614 [info] [LocalProcess0][resolveAuthority(codespaces,2)][186001ms] waiting...
2024-07-02 20:31:41.614 [info] [LocalProcess0][resolveAuthority(codespaces,2)][187001ms] waiting...
2024-07-02 20:31:42.614 [info] [LocalProcess0][resolveAuthority(codespaces,2)][188001ms] waiting...
2024-07-02 20:31:43.615 [info] [LocalProcess0][resolveAuthority(codespaces,2)][189001ms] waiting...
2024-07-02 20:31:44.614 [info] [LocalProcess0][resolveAuthority(codespaces,2)][190001ms] waiting...
2024-07-02 20:31:45.614 [info] [LocalProcess0][resolveAuthority(codespaces,2)][191001ms] waiting...
2024-07-02 20:31:46.614 [info] [LocalProcess0][resolveAuthority(codespaces,2)][192001ms] waiting...
2024-07-02 20:31:47.615 [info] [LocalProcess0][resolveAuthority(codespaces,2)][193001ms] waiting...
2024-07-02 20:31:48.614 [info] [LocalProcess0][resolveAuthority(codespaces,2)][194001ms] waiting...
2024-07-02 20:31:49.614 [info] [LocalProcess0][resolveAuthority(codespaces,2)][195001ms] waiting...
2024-07-02 20:31:50.614 [info] [LocalProcess0][resolveAuthority(codespaces,2)][196001ms] waiting...
2024-07-02 20:31:51.614 [info] [LocalProcess0][resolveAuthority(codespaces,2)][197001ms] waiting...
2024-07-02 20:31:52.614 [info] [LocalProcess0][resolveAuthority(codespaces,2)][198001ms] waiting...
2024-07-02 20:31:53.614 [info] [LocalProcess0][resolveAuthority(codespaces,2)][199001ms] waiting...
2024-07-02 20:31:54.614 [info] [LocalProcess0][resolveAuthority(codespaces,2)][200001ms] waiting...
2024-07-02 20:31:55.614 [info] [LocalProcess0][resolveAuthority(codespaces,2)][201001ms] waiting...
2024-07-02 20:31:56.614 [info] [LocalProcess0][resolveAuthority(codespaces,2)][202001ms] waiting...
2024-07-02 20:31:57.615 [info] [LocalProcess0][resolveAuthority(codespaces,2)][203001ms] waiting...
2024-07-02 20:31:58.615 [info] [LocalProcess0][resolveAuthority(codespaces,2)][204001ms] waiting...
2024-07-02 20:31:59.614 [info] [LocalProcess0][resolveAuthority(codespaces,2)][205001ms] waiting...
2024-07-02 20:32:00.615 [info] [LocalProcess0][resolveAuthority(codespaces,2)][206001ms] waiting...
2024-07-02 20:32:01.615 [info] [LocalProcess0][resolveAuthority(codespaces,2)][207001ms] waiting...
2024-07-02 20:32:02.614 [info] [LocalProcess0][resolveAuthority(codespaces,2)][208001ms] waiting...
2024-07-02 20:32:03.615 [info] [LocalProcess0][resolveAuthority(codespaces,2)][209001ms] waiting...
2024-07-02 20:32:04.615 [info] [LocalProcess0][resolveAuthority(codespaces,2)][210001ms] waiting...
2024-07-02 20:32:05.614 [info] [LocalProcess0][resolveAuthority(codespaces,2)][211001ms] waiting...
2024-07-02 20:32:06.615 [info] [LocalProcess0][resolveAuthority(codespaces,2)][212001ms] waiting...
2024-07-02 20:32:07.615 [info] [LocalProcess0][resolveAuthority(codespaces,2)][213001ms] waiting...
2024-07-02 20:32:08.615 [info] [LocalProcess0][resolveAuthority(codespaces,2)][214001ms] waiting...
2024-07-02 20:32:09.614 [info] [LocalProcess0][resolveAuthority(codespaces,2)][215001ms] waiting...
2024-07-02 20:32:10.614 [info] [LocalProcess0][resolveAuthority(codespaces,2)][216001ms] waiting...
2024-07-02 20:32:11.614 [info] [LocalProcess0][resolveAuthority(codespaces,2)][217001ms] waiting...
2024-07-02 20:32:12.614 [info] [LocalProcess0][resolveAuthority(codespaces,2)][218001ms] waiting...
2024-07-02 20:32:13.615 [info] [LocalProcess0][resolveAuthority(codespaces,2)][219001ms] waiting...
2024-07-02 20:32:14.614 [info] [LocalProcess0][resolveAuthority(codespaces,2)][220001ms] waiting...
2024-07-02 20:32:15.615 [info] [LocalProcess0][resolveAuthority(codespaces,2)][221001ms] waiting...
2024-07-02 20:32:16.615 [info] [LocalProcess0][resolveAuthority(codespaces,2)][222001ms] waiting...
2024-07-02 20:32:17.614 [info] [LocalProcess0][resolveAuthority(codespaces,2)][223001ms] waiting...
2024-07-02 20:32:18.615 [info] [LocalProcess0][resolveAuthority(codespaces,2)][224001ms] waiting...
2024-07-02 20:32:19.614 [info] [LocalProcess0][resolveAuthority(codespaces,2)][225001ms] waiting...
2024-07-02 20:32:20.615 [info] [LocalProcess0][resolveAuthority(codespaces,2)][226001ms] waiting...
2024-07-02 20:32:21.614 [info] [LocalProcess0][resolveAuthority(codespaces,2)][227001ms] waiting...
2024-07-02 20:32:22.614 [info] [LocalProcess0][resolveAuthority(codespaces,2)][228001ms] waiting...
2024-07-02 20:32:23.615 [info] [LocalProcess0][resolveAuthority(codespaces,2)][229001ms] waiting...
2024-07-02 20:32:24.614 [info] [LocalProcess0][resolveAuthority(codespaces,2)][230001ms] waiting...
2024-07-02 20:32:25.615 [info] [LocalProcess0][resolveAuthority(codespaces,2)][231001ms] waiting...
2024-07-02 20:32:26.615 [info] [LocalProcess0][resolveAuthority(codespaces,2)][232001ms] waiting...
2024-07-02 20:32:27.615 [info] [LocalProcess0][resolveAuthority(codespaces,2)][233001ms] waiting...
2024-07-02 20:32:28.614 [info] [LocalProcess0][resolveAuthority(codespaces,2)][234001ms] waiting...
2024-07-02 20:32:29.615 [info] [LocalProcess0][resolveAuthority(codespaces,2)][235001ms] waiting...
2024-07-02 20:32:30.616 [info] [LocalProcess0][resolveAuthority(codespaces,2)][236001ms] waiting...
2024-07-02 20:32:31.614 [info] [LocalProcess0][resolveAuthority(codespaces,2)][237001ms] waiting...
2024-07-02 20:32:32.614 [info] [LocalProcess0][resolveAuthority(codespaces,2)][238001ms] waiting...
2024-07-02 20:32:33.614 [info] [LocalProcess0][resolveAuthority(codespaces,2)][239001ms] waiting...
2024-07-02 20:32:34.614 [info] [LocalProcess0][resolveAuthority(codespaces,2)][240001ms] waiting...
2024-07-02 20:32:35.615 [info] [LocalProcess0][resolveAuthority(codespaces,2)][241001ms] waiting...
2024-07-02 20:32:36.614 [info] [LocalProcess0][resolveAuthority(codespaces,2)][242001ms] waiting...
2024-07-02 20:32:37.615 [info] [LocalProcess0][resolveAuthority(codespaces,2)][243001ms] waiting...
2024-07-02 20:32:38.614 [info] [LocalProcess0][resolveAuthority(codespaces,2)][244001ms] waiting...
2024-07-02 20:32:39.614 [info] [LocalProcess0][resolveAuthority(codespaces,2)][245001ms] waiting...
2024-07-02 20:32:40.615 [info] [LocalProcess0][resolveAuthority(codespaces,2)][246001ms] waiting...
2024-07-02 20:32:41.615 [info] [LocalProcess0][resolveAuthority(codespaces,2)][247001ms] waiting...
2024-07-02 20:32:42.614 [info] [LocalProcess0][resolveAuthority(codespaces,2)][248001ms] waiting...
2024-07-02 20:32:43.615 [info] [LocalProcess0][resolveAuthority(codespaces,2)][249001ms] waiting...
2024-07-02 20:32:44.614 [info] [LocalProcess0][resolveAuthority(codespaces,2)][250001ms] waiting...
2024-07-02 20:32:45.614 [info] [LocalProcess0][resolveAuthority(codespaces,2)][251001ms] waiting...
2024-07-02 20:32:46.615 [info] [LocalProcess0][resolveAuthority(codespaces,2)][252001ms] waiting...
2024-07-02 20:32:47.615 [info] [LocalProcess0][resolveAuthority(codespaces,2)][253001ms] waiting...
2024-07-02 20:32:48.614 [info] [LocalProcess0][resolveAuthority(codespaces,2)][254001ms] waiting...
2024-07-02 20:32:49.614 [info] [LocalProcess0][resolveAuthority(codespaces,2)][255001ms] waiting...
2024-07-02 20:32:50.615 [info] [LocalProcess0][resolveAuthority(codespaces,2)][256001ms] waiting...
2024-07-02 20:32:51.614 [info] [LocalProcess0][resolveAuthority(codespaces,2)][257001ms] waiting...
2024-07-02 20:32:52.615 [info] [LocalProcess0][resolveAuthority(codespaces,2)][258001ms] waiting...
2024-07-02 20:32:53.614 [info] [LocalProcess0][resolveAuthority(codespaces,2)][259001ms] waiting...
2024-07-02 20:32:54.614 [info] [LocalProcess0][resolveAuthority(codespaces,2)][260001ms] waiting...
2024-07-02 20:32:55.615 [info] [LocalProcess0][resolveAuthority(codespaces,2)][261001ms] waiting...
2024-07-02 20:32:56.614 [info] [LocalProcess0][resolveAuthority(codespaces,2)][262001ms] waiting...
2024-07-02 20:32:57.614 [info] [LocalProcess0][resolveAuthority(codespaces,2)][263001ms] waiting...
2024-07-02 20:32:58.614 [info] [LocalProcess0][resolveAuthority(codespaces,2)][264001ms] waiting...
2024-07-02 20:32:59.615 [info] [LocalProcess0][resolveAuthority(codespaces,2)][265001ms] waiting...
2024-07-02 20:33:00.614 [info] [LocalProcess0][resolveAuthority(codespaces,2)][266001ms] waiting...
2024-07-02 20:33:01.614 [info] [LocalProcess0][resolveAuthority(codespaces,2)][267001ms] waiting...
2024-07-02 20:33:02.615 [info] [LocalProcess0][resolveAuthority(codespaces,2)][268001ms] waiting...
2024-07-02 20:33:03.614 [info] [LocalProcess0][resolveAuthority(codespaces,2)][269001ms] waiting...
2024-07-02 20:33:04.615 [info] [LocalProcess0][resolveAuthority(codespaces,2)][270001ms] waiting...
2024-07-02 20:33:05.615 [info] [LocalProcess0][resolveAuthority(codespaces,2)][271001ms] waiting...
2024-07-02 20:33:06.615 [info] [LocalProcess0][resolveAuthority(codespaces,2)][272001ms] waiting...
2024-07-02 20:33:07.615 [info] [LocalProcess0][resolveAuthority(codespaces,2)][273001ms] waiting...
2024-07-02 20:33:08.614 [info] [LocalProcess0][resolveAuthority(codespaces,2)][274001ms] waiting...
2024-07-02 20:33:09.615 [info] [LocalProcess0][resolveAuthority(codespaces,2)][275001ms] waiting...
2024-07-02 20:33:10.615 [info] [LocalProcess0][resolveAuthority(codespaces,2)][276001ms] waiting...
2024-07-02 20:33:11.615 [info] [LocalProcess0][resolveAuthority(codespaces,2)][277001ms] waiting...
2024-07-02 20:33:12.615 [info] [LocalProcess0][resolveAuthority(codespaces,2)][278001ms] waiting...
2024-07-02 20:33:13.615 [info] [LocalProcess0][resolveAuthority(codespaces,2)][279001ms] waiting...
2024-07-02 20:33:14.615 [info] [LocalProcess0][resolveAuthority(codespaces,2)][280001ms] waiting...
2024-07-02 20:33:15.615 [info] [LocalProcess0][resolveAuthority(codespaces,2)][281001ms] waiting...
2024-07-02 20:33:16.615 [info] [LocalProcess0][resolveAuthority(codespaces,2)][282001ms] waiting...
2024-07-02 20:33:17.615 [info] [LocalProcess0][resolveAuthority(codespaces,2)][283001ms] waiting...
2024-07-02 20:33:18.615 [info] [LocalProcess0][resolveAuthority(codespaces,2)][284001ms] waiting...
2024-07-02 20:33:19.615 [info] [LocalProcess0][resolveAuthority(codespaces,2)][285001ms] waiting...
2024-07-02 20:33:20.615 [info] [LocalProcess0][resolveAuthority(codespaces,2)][286001ms] waiting...
2024-07-02 20:33:21.615 [info] [LocalProcess0][resolveAuthority(codespaces,2)][287001ms] waiting...
2024-07-02 20:33:22.615 [info] [LocalProcess0][resolveAuthority(codespaces,2)][288001ms] waiting...
2024-07-02 20:33:23.614 [info] [LocalProcess0][resolveAuthority(codespaces,2)][289001ms] waiting...
2024-07-02 20:33:24.615 [info] [LocalProcess0][resolveAuthority(codespaces,2)][290001ms] waiting...
2024-07-02 20:33:25.615 [info] [LocalProcess0][resolveAuthority(codespaces,2)][291001ms] waiting...
2024-07-02 20:33:26.615 [info] [LocalProcess0][resolveAuthority(codespaces,2)][292001ms] waiting...
2024-07-02 20:33:27.615 [info] [LocalProcess0][resolveAuthority(codespaces,2)][293001ms] waiting...
2024-07-02 20:33:28.615 [info] [LocalProcess0][resolveAuthority(codespaces,2)][294001ms] waiting...
2024-07-02 20:33:29.568 [info] [remote-connection][ExtensionHost][343a4…][reconnect] received socket timeout event (unacknowledgedMsgCount: 6, timeSinceOldestUnacknowledgedMsg: 294942, timeSinceLastReceivedSomeData: 296784).
2024-07-02 20:33:29.614 [info] [LocalProcess0][resolveAuthority(codespaces,2)][295001ms] waiting...
2024-07-02 20:33:30.615 [info] [LocalProcess0][resolveAuthority(codespaces,2)][296001ms] waiting...
2024-07-02 20:33:31.614 [info] [LocalProcess0][resolveAuthority(codespaces,2)][297001ms] waiting...
2024-07-02 20:33:32.615 [info] [LocalProcess0][resolveAuthority(codespaces,2)][298001ms] waiting...
2024-07-02 20:33:33.615 [info] [LocalProcess0][resolveAuthority(codespaces,2)][299001ms] waiting...
2024-07-02 20:33:34.615 [info] [LocalProcess0][resolveAuthority(codespaces,2)][300001ms] waiting...
2024-07-02 20:33:35.614 [info] [LocalProcess0][resolveAuthority(codespaces,2)][301001ms] waiting...
2024-07-02 20:33:36.615 [info] [LocalProcess0][resolveAuthority(codespaces,2)][302001ms] waiting...
2024-07-02 20:33:37.615 [info] [LocalProcess0][resolveAuthority(codespaces,2)][303001ms] waiting...
2024-07-02 20:33:38.615 [info] [LocalProcess0][resolveAuthority(codespaces,2)][304001ms] waiting...
2024-07-02 20:33:39.615 [info] [LocalProcess0][resolveAuthority(codespaces,2)][305001ms] waiting...
2024-07-02 20:33:40.615 [info] [LocalProcess0][resolveAuthority(codespaces,2)][306001ms] waiting...
2024-07-02 20:33:41.615 [info] [LocalProcess0][resolveAuthority(codespaces,2)][307001ms] waiting...
2024-07-02 20:33:42.614 [info] [LocalProcess0][resolveAuthority(codespaces,2)][308001ms] waiting...
2024-07-02 20:33:43.614 [info] [LocalProcess0][resolveAuthority(codespaces,2)][309001ms] waiting...
2024-07-02 20:33:44.614 [info] [LocalProcess0][resolveAuthority(codespaces,2)][310001ms] waiting...
2024-07-02 20:33:45.614 [info] [LocalProcess0][resolveAuthority(codespaces,2)][311001ms] waiting...
2024-07-02 20:33:46.615 [info] [LocalProcess0][resolveAuthority(codespaces,2)][312001ms] waiting...
2024-07-02 20:33:47.614 [info] [LocalProcess0][resolveAuthority(codespaces,2)][313001ms] waiting...
2024-07-02 20:33:48.110 [info] [remote-connection][Management   ][08161…][reconnect] received socket timeout event (unacknowledgedMsgCount: 3, timeSinceOldestUnacknowledgedMsg: 20000, timeSinceLastReceivedSomeData: 318396).
2024-07-02 20:33:48.615 [info] [LocalProcess0][resolveAuthority(codespaces,2)][314001ms] waiting...
2024-07-02 20:33:49.569 [info] [remote-connection][ExtensionHost][343a4…][reconnect] received socket timeout event (unacknowledgedMsgCount: 8, timeSinceOldestUnacknowledgedMsg: 314943, timeSinceLastReceivedSomeData: 316785).
2024-07-02 20:33:49.614 [info] [LocalProcess0][resolveAuthority(codespaces,2)][315001ms] waiting...
2024-07-02 20:33:50.615 [info] [LocalProcess0][resolveAuthority(codespaces,2)][316001ms] waiting...
2024-07-02 20:33:51.614 [info] [LocalProcess0][resolveAuthority(codespaces,2)][317001ms] waiting...
2024-07-02 20:33:52.614 [info] [LocalProcess0][resolveAuthority(codespaces,2)][318001ms] waiting...
2024-07-02 20:33:53.614 [info] [LocalProcess0][resolveAuthority(codespaces,2)][319001ms] waiting...
2024-07-02 20:33:54.614 [info] [LocalProcess0][resolveAuthority(codespaces,2)][320001ms] waiting...
2024-07-02 20:33:55.614 [info] [LocalProcess0][resolveAuthority(codespaces,2)][321001ms] waiting...
2024-07-02 20:33:56.614 [info] [LocalProcess0][resolveAuthority(codespaces,2)][322001ms] waiting...
2024-07-02 20:33:57.614 [info] [LocalProcess0][resolveAuthority(codespaces,2)][323001ms] waiting...
2024-07-02 20:33:58.614 [info] [LocalProcess0][resolveAuthority(codespaces,2)][324001ms] waiting...
2024-07-02 20:33:59.614 [info] [LocalProcess0][resolveAuthority(codespaces,2)][325001ms] waiting...
2024-07-02 20:34:00.614 [info] [LocalProcess0][resolveAuthority(codespaces,2)][326001ms] waiting...
2024-07-02 20:34:01.614 [info] [LocalProcess0][resolveAuthority(codespaces,2)][327001ms] waiting...
2024-07-02 20:34:02.614 [info] [LocalProcess0][resolveAuthority(codespaces,2)][328001ms] waiting...
2024-07-02 20:34:03.614 [info] [LocalProcess0][resolveAuthority(codespaces,2)][329001ms] waiting...
2024-07-02 20:34:04.614 [info] [LocalProcess0][resolveAuthority(codespaces,2)][330001ms] waiting...
2024-07-02 20:34:05.614 [info] [LocalProcess0][resolveAuthority(codespaces,2)][331001ms] waiting...
2024-07-02 20:34:06.615 [info] [LocalProcess0][resolveAuthority(codespaces,2)][332001ms] waiting...
2024-07-02 20:34:07.615 [info] [LocalProcess0][resolveAuthority(codespaces,2)][333001ms] waiting...
2024-07-02 20:34:08.110 [info] [remote-connection][Management   ][08161…][reconnect] received socket timeout event (unacknowledgedMsgCount: 10, timeSinceOldestUnacknowledgedMsg: 40000, timeSinceLastReceivedSomeData: 338396).
2024-07-02 20:34:08.614 [info] [LocalProcess0][resolveAuthority(codespaces,2)][334001ms] waiting...
2024-07-02 20:34:09.569 [info] [remote-connection][ExtensionHost][343a4…][reconnect] received socket timeout event (unacknowledgedMsgCount: 20, timeSinceOldestUnacknowledgedMsg: 334943, timeSinceLastReceivedSomeData: 336785).
2024-07-02 20:34:09.614 [info] [LocalProcess0][resolveAuthority(codespaces,2)][335001ms] waiting...
2024-07-02 20:34:10.615 [info] [LocalProcess0][resolveAuthority(codespaces,2)][336001ms] waiting...
2024-07-02 20:34:11.614 [info] [LocalProcess0][resolveAuthority(codespaces,2)][337001ms] waiting...
2024-07-02 20:34:12.614 [info] [LocalProcess0][resolveAuthority(codespaces,2)][338001ms] waiting...
2024-07-02 20:34:13.614 [info] [LocalProcess0][resolveAuthority(codespaces,2)][339001ms] waiting...
2024-07-02 20:34:14.614 [info] [LocalProcess0][resolveAuthority(codespaces,2)][340001ms] waiting...
2024-07-02 20:34:16.027 [info] Started local extension host with pid 20311.
2024-07-02 20:34:17.716 [info] Invoking resolveAuthority(codespaces)...
2024-07-02 20:34:17.716 [info] [LocalProcess0][resolveAuthority(codespaces,1)][0ms] obtaining proxy...
2024-07-02 20:34:17.717 [info] [LocalProcess0][resolveAuthority(codespaces,1)][0ms] invoking...
2024-07-02 20:34:18.717 [info] [LocalProcess0][resolveAuthority(codespaces,1)][1000ms] waiting...
2024-07-02 20:34:19.718 [info] [LocalProcess0][resolveAuthority(codespaces,1)][2001ms] waiting...
2024-07-02 20:34:20.719 [info] [LocalProcess0][resolveAuthority(codespaces,1)][3002ms] waiting...
2024-07-02 20:34:21.717 [info] [LocalProcess0][resolveAuthority(codespaces,1)][4000ms] waiting...
2024-07-02 20:34:22.718 [info] [LocalProcess0][resolveAuthority(codespaces,1)][5001ms] waiting...
2024-07-02 20:34:23.718 [info] [LocalProcess0][resolveAuthority(codespaces,1)][6001ms] waiting...
2024-07-02 20:34:24.717 [info] [LocalProcess0][resolveAuthority(codespaces,1)][7000ms] waiting...
2024-07-02 20:34:25.719 [info] [LocalProcess0][resolveAuthority(codespaces,1)][8002ms] waiting...
2024-07-02 20:34:26.717 [info] [LocalProcess0][resolveAuthority(codespaces,1)][9000ms] waiting...
2024-07-02 20:34:27.718 [info] [LocalProcess0][resolveAuthority(codespaces,1)][10002ms] waiting...
2024-07-02 20:34:28.718 [info] [LocalProcess0][resolveAuthority(codespaces,1)][11001ms] waiting...
2024-07-02 20:34:29.718 [info] [LocalProcess0][resolveAuthority(codespaces,1)][12002ms] waiting...
2024-07-02 20:34:30.717 [info] [LocalProcess0][resolveAuthority(codespaces,1)][13001ms] waiting...
2024-07-02 20:34:31.718 [info] [LocalProcess0][resolveAuthority(codespaces,1)][14001ms] waiting...
2024-07-02 20:34:32.717 [info] [LocalProcess0][resolveAuthority(codespaces,1)][15000ms] waiting...
2024-07-02 20:34:33.717 [info] [LocalProcess0][resolveAuthority(codespaces,1)][16001ms] waiting...
2024-07-02 20:34:34.717 [info] [LocalProcess0][resolveAuthority(codespaces,1)][17001ms] waiting...
2024-07-02 20:34:35.718 [info] [LocalProcess0][resolveAuthority(codespaces,1)][18001ms] waiting...
2024-07-02 20:34:36.718 [info] [LocalProcess0][resolveAuthority(codespaces,1)][19001ms] waiting...
2024-07-02 20:34:37.717 [info] [LocalProcess0][resolveAuthority(codespaces,1)][20001ms] waiting...
2024-07-02 20:34:38.717 [info] [LocalProcess0][resolveAuthority(codespaces,1)][21000ms] waiting...
2024-07-02 20:34:39.718 [info] [LocalProcess0][resolveAuthority(codespaces,1)][22001ms] waiting...
2024-07-02 20:34:40.718 [info] [LocalProcess0][resolveAuthority(codespaces,1)][23002ms] waiting...
2024-07-02 20:34:41.522 [info] [LocalProcess0][resolveAuthority(codespaces,1)][23806ms] returned WebSocket(127.0.0.1:38917)
2024-07-02 20:34:41.523 [info] resolveAuthority(codespaces) returned 'WebSocket(127.0.0.1:38917)' after 23806 ms
2024-07-02 20:34:41.523 [info] Creating a socket (renderer-Management-88f904eb-c742-4144-9163-9e6451497c87)...
2024-07-02 20:34:41.524 [info] Creating a socket (renderer-ExtensionHost-ecb9d952-8118-4524-84b8-e29ae919f3f8)...
2024-07-02 20:34:41.740 [info] Creating a socket (renderer-Management-88f904eb-c742-4144-9163-9e6451497c87) was successful after 217 ms.
2024-07-02 20:34:41.830 [info] Creating a socket (renderer-ExtensionHost-ecb9d952-8118-4524-84b8-e29ae919f3f8) was successful after 306 ms.
2024-07-02 20:34:45.702 [info] [perf] Render performance baseline is 24ms
2024-07-02 20:34:48.126 [warning] [perf] Renderer reported VERY LONG TASK (317ms), starting profiling session '6ee1fe0c-0cec-4dde-b30c-421c6ee1d3c9'
2024-07-02 20:34:50.749 [info] Extension host (Remote) is unresponsive.
2024-07-02 20:34:51.035 [info] Extension host (Remote) is responsive.
2024-07-02 20:34:52.744 [error] [Extension Host] (node:327) [DEP0005] DeprecationWarning: Buffer() is deprecated due to security and usability issues. Please use the Buffer.alloc(), Buffer.allocUnsafe(), or Buffer.from() methods instead.
(Use `node --trace-deprecation ...` to show where the warning was created)
