2024-07-02 19:48:17.923 [info] Added views:workbench.panel.markers.view in workbench.panel.markers
2024-07-02 19:48:17.923 [info] Added views:workbench.panel.output in workbench.panel.output
2024-07-02 19:48:17.923 [info] Added views:terminal in terminal
2024-07-02 19:48:17.923 [info] Added views:outline in workbench.view.explorer
2024-07-02 19:48:17.923 [info] Added views:workbench.scm in workbench.view.scm
2024-07-02 19:48:17.923 [info] Added views:workbench.view.search in workbench.view.search
2024-07-02 19:48:17.923 [info] Added views:timeline in workbench.view.explorer
2024-07-02 19:48:17.923 [info] Added views:workbench.explorer.fileView in workbench.view.explorer
2024-07-02 19:48:18.041 [info] Added views:workbench.debug.welcome in workbench.view.debug
2024-07-02 19:48:18.042 [info] Added views:workbench.debug.breakPointsView in workbench.view.debug
2024-07-02 19:48:24.433 [info] Added views:~remote.forwardedPorts in ~remote.forwardedPortsContainer
2024-07-02 19:48:26.118 [info] Added views:cs50-menu in workbench.view.extension.cs50-menu
2024-07-02 19:48:26.118 [info] Added views:ddb50.chatWindow in workbench.view.extension.ddb50
2024-07-02 19:48:26.118 [info] Added views:github.codespaces.explorer in workbench.view.remote
2024-07-02 19:48:26.119 [info] Added views:pr:github,issues:github in workbench.view.extension.github-pull-requests
2024-07-02 19:48:26.119 [info] Added views:dockerContainers,dockerImages,dockerRegistries,dockerNetworks,dockerVolumes,vscode-docker.views.dockerContexts,vscode-docker.views.help in workbench.view.extension.dockerView
2024-07-02 19:48:27.076 [info] Added views:workbench.panel.repl.view in workbench.panel.repl
2024-07-02 19:48:30.398 [info] Removed views:issues:github,pr:github from workbench.view.extension.github-pull-requests
2024-07-02 19:48:30.398 [info] Added views:github:login in workbench.view.extension.github-pull-requests
2024-07-02 19:48:41.019 [info] Added views:liveshare.session in workbench.view.extension.liveshare
2024-07-02 20:34:15.990 [info] Added views:workbench.panel.markers.view in workbench.panel.markers
2024-07-02 20:34:15.991 [info] Added views:workbench.panel.output in workbench.panel.output
2024-07-02 20:34:15.991 [info] Added views:terminal in terminal
2024-07-02 20:34:15.991 [info] Added views:outline in workbench.view.explorer
2024-07-02 20:34:15.991 [info] Added views:workbench.scm in workbench.view.scm
2024-07-02 20:34:15.991 [info] Added views:workbench.view.search in workbench.view.search
2024-07-02 20:34:15.991 [info] Added views:timeline in workbench.view.explorer
2024-07-02 20:34:15.991 [info] Added views:workbench.explorer.fileView in workbench.view.explorer
2024-07-02 20:34:16.104 [info] Added views:workbench.debug.welcome in workbench.view.debug
2024-07-02 20:34:16.104 [info] Added views:workbench.debug.breakPointsView in workbench.view.debug
2024-07-02 20:34:41.520 [info] Added views:~remote.forwardedPorts in ~remote.forwardedPortsContainer
2024-07-02 20:34:44.676 [info] Added views:cs50-menu in workbench.view.extension.cs50-menu
2024-07-02 20:34:44.677 [info] Added views:ddb50.chatWindow in workbench.view.extension.ddb50
2024-07-02 20:34:44.677 [info] Added views:github.codespaces.explorer in workbench.view.remote
2024-07-02 20:34:44.677 [info] Added views:pr:github,issues:github in workbench.view.extension.github-pull-requests
2024-07-02 20:34:44.677 [info] Added views:dockerContainers,dockerImages,dockerRegistries,dockerNetworks,dockerVolumes,vscode-docker.views.dockerContexts,vscode-docker.views.help in workbench.view.extension.dockerView
2024-07-02 20:34:44.678 [info] Added views:liveshare.session in workbench.view.extension.liveshare
2024-07-02 20:34:46.085 [info] Added views:workbench.panel.repl.view in workbench.panel.repl
2024-07-02 20:34:52.805 [info] Removed views:issues:github,pr:github from workbench.view.extension.github-pull-requests
2024-07-02 20:34:52.805 [info] Added views:github:login in workbench.view.extension.github-pull-requests
