2024-07-01 11:46:48.528 [info] Extension host with pid 5972 started
2024-07-01 11:46:48.529 [info] Skipping acquiring lock for /home/j/.config/Code/User/workspaceStorage/7d97b56d92fdf06611f3fc8f868ad160.
2024-07-01 11:46:48.529 [info] $getCanonicalURI invoked for authority (codespaces)
2024-07-01 11:46:48.542 [info] ExtensionService#_doActivateExtension GitHub.codespaces, startup: false, activationEvent: 'onResolveRemoteAuthority:codespaces'
2024-07-01 11:46:48.656 [info] ExtensionService#_doActivateExtension vscode.github-authentication, startup: false, activationEvent: 'api', root cause: GitHub.codespaces
2024-07-01 11:46:50.013 [info] [resolveAuthority(codespaces,1)][0ms] activating remote resolvers codespaces+fantastic-space-waffle-v76qxwprrwgc4gw
2024-07-01 11:46:50.013 [info] [resolveAuthority(codespaces,1)][0ms] activating resolver for codespaces+fantastic-space-waffle-v76qxwprrwgc4gw...
2024-07-01 11:46:50.013 [info] [resolveAuthority(codespaces,1)][0ms] invoking final resolve()...
2024-07-01 11:46:51.013 [info] [resolveAuthority(codespaces,1)][1000ms] waiting...
2024-07-01 11:46:52.019 [info] [resolveAuthority(codespaces,1)][2006ms] waiting...
2024-07-01 11:46:53.019 [info] [resolveAuthority(codespaces,1)][3006ms] waiting...
2024-07-01 11:46:54.019 [info] [resolveAuthority(codespaces,1)][4006ms] waiting...
2024-07-01 11:46:55.019 [info] [resolveAuthority(codespaces,1)][5006ms] waiting...
2024-07-01 11:46:56.019 [info] [resolveAuthority(codespaces,1)][6006ms] waiting...
2024-07-01 11:46:57.019 [info] [resolveAuthority(codespaces,1)][7006ms] waiting...
2024-07-01 11:46:58.019 [info] [resolveAuthority(codespaces,1)][8006ms] waiting...
2024-07-01 11:46:59.019 [info] [resolveAuthority(codespaces,1)][9006ms] waiting...
2024-07-01 11:47:00.020 [info] [resolveAuthority(codespaces,1)][10007ms] waiting...
2024-07-01 11:47:01.020 [info] [resolveAuthority(codespaces,1)][11007ms] waiting...
2024-07-01 11:47:02.020 [info] [resolveAuthority(codespaces,1)][12007ms] waiting...
2024-07-01 11:47:03.019 [info] [resolveAuthority(codespaces,1)][13006ms] waiting...
2024-07-01 11:47:04.019 [info] [resolveAuthority(codespaces,1)][14006ms] waiting...
2024-07-01 11:47:05.020 [info] [resolveAuthority(codespaces,1)][15007ms] waiting...
2024-07-01 11:47:06.020 [info] [resolveAuthority(codespaces,1)][16007ms] waiting...
2024-07-01 11:47:07.019 [info] [resolveAuthority(codespaces,1)][17006ms] waiting...
2024-07-01 11:47:08.020 [info] [resolveAuthority(codespaces,1)][18007ms] waiting...
2024-07-01 11:47:09.021 [info] [resolveAuthority(codespaces,1)][19008ms] waiting...
2024-07-01 11:47:10.021 [info] [resolveAuthority(codespaces,1)][20008ms] waiting...
2024-07-01 11:47:11.022 [info] [resolveAuthority(codespaces,1)][21009ms] waiting...
2024-07-01 11:47:12.021 [info] [resolveAuthority(codespaces,1)][22008ms] waiting...
2024-07-01 11:47:13.022 [info] [resolveAuthority(codespaces,1)][23009ms] waiting...
2024-07-01 11:47:13.915 [info] [resolveAuthority(codespaces,1)][23902ms] setting tunnel factory...
2024-07-01 11:47:13.915 [info] [resolveAuthority(codespaces,1)][23902ms] returned 127.0.0.1:41373
2024-07-01 11:47:16.773 [info] Eager extensions activated
2024-07-01 11:47:16.904 [info] ExtensionService#_doActivateExtension sainnhe.gruvbox-material, startup: false, activationEvent: 'onStartupFinished'
2024-07-01 11:47:16.924 [info] ExtensionService#_doActivateExtension vscodevim.vim, startup: false, activationEvent: 'onStartupFinished'
