2024-06-26 18:22:04.722 [info] Reading sessions from keychain...
2024-06-26 18:22:04.722 [info] Getting sessions for all scopes...
2024-06-26 18:22:04.722 [info] Got stored sessions!
2024-06-26 18:22:04.722 [info] Got 1 verified sessions.
2024-06-26 18:22:04.722 [info] Got 1 sessions for ...
2024-06-26 18:22:04.723 [info] Getting sessions for codespace,read:user,repo,user:email...
2024-06-26 18:22:04.723 [info] Got 1 sessions for codespace,read:user,repo,user:email...
2024-06-26 18:22:06.284 [info] Getting sessions for all scopes...
2024-06-26 18:22:06.284 [info] Got 1 sessions for ...
2024-06-26 18:22:39.730 [info] Getting sessions for read:user,repo,user:email,workflow...
2024-06-26 18:22:39.730 [info] Got 0 sessions for read:user,repo,user:email,workflow...
2024-06-26 18:22:43.801 [info] Getting sessions for project,read:org,read:user,repo,user:email,workflow...
2024-06-26 18:22:43.801 [info] Got 0 sessions for project,read:org,read:user,repo,user:email,workflow...
2024-06-26 18:22:44.043 [info] Getting sessions for read:user,repo,user:email,workflow...
2024-06-26 18:22:44.043 [info] Got 0 sessions for read:user,repo,user:email,workflow...
2024-06-26 18:22:44.158 [info] Getting sessions for read:user,repo,user:email...
2024-06-26 18:22:44.158 [info] Got 0 sessions for read:user,repo,user:email...
2024-06-26 18:22:44.231 [info] Getting sessions for read:user,repo,user:email,workflow...
2024-06-26 18:22:44.231 [info] Got 0 sessions for read:user,repo,user:email,workflow...
2024-06-26 18:22:45.451 [info] Getting sessions for read:user,repo,user:email,workflow...
2024-06-26 18:22:45.451 [info] Got 0 sessions for read:user,repo,user:email,workflow...
