2024-07-02 19:48:26.590 [info] Configuration changed
2024-07-02 19:48:26.596 [info] Configuration changed
2024-07-02 19:48:26.601 [info] Configuration changed
2024-07-02 19:48:26.609 [info] Configuration changed
2024-07-02 19:48:27.042 [info] /home/ubuntu/.vscode-remote/data/Machine/settings.json closed
2024-07-02 19:48:27.059 [info] Configuration changed
2024-07-02 19:48:28.201 [info] /home/ubuntu/.vscode-remote/data/Machine/settings.json closed
2024-07-02 19:48:28.214 [info] Configuration changed
2024-07-02 19:48:28.216 [info] /home/j/.config/Code/User/settings.json closed
2024-07-02 19:48:29.340 [info] /home/ubuntu/.vscode-remote/data/Machine/settings.json closed
2024-07-02 19:48:29.345 [info] /home/j/.config/Code/User/settings.json closed
2024-07-02 19:48:29.399 [info] Configuration changed
2024-07-02 19:48:29.461 [info] /home/ubuntu/.vscode-remote/data/Machine/settings.json closed
2024-07-02 19:48:29.578 [info] /home/ubuntu/.vscode-remote/data/Machine/settings.json closed
2024-07-02 19:48:29.582 [info] /home/j/.config/Code/User/settings.json closed
2024-07-02 19:48:29.673 [info] /home/ubuntu/.vscode-remote/data/Machine/settings.json closed
2024-07-02 19:48:29.680 [info] /home/j/.config/Code/User/settings.json closed
2024-07-02 19:48:29.784 [info] /home/ubuntu/.vscode-remote/data/Machine/settings.json closed
2024-07-02 19:48:29.869 [info] /home/ubuntu/.vscode-remote/data/Machine/settings.json closed
2024-07-02 19:48:30.161 [info] /home/ubuntu/.vscode-remote/data/Machine/settings.json closed
2024-07-02 19:48:30.214 [info] Configuration changed
2024-07-02 19:48:30.249 [info] /home/ubuntu/.vscode-remote/data/Machine/settings.json closed
2024-07-02 19:48:30.680 [info] /home/ubuntu/.vscode-remote/data/Machine/settings.json closed
2024-07-02 19:48:30.692 [info] Configuration changed
2024-07-02 19:48:30.816 [info] /home/ubuntu/.vscode-remote/data/Machine/settings.json closed
2024-07-02 19:48:30.917 [info] /home/ubuntu/.vscode-remote/data/Machine/settings.json closed
2024-07-02 19:48:31.014 [info] /home/ubuntu/.vscode-remote/data/Machine/settings.json closed
2024-07-02 19:48:31.102 [info] /home/ubuntu/.vscode-remote/data/Machine/settings.json closed
2024-07-02 19:48:31.195 [info] /home/ubuntu/.vscode-remote/data/Machine/settings.json closed
2024-07-02 19:48:40.979 [info] Configuration changed
2024-07-02 19:48:41.141 [info] Configuration changed
2024-07-02 19:50:29.562 [info] /workspaces/85962938/.vscode/settings.json closed
2024-07-02 19:50:35.932 [info] Active editor: vscode-remote://codespaces%2Bfantastic-space-waffle-v76qxwprrwgc4gw/workspaces/85962938/practice/week2/greet.c
2024-07-02 19:50:35.940 [info] /workspaces/85962938/practice/week2/uppercase.c.git closed
2024-07-02 20:34:45.197 [info] Configuration changed
2024-07-02 20:34:45.204 [info] Configuration changed
2024-07-02 20:34:45.211 [info] Configuration changed
2024-07-02 20:34:45.218 [info] Configuration changed
2024-07-02 20:34:45.224 [info] Configuration changed
2024-07-02 20:36:51.723 [info] /workspaces/85962938/.vscode/settings.json closed
