2024-06-25 12:06:04.713 [info] Started local extension host with pid 5203.
2024-06-25 12:06:08.973 [info] Invoking resolveAuthority(codespaces)...
2024-06-25 12:06:08.973 [info] [LocalProcess0][resolveAuthority(codespaces,1)][0ms] obtaining proxy...
2024-06-25 12:06:08.974 [info] [LocalProcess0][resolveAuthority(codespaces,1)][0ms] invoking...
2024-06-25 12:06:09.974 [info] [LocalProcess0][resolveAuthority(codespaces,1)][1001ms] waiting...
2024-06-25 12:06:10.974 [info] [LocalProcess0][resolveAuthority(codespaces,1)][2000ms] waiting...
2024-06-25 12:06:11.978 [info] [LocalProcess0][resolveAuthority(codespaces,1)][3004ms] waiting...
2024-06-25 12:06:12.974 [info] [LocalProcess0][resolveAuthority(codespaces,1)][4001ms] waiting...
2024-06-25 12:06:13.975 [info] [LocalProcess0][resolveAuthority(codespaces,1)][5001ms] waiting...
2024-06-25 12:06:14.974 [info] [LocalProcess0][resolveAuthority(codespaces,1)][6001ms] waiting...
2024-06-25 12:06:15.974 [info] [LocalProcess0][resolveAuthority(codespaces,1)][7001ms] waiting...
2024-06-25 12:06:16.974 [info] [LocalProcess0][resolveAuthority(codespaces,1)][8001ms] waiting...
2024-06-25 12:06:17.974 [info] [LocalProcess0][resolveAuthority(codespaces,1)][9001ms] waiting...
2024-06-25 12:06:18.974 [info] [LocalProcess0][resolveAuthority(codespaces,1)][10001ms] waiting...
2024-06-25 12:06:19.974 [info] [LocalProcess0][resolveAuthority(codespaces,1)][11001ms] waiting...
2024-06-25 12:06:20.974 [info] [LocalProcess0][resolveAuthority(codespaces,1)][12001ms] waiting...
2024-06-25 12:06:21.974 [info] [LocalProcess0][resolveAuthority(codespaces,1)][13001ms] waiting...
2024-06-25 12:06:22.974 [info] [LocalProcess0][resolveAuthority(codespaces,1)][14001ms] waiting...
2024-06-25 12:06:23.974 [info] [LocalProcess0][resolveAuthority(codespaces,1)][15001ms] waiting...
2024-06-25 12:06:24.974 [info] [LocalProcess0][resolveAuthority(codespaces,1)][16001ms] waiting...
2024-06-25 12:06:25.980 [info] [LocalProcess0][resolveAuthority(codespaces,1)][17001ms] waiting...
2024-06-25 12:06:26.974 [info] [LocalProcess0][resolveAuthority(codespaces,1)][18001ms] waiting...
2024-06-25 12:06:27.974 [info] [LocalProcess0][resolveAuthority(codespaces,1)][19001ms] waiting...
2024-06-25 12:06:28.974 [info] [LocalProcess0][resolveAuthority(codespaces,1)][20001ms] waiting...
2024-06-25 12:06:29.974 [info] [LocalProcess0][resolveAuthority(codespaces,1)][21001ms] waiting...
2024-06-25 12:06:30.975 [info] [LocalProcess0][resolveAuthority(codespaces,1)][22001ms] waiting...
2024-06-25 12:06:31.975 [info] [LocalProcess0][resolveAuthority(codespaces,1)][23001ms] waiting...
2024-06-25 12:06:32.974 [info] [LocalProcess0][resolveAuthority(codespaces,1)][24001ms] waiting...
2024-06-25 12:06:33.975 [info] [LocalProcess0][resolveAuthority(codespaces,1)][25001ms] waiting...
2024-06-25 12:06:34.975 [info] [LocalProcess0][resolveAuthority(codespaces,1)][26001ms] waiting...
2024-06-25 12:06:35.677 [info] [LocalProcess0][resolveAuthority(codespaces,1)][26703ms] returned WebSocket(127.0.0.1:36257)
2024-06-25 12:06:35.678 [info] resolveAuthority(codespaces) returned 'WebSocket(127.0.0.1:36257)' after 26704 ms
2024-06-25 12:06:35.681 [info] Creating a socket (renderer-Management-e8c2315b-e8dc-4ef3-a2f9-5ba00520f717)...
2024-06-25 12:06:35.693 [info] Creating a socket (renderer-ExtensionHost-b1091017-decf-4877-b6a0-73b5defb8ffc)...
2024-06-25 12:06:35.809 [info] Creating a socket (renderer-Management-e8c2315b-e8dc-4ef3-a2f9-5ba00520f717) was successful after 129 ms.
2024-06-25 12:06:35.922 [info] Creating a socket (renderer-ExtensionHost-b1091017-decf-4877-b6a0-73b5defb8ffc) was successful after 229 ms.
2024-06-25 12:06:42.345 [info] [perf] Render performance baseline is 66ms
2024-06-25 12:06:44.437 [warning] [perf] Renderer reported VERY LONG TASK (716ms), starting profiling session '43c774e7-cec7-4543-a282-cee1961331b5'
2024-06-25 12:06:46.140 [info] Extension host (Remote) is unresponsive.
2024-06-25 12:06:46.156 [info] Extension host (Remote) is responsive.
2024-06-25 12:06:51.230 [error] [Extension Host] (node:329) [DEP0005] DeprecationWarning: Buffer() is deprecated due to security and usability issues. Please use the Buffer.alloc(), Buffer.allocUnsafe(), or Buffer.from() methods instead.
(Use `node --trace-deprecation ...` to show where the warning was created)
2024-06-25 12:16:19.107 [error] read ECONNRESET: Error: read ECONNRESET
	at TLSWrap.onStreamRead (node:internal/stream_base_commons:217:20)
