2024-06-24 16:45:05.445 [info] Reading sessions from keychain...
2024-06-24 16:45:05.445 [info] Getting sessions for all scopes...
2024-06-24 16:45:05.445 [info] Getting sessions for all scopes...
2024-06-24 16:45:05.445 [info] Got 0 sessions for ...
2024-06-24 16:45:05.445 [info] Got 0 sessions for ...
2024-06-24 16:45:05.445 [info] Getting sessions for codespace,read:user,repo,user:email...
2024-06-24 16:45:05.445 [info] Got 0 sessions for codespace,read:user,repo,user:email...
2024-06-24 16:45:05.456 [info] Getting sessions for codespace,read:user,repo,user:email...
2024-06-24 16:45:05.456 [info] Got 0 sessions for codespace,read:user,repo,user:email...
2024-06-24 16:45:05.894 [info] Getting sessions for codespace,read:user,repo,user:email...
2024-06-24 16:45:05.894 [info] Got 0 sessions for codespace,read:user,repo,user:email...
2024-06-24 16:45:07.608 [info] Logging in for the following scopes: codespace read:user repo user:email
2024-06-24 16:45:07.610 [info] Trying without local server... (codespace read:user repo user:email)
2024-06-24 16:45:24.095 [info] Exchanging code for token...
2024-06-24 16:45:24.620 [info] Token exchange success!
2024-06-24 16:45:24.628 [info] Getting user info...
2024-06-24 16:45:25.130 [info] Got account info!
2024-06-24 16:45:25.131 [info] Storing 1 sessions...
2024-06-24 16:45:32.382 [info] Reading sessions from keychain...
2024-06-24 16:45:32.382 [info] Stored 1 sessions!
2024-06-24 16:45:32.382 [info] Login success!
2024-06-24 16:45:32.448 [info] Got stored sessions!
2024-06-24 16:45:32.448 [info] Got 1 verified sessions.
2024-06-24 16:45:34.969 [info] Reading sessions from keychain...
2024-06-24 16:45:34.969 [info] Getting sessions for all scopes...
2024-06-24 16:45:34.969 [info] Got stored sessions!
2024-06-24 16:45:34.969 [info] Got 1 verified sessions.
2024-06-24 16:45:34.969 [info] Got 1 sessions for ...
2024-06-24 16:45:34.969 [info] Getting sessions for codespace,read:user,repo,user:email...
2024-06-24 16:45:34.969 [info] Got 1 sessions for codespace,read:user,repo,user:email...
2024-06-24 16:45:49.075 [info] Getting sessions for read:user,repo,user:email,workflow...
2024-06-24 16:45:49.075 [info] Got 0 sessions for read:user,repo,user:email,workflow...
2024-06-24 16:45:50.340 [info] Getting sessions for project,read:org,read:user,repo,user:email,workflow...
2024-06-24 16:45:50.340 [info] Got 0 sessions for project,read:org,read:user,repo,user:email,workflow...
2024-06-24 16:45:50.417 [info] Getting sessions for read:user,repo,user:email,workflow...
2024-06-24 16:45:50.417 [info] Got 0 sessions for read:user,repo,user:email,workflow...
2024-06-24 16:45:50.513 [info] Getting sessions for read:user,repo,user:email...
2024-06-24 16:45:50.513 [info] Got 0 sessions for read:user,repo,user:email...
2024-06-24 16:45:50.591 [info] Getting sessions for read:user,repo,user:email,workflow...
2024-06-24 16:45:50.591 [info] Got 0 sessions for read:user,repo,user:email,workflow...
2024-06-24 16:45:51.872 [info] Getting sessions for read:user,repo,user:email,workflow...
2024-06-24 16:45:51.872 [info] Got 0 sessions for read:user,repo,user:email,workflow...
2024-06-24 17:50:55.351 [info] Reading sessions from keychain...
2024-06-24 17:50:55.351 [info] Getting sessions for all scopes...
2024-06-24 17:50:55.351 [info] Got stored sessions!
2024-06-24 17:50:55.351 [info] Got 1 verified sessions.
2024-06-24 17:50:55.351 [info] Got 1 sessions for ...
2024-06-24 17:50:55.351 [info] Getting sessions for codespace,read:user,repo,user:email...
2024-06-24 17:50:55.351 [info] Got 1 sessions for codespace,read:user,repo,user:email...
2024-06-24 17:50:56.995 [info] Getting sessions for all scopes...
2024-06-24 17:50:56.995 [info] Got 1 sessions for ...
2024-06-24 17:51:31.493 [info] Getting sessions for read:user,repo,user:email,workflow...
2024-06-24 17:51:31.493 [info] Got 0 sessions for read:user,repo,user:email,workflow...
2024-06-24 17:51:32.139 [info] Getting sessions for project,read:org,read:user,repo,user:email,workflow...
2024-06-24 17:51:32.139 [info] Got 0 sessions for project,read:org,read:user,repo,user:email,workflow...
2024-06-24 17:51:32.234 [info] Getting sessions for read:user,repo,user:email,workflow...
2024-06-24 17:51:32.234 [info] Got 0 sessions for read:user,repo,user:email,workflow...
2024-06-24 17:51:32.367 [info] Getting sessions for read:user,repo,user:email...
2024-06-24 17:51:32.367 [info] Got 0 sessions for read:user,repo,user:email...
2024-06-24 17:51:32.492 [info] Getting sessions for read:user,repo,user:email,workflow...
2024-06-24 17:51:32.492 [info] Got 0 sessions for read:user,repo,user:email,workflow...
2024-06-24 17:51:33.870 [info] Getting sessions for read:user,repo,user:email,workflow...
2024-06-24 17:51:33.870 [info] Got 0 sessions for read:user,repo,user:email,workflow...
