2024-06-26 18:22:34.813 [info] Configuration changed
2024-06-26 18:22:34.824 [info] Configuration changed
2024-06-26 18:22:34.831 [info] Configuration changed
2024-06-26 18:22:34.835 [info] Configuration changed
2024-06-26 18:22:34.842 [info] Configuration changed
2024-06-26 18:22:35.511 [info] /home/ubuntu/.vscode-remote/data/Machine/settings.json closed
2024-06-26 18:22:35.534 [info] Configuration changed
2024-06-26 18:22:37.447 [info] /home/ubuntu/.vscode-remote/data/Machine/settings.json closed
2024-06-26 18:22:37.500 [info] Configuration changed
2024-06-26 18:22:37.898 [info] /home/j/.config/Code/User/settings.json closed
2024-06-26 18:22:37.931 [info] Configuration changed
2024-06-26 18:22:39.843 [info] /home/ubuntu/.vscode-remote/data/Machine/settings.json closed
2024-06-26 18:22:39.901 [info] Configuration changed
2024-06-26 18:22:41.608 [info] /home/j/.config/Code/User/settings.json closed
2024-06-26 18:22:41.617 [info] Configuration changed
2024-06-26 18:22:41.716 [info] /home/ubuntu/.vscode-remote/data/Machine/settings.json closed
2024-06-26 18:22:41.798 [info] /home/ubuntu/.vscode-remote/data/Machine/settings.json closed
2024-06-26 18:22:41.802 [info] /home/j/.config/Code/User/settings.json closed
2024-06-26 18:22:41.883 [info] /home/ubuntu/.vscode-remote/data/Machine/settings.json closed
2024-06-26 18:22:41.888 [info] /home/j/.config/Code/User/settings.json closed
2024-06-26 18:22:41.967 [info] /home/ubuntu/.vscode-remote/data/Machine/settings.json closed
2024-06-26 18:22:42.054 [info] /home/ubuntu/.vscode-remote/data/Machine/settings.json closed
2024-06-26 18:22:43.825 [info] /home/ubuntu/.vscode-remote/data/Machine/settings.json closed
2024-06-26 18:22:43.908 [info] Configuration changed
2024-06-26 18:22:43.938 [info] /home/ubuntu/.vscode-remote/data/Machine/settings.json closed
2024-06-26 18:22:44.252 [info] /home/ubuntu/.vscode-remote/data/Machine/settings.json closed
2024-06-26 18:22:44.325 [info] Configuration changed
2024-06-26 18:22:44.368 [info] /home/ubuntu/.vscode-remote/data/Machine/settings.json closed
2024-06-26 18:22:44.450 [info] /home/ubuntu/.vscode-remote/data/Machine/settings.json closed
2024-06-26 18:22:44.532 [info] /home/ubuntu/.vscode-remote/data/Machine/settings.json closed
2024-06-26 18:22:44.614 [info] /home/ubuntu/.vscode-remote/data/Machine/settings.json closed
2024-06-26 18:22:44.697 [info] /home/ubuntu/.vscode-remote/data/Machine/settings.json closed
2024-06-26 18:24:43.674 [info] /workspaces/85962938/.vscode/settings.json closed
2024-06-26 18:55:24.021 [warning] invalid cursor position. [[31, 8] | [31, 8]].
2024-06-26 18:55:24.022 [warning] invalid cursor position. [[31, 8] | [31, 8]].
2024-06-26 18:55:24.268 [warning] invalid cursor position. [[29, 8] | [29, 8]].
2024-06-26 18:55:24.268 [warning] invalid cursor position. [[29, 8] | [29, 8]].
2024-06-26 19:01:58.498 [warning] invalid cursor position. [[32, 8] | [32, 8]].
2024-06-26 19:01:58.499 [warning] invalid cursor position. [[32, 8] | [32, 8]].
2024-06-26 19:01:58.638 [warning] invalid cursor position. [[30, 8] | [30, 8]].
2024-06-26 19:01:58.638 [warning] invalid cursor position. [[30, 8] | [30, 8]].
