2024-06-24 16:42:37.982 [info] Started local extension host with pid 31597.
2024-06-24 16:42:38.039 [info] Started initializing default profile extensions in extensions installation folder. file:///home/j/.vscode/extensions
2024-06-24 16:42:38.262 [info] Completed initializing default profile extensions in extensions installation folder. file:///home/j/.vscode/extensions
2024-06-24 16:42:41.234 [info] [perf] Render performance baseline is 155ms
2024-06-24 16:45:32.384 [info] Settings Sync: Updating due to change in sessions
2024-06-24 16:45:32.385 [info] Settings Sync: Updating due to change in sessions
2024-06-24 16:45:34.563 [info] Started local extension host with pid 32584.
2024-06-24 16:45:36.380 [info] Invoking resolveAuthority(codespaces)...
2024-06-24 16:45:36.381 [info] [LocalProcess0][resolveAuthority(codespaces,1)][0ms] obtaining proxy...
2024-06-24 16:45:36.381 [info] [LocalProcess0][resolveAuthority(codespaces,1)][0ms] invoking...
2024-06-24 16:45:37.381 [info] [LocalProcess0][resolveAuthority(codespaces,1)][1000ms] waiting...
2024-06-24 16:45:38.381 [info] [LocalProcess0][resolveAuthority(codespaces,1)][2000ms] waiting...
2024-06-24 16:45:39.381 [info] [LocalProcess0][resolveAuthority(codespaces,1)][3000ms] waiting...
2024-06-24 16:45:40.381 [info] [LocalProcess0][resolveAuthority(codespaces,1)][4000ms] waiting...
2024-06-24 16:45:40.870 [info] [LocalProcess0][resolveAuthority(codespaces,1)][4490ms] returned WebSocket(127.0.0.1:43477)
2024-06-24 16:45:40.870 [info] resolveAuthority(codespaces) returned 'WebSocket(127.0.0.1:43477)' after 4491 ms
2024-06-24 16:45:40.872 [info] Creating a socket (renderer-Management-a54f2bea-23ab-4d92-9e21-db5eff7db36d)...
2024-06-24 16:45:40.872 [info] Creating a socket (renderer-ExtensionHost-73e4d800-34fa-4388-bf65-2fcd5c573948)...
2024-06-24 16:45:40.988 [info] Creating a socket (renderer-Management-a54f2bea-23ab-4d92-9e21-db5eff7db36d) was successful after 117 ms.
2024-06-24 16:45:41.077 [info] Creating a socket (renderer-ExtensionHost-73e4d800-34fa-4388-bf65-2fcd5c573948) was successful after 204 ms.
2024-06-24 16:45:46.767 [info] [perf] Render performance baseline is 145ms
2024-06-24 16:45:51.034 [error] [Extension Host] (node:2851) [DEP0005] DeprecationWarning: Buffer() is deprecated due to security and usability issues. Please use the Buffer.alloc(), Buffer.allocUnsafe(), or Buffer.from() methods instead.
(Use `node --trace-deprecation ...` to show where the warning was created)
2024-06-24 16:47:16.807 [error] ENOENT: no such file or directory, open '/home/j/.config/Code/User/globalStorage/vscodevim.vim/.registers': Error: ENOENT: no such file or directory, open '/home/j/.config/Code/User/globalStorage/vscodevim.vim/.registers'
2024-06-24 17:04:29.186 [info] Extension host (Remote) is unresponsive.
2024-06-24 17:04:29.205 [info] Extension host (Remote) is responsive.
2024-06-24 17:07:07.883 [info] Extension host (Remote) is unresponsive.
2024-06-24 17:07:07.910 [info] Extension host (Remote) is responsive.
2024-06-24 17:18:07.884 [info] Extension host (Remote) is unresponsive.
2024-06-24 17:18:07.901 [info] Extension host (Remote) is responsive.
2024-06-24 17:46:07.892 [info] [remote-connection][Management   ][a54f2…][reconnect] received socket close event (wasClean: false, code: 1006, reason: ).
2024-06-24 17:46:07.892 [error] {"isTrusted":true}
2024-06-24 17:46:07.892 [info] [remote-connection][Management   ][a54f2…][reconnect] starting reconnecting loop. You can get more information with the trace log level.
2024-06-24 17:46:07.893 [info] [remote-connection][Management   ][a54f2…][reconnect] resolving connection...
2024-06-24 17:46:07.893 [info] Invoking resolveAuthority(codespaces)...
2024-06-24 17:46:07.893 [info] [LocalProcess0][resolveAuthority(codespaces,2)][0ms] obtaining proxy...
2024-06-24 17:46:07.894 [info] [LocalProcess0][resolveAuthority(codespaces,2)][0ms] invoking...
2024-06-24 17:46:07.894 [info] [remote-connection][ExtensionHost][73e4d…][reconnect] received socket close event (wasClean: false, code: 1006, reason: ).
2024-06-24 17:46:07.894 [error] {"isTrusted":true}
2024-06-24 17:46:07.894 [info] [remote-connection][ExtensionHost][73e4d…][reconnect] starting reconnecting loop. You can get more information with the trace log level.
2024-06-24 17:46:07.894 [info] [remote-connection][ExtensionHost][73e4d…][reconnect] resolving connection...
2024-06-24 17:46:09.856 [info] [LocalProcess0][resolveAuthority(codespaces,2)][1962ms] waiting...
2024-06-24 17:46:11.856 [info] [LocalProcess0][resolveAuthority(codespaces,2)][3962ms] waiting...
2024-06-24 17:46:11.856 [info] Extension host (Remote) is unresponsive.
2024-06-24 17:46:13.855 [info] [LocalProcess0][resolveAuthority(codespaces,2)][5962ms] waiting...
2024-06-24 17:46:15.855 [info] [LocalProcess0][resolveAuthority(codespaces,2)][7962ms] waiting...
2024-06-24 17:47:07.857 [info] [LocalProcess0][resolveAuthority(codespaces,2)][59963ms] waiting...
2024-06-24 17:48:07.855 [info] [LocalProcess0][resolveAuthority(codespaces,2)][119962ms] waiting...
2024-06-24 17:49:07.856 [info] [LocalProcess0][resolveAuthority(codespaces,2)][179962ms] waiting...
2024-06-24 17:50:07.855 [info] [LocalProcess0][resolveAuthority(codespaces,2)][239962ms] waiting...
2024-06-24 17:50:51.904 [info] [LocalProcess0][resolveAuthority(codespaces,2)][284011ms] waiting...
2024-06-24 17:50:52.894 [info] [LocalProcess0][resolveAuthority(codespaces,2)][285001ms] waiting...
2024-06-24 17:50:53.894 [info] [LocalProcess0][resolveAuthority(codespaces,2)][286001ms] waiting...
2024-06-24 17:50:54.979 [info] Started local extension host with pid 40502.
2024-06-24 17:50:56.782 [info] Invoking resolveAuthority(codespaces)...
2024-06-24 17:50:56.782 [info] [LocalProcess0][resolveAuthority(codespaces,1)][0ms] obtaining proxy...
2024-06-24 17:50:56.783 [info] [LocalProcess0][resolveAuthority(codespaces,1)][0ms] invoking...
2024-06-24 17:50:57.783 [info] [LocalProcess0][resolveAuthority(codespaces,1)][1000ms] waiting...
2024-06-24 17:50:58.783 [info] [LocalProcess0][resolveAuthority(codespaces,1)][2000ms] waiting...
2024-06-24 17:50:59.783 [info] [LocalProcess0][resolveAuthority(codespaces,1)][3000ms] waiting...
2024-06-24 17:51:00.783 [info] [LocalProcess0][resolveAuthority(codespaces,1)][4000ms] waiting...
2024-06-24 17:51:01.783 [info] [LocalProcess0][resolveAuthority(codespaces,1)][5000ms] waiting...
2024-06-24 17:51:02.783 [info] [LocalProcess0][resolveAuthority(codespaces,1)][6000ms] waiting...
2024-06-24 17:51:03.783 [info] [LocalProcess0][resolveAuthority(codespaces,1)][7000ms] waiting...
2024-06-24 17:51:04.783 [info] [LocalProcess0][resolveAuthority(codespaces,1)][8000ms] waiting...
2024-06-24 17:51:05.783 [info] [LocalProcess0][resolveAuthority(codespaces,1)][9000ms] waiting...
2024-06-24 17:51:06.783 [info] [LocalProcess0][resolveAuthority(codespaces,1)][10000ms] waiting...
2024-06-24 17:51:07.783 [info] [LocalProcess0][resolveAuthority(codespaces,1)][11000ms] waiting...
2024-06-24 17:51:08.856 [info] [LocalProcess0][resolveAuthority(codespaces,1)][12073ms] waiting...
2024-06-24 17:51:09.855 [info] [LocalProcess0][resolveAuthority(codespaces,1)][13073ms] waiting...
2024-06-24 17:51:10.855 [info] [LocalProcess0][resolveAuthority(codespaces,1)][14073ms] waiting...
2024-06-24 17:51:11.855 [info] [LocalProcess0][resolveAuthority(codespaces,1)][15073ms] waiting...
2024-06-24 17:51:12.855 [info] [LocalProcess0][resolveAuthority(codespaces,1)][16073ms] waiting...
2024-06-24 17:51:13.855 [info] [LocalProcess0][resolveAuthority(codespaces,1)][17073ms] waiting...
2024-06-24 17:51:14.855 [info] [LocalProcess0][resolveAuthority(codespaces,1)][18073ms] waiting...
2024-06-24 17:51:15.855 [info] [LocalProcess0][resolveAuthority(codespaces,1)][19073ms] waiting...
2024-06-24 17:51:16.855 [info] [LocalProcess0][resolveAuthority(codespaces,1)][20072ms] waiting...
2024-06-24 17:51:17.855 [info] [LocalProcess0][resolveAuthority(codespaces,1)][21073ms] waiting...
2024-06-24 17:51:18.855 [info] [LocalProcess0][resolveAuthority(codespaces,1)][22073ms] waiting...
2024-06-24 17:51:19.855 [info] [LocalProcess0][resolveAuthority(codespaces,1)][23073ms] waiting...
2024-06-24 17:51:20.856 [info] [LocalProcess0][resolveAuthority(codespaces,1)][24073ms] waiting...
2024-06-24 17:51:21.855 [info] [LocalProcess0][resolveAuthority(codespaces,1)][25073ms] waiting...
2024-06-24 17:51:22.216 [info] [LocalProcess0][resolveAuthority(codespaces,1)][25434ms] returned WebSocket(127.0.0.1:45197)
2024-06-24 17:51:22.216 [info] resolveAuthority(codespaces) returned 'WebSocket(127.0.0.1:45197)' after 25434 ms
2024-06-24 17:51:22.217 [info] Creating a socket (renderer-Management-11b81d4c-44a7-40a8-ad1b-466c9cbbb5a5)...
2024-06-24 17:51:22.218 [info] Creating a socket (renderer-ExtensionHost-a2db60ec-b791-4ac3-9017-c2a322bbe8c1)...
2024-06-24 17:51:22.393 [info] Creating a socket (renderer-Management-11b81d4c-44a7-40a8-ad1b-466c9cbbb5a5) was successful after 175 ms.
2024-06-24 17:51:22.529 [info] Creating a socket (renderer-ExtensionHost-a2db60ec-b791-4ac3-9017-c2a322bbe8c1) was successful after 311 ms.
2024-06-24 17:51:27.051 [info] [perf] Render performance baseline is 154ms
2024-06-24 17:51:33.179 [error] [Extension Host] (node:317) [DEP0005] DeprecationWarning: Buffer() is deprecated due to security and usability issues. Please use the Buffer.alloc(), Buffer.allocUnsafe(), or Buffer.from() methods instead.
(Use `node --trace-deprecation ...` to show where the warning was created)
