2024-06-24 16:42:37.953 [info] Added views:workbench.panel.markers.view in workbench.panel.markers
2024-06-24 16:42:37.953 [info] Added views:workbench.panel.output in workbench.panel.output
2024-06-24 16:42:37.953 [info] Added views:terminal in terminal
2024-06-24 16:42:37.953 [info] Added views:outline in workbench.view.explorer
2024-06-24 16:42:37.953 [info] Added views:workbench.scm in workbench.view.scm
2024-06-24 16:42:37.953 [info] Added views:workbench.view.search in workbench.view.search
2024-06-24 16:42:37.953 [info] Added views:timeline in workbench.view.explorer
2024-06-24 16:42:37.953 [info] Added views:workbench.explorer.emptyView in workbench.view.explorer
2024-06-24 16:42:38.396 [info] Added views:workbench.debug.variablesView,workbench.debug.watchExpressionsView,workbench.debug.callStackView,workbench.debug.breakPointsView in workbench.view.debug
2024-06-24 16:42:38.418 [info] Added views:workbench.panel.repl.view in workbench.panel.repl
2024-06-24 16:42:38.419 [info] Removed views:workbench.debug.breakPointsView,workbench.debug.callStackView,workbench.debug.watchExpressionsView,workbench.debug.variablesView from workbench.view.debug
2024-06-24 16:42:38.419 [info] Added views:workbench.debug.welcome in workbench.view.debug
2024-06-24 16:42:38.522 [info] Added views:~remote.forwardedPorts in ~remote.forwardedPortsContainer
2024-06-24 16:42:47.869 [info] Added views:workbench.views.extensions.installed,workbench.views.extensions.popular,extensions.recommendedList in workbench.view.extensions
2024-06-24 16:42:47.870 [info] Removed views:workbench.views.extensions.popular from workbench.view.extensions
2024-06-24 16:42:48.051 [info] Added views:workbench.views.extensions.popular in workbench.view.extensions
2024-06-24 16:42:49.786 [info] Removed views:extensions.recommendedList,workbench.views.extensions.popular,workbench.views.extensions.installed from workbench.view.extensions
2024-06-24 16:42:49.793 [info] Added views:workbench.views.extensions.marketplace in workbench.view.extensions
2024-06-24 16:43:06.006 [info] Removed views:workbench.views.extensions.marketplace from workbench.view.extensions
2024-06-24 16:43:06.014 [info] Added views:workbench.views.extensions.installed,workbench.views.extensions.popular,extensions.recommendedList in workbench.view.extensions
2024-06-24 16:43:10.069 [info] Removed views:extensions.recommendedList,workbench.views.extensions.popular,workbench.views.extensions.installed from workbench.view.extensions
2024-06-24 16:43:10.074 [info] Added views:workbench.views.extensions.marketplace in workbench.view.extensions
2024-06-24 16:43:20.568 [info] Added views:github.codespaces.explorer in workbench.view.remote
2024-06-24 16:45:34.509 [info] Added views:workbench.panel.markers.view in workbench.panel.markers
2024-06-24 16:45:34.509 [info] Added views:workbench.panel.output in workbench.panel.output
2024-06-24 16:45:34.509 [info] Added views:terminal in terminal
2024-06-24 16:45:34.509 [info] Added views:outline in workbench.view.explorer
2024-06-24 16:45:34.509 [info] Added views:workbench.scm in workbench.view.scm
2024-06-24 16:45:34.509 [info] Added views:workbench.view.search in workbench.view.search
2024-06-24 16:45:34.509 [info] Added views:timeline in workbench.view.explorer
2024-06-24 16:45:34.509 [info] Added views:workbench.explorer.fileView in workbench.view.explorer
2024-06-24 16:45:34.661 [info] Added views:workbench.debug.variablesView,workbench.debug.watchExpressionsView,workbench.debug.callStackView,workbench.debug.breakPointsView in workbench.view.debug
2024-06-24 16:45:40.868 [info] Added views:~remote.forwardedPorts in ~remote.forwardedPortsContainer
2024-06-24 16:45:44.005 [info] Added views:cs50-menu in workbench.view.extension.cs50-menu
2024-06-24 16:45:44.006 [info] Added views:ddb50.chatWindow in workbench.view.extension.ddb50
2024-06-24 16:45:44.007 [info] Added views:github.codespaces.explorer in workbench.view.remote
2024-06-24 16:45:44.007 [info] Added views:pr:github,issues:github in workbench.view.extension.github-pull-requests
2024-06-24 16:45:44.009 [info] Added views:dockerContainers,dockerImages,dockerRegistries,dockerNetworks,dockerVolumes,vscode-docker.views.dockerContexts,vscode-docker.views.help in workbench.view.extension.dockerView
2024-06-24 16:45:44.010 [info] Added views:liveshare.session in workbench.view.extension.liveshare
2024-06-24 16:45:44.199 [info] Removed views:workbench.debug.breakPointsView,workbench.debug.callStackView,workbench.debug.watchExpressionsView,workbench.debug.variablesView from workbench.view.debug
2024-06-24 16:45:44.200 [info] Added views:workbench.debug.welcome in workbench.view.debug
2024-06-24 16:45:45.600 [info] Added views:workbench.panel.repl.view in workbench.panel.repl
2024-06-24 16:45:51.125 [info] Removed views:issues:github,pr:github from workbench.view.extension.github-pull-requests
2024-06-24 16:45:51.125 [info] Added views:github:login in workbench.view.extension.github-pull-requests
2024-06-24 16:47:07.608 [info] Added views:workbench.views.extensions.local.installed,workbench.views.extensions.remote.installed,workbench.views.extensions.popular,extensions.recommendedList in workbench.view.extensions
2024-06-24 16:47:07.610 [info] Removed views:workbench.views.extensions.popular from workbench.view.extensions
2024-06-24 16:47:10.258 [info] Removed views:extensions.recommendedList,workbench.views.extensions.remote.installed,workbench.views.extensions.local.installed from workbench.view.extensions
2024-06-24 16:47:10.263 [info] Added views:workbench.views.extensions.marketplace in workbench.view.extensions
2024-06-24 16:47:23.532 [info] Removed views:workbench.views.extensions.marketplace from workbench.view.extensions
2024-06-24 16:47:23.540 [info] Added views:workbench.views.extensions.local.installed,workbench.views.extensions.remote.installed,extensions.recommendedList in workbench.view.extensions
2024-06-24 16:47:25.093 [info] Removed views:extensions.recommendedList,workbench.views.extensions.remote.installed,workbench.views.extensions.local.installed from workbench.view.extensions
2024-06-24 16:47:25.098 [info] Added views:workbench.views.extensions.marketplace in workbench.view.extensions
2024-06-24 17:50:54.940 [info] Added views:workbench.panel.markers.view in workbench.panel.markers
2024-06-24 17:50:54.941 [info] Added views:workbench.panel.output in workbench.panel.output
2024-06-24 17:50:54.941 [info] Added views:terminal in terminal
2024-06-24 17:50:54.941 [info] Added views:outline in workbench.view.explorer
2024-06-24 17:50:54.941 [info] Added views:workbench.scm in workbench.view.scm
2024-06-24 17:50:54.941 [info] Added views:workbench.view.search in workbench.view.search
2024-06-24 17:50:54.941 [info] Added views:timeline in workbench.view.explorer
2024-06-24 17:50:54.941 [info] Added views:workbench.explorer.fileView in workbench.view.explorer
2024-06-24 17:50:55.098 [info] Added views:workbench.debug.welcome in workbench.view.debug
2024-06-24 17:51:22.215 [info] Added views:~remote.forwardedPorts in ~remote.forwardedPortsContainer
2024-06-24 17:51:24.978 [info] Added views:~remote.helpPanel in workbench.view.remote
2024-06-24 17:51:25.005 [info] Added views:cs50-menu in workbench.view.extension.cs50-menu
2024-06-24 17:51:25.005 [info] Added views:ddb50.chatWindow in workbench.view.extension.ddb50
2024-06-24 17:51:25.011 [info] Added views:github.codespaces.explorer in workbench.view.remote
2024-06-24 17:51:25.011 [info] Added views:pr:github,issues:github in workbench.view.extension.github-pull-requests
2024-06-24 17:51:25.012 [info] Added views:dockerContainers,dockerImages,dockerRegistries,dockerNetworks,dockerVolumes,vscode-docker.views.dockerContexts,vscode-docker.views.help in workbench.view.extension.dockerView
2024-06-24 17:51:25.013 [info] Added views:liveshare.session in workbench.view.extension.liveshare
2024-06-24 17:51:26.549 [info] Added views:workbench.panel.repl.view in workbench.panel.repl
2024-06-24 17:51:33.243 [info] Removed views:issues:github,pr:github from workbench.view.extension.github-pull-requests
2024-06-24 17:51:33.244 [info] Added views:github:login in workbench.view.extension.github-pull-requests
