2024-07-01 11:46:48.304 [info] Started local extension host with pid 5972.
2024-07-01 11:46:50.012 [info] Invoking resolveAuthority(codespaces)...
2024-07-01 11:46:50.012 [info] [LocalProcess0][resolveAuthority(codespaces,1)][0ms] obtaining proxy...
2024-07-01 11:46:50.013 [info] [LocalProcess0][resolveAuthority(codespaces,1)][0ms] invoking...
2024-07-01 11:46:51.013 [info] [LocalProcess0][resolveAuthority(codespaces,1)][1001ms] waiting...
2024-07-01 11:46:52.013 [info] [LocalProcess0][resolveAuthority(codespaces,1)][2001ms] waiting...
2024-07-01 11:46:53.014 [info] [LocalProcess0][resolveAuthority(codespaces,1)][3001ms] waiting...
2024-07-01 11:46:54.013 [info] [LocalProcess0][resolveAuthority(codespaces,1)][4001ms] waiting...
2024-07-01 11:46:55.013 [info] [LocalProcess0][resolveAuthority(codespaces,1)][5000ms] waiting...
2024-07-01 11:46:56.013 [info] [LocalProcess0][resolveAuthority(codespaces,1)][6000ms] waiting...
2024-07-01 11:46:57.014 [info] [LocalProcess0][resolveAuthority(codespaces,1)][7001ms] waiting...
2024-07-01 11:46:58.013 [info] [LocalProcess0][resolveAuthority(codespaces,1)][8001ms] waiting...
2024-07-01 11:46:59.013 [info] [LocalProcess0][resolveAuthority(codespaces,1)][9000ms] waiting...
2024-07-01 11:47:00.013 [info] [LocalProcess0][resolveAuthority(codespaces,1)][10000ms] waiting...
2024-07-01 11:47:01.013 [info] [LocalProcess0][resolveAuthority(codespaces,1)][11000ms] waiting...
2024-07-01 11:47:02.013 [info] [LocalProcess0][resolveAuthority(codespaces,1)][12000ms] waiting...
2024-07-01 11:47:03.013 [info] [LocalProcess0][resolveAuthority(codespaces,1)][13001ms] waiting...
2024-07-01 11:47:04.013 [info] [LocalProcess0][resolveAuthority(codespaces,1)][14000ms] waiting...
2024-07-01 11:47:05.013 [info] [LocalProcess0][resolveAuthority(codespaces,1)][15000ms] waiting...
2024-07-01 11:47:06.013 [info] [LocalProcess0][resolveAuthority(codespaces,1)][16000ms] waiting...
2024-07-01 11:47:07.013 [info] [LocalProcess0][resolveAuthority(codespaces,1)][17001ms] waiting...
2024-07-01 11:47:08.013 [info] [LocalProcess0][resolveAuthority(codespaces,1)][18000ms] waiting...
2024-07-01 11:47:09.013 [info] [LocalProcess0][resolveAuthority(codespaces,1)][19000ms] waiting...
2024-07-01 11:47:10.013 [info] [LocalProcess0][resolveAuthority(codespaces,1)][20000ms] waiting...
2024-07-01 11:47:11.013 [info] [LocalProcess0][resolveAuthority(codespaces,1)][21000ms] waiting...
2024-07-01 11:47:12.013 [info] [LocalProcess0][resolveAuthority(codespaces,1)][22001ms] waiting...
2024-07-01 11:47:13.013 [info] [LocalProcess0][resolveAuthority(codespaces,1)][23000ms] waiting...
2024-07-01 11:47:13.923 [info] [LocalProcess0][resolveAuthority(codespaces,1)][23911ms] returned WebSocket(127.0.0.1:41373)
2024-07-01 11:47:13.923 [info] resolveAuthority(codespaces) returned 'WebSocket(127.0.0.1:41373)' after 23911 ms
2024-07-01 11:47:13.924 [info] Creating a socket (renderer-Management-f4204b3d-81c4-4da8-acb7-530b41a59f68)...
2024-07-01 11:47:13.925 [info] Creating a socket (renderer-ExtensionHost-fd2b7b60-4f43-4e03-9b19-b5ed0ea673ce)...
2024-07-01 11:47:14.077 [info] Creating a socket (renderer-Management-f4204b3d-81c4-4da8-acb7-530b41a59f68) was successful after 152 ms.
2024-07-01 11:47:14.168 [info] Creating a socket (renderer-ExtensionHost-fd2b7b60-4f43-4e03-9b19-b5ed0ea673ce) was successful after 242 ms.
2024-07-01 11:47:18.220 [info] [perf] Render performance baseline is 24ms
2024-07-01 11:47:19.818 [warning] [perf] Renderer reported VERY LONG TASK (306ms), starting profiling session '586786ec-e220-486d-a35e-59eb80abc5ce'
2024-07-01 11:47:27.172 [error] [Extension Host] (node:330) [DEP0005] DeprecationWarning: Buffer() is deprecated due to security and usability issues. Please use the Buffer.alloc(), Buffer.allocUnsafe(), or Buffer.from() methods instead.
(Use `node --trace-deprecation ...` to show where the warning was created)
