2024-07-09 12:03:51.889 [info] Reading sessions from keychain...
2024-07-09 12:03:51.889 [info] Getting sessions for all scopes...
2024-07-09 12:03:51.889 [info] Got stored sessions!
2024-07-09 12:03:51.889 [info] Got 1 verified sessions.
2024-07-09 12:03:51.889 [info] Got 1 sessions for ...
2024-07-09 12:03:51.889 [info] Getting sessions for codespace,read:user,repo,user:email...
2024-07-09 12:03:51.889 [info] Got 1 sessions for codespace,read:user,repo,user:email...
2024-07-09 12:03:53.283 [info] Getting sessions for all scopes...
2024-07-09 12:03:53.283 [info] Got 1 sessions for ...
2024-07-09 12:04:31.536 [info] Getting sessions for read:user,repo,user:email,workflow...
2024-07-09 12:04:31.536 [info] Got 0 sessions for read:user,repo,user:email,workflow...
2024-07-09 12:04:32.721 [info] Getting sessions for project,read:org,read:user,repo,user:email,workflow...
2024-07-09 12:04:32.721 [info] Got 0 sessions for project,read:org,read:user,repo,user:email,workflow...
2024-07-09 12:04:32.805 [info] Getting sessions for read:user,repo,user:email,workflow...
2024-07-09 12:04:32.805 [info] Got 0 sessions for read:user,repo,user:email,workflow...
2024-07-09 12:04:32.942 [info] Getting sessions for read:user,repo,user:email...
2024-07-09 12:04:32.942 [info] Got 0 sessions for read:user,repo,user:email...
2024-07-09 12:04:33.029 [info] Getting sessions for read:user,repo,user:email,workflow...
2024-07-09 12:04:33.029 [info] Got 0 sessions for read:user,repo,user:email,workflow...
2024-07-09 12:04:35.052 [info] Getting sessions for read:user,repo,user:email,workflow...
2024-07-09 12:04:35.053 [info] Got 0 sessions for read:user,repo,user:email,workflow...
2024-07-09 13:17:16.663 [info] Reading sessions from keychain...
2024-07-09 13:17:16.663 [info] Getting sessions for all scopes...
2024-07-09 13:17:16.663 [info] Got stored sessions!
2024-07-09 13:17:16.663 [info] Got 1 verified sessions.
2024-07-09 13:17:16.663 [info] Got 1 sessions for ...
2024-07-09 13:17:16.663 [info] Getting sessions for codespace,read:user,repo,user:email...
2024-07-09 13:17:16.664 [info] Got 1 sessions for codespace,read:user,repo,user:email...
2024-07-09 13:17:18.279 [info] Getting sessions for all scopes...
2024-07-09 13:17:18.279 [info] Got 1 sessions for ...
