[Client I] GitHub Codespaces version 1.16.23
[Client I] isRunningInWeb: "false"
[Client V] Initializing authentication
[API I] Successfully signed in
[Client:extension:dd21 I] initializing
[Client:extension:dd21:resolver I] created with protocol "codespaces"
[RemoteExplorer I] Updating codespace performance info
[DevContainerJsonSupport I] Initializing devcontainer.json support package
[DevContainerJsonSupport V] [2024-06-26T09:09:06.191Z] Internal initialization of dev container support package...

[Client I] Jupyter API registered? false
[Client:extension:dd21:resolver:resolve:1 I] resolve retry #3
[Client:extension:dd21:resolver:resolve:1 I] resolving "codespaces+fantastic-space-waffle-v76qxwprrwgc4gw"
[Client:extension:dd21:resolver:resolve:1 I] codespace: "fantastic-space-waffle-v76qxwprrwgc4gw", fetching details
[Client:extension:dd21:resolver:resolve:1:fetch-codespace-info I] fetching codespace details for "fantastic-space-waffle-v76qxwprrwgc4gw"
[Client:extension:dd21:resolver:resolve:1:fetch-codespace-info I] signed in, getting the details
[Client:extension:dd21:resolver:resolve:1:fetch-codespace-info I] fetching codespace "fantastic-space-waffle-v76qxwprrwgc4gw" (retries left: 2)
[API:retries-left-2 I] making GET request for "https://api.github.com/user/codespaces/fantastic-space-waffle-v76qxwprrwgc4gw"
[RemoteExplorer I] Updating codespace performance info
[Client:extension:dd21:resolver I] successfully fetched codespace details> object #0: {
  "id": 17269010,
  "name": "<38:<redacted>>",
  "environment_id": "7b7348e7-6af3-4d12-b3e0-5df1e26002da",
  "owner": "<undefined:<redacted>>",
  "billable_owner": {
    "login": "code50",
    "id": 89367332,
    "node_id": "MDEyOk9yZ2FuaXphdGlvbjg5MzY3MzMy",
    "avatar_url": "https://avatars.githubusercontent.com/u/89367332?v=4",
    "gravatar_id": "",
    "url": "https://api.github.com/users/code50",
    "html_url": "https://github.com/code50",
    "followers_url": "https://api.github.com/users/code50/followers",
    "following_url": "https://api.github.com/users/code50/following{/other_user}",
    "gists_url": "https://api.github.com/users/code50/gists{/gist_id}",
    "starred_url": "https://api.github.com/users/code50/starred{/owner}{/repo}",
    "subscriptions_url": "https://api.github.com/users/code50/subscriptions",
    "organizations_url": "https://api.github.com/users/code50/orgs",
    "repos_url": "https://api.github.com/users/code50/repos",
    "events_url": "https://api.github.com/users/code50/events{/privacy}",
    "received_events_url": "https://api.github.com/users/code50/received_events",
    "type": "Organization",
    "site_admin": false
  },
  "repository": {
    "id": 674321661,
    "node_id": "R_kgDOKDFU_Q",
    "name": "<8:<redacted>>",
    "full_name": "code50/85962938",
    "private": true,
    "owner": "<undefined:<redacted>>",
    "html_url": "https://github.com/code50/85962938",
    "description": null,
    "fork": false,
    "url": "https://api.github.com/repos/code50/85962938",
    "forks_url": "https://api.github.com/repos/code50/85962938/forks",
    "keys_url": "https://api.github.com/repos/code50/85962938/keys{/key_id}",
    "collaborators_url": "https://api.github.com/repos/code50/85962938/collaborators{/collaborator}",
    "teams_url": "https://api.github.com/repos/code50/85962938/teams",
    "hooks_url": "https://api.github.com/repos/code50/85962938/hooks",
    "issue_events_url": "https://api.github.com/repos/code50/85962938/issues/events{/number}",
    "events_url": "https://api.github.com/repos/code50/85962938/events",
    "assignees_url": "https://api.github.com/repos/code50/85962938/assignees{/user}",
    "branches_url": "https://api.github.com/repos/code50/85962938/branches{/branch}",
    "tags_url": "https://api.github.com/repos/code50/85962938/tags",
    "blobs_url": "https://api.github.com/repos/code50/85962938/git/blobs{/sha}",
    "git_tags_url": "https://api.github.com/repos/code50/85962938/git/tags{/sha}",
    "git_refs_url": "https://api.github.com/repos/code50/85962938/git/refs{/sha}",
    "trees_url": "https://api.github.com/repos/code50/85962938/git/trees{/sha}",
    "statuses_url": "https://api.github.com/repos/code50/85962938/statuses/{sha}",
    "languages_url": "https://api.github.com/repos/code50/85962938/languages",
    "stargazers_url": "https://api.github.com/repos/code50/85962938/stargazers",
    "contributors_url": "https://api.github.com/repos/code50/85962938/contributors",
    "subscribers_url": "https://api.github.com/repos/code50/85962938/subscribers",
    "subscription_url": "https://api.github.com/repos/code50/85962938/subscription",
    "commits_url": "https://api.github.com/repos/code50/85962938/commits{/sha}",
    "git_commits_url": "https://api.github.com/repos/code50/85962938/git/commits{/sha}",
    "comments_url": "https://api.github.com/repos/code50/85962938/comments{/number}",
    "issue_comment_url": "https://api.github.com/repos/code50/85962938/issues/comments{/number}",
    "contents_url": "https://api.github.com/repos/code50/85962938/contents/{+path}",
    "compare_url": "https://api.github.com/repos/code50/85962938/compare/{base}...{head}",
    "merges_url": "https://api.github.com/repos/code50/85962938/merges",
    "archive_url": "https://api.github.com/repos/code50/85962938/{archive_format}{/ref}",
    "downloads_url": "https://api.github.com/repos/code50/85962938/downloads",
    "issues_url": "https://api.github.com/repos/code50/85962938/issues{/number}",
    "pulls_url": "https://api.github.com/repos/code50/85962938/pulls{/number}",
    "milestones_url": "https://api.github.com/repos/code50/85962938/milestones{/number}",
    "notifications_url": "https://api.github.com/repos/code50/85962938/notifications{?since,all,participating}",
    "labels_url": "https://api.github.com/repos/code50/85962938/labels{/name}",
    "releases_url": "https://api.github.com/repos/code50/85962938/releases{/id}",
    "deployments_url": "https://api.github.com/repos/code50/85962938/deployments"
  },
  "machine": {
    "name": "<14:<redacted>>",
    "display_name": "2 cores, 8 GB RAM, 32 GB storage",
    "operating_system": "linux",
    "storage_in_bytes": 34359738368,
    "memory_in_bytes": 8589934592,
    "cpus": 2,
    "prebuild_availability": null
  },
  "prebuild": null,
  "created_at": "2024-06-24T15:51:47+08:00",
  "updated_at": "2024-06-26T17:09:07+08:00",
  "last_used_at": "2024-06-25T12:06:11+08:00",
  "state": "Shutdown",
  "url": "https://api.github.com/user/codespaces/fantastic-space-waffle-v76qxwprrwgc4gw",
  "git_status": {
    "ahead": 1,
    "behind": 0,
    "has_unpushed_changes": true,
    "has_uncommitted_changes": false,
    "ref": "main"
  },
  "location": "SouthEastAsia",
  "idle_timeout_minutes": 30,
  "web_url": "https://fantastic-space-waffle-v76qxwprrwgc4gw.github.dev",
  "machines_url": "https://api.github.com/user/codespaces/fantastic-space-waffle-v76qxwprrwgc4gw/machines",
  "start_url": "https://api.github.com/user/codespaces/fantastic-space-waffle-v76qxwprrwgc4gw/start",
  "stop_url": "https://api.github.com/user/codespaces/fantastic-space-waffle-v76qxwprrwgc4gw/stop",
  "pulls_url": null,
  "recent_folders": [
    "/workspaces/85962938"
  ],
  "runtime_constraints": {
    "allowed_port_privacy_settings": [
      "private",
      "public",
      "org"
    ]
  },
  "connection": {
    "sessionId": "336C9EC448A1100435F6AFCDE342946D7B3A",
    "sessionPath": "/workspaces/85962938",
    "serviceUri": "https://prod.liveshare.vsengsaas.visualstudio.com/api/v1.2/",
    "relayEndpoint": "sb://vsls-prod-ins-asse-private-relay.servicebus.windows.net/a4db642954cf64c0d7293da954264717bec7--dbc530b5-e0fa-400a-a17e-b4876fc693f5",
    "relaySas": "<259:<redacted>>",
    "sessionToken": "<1149:<redacted>>",
    "hostPublicKeys": [
      "AAAAB3NzaC1yc2EAAAADAQABAAABAQDAX5TbvkpS7cngWAikVGbaEtiNigQGYvvHpZ+f03Qyuw0BLwLFyBtSliKtfwOWbMn93lU2UTBtlpksHc4JmDHIkq4WdeCBQmzATSRwWJTMoid+8sNwJwSChbPyPOHhqKT255EqyoIGkINR8ioM+a9oSSHNkRb0giluUqwCxV/aWt63NrVcDo53jCUDyIVkVDXsPTjPgLEVzaikX5pI22Olm70806tqTEzi+ZwF4oOQxtQj1GTP1IKeCWPslqu03YGW6xQEmYemm/aQD/TOZRuMBoDq9rwQPdA2tFGUXnxn9uvmYT6v9llhLszt5F9OMfXsjfveo9uxiQWAz4jjVe3T"
    ]
  },
  "container_id": "8da8adb60e5cc602160c919a1f9cf32d65a6caab423c7e9ae0b79eec626eaeaf",
  "display_name": "fantastic space waffle",
  "devcontainer_path": ".devcontainer.json",
  "pending_operation": false,
  "feature_flags": {
    "developer": false,
    "devTunnelsOptOut": false,
    "devTunnelsDesktopPortForwarding": true,
    "devTunnelsDesktopMainConnection": true,
    "useBasisForMainConnectionsWebClient": true,
    "disableLiveShareOnAgent": false,
    "detailedActivityMonitor": false,
    "vscodeAccountSwitching": false,
    "enableSmbDiagnosticContinuousMonitoring": true,
    "enableSmbDiagnosticOnAnomalyMonitoring": false,
    "useEarlyWorkbenchWebClient": true,
    "useCoiWebClient": false,
    "remapUserNamespace": false,
    "removeConnectRetriesWebClient": true,
    "storageV2ExhaustiveValidation": false,
    "forcePushShutdownTelemetry": true,
    "useNewJupyterApi": true,
    "improvedWarmupContainerReuse": true,
    "storageV2ComprehensiveDiagnosticsCollection": false,
    "usingCopilotWorkspaceConfig": false,
    "copilotWorkspace": false,
    "Basis": true,
    "Skuheapscaling": true,
    "CacheIde": true,
    "Developer": false,
    "Eap": false
  },
  "retention_period_minutes": 43200,
  "retention_expires_at": "2024-07-25T13:38:16+08:00",
  "template": null,
  "publish_url": null
}
[RemoteExplorer I] Updating codespace performance info
[Client:extension:dd21:resolver:resolve:1:check-codespace-state I] codespace fantastic-space-waffle-v76qxwprrwgc4gw (id: 7b7348e7-6af3-4d12-b3e0-5df1e26002da) is in the "Resume" state
[Client:extension:dd21:resolver:resolve:1:check-codespace-state I] codespace fantastic-space-waffle-v76qxwprrwgc4gw (id: 7b7348e7-6af3-4d12-b3e0-5df1e26002da) is resuming
[Client:extension:dd21:resolver:resolve:1:check-codespace-state I] first run
[Client:extension:dd21:resolver:resolve:1:check-codespace-state I] starting the codespace
[RemoteExplorer I] Updating codespace details
[Client:extension:dd21:resolver:resolve:1:check-codespace-state I] starting the codespace "7b7348e7-6af3-4d12-b3e0-5df1e26002da", attempt #2
[API:retries-left-2 I] making GET request for "https://api.github.com/user/codespaces/fantastic-space-waffle-v76qxwprrwgc4gw"
[RemoteExplorer I] Updating codespace performance info
[RemoteExplorer I] Updating codespace details
[EnvironmentPolling I] Polling fantastic-space-waffle-v76qxwprrwgc4gw...
[API:retries-left-2 I] making GET request for "https://api.github.com/user/codespaces/fantastic-space-waffle-v76qxwprrwgc4gw"
[Client:extension:dd21:resolver:port-forwarder I] Setting up tunnel provider
[Client:extension:dd21:resolver:port-forwarder:tunnel-provider V] subscribing to onDispose event
[Client:extension:dd21:resolver:port-forwarder:tunnel-provider I] Tunnel client is unconnected, fetching tunnel and connecting> object #0: {
  "tunnelId": "interesting-lake-597cj4z",
  "clusterId": "asse",
  "domain": "app.github.dev",
  "accessTokens": {
    "connect": "eyJhbGciOiJFUzI1NiIsImtpZCI6IkI5Mjg5QzBFRDIyMUJENjhBNTA3MjA3MzY4MEI1MjFDRDVGRTEyQzIiLCJ0eXAiOiJKV1QifQ.eyJjbHVzdGVySWQiOiJhc3NlIiwidHVubmVsSWQiOiJpbnRlcmVzdGluZy1sYWtlLTU5N2NqNHoiLCJzY3AiOiJjb25uZWN0IiwiZXhwIjoxNzE5NDc5Mjc4LCJpc3MiOiJodHRwczovL3R1bm5lbHMuYXBpLnZpc3VhbHN0dWRpby5jb20vIiwibmJmIjoxNzE5MzkxOTc4fQ.Q1MGA5AaclkESeKk4082akPtRYEyS4srOSFAU0fOGitQNpHs3nSPz8IV8V7BLMNoFNVUZibHy6CxSLtkesOM-A",
    "manage:ports": "eyJhbGciOiJFUzI1NiIsImtpZCI6IkI5Mjg5QzBFRDIyMUJENjhBNTA3MjA3MzY4MEI1MjFDRDVGRTEyQzIiLCJ0eXAiOiJKV1QifQ.eyJjbHVzdGVySWQiOiJhc3NlIiwidHVubmVsSWQiOiJpbnRlcmVzdGluZy1sYWtlLTU5N2NqNHoiLCJzY3AiOiJtYW5hZ2U6cG9ydHMiLCJleHAiOjE3MTk0NzkyNzgsImlzcyI6Imh0dHBzOi8vdHVubmVscy5hcGkudmlzdWFsc3R1ZGlvLmNvbS8iLCJuYmYiOjE3MTkzOTE5Nzh9.cnIemV2e4Ro7mw5uhHtMwGlg19gp_cJRoz-1R1QE9J5Hc8AuYObtwu0eBQSPl2OCbJaR7vhkbBH4K8YAnT8rCw"
  }
}
[Client:extension:dd21:resolver:port-forwarder:tunnel-provider V] tunnelClient info 0: Connecting to client tunnel relay wss://asse-data.rel.tunnels.api.visualstudio.com/api/v1/Client/Connect/interesting-lake-597cj4z
[Client:extension:dd21:resolver:port-forwarder:tunnel-provider V] tunnelClient verbose 0: Sec-WebSocket-Protocol: tunnel-relay-client-v2-dev, tunnel-relay-client
[Client:extension:dd21:resolver:port-forwarder:tunnel-provider V] tunnelClient verbose 0: Authorization: tunnel <tunnel=interesting-lake-597cj4z.asse, scopes=[connect], issuer=https://tunnels.api.visualstudio.com/, expiration=Thu Jun 27 2024 17:07:58 GMT+0800 (Philippine Standard Time)>
[Client:extension:dd21:resolver:port-forwarder:tunnel-provider V] tunnelClient verbose 0: Connected with subprotocol 'tunnel-relay-client'
[Client:extension:dd21:resolver:port-forwarder:tunnel-provider V] tunnelClient info 9114: SshClientSession connecting...
[Client:extension:dd21:resolver:port-forwarder:tunnel-provider V] tunnelClient verbose 9101: Sending #0 KeyExchangeInitMessage
[Client:extension:dd21:resolver:port-forwarder:tunnel-provider V] tunnelClient info 9100: Local version: SSH-2.0-dev-tunnels-ssh_3.11.36, remote version: SSH-2.0-Microsoft.DevTunnels.Ssh_3.11
[Client:extension:dd21:resolver:port-forwarder:tunnel-provider V] tunnelClient verbose 9102: Receiving #0 KeyExchangeInitMessage
[Client:extension:dd21:resolver:port-forwarder:tunnel-provider V] tunnelClient info 9170: KeyExchange negotiation: Server (diffie-hellman-group16-sha512, diffie-hellman-group14-sha256, ext-info-s) Client (ecdh-sha2-nistp384, ecdh-sha2-nistp256, diffie-hellman-group14-sha256) => diffie-hellman-group14-sha256
[Client:extension:dd21:resolver:port-forwarder:tunnel-provider V] tunnelClient info 9170: PublicKey negotiation: Server (ecdsa-sha2-nistp384) Client (rsa-sha2-512, rsa-sha2-256, ecdsa-sha2-nistp384, ecdsa-sha2-nistp256) => ecdsa-sha2-nistp384
[Client:extension:dd21:resolver:port-forwarder:tunnel-provider V] tunnelClient info 9170: ClientEncryption negotiation: Server (aes256-cbc, aes256-ctr) Client (aes256-gcm@openssh.com, aes256-ctr) => aes256-ctr
[Client:extension:dd21:resolver:port-forwarder:tunnel-provider V] tunnelClient info 9170: ServerEncryption negotiation: Server (aes256-cbc, aes256-ctr) Client (aes256-gcm@openssh.com, aes256-ctr) => aes256-ctr
[Client:extension:dd21:resolver:port-forwarder:tunnel-provider V] tunnelClient info 9170: ClientHmac negotiation: Server (hmac-sha2-512-etm@openssh.com, hmac-sha2-256-etm@openssh.com, hmac-sha2-512, hmac-sha2-256) Client (hmac-sha2-512-etm@openssh.com, hmac-sha2-256-etm@openssh.com, hmac-sha2-512, hmac-sha2-256) => hmac-sha2-512-etm@openssh.com
[Client:extension:dd21:resolver:port-forwarder:tunnel-provider V] tunnelClient info 9170: ServerHmac negotiation: Server (hmac-sha2-512-etm@openssh.com, hmac-sha2-256-etm@openssh.com, hmac-sha2-512, hmac-sha2-256) Client (hmac-sha2-512-etm@openssh.com, hmac-sha2-256-etm@openssh.com, hmac-sha2-512, hmac-sha2-256) => hmac-sha2-512-etm@openssh.com
[Client:extension:dd21:resolver:port-forwarder:tunnel-provider V] tunnelClient info 9170: ClientCompression negotiation: Server (none) Client (none) => none
[Client:extension:dd21:resolver:port-forwarder:tunnel-provider V] tunnelClient info 9170: ServerCompression negotiation: Server (none) Client (none) => none
[Client:extension:dd21:resolver:port-forwarder:tunnel-provider V] tunnelClient verbose 9101: Sending #1 KeyExchangeDhInitMessage
[Client:extension:dd21:resolver:port-forwarder:tunnel-provider V] tunnelClient verbose 9102: Receiving #1 KeyExchangeDhReplyMessage
[Client:extension:dd21:resolver:port-forwarder:tunnel-provider V] tunnelClient verbose 9112: Server public key verification succeeded.
[Client:extension:dd21:resolver:port-forwarder:tunnel-provider V] tunnelClient verbose 9101: Sending #2 NewKeysMessage
[Client:extension:dd21:resolver:port-forwarder:tunnel-provider V] tunnelClient verbose 9102: Receiving #2 NewKeysMessage
[Client:extension:dd21:resolver:port-forwarder:tunnel-provider V] tunnelClient verbose 9101: Sending #3 ExtensionInfoMessage (server-sig-algs=rsa-sha2-512,rsa-sha2-256,ecdsa-sha2-nistp384,ecdsa-sha2-nistp256; open-channel-request@microsoft.com; session-reconnect@microsoft.com)
[Client:extension:dd21:resolver:port-forwarder:tunnel-provider V] tunnelClient info 9110: SshClientSession encrypted.
[Client:extension:dd21:resolver:port-forwarder:tunnel-provider V] tunnelClient info 9111: SshClientSession Authenticating([ecdsa-sha2-nistp384])
[Client:extension:dd21:resolver:port-forwarder:tunnel-provider V] tunnelClient verbose 0: Verified host identity with public key AAAAE2VjZHNhLXNoYTItbmlzdHAzODQAAAAIbmlzdHAzODQAAABhBGjxpzpztj7jDcasn5h3yLRHihaJcZOmRmSxYi8LSV8SuDhMjas1UfhjuCcRE5dIkWxOW18D0h5ye1k2Sr8eBcjUtU6gbQsFIVRQqfbc3n1mv6e2H7nGbpfEGytPIFKfYQ==
[Client:extension:dd21:resolver:port-forwarder:tunnel-provider V] tunnelClient info 9112: SshClientSession server authenticated.
[Client:extension:dd21:resolver:port-forwarder:tunnel-provider V] tunnelClient verbose 9101: Sending #4 ServiceRequestMessage
[Client:extension:dd21:resolver:port-forwarder:tunnel-provider V] tunnelClient verbose 9101: Sending #5 AuthenticationRequestMessage (Method: none, Username: tunnel)
[Client:extension:dd21:resolver:port-forwarder:tunnel-provider V] tunnelClient verbose 9102: Receiving #3 ExtensionInfoMessage (open-channel-request@microsoft.com; server-sig-algs=rsa-sha2-512,rsa-sha2-256,ecdsa-sha2-nistp384,ecdsa-sha2-nistp256; session-latency@microsoft.com; session-reconnect@microsoft.com)
[Client:extension:dd21:resolver:port-forwarder:tunnel-provider V] tunnelClient verbose 9101: Sending #6 SessionRequestMessage (requestType=enable-session-reconnect@microsoft.com)
[Client:extension:dd21:resolver:port-forwarder:tunnel-provider V] tunnelClient verbose 9102: Receiving #4 SessionRequestMessage (requestType=enable-session-reconnect@microsoft.com)
[Client:extension:dd21:resolver:port-forwarder:tunnel-provider V] tunnelClient verbose 9102: Receiving #5 ServiceAcceptMessage
[Client:extension:dd21:resolver:port-forwarder:tunnel-provider V] tunnelClient verbose 9102: Receiving #6 AuthenticationSuccessMessage
[Client:extension:dd21:resolver:port-forwarder:tunnel-provider V] tunnelClient info 9112: SshClientSession client authenticated.
[Client:extension:dd21:resolver:port-forwarder:tunnel-provider I] Tunnel client connected, is reconnect: true
[Client:extension:dd21:resolver I] Initializing RPC client
[Client:extension:dd21:resolver:port-forwarder:tunnel-provider V] Adding forwarded port 16635
[Client:extension:dd21:resolver:port-forwarder:tunnel-provider V] tunnelClient verbose 9102: Receiving #7 SessionRequestMessage (requestType=tcpip-forward)
[Client:extension:dd21:resolver:port-forwarder:tunnel-provider V] tunnelClient verbose 9101: Sending #7 PortForwardSuccessMessage (port=16634)
[Client:extension:dd21:resolver:port-forwarder:tunnel-provider V] tunnelClient verbose 9102: Receiving #8 SessionRequestMessage (requestType=tcpip-forward)
[Client:extension:dd21:resolver:port-forwarder:tunnel-provider V] tunnelClient verbose 9101: Sending #8 PortForwardSuccessMessage (port=16635)
[Client:extension:dd21:resolver:port-forwarder:tunnel-provider V] Not opening workspace tunnel for internal port 16635
[Client:extension:dd21:resolver:port-forwarder:tunnel-provider V] Added port: 16635
[Client:extension:dd21:resolver I] Initializing browser-based codespace host service client
[Client:extension:dd21:resolver I] Initializing browser-based VS Code server host service client
[Client:extension:dd21:resolver I] Initializing browser-based Jupyter server host service client
[API:retries-left-2 I] making GET request for "https://api.github.com/user/codespaces/fantastic-space-waffle-v76qxwprrwgc4gw"
[API:retries-left-2 I] making GET request for "https://api.github.com/user/codespaces/fantastic-space-waffle-v76qxwprrwgc4gw"
[API:retries-left-2 I] making GET request for "https://api.github.com/user/codespaces/fantastic-space-waffle-v76qxwprrwgc4gw"
[API:retries-left-2 I] making GET request for "https://api.github.com/user/codespaces/fantastic-space-waffle-v76qxwprrwgc4gw"
[API:retries-left-2 I] making GET request for "https://api.github.com/user/codespaces/fantastic-space-waffle-v76qxwprrwgc4gw"
[EnvironmentPolling I] Finished polling fantastic-space-waffle-v76qxwprrwgc4gw: the predicate is true.
[RemoteExplorer I] Updating codespace performance info
[RemoteExplorer I] Updating codespace details
[Client V] resume duration: 17241 ms
[RemoteExplorer I] Updating codespace performance info
[RemoteExplorer I] Updating codespace details
[Client:extension:dd21:resolver:resolve:1:check-codespace-state I] successfully started codespace
[Client:extension:dd21:resolver:resolve:1:check-codespace-state I] codespace started
[RemoteExplorer I] Updating codespace performance info
[RemoteExplorer I] Updating codespace details
[Client:extension:dd21:resolver:resolve:1:check-codespace-state I] vscode connection options: > object #0: {
  "token": "<1149:<redacted>>",
  "environmentId": "7b7348e7-6af3-4d12-b3e0-5df1e26002da",
  "workspaceId": "6C8C7B5B10F0FAEA03D2DA52745DE7B7732C",
  "vsCodeCommit": "5437499feb04f7a586f677b155b039bc2b3669eb",
  "vsCodeQuality": "stable",
  "extensions": [
    "GitHub.codespaces",
    "GitHub.vscode-pull-request-github"
  ],
  "telemetry": true,
  "liveShareEndpoint": "https://prod.liveshare.vsengsaas.visualstudio.com/api/v1.2/",
  "connectionInfo": {
    "id": "6C8C7B5B10F0FAEA03D2DA52745DE7B7732C",
    "relaySas": "<261:<redacted>>",
    "relayLink": "sb://vsls-prod-ins-asse-private-relay.servicebus.windows.net/4c206129f71292d735a7c12cefeb7cc4d28f--8ee4e2a8-1cce-4a29-b71d-d46ec8eb87da",
    "sessionToken": "<1149:<redacted>>",
    "hostPublicKeys": [
      "AAAAB3NzaC1yc2EAAAADAQABAAABAQDGcRQ5fXG6yjXetz4+YyrVfF9sW3wE5UwDWYlbMmIJJcdc1s6KRjD04quOeR33m/zBDC06smpNHud/uh/HMKy8rZizqEB+T8FYz0Ctk5By1jatihBx+p9lNusG4uMrc97r+64YfUHcQQuL9315N5hisIQk6D3UQJRQJKtzB+1v3GIUQnyS0II87+EHJiVrlNgKus607m+rLBblx03PNx5ekkMDC+o89BgoC4vJEou29cLoforgS2E9QPYCdyyTbu0U2lOkeyNVxZZAqnSEIMu5c89ADR2MTOhIEd4nwOlnKhPVm3i/V3BSDSrgfr3EwUaazNLO7a07i7yt45S+1T6j"
    ],
    "tunnelProperties": {
      "tunnelId": "interesting-lake-597cj4z",
      "clusterId": "asse",
      "domain": "app.github.dev",
      "connectAccessToken": "<396:<redacted>>",
      "managePortsAccessToken": "<402:<redacted>>",
      "serviceUri": "https://global.rel.tunnels.api.visualstudio.com/"
    }
  }
}
[Client:extension:dd21:resolver:resolve:1 I] Progress: Connecting to codespace...
[Client:extension:dd21:resolver:codespaces-internal-transport V] Received request for StartRemoteServerAsync from client
[Client:extension:dd21:resolver:port-forwarder:tunnel-provider I] Getting stream from port 16635 with protocol https
[Client:extension:dd21:resolver:port-forwarder:tunnel-provider I] Creating or reusing https/16635 with privacy 'undefined', attempt 0
[Client:extension:dd21:resolver:port-forwarder:tunnel-provider I] https/16635 already exists with privacy 'private' so reusing the existing port
[Client:extension:dd21:resolver:codespaces-internal-transport V] Sending message of size 111 bytes to server
[Client:extension:dd21:resolver:codespaces-internal-transport V] Finished sending request to server
[Client:extension:dd21:resolver:port-forwarder:tunnel-provider V] tunnelClient verbose 0: Waiting for forwarded port 16635
[Client:extension:dd21:resolver:port-forwarder:tunnel-provider V] tunnelClient verbose 0: Forwarded port 16635 is ready.
[Client:extension:dd21:resolver:port-forwarder:tunnel-provider V] tunnelClient verbose 9101: Sending #9 PortForwardChannelOpenMessage(channelType=forwarded-tcpip, senderChannel=1) (host=127.0.0.1 port=16635)
[Client:extension:dd21:resolver:port-forwarder:tunnel-provider V] tunnelClient verbose 9102: Receiving #9 ChannelOpenConfirmationMessage (recipientChannel=1)(senderChannel=0)
[Client:extension:dd21:resolver:port-forwarder:tunnel-provider V] tunnelClient info 9154: PortForwardingService opened forwarded-tcpip channel #1 for 127.0.0.1:16635.
[Client:extension:dd21:resolver:port-forwarder:tunnel-provider V] tunnelClient verbose 9102: Receiving #11 ChannelCloseMessage (recipientChannel=1)
[Client:extension:dd21:resolver:port-forwarder:tunnel-provider V] tunnelClient info 9123: SshChannel(Type: forwarded-tcpip, Id: 1, RemoteId: 0) closed remotely. (S: 384, R: 241)
[Client:extension:dd21:resolver:codespaces-internal-transport V] Sending end event to client
[Client:extension:dd21:resolver I] Executed start-remote-server using gRPC
[Client:extension:dd21:resolver:port-forwarder:tunnel-provider V] Adding forwarded port 37475
[Client:extension:dd21:resolver:port-forwarder:tunnel-provider E] Failed to get tunnel port> object #0: Tunnel service error: Not Found code:ERR_BAD_REQUEST
  at settle (/home/j/.vscode/extensions/node_modules/axios/dist/node/axios.cjs:1970:12)
  at IncomingMessage.handleStreamEnd (/home/j/.vscode/extensions/node_modules/axios/dist/node/axios.cjs:3069:11)
  at IncomingMessage.emit (node:events:526:35)
  at endReadableNT (node:internal/streams/readable:1408:12)
  at processTicksAndRejections (node:internal/process/task_queues:82:21)
[Client:extension:dd21:resolver:port-forwarder:tunnel-provider I] Creating or reusing https/37475 with privacy 'private', attempt 0
[Client:extension:dd21:resolver:port-forwarder:tunnel-provider V] tunnelClient verbose 9101: Sending #12 SessionRequestMessage (requestType=RefreshPorts)
[Client:extension:dd21:resolver:port-forwarder:tunnel-provider V] tunnelClient verbose 9102: Receiving #12 SessionRequestMessage (requestType=tcpip-forward)
[Client:extension:dd21:resolver:port-forwarder:tunnel-provider V] tunnelClient verbose 9101: Sending #13 PortForwardSuccessMessage (port=37475)
[Client:extension:dd21:resolver:port-forwarder:tunnel-provider V] tunnelClient verbose 9102: Receiving #13 SessionRequestSuccessMessage
[Client:extension:dd21:resolver:port-forwarder:tunnel-provider I] Created port https/37475 with privacy 'private'
[Client:extension:dd21:resolver:port-forwarder:tunnel-provider I] Forwarding port 37475 locally
[Client:extension:dd21:resolver:port-forwarder:tunnel-provider V] subscribing to onDispose event
[Client:extension:dd21:resolver:port-forwarder:tunnel-provider:local-port-forwarder[37475] V] subscribing to onDispose event
[Client:extension:dd21:resolver:port-forwarder:tunnel-provider:local-port-forwarder[37475] I] Starting local TCP server on port 37475 for remote port 37475
[Client:extension:dd21:resolver:port-forwarder:tunnel-provider:local-port-forwarder[37475] I] Attempting to listen to 127.0.0.1:37475
[Client:extension:dd21:resolver:port-forwarder:tunnel-provider:local-port-forwarder[37475] I] Listening on local port 37475
[Client:extension:dd21:resolver:port-forwarder:tunnel-provider:local-port-forwarder[37475] I] Server started on port 37475
[Client:extension:dd21:resolver:port-forwarder:tunnel-provider I] Using local port 37475
[Client:extension:dd21:resolver:port-forwarder:tunnel-provider I] Setting main connection reference for remote port 37475 to local port 37475
[Client:extension:dd21:resolver:port-forwarder:tunnel-provider V] subscribing to onDispose event
[Client:extension:dd21:resolver:port-forwarder:tunnel-provider V] Reviving ports...
[Client:extension:dd21:resolver:port-forwarder:tunnel-provider V] Not opening workspace tunnel for internal port 16634
[Client:extension:dd21:resolver:port-forwarder:tunnel-provider V] Revived port: 16634
[Client:extension:dd21:resolver:port-forwarder:tunnel-provider V] Not opening workspace tunnel for internal port 16635
[Client:extension:dd21:resolver:port-forwarder:tunnel-provider V] Revived port: 16635
[Client:extension:dd21:resolver:port-forwarder:tunnel-provider V] Not opening workspace tunnel for internal port 37475
[Client:extension:dd21:resolver:port-forwarder:tunnel-provider V] Revived port: 37475
[Client:extension:dd21:resolver:port-forwarder:tunnel-provider V] subscribing to onDispose event
[Client:extension:dd21:resolver:resolve:1 I] vscode server remote port: "37475", local port: "37475"}
[Client V] connect duration: 25844 ms
[Client:extension:dd21:resolver:resolve:1 I] Progress: Done
[Client:extension:dd21:resolver:codespaces-internal-transport V] Received request for EventStream from client
[Client:extension:dd21:resolver:port-forwarder:tunnel-provider I] Getting stream from port 16635 with protocol https
[Client:extension:dd21:resolver:port-forwarder:tunnel-provider I] Creating or reusing https/16635 with privacy 'undefined', attempt 0
[Client:extension:dd21:resolver:port-forwarder:tunnel-provider I] https/16635 already exists with privacy 'private' so reusing the existing port
[Client:extension:dd21:resolver:codespaces-internal-transport V] Sending message of size 5 bytes to server
[Client:extension:dd21:resolver:codespaces-internal-transport V] Finished sending request to server
[Client:extension:dd21:resolver I] Subscribed to event stream
[Client:extension:dd21:resolver:resolve:1:background-tasks I] launching background configuration tasks
[Client:extension:dd21:resolver:resolve:1:background-tasks:post-attach-command-manager I] PostAttachCommandManager: addEnvironmentConfiguredEventCallback()
[Client:extension:dd21:resolver:resolve:1:background-tasks:post-attach-command-manager V] subscribing to onDispose event
[Client:extension:dd21:resolver:resolve:1:background-tasks I] no max idle timeout notice
[Client:extension:dd21:resolver:resolve:1:background-tasks V] checking correctness of the codespace session path> object #0: [
  {
    "uri": {
      "$mid": 1,
      "external": "vscode-remote://codespaces%2Bfantastic-space-waffle-v76qxwprrwgc4gw/workspaces/85962938",
      "path": "/workspaces/85962938",
      "scheme": "vscode-remote",
      "authority": "codespaces+fantastic-space-waffle-v76qxwprrwgc4gw"
    },
    "name": "<8:<redacted>>",
    "index": 0
  }
]
[Client:extension:dd21:resolver:codespaces-internal-transport V] Received request for IsRecoveryContainerAsync from client
[Client:extension:dd21:resolver:port-forwarder:tunnel-provider I] Getting stream from port 16635 with protocol https
[Client:extension:dd21:resolver:port-forwarder:tunnel-provider I] Creating or reusing https/16635 with privacy 'undefined', attempt 0
[Client:extension:dd21:resolver:port-forwarder:tunnel-provider I] https/16635 already exists with privacy 'private' so reusing the existing port
[Client:extension:dd21:resolver:codespaces-internal-transport V] Sending message of size 5 bytes to server
[Client:extension:dd21:resolver:codespaces-internal-transport V] Finished sending request to server
[Client:extension:dd21:resolver:resolve:1:background-tasks I] starting activity monitor, isRunningInWeb: "false"
[Client:extension:dd21:resolver:resolve:1:background-tasks:activity-monitor:vscode-activity-provider I] isRunningInWeb: false
[Client:extension:dd21:resolver:resolve:1:background-tasks:activity-monitor:vscode-activity-provider I] starting activity monitor
[Client:extension:dd21:resolver:resolve:1:background-tasks:activity-monitor:vscode-activity-provider V] sending activity heartbeat
[Client:extension:dd21:resolver:codespaces-internal-transport V] Received request for NotifyCodespaceOfClientActivity from client
[Client:extension:dd21:resolver:port-forwarder:tunnel-provider I] Getting stream from port 16635 with protocol https
[Client:extension:dd21:resolver:port-forwarder:tunnel-provider I] Creating or reusing https/16635 with privacy 'undefined', attempt 0
[Client:extension:dd21:resolver:port-forwarder:tunnel-provider I] https/16635 already exists with privacy 'private' so reusing the existing port
[Client:extension:dd21:resolver:codespaces-internal-transport V] Sending message of size 44 bytes to server
[Client:extension:dd21:resolver:codespaces-internal-transport V] Finished sending request to server
[Client:extension:dd21:resolver:codespaces-internal-transport V] Received request for GetContainerPersistedFolderPath from client
[Client:extension:dd21:resolver:port-forwarder:tunnel-provider I] Getting stream from port 16635 with protocol https
[Client:extension:dd21:resolver:port-forwarder:tunnel-provider I] Creating or reusing https/16635 with privacy 'undefined', attempt 0
[Client:extension:dd21:resolver:port-forwarder:tunnel-provider I] https/16635 already exists with privacy 'private' so reusing the existing port
[Client:extension:dd21:resolver:codespaces-internal-transport V] Sending message of size 5 bytes to server
[Client:extension:dd21:resolver:codespaces-internal-transport V] Finished sending request to server
[Client:extension:dd21:resolver:codespaces-internal-transport V] Received request for GetContainerPersistedFolderPath from client
[Client:extension:dd21:resolver:port-forwarder:tunnel-provider I] Getting stream from port 16635 with protocol https
[Client:extension:dd21:resolver:port-forwarder:tunnel-provider I] Creating or reusing https/16635 with privacy 'undefined', attempt 0
[Client:extension:dd21:resolver:port-forwarder:tunnel-provider I] https/16635 already exists with privacy 'private' so reusing the existing port
[Client:extension:dd21:resolver:codespaces-internal-transport V] Sending message of size 5 bytes to server
[Client:extension:dd21:resolver:codespaces-internal-transport V] Finished sending request to server
[Client:extension:dd21:resolver:codespaces-internal-transport V] Received request for GetContainerPersistedFolderPath from client
[Client:extension:dd21:resolver:port-forwarder:tunnel-provider I] Getting stream from port 16635 with protocol https
[Client:extension:dd21:resolver:port-forwarder:tunnel-provider I] Creating or reusing https/16635 with privacy 'undefined', attempt 0
[Client:extension:dd21:resolver:port-forwarder:tunnel-provider I] https/16635 already exists with privacy 'private' so reusing the existing port
[Client:extension:dd21:resolver:codespaces-internal-transport V] Sending message of size 5 bytes to server
[Client:extension:dd21:resolver:codespaces-internal-transport V] Finished sending request to server
[Client:extension:dd21:resolver:codespaces-internal-transport V] Received request for ConfigureEnvironmentAsync from client
[Client:extension:dd21:resolver:port-forwarder:tunnel-provider I] Getting stream from port 16635 with protocol https
[Client:extension:dd21:resolver:port-forwarder:tunnel-provider I] Creating or reusing https/16635 with privacy 'undefined', attempt 0
[Client:extension:dd21:resolver:port-forwarder:tunnel-provider I] https/16635 already exists with privacy 'private' so reusing the existing port
[Client:extension:dd21:resolver:codespaces-internal-transport V] Sending message of size 5 bytes to server
[Client:extension:dd21:resolver:codespaces-internal-transport V] Finished sending request to server
[Client:extension:dd21:resolver:resolve:1:background-tasks:openDefaultFiles I] Skipping openFiles because it's not the first activation
[Client:extension:dd21:resolver:port-forwarder:tunnel-provider V] tunnelClient verbose 0: Waiting for forwarded port 16635
[Client:extension:dd21:resolver:port-forwarder:tunnel-provider V] tunnelClient verbose 0: Waiting for forwarded port 16635
[Client:extension:dd21:resolver:port-forwarder:tunnel-provider V] tunnelClient verbose 0: Waiting for forwarded port 16635
[Client:extension:dd21:resolver:port-forwarder:tunnel-provider V] tunnelClient verbose 0: Waiting for forwarded port 16635
[Client:extension:dd21:resolver:port-forwarder:tunnel-provider V] tunnelClient verbose 0: Waiting for forwarded port 16635
[Client:extension:dd21:resolver:port-forwarder:tunnel-provider V] tunnelClient verbose 0: Waiting for forwarded port 16635
[Client:extension:dd21:resolver:port-forwarder:tunnel-provider V] tunnelClient verbose 0: Forwarded port 16635 is ready.
[Client:extension:dd21:resolver:port-forwarder:tunnel-provider V] tunnelClient verbose 0: Forwarded port 16635 is ready.
[Client:extension:dd21:resolver:port-forwarder:tunnel-provider V] tunnelClient verbose 0: Forwarded port 16635 is ready.
[Client:extension:dd21:resolver:port-forwarder:tunnel-provider V] tunnelClient verbose 0: Waiting for forwarded port 16635
[Client:extension:dd21:resolver:port-forwarder:tunnel-provider V] tunnelClient verbose 0: Forwarded port 16635 is ready.
[Client:extension:dd21:resolver:port-forwarder:tunnel-provider V] tunnelClient verbose 0: Forwarded port 16635 is ready.
[Client:extension:dd21:resolver:port-forwarder:tunnel-provider V] tunnelClient verbose 0: Forwarded port 16635 is ready.
[Client:extension:dd21:resolver:port-forwarder:tunnel-provider V] tunnelClient verbose 0: Forwarded port 16635 is ready.
[Client:extension:dd21:resolver:port-forwarder:tunnel-provider V] tunnelClient verbose 9101: Sending #14 PortForwardChannelOpenMessage(channelType=forwarded-tcpip, senderChannel=2) (host=127.0.0.1 port=16635)
[Client:extension:dd21:resolver:port-forwarder:tunnel-provider V] tunnelClient verbose 9101: Sending #15 PortForwardChannelOpenMessage(channelType=forwarded-tcpip, senderChannel=3) (host=127.0.0.1 port=16635)
[Client:extension:dd21:resolver:port-forwarder:tunnel-provider V] tunnelClient verbose 9101: Sending #16 PortForwardChannelOpenMessage(channelType=forwarded-tcpip, senderChannel=4) (host=127.0.0.1 port=16635)
[Client:extension:dd21:resolver:port-forwarder:tunnel-provider V] tunnelClient verbose 9101: Sending #17 PortForwardChannelOpenMessage(channelType=forwarded-tcpip, senderChannel=5) (host=127.0.0.1 port=16635)
[Client:extension:dd21:resolver:port-forwarder:tunnel-provider V] tunnelClient verbose 9101: Sending #18 PortForwardChannelOpenMessage(channelType=forwarded-tcpip, senderChannel=6) (host=127.0.0.1 port=16635)
[Client:extension:dd21:resolver:port-forwarder:tunnel-provider V] tunnelClient verbose 9101: Sending #19 PortForwardChannelOpenMessage(channelType=forwarded-tcpip, senderChannel=7) (host=127.0.0.1 port=16635)
[Client:extension:dd21:resolver:port-forwarder:tunnel-provider V] tunnelClient verbose 9101: Sending #20 PortForwardChannelOpenMessage(channelType=forwarded-tcpip, senderChannel=8) (host=127.0.0.1 port=16635)
[Client:extension:dd21:resolver:port-forwarder:tunnel-provider I] Getting stream from port 37475 with protocol https
[Client:extension:dd21:resolver:port-forwarder:tunnel-provider I] Creating or reusing https/37475 with privacy 'undefined', attempt 0
[Client:extension:dd21:resolver:port-forwarder:tunnel-provider I] https/37475 already exists with privacy 'private' so reusing the existing port
[Client:extension:dd21:resolver:port-forwarder:tunnel-provider V] tunnelClient verbose 0: Waiting for forwarded port 37475
[Client:extension:dd21:resolver:port-forwarder:tunnel-provider V] tunnelClient verbose 0: Forwarded port 37475 is ready.
[Client:extension:dd21:resolver:port-forwarder:tunnel-provider V] tunnelClient verbose 9101: Sending #21 PortForwardChannelOpenMessage(channelType=forwarded-tcpip, senderChannel=9) (host=127.0.0.1 port=37475)
[Client:extension:dd21:resolver:port-forwarder:tunnel-provider V] tunnelClient verbose 9102: Receiving #14 ChannelOpenConfirmationMessage (recipientChannel=2)(senderChannel=1)
[Client:extension:dd21:resolver:port-forwarder:tunnel-provider V] tunnelClient info 9154: PortForwardingService opened forwarded-tcpip channel #2 for 127.0.0.1:16635.
[Client:extension:dd21:resolver:port-forwarder:tunnel-provider V] tunnelClient verbose 9102: Receiving #15 ChannelOpenConfirmationMessage (recipientChannel=3)(senderChannel=2)
[Client:extension:dd21:resolver:port-forwarder:tunnel-provider V] tunnelClient info 9154: PortForwardingService opened forwarded-tcpip channel #3 for 127.0.0.1:16635.
[Client:extension:dd21:resolver:port-forwarder:tunnel-provider V] tunnelClient verbose 9102: Receiving #16 ChannelOpenConfirmationMessage (recipientChannel=4)(senderChannel=3)
[Client:extension:dd21:resolver:port-forwarder:tunnel-provider V] tunnelClient info 9154: PortForwardingService opened forwarded-tcpip channel #4 for 127.0.0.1:16635.
[Client:extension:dd21:resolver:port-forwarder:tunnel-provider V] tunnelClient verbose 9102: Receiving #17 ChannelOpenConfirmationMessage (recipientChannel=5)(senderChannel=4)
[Client:extension:dd21:resolver:port-forwarder:tunnel-provider V] tunnelClient info 9154: PortForwardingService opened forwarded-tcpip channel #5 for 127.0.0.1:16635.
[Client:extension:dd21:resolver:port-forwarder:tunnel-provider V] tunnelClient verbose 9102: Receiving #18 ChannelOpenConfirmationMessage (recipientChannel=6)(senderChannel=5)
[Client:extension:dd21:resolver:port-forwarder:tunnel-provider V] tunnelClient info 9154: PortForwardingService opened forwarded-tcpip channel #6 for 127.0.0.1:16635.
[Client:extension:dd21:resolver:port-forwarder:tunnel-provider V] tunnelClient verbose 9102: Receiving #19 ChannelOpenConfirmationMessage (recipientChannel=7)(senderChannel=6)
[Client:extension:dd21:resolver:port-forwarder:tunnel-provider V] tunnelClient info 9154: PortForwardingService opened forwarded-tcpip channel #7 for 127.0.0.1:16635.
[Client:extension:dd21:resolver:port-forwarder:tunnel-provider V] tunnelClient verbose 9102: Receiving #20 ChannelOpenConfirmationMessage (recipientChannel=8)(senderChannel=7)
[Client:extension:dd21:resolver:port-forwarder:tunnel-provider V] tunnelClient info 9154: PortForwardingService opened forwarded-tcpip channel #8 for 127.0.0.1:16635.
[Client:extension:dd21:resolver:port-forwarder:tunnel-provider V] tunnelClient verbose 9102: Receiving #21 ChannelOpenConfirmationMessage (recipientChannel=9)(senderChannel=8)
[Client:extension:dd21:resolver:port-forwarder:tunnel-provider V] tunnelClient info 9154: PortForwardingService opened forwarded-tcpip channel #9 for 127.0.0.1:37475.
[Client:extension:dd21:resolver I] Received event: Subscribed
[Client:extension:dd21:resolver I] Client 2352db48-06f0-4b8b-923e-1ed9f8e5bb34 subscribed to event stream
[Client:extension:dd21:resolver:port-forwarder:tunnel-provider V] tunnelClient verbose 9102: Receiving #24 ChannelCloseMessage (recipientChannel=3)
[Client:extension:dd21:resolver:port-forwarder:tunnel-provider V] tunnelClient info 9123: SshChannel(Type: forwarded-tcpip, Id: 3, RemoteId: 2) closed remotely. (S: 272, R: 198)
[Client:extension:dd21:resolver:codespaces-internal-transport V] Sending end event to client
[Client:extension:dd21:resolver:resolve:1:background-tasks I] Executed is-recovery-container using gRPC
[Client:extension:dd21:resolver:resolve:1:background-tasks V] not in recovery container
[Client:extension:dd21:resolver:port-forwarder:tunnel-provider V] tunnelClient verbose 9102: Receiving #26 ChannelCloseMessage (recipientChannel=5)
[Client:extension:dd21:resolver:port-forwarder:tunnel-provider V] tunnelClient info 9123: SshChannel(Type: forwarded-tcpip, Id: 5, RemoteId: 4) closed remotely. (S: 279, R: 240)
[Client:extension:dd21:resolver:codespaces-internal-transport V] Sending end event to client
[Client:extension:dd21:resolver:resolve:1:background-tasks I] Executed get-container-persisted-folder using gRPC
[Client:extension:dd21:resolver:resolve:1:background-tasks V] container folder path: "/workspaces/.codespaces/.persistedshare"
[Client:extension:dd21:resolver:resolve:1:background-tasks V] shared folder path: "/workspaces/.codespaces/shared/postCreateOutput.json"
[Client:extension:dd21:resolver:resolve:1:background-tasks V] shared file path: "vscode-remote:///workspaces/.codespaces/shared/postCreateOutput.json"
[Client:extension:dd21:resolver:port-forwarder:tunnel-provider V] tunnelClient verbose 9102: Receiving #28 ChannelCloseMessage (recipientChannel=6)
[Client:extension:dd21:resolver:port-forwarder:tunnel-provider V] tunnelClient info 9123: SshChannel(Type: forwarded-tcpip, Id: 6, RemoteId: 5) closed remotely. (S: 279, R: 240)
[Client:extension:dd21:resolver:codespaces-internal-transport V] Sending end event to client
[Performance I] Executed get-container-persisted-folder using gRPC
[Client:extension:dd21:resolver:port-forwarder:tunnel-provider V] tunnelClient verbose 9102: Receiving #31 ChannelCloseMessage (recipientChannel=4)
[Client:extension:dd21:resolver:port-forwarder:tunnel-provider V] tunnelClient info 9123: SshChannel(Type: forwarded-tcpip, Id: 4, RemoteId: 3) closed remotely. (S: 319, R: 200)
[Client:extension:dd21:resolver:codespaces-internal-transport V] Sending end event to client
[Client:extension:dd21:resolver:resolve:1:background-tasks:activity-monitor:vscode-activity-provider I] Executed notify-codespace-of-client-activity using gRPC
[Client:extension:dd21:resolver:resolve:1:background-tasks:activity-monitor:vscode-activity-provider I] Activity signal sent with result true
[Client:extension:dd21:resolver:port-forwarder:tunnel-provider V] tunnelClient verbose 9102: Receiving #33 ChannelCloseMessage (recipientChannel=7)
[Client:extension:dd21:resolver:port-forwarder:tunnel-provider V] tunnelClient info 9123: SshChannel(Type: forwarded-tcpip, Id: 7, RemoteId: 6) closed remotely. (S: 279, R: 240)
[Client:extension:dd21:resolver:codespaces-internal-transport V] Sending end event to client
[ResourceUsage I] Executed get-container-persisted-folder using gRPC
[ResourceUsage V] container folder path: "/workspaces/.codespaces/.persistedshare"
[ResourceUsage V] shared folder path: "/workspaces/.codespaces/shared/resource-usage.json"
[ResourceUsage V] shared file path: "vscode-remote:///workspaces/.codespaces/shared/resource-usage.json"
[ResourceUsage I] Starting monitor
[ResourceUsage I] Checking if the codespace connection exists
[Client:extension:dd21:resolver:port-forwarder:tunnel-provider V] tunnelClient verbose 9102: Receiving #35 ChannelCloseMessage (recipientChannel=8)
[Client:extension:dd21:resolver:port-forwarder:tunnel-provider V] tunnelClient info 9123: SshChannel(Type: forwarded-tcpip, Id: 8, RemoteId: 7) closed remotely. (S: 273, R: 198)
[Client:extension:dd21:resolver:codespaces-internal-transport V] Sending end event to client
[Client:extension:dd21:resolver:resolve:1:background-tasks I] Executed configure-environment using gRPC
[Client:extension:dd21:resolver:port-forwarder:tunnel-provider I] Getting stream from port 37475 with protocol https
[Client:extension:dd21:resolver:port-forwarder:tunnel-provider I] Creating or reusing https/37475 with privacy 'undefined', attempt 0
[Client:extension:dd21:resolver:port-forwarder:tunnel-provider I] https/37475 already exists with privacy 'private' so reusing the existing port
[Client:extension:dd21:resolver:port-forwarder:tunnel-provider V] tunnelClient verbose 0: Waiting for forwarded port 37475
[Client:extension:dd21:resolver:port-forwarder:tunnel-provider V] tunnelClient verbose 0: Forwarded port 37475 is ready.
[Client:extension:dd21:resolver:port-forwarder:tunnel-provider V] tunnelClient verbose 9101: Sending #38 PortForwardChannelOpenMessage(channelType=forwarded-tcpip, senderChannel=10) (host=127.0.0.1 port=37475)
[Client:extension:dd21:resolver:port-forwarder:tunnel-provider V] tunnelClient verbose 9102: Receiving #36 ChannelOpenConfirmationMessage (recipientChannel=10)(senderChannel=9)
[Client:extension:dd21:resolver:port-forwarder:tunnel-provider V] tunnelClient info 9154: PortForwardingService opened forwarded-tcpip channel #10 for 127.0.0.1:37475.
[Client:extension:dd21:resolver:port-forwarder:tunnel-provider I] Getting stream from port 37475 with protocol https
[Client:extension:dd21:resolver:port-forwarder:tunnel-provider I] Creating or reusing https/37475 with privacy 'undefined', attempt 0
[Client:extension:dd21:resolver:port-forwarder:tunnel-provider I] https/37475 already exists with privacy 'private' so reusing the existing port
[Client:extension:dd21:resolver:port-forwarder:tunnel-provider V] tunnelClient verbose 0: Waiting for forwarded port 37475
[Client:extension:dd21:resolver:port-forwarder:tunnel-provider V] tunnelClient verbose 0: Forwarded port 37475 is ready.
[Client:extension:dd21:resolver:port-forwarder:tunnel-provider V] tunnelClient verbose 9101: Sending #50 PortForwardChannelOpenMessage(channelType=forwarded-tcpip, senderChannel=11) (host=127.0.0.1 port=37475)
[Client:extension:dd21:resolver:port-forwarder:tunnel-provider I] Getting stream from port 37475 with protocol https
[Client:extension:dd21:resolver:port-forwarder:tunnel-provider I] Creating or reusing https/37475 with privacy 'undefined', attempt 0
[Client:extension:dd21:resolver:port-forwarder:tunnel-provider I] https/37475 already exists with privacy 'private' so reusing the existing port
[Client:extension:dd21:resolver:port-forwarder:tunnel-provider V] tunnelClient verbose 0: Waiting for forwarded port 37475
[Client:extension:dd21:resolver:port-forwarder:tunnel-provider V] tunnelClient verbose 0: Forwarded port 37475 is ready.
[Client:extension:dd21:resolver:port-forwarder:tunnel-provider V] tunnelClient verbose 9101: Sending #51 PortForwardChannelOpenMessage(channelType=forwarded-tcpip, senderChannel=12) (host=127.0.0.1 port=37475)
[Client:extension:dd21:resolver:port-forwarder:tunnel-provider I] Getting stream from port 37475 with protocol https
[Client:extension:dd21:resolver:port-forwarder:tunnel-provider I] Creating or reusing https/37475 with privacy 'undefined', attempt 0
[Client:extension:dd21:resolver:port-forwarder:tunnel-provider I] https/37475 already exists with privacy 'private' so reusing the existing port
[Client:extension:dd21:resolver:port-forwarder:tunnel-provider V] tunnelClient verbose 0: Waiting for forwarded port 37475
[Client:extension:dd21:resolver:port-forwarder:tunnel-provider V] tunnelClient verbose 0: Forwarded port 37475 is ready.
[Client:extension:dd21:resolver:port-forwarder:tunnel-provider V] tunnelClient verbose 9101: Sending #52 PortForwardChannelOpenMessage(channelType=forwarded-tcpip, senderChannel=13) (host=127.0.0.1 port=37475)
[Client:extension:dd21:resolver:port-forwarder:tunnel-provider I] Getting stream from port 37475 with protocol https
[Client:extension:dd21:resolver:port-forwarder:tunnel-provider I] Creating or reusing https/37475 with privacy 'undefined', attempt 0
[Client:extension:dd21:resolver:port-forwarder:tunnel-provider I] https/37475 already exists with privacy 'private' so reusing the existing port
[Client:extension:dd21:resolver:port-forwarder:tunnel-provider V] tunnelClient verbose 0: Waiting for forwarded port 37475
[Client:extension:dd21:resolver:port-forwarder:tunnel-provider V] tunnelClient verbose 0: Forwarded port 37475 is ready.
[Client:extension:dd21:resolver:port-forwarder:tunnel-provider V] tunnelClient verbose 9101: Sending #53 PortForwardChannelOpenMessage(channelType=forwarded-tcpip, senderChannel=14) (host=127.0.0.1 port=37475)
[Client:extension:dd21:resolver:port-forwarder:tunnel-provider V] tunnelClient verbose 9101: Sending #54 ChannelWindowAdjustMessage (recipientChannel=8) (bytesToAdd=526121)
[Client:extension:dd21:resolver:port-forwarder:tunnel-provider V] tunnelClient verbose 9102: Receiving #163 ChannelOpenConfirmationMessage (recipientChannel=11)(senderChannel=10)
[Client:extension:dd21:resolver:port-forwarder:tunnel-provider V] tunnelClient info 9154: PortForwardingService opened forwarded-tcpip channel #11 for 127.0.0.1:37475.
[Client:extension:dd21:resolver:port-forwarder:tunnel-provider V] tunnelClient verbose 9102: Receiving #181 ChannelOpenConfirmationMessage (recipientChannel=12)(senderChannel=11)
[Client:extension:dd21:resolver:port-forwarder:tunnel-provider V] tunnelClient info 9154: PortForwardingService opened forwarded-tcpip channel #12 for 127.0.0.1:37475.
[Client:extension:dd21:resolver:port-forwarder:tunnel-provider V] tunnelClient verbose 9102: Receiving #193 ChannelOpenConfirmationMessage (recipientChannel=13)(senderChannel=12)
[Client:extension:dd21:resolver:port-forwarder:tunnel-provider V] tunnelClient info 9154: PortForwardingService opened forwarded-tcpip channel #13 for 127.0.0.1:37475.
[Client:extension:dd21:resolver:port-forwarder:tunnel-provider V] tunnelClient verbose 9102: Receiving #198 ChannelOpenConfirmationMessage (recipientChannel=14)(senderChannel=13)
[Client:extension:dd21:resolver:port-forwarder:tunnel-provider V] tunnelClient info 9154: PortForwardingService opened forwarded-tcpip channel #14 for 127.0.0.1:37475.
[Client:extension:dd21:resolver:port-forwarder:tunnel-provider V] tunnelClient verbose 9101: Sending #59 ChannelWindowAdjustMessage (recipientChannel=8) (bytesToAdd=529721)
[Client:extension:dd21:resolver:port-forwarder:tunnel-provider V] tunnelClient verbose 9101: Sending #61 ChannelWindowAdjustMessage (recipientChannel=8) (bytesToAdd=531778)
[Performance I] Starting monitor
[Performance I] Checking if the codespace connection exists
[Client:extension:dd21:resolver:port-forwarder:tunnel-provider I] Tunnel factory called> object #0: {
  "remoteAddress": {
    "host": "0:0:0:0:0:0:0:0",
    "port": 1337
  },
  "localAddressPort": 1337
}
> object #1: {
  "elevationRequired": false
}
[Client:extension:dd21:resolver:port-forwarder:tunnel-provider I] Creating or reusing http/1337 with privacy 'undefined', attempt 0
[Client:extension:dd21:resolver:port-forwarder:tunnel-provider V] tunnelClient verbose 9101: Sending #130 ChannelWindowAdjustMessage (recipientChannel=8) (bytesToAdd=529523)
[Client:extension:dd21:resolver:port-forwarder:tunnel-provider V] tunnelClient verbose 9101: Sending #134 SessionRequestMessage (requestType=RefreshPorts)
[Client:extension:dd21:resolver:port-forwarder:tunnel-provider V] tunnelClient verbose 9102: Receiving #416 SessionRequestMessage (requestType=tcpip-forward)
[Client:extension:dd21:resolver:port-forwarder:tunnel-provider V] Received port added event for port 1337
[Client:extension:dd21:resolver:port-forwarder:tunnel-provider V] Adding forwarded port 1337
[Client:extension:dd21:resolver:port-forwarder:tunnel-provider V] Forwarded port 1337 already exists
[Client:extension:dd21:resolver:port-forwarder:tunnel-provider V] tunnelClient verbose 9101: Sending #147 PortForwardSuccessMessage (port=1337)
[Client:extension:dd21:resolver:port-forwarder:tunnel-provider V] tunnelClient verbose 9102: Receiving #417 SessionRequestSuccessMessage
[Client:extension:dd21:resolver:port-forwarder:tunnel-provider I] Created port http/1337 with privacy 'private'
[Client:extension:dd21:resolver:port-forwarder:tunnel-provider I] Accepting local connections for port 1337
[Client:extension:dd21:resolver:port-forwarder:tunnel-provider I] Forwarding port locally
[Client:extension:dd21:resolver:port-forwarder:tunnel-provider I] Forwarding port 1337 locally
[Client:extension:dd21:resolver:port-forwarder:tunnel-provider V] subscribing to onDispose event
[Client:extension:dd21:resolver:port-forwarder:tunnel-provider:local-port-forwarder[1337] V] subscribing to onDispose event
[Client:extension:dd21:resolver:port-forwarder:tunnel-provider:local-port-forwarder[1337] I] Starting local TCP server on port 1337 for remote port 1337
[Client:extension:dd21:resolver:port-forwarder:tunnel-provider:local-port-forwarder[1337] I] Attempting to listen to 127.0.0.1:1337
[Client:extension:dd21:resolver:port-forwarder:tunnel-provider:local-port-forwarder[1337] I] Listening on local port 1337
[Client:extension:dd21:resolver:port-forwarder:tunnel-provider:local-port-forwarder[1337] I] Server started on port 1337
[Client:extension:dd21:resolver:port-forwarder:tunnel-provider I] Using local port 1337
[Client:extension:dd21:resolver:port-forwarder:tunnel-provider V] tunnelClient verbose 9101: Sending #172 ChannelWindowAdjustMessage (recipientChannel=8) (bytesToAdd=525645)
[Client:extension:dd21:resolver:port-forwarder:tunnel-provider V] tunnelClient verbose 9102: Receiving #579 ChannelCloseMessage (recipientChannel=11)
[Client:extension:dd21:resolver:port-forwarder:tunnel-provider V] tunnelClient info 9123: SshChannel(Type: forwarded-tcpip, Id: 11, RemoteId: 10) closed remotely. (S: 655, R: 1965)
[Client:extension:dd21:resolver:port-forwarder:tunnel-provider V] tunnelClient verbose 9102: Receiving #580 ChannelCloseMessage (recipientChannel=12)
[Client:extension:dd21:resolver:port-forwarder:tunnel-provider V] tunnelClient info 9123: SshChannel(Type: forwarded-tcpip, Id: 12, RemoteId: 11) closed remotely. (S: 655, R: 81857)
[Client:extension:dd21:resolver:port-forwarder:tunnel-provider V] tunnelClient verbose 9102: Receiving #581 ChannelCloseMessage (recipientChannel=13)
[Client:extension:dd21:resolver:port-forwarder:tunnel-provider V] tunnelClient info 9123: SshChannel(Type: forwarded-tcpip, Id: 13, RemoteId: 12) closed remotely. (S: 676, R: 3699)
[Client:extension:dd21:resolver:port-forwarder:tunnel-provider V] tunnelClient verbose 9102: Receiving #582 ChannelCloseMessage (recipientChannel=14)
[Client:extension:dd21:resolver:port-forwarder:tunnel-provider V] tunnelClient info 9123: SshChannel(Type: forwarded-tcpip, Id: 14, RemoteId: 13) closed remotely. (S: 684, R: 1056)
[Client:extension:dd21:resolver:codespaces-internal-transport V] Received request for GetPerformanceDataAsync from client
[Client:extension:dd21:resolver:port-forwarder:tunnel-provider I] Getting stream from port 16635 with protocol https
[Client:extension:dd21:resolver:port-forwarder:tunnel-provider I] Creating or reusing https/16635 with privacy 'undefined', attempt 0
[Client:extension:dd21:resolver:port-forwarder:tunnel-provider I] https/16635 already exists with privacy 'private' so reusing the existing port
[Client:extension:dd21:resolver:codespaces-internal-transport V] Sending message of size 5 bytes to server
[Client:extension:dd21:resolver:codespaces-internal-transport V] Finished sending request to server
[Client:extension:dd21:resolver:port-forwarder:tunnel-provider V] tunnelClient verbose 0: Waiting for forwarded port 16635
[Client:extension:dd21:resolver:port-forwarder:tunnel-provider V] tunnelClient verbose 0: Forwarded port 16635 is ready.
[Client:extension:dd21:resolver:port-forwarder:tunnel-provider V] tunnelClient verbose 9101: Sending #364 PortForwardChannelOpenMessage(channelType=forwarded-tcpip, senderChannel=15) (host=127.0.0.1 port=16635)
[Client:extension:dd21:resolver:port-forwarder:tunnel-provider V] tunnelClient verbose 9102: Receiving #717 ChannelOpenConfirmationMessage (recipientChannel=15)(senderChannel=14)
[Client:extension:dd21:resolver:port-forwarder:tunnel-provider V] tunnelClient info 9154: PortForwardingService opened forwarded-tcpip channel #15 for 127.0.0.1:16635.
[Client:extension:dd21:resolver:port-forwarder:tunnel-provider V] tunnelClient verbose 9102: Receiving #719 ChannelCloseMessage (recipientChannel=15)
[Client:extension:dd21:resolver:port-forwarder:tunnel-provider V] tunnelClient info 9123: SshChannel(Type: forwarded-tcpip, Id: 15, RemoteId: 14) closed remotely. (S: 271, R: 221)
[Client:extension:dd21:resolver:codespaces-internal-transport V] Sending end event to client
[Performance I] Executed get-performance-data using gRPC
[Client:extension:dd21:resolver:codespaces-internal-transport V] Received request for GetPerformanceDataAsync from client
[Client:extension:dd21:resolver:port-forwarder:tunnel-provider I] Getting stream from port 16635 with protocol https
[Client:extension:dd21:resolver:port-forwarder:tunnel-provider I] Creating or reusing https/16635 with privacy 'undefined', attempt 0
[Client:extension:dd21:resolver:port-forwarder:tunnel-provider I] https/16635 already exists with privacy 'private' so reusing the existing port
[Client:extension:dd21:resolver:codespaces-internal-transport V] Sending message of size 5 bytes to server
[Client:extension:dd21:resolver:codespaces-internal-transport V] Finished sending request to server
[Client:extension:dd21:resolver:port-forwarder:tunnel-provider V] tunnelClient verbose 0: Waiting for forwarded port 16635
[Client:extension:dd21:resolver:port-forwarder:tunnel-provider V] tunnelClient verbose 0: Forwarded port 16635 is ready.
[Client:extension:dd21:resolver:port-forwarder:tunnel-provider V] tunnelClient verbose 9101: Sending #384 PortForwardChannelOpenMessage(channelType=forwarded-tcpip, senderChannel=16) (host=127.0.0.1 port=16635)
[Client:extension:dd21:resolver:port-forwarder:tunnel-provider V] tunnelClient verbose 9102: Receiving #736 ChannelOpenConfirmationMessage (recipientChannel=16)(senderChannel=15)
[Client:extension:dd21:resolver:port-forwarder:tunnel-provider V] tunnelClient info 9154: PortForwardingService opened forwarded-tcpip channel #16 for 127.0.0.1:16635.
[Client:extension:dd21:resolver:port-forwarder:tunnel-provider V] tunnelClient verbose 9102: Receiving #738 ChannelCloseMessage (recipientChannel=16)
[Client:extension:dd21:resolver:port-forwarder:tunnel-provider V] tunnelClient info 9123: SshChannel(Type: forwarded-tcpip, Id: 16, RemoteId: 15) closed remotely. (S: 271, R: 213)
[Client:extension:dd21:resolver:codespaces-internal-transport V] Sending end event to client
[Performance I] Executed get-performance-data using gRPC
[Client:extension:dd21:resolver:codespaces-internal-transport V] Received request for GetPerformanceDataAsync from client
[Client:extension:dd21:resolver:port-forwarder:tunnel-provider I] Getting stream from port 16635 with protocol https
[Client:extension:dd21:resolver:port-forwarder:tunnel-provider I] Creating or reusing https/16635 with privacy 'undefined', attempt 0
[Client:extension:dd21:resolver:port-forwarder:tunnel-provider I] https/16635 already exists with privacy 'private' so reusing the existing port
[Client:extension:dd21:resolver:codespaces-internal-transport V] Sending message of size 5 bytes to server
[Client:extension:dd21:resolver:codespaces-internal-transport V] Finished sending request to server
[Client:extension:dd21:resolver:port-forwarder:tunnel-provider V] tunnelClient verbose 0: Waiting for forwarded port 16635
[Client:extension:dd21:resolver:port-forwarder:tunnel-provider V] tunnelClient verbose 0: Forwarded port 16635 is ready.
[Client:extension:dd21:resolver:port-forwarder:tunnel-provider V] tunnelClient verbose 9101: Sending #399 PortForwardChannelOpenMessage(channelType=forwarded-tcpip, senderChannel=17) (host=127.0.0.1 port=16635)
[Client:extension:dd21:resolver:port-forwarder:tunnel-provider V] tunnelClient verbose 9102: Receiving #751 ChannelOpenConfirmationMessage (recipientChannel=17)(senderChannel=16)
[Client:extension:dd21:resolver:port-forwarder:tunnel-provider V] tunnelClient info 9154: PortForwardingService opened forwarded-tcpip channel #17 for 127.0.0.1:16635.
[Client:extension:dd21:resolver:port-forwarder:tunnel-provider V] tunnelClient verbose 9102: Receiving #755 ChannelCloseMessage (recipientChannel=17)
[Client:extension:dd21:resolver:port-forwarder:tunnel-provider V] tunnelClient info 9123: SshChannel(Type: forwarded-tcpip, Id: 17, RemoteId: 16) closed remotely. (S: 271, R: 214)
[Client:extension:dd21:resolver:codespaces-internal-transport V] Sending end event to client
[Performance I] Executed get-performance-data using gRPC
[Client:extension:dd21:resolver:codespaces-internal-transport V] Received request for GetPerformanceDataAsync from client
[Client:extension:dd21:resolver:port-forwarder:tunnel-provider I] Getting stream from port 16635 with protocol https
[Client:extension:dd21:resolver:port-forwarder:tunnel-provider I] Creating or reusing https/16635 with privacy 'undefined', attempt 0
[Client:extension:dd21:resolver:port-forwarder:tunnel-provider I] https/16635 already exists with privacy 'private' so reusing the existing port
[Client:extension:dd21:resolver:codespaces-internal-transport V] Sending message of size 5 bytes to server
[Client:extension:dd21:resolver:codespaces-internal-transport V] Finished sending request to server
[Client:extension:dd21:resolver:port-forwarder:tunnel-provider V] tunnelClient verbose 0: Waiting for forwarded port 16635
[Client:extension:dd21:resolver:port-forwarder:tunnel-provider V] tunnelClient verbose 0: Forwarded port 16635 is ready.
[Client:extension:dd21:resolver:port-forwarder:tunnel-provider V] tunnelClient verbose 9101: Sending #437 PortForwardChannelOpenMessage(channelType=forwarded-tcpip, senderChannel=18) (host=127.0.0.1 port=16635)
[Client:extension:dd21:resolver:port-forwarder:tunnel-provider V] tunnelClient verbose 9102: Receiving #790 ChannelOpenConfirmationMessage (recipientChannel=18)(senderChannel=17)
[Client:extension:dd21:resolver:port-forwarder:tunnel-provider V] tunnelClient info 9154: PortForwardingService opened forwarded-tcpip channel #18 for 127.0.0.1:16635.
[Client:extension:dd21:resolver:port-forwarder:tunnel-provider V] tunnelClient verbose 9102: Receiving #792 ChannelCloseMessage (recipientChannel=18)
[Client:extension:dd21:resolver:port-forwarder:tunnel-provider V] tunnelClient info 9123: SshChannel(Type: forwarded-tcpip, Id: 18, RemoteId: 17) closed remotely. (S: 271, R: 213)
[Client:extension:dd21:resolver:codespaces-internal-transport V] Sending end event to client
[Performance I] Executed get-performance-data using gRPC
[Client:extension:dd21:resolver:resolve:1:background-tasks:activity-monitor:vscode-activity-provider V] sending activity heartbeat
[Client:extension:dd21:resolver:codespaces-internal-transport V] Received request for NotifyCodespaceOfClientActivity from client
[Client:extension:dd21:resolver:port-forwarder:tunnel-provider I] Getting stream from port 16635 with protocol https
[Client:extension:dd21:resolver:port-forwarder:tunnel-provider I] Creating or reusing https/16635 with privacy 'undefined', attempt 0
[Client:extension:dd21:resolver:port-forwarder:tunnel-provider I] https/16635 already exists with privacy 'private' so reusing the existing port
[Client:extension:dd21:resolver:codespaces-internal-transport V] Sending message of size 93 bytes to server
[Client:extension:dd21:resolver:codespaces-internal-transport V] Finished sending request to server
[Client:extension:dd21:resolver:port-forwarder:tunnel-provider V] tunnelClient verbose 0: Waiting for forwarded port 16635
[Client:extension:dd21:resolver:port-forwarder:tunnel-provider V] tunnelClient verbose 0: Forwarded port 16635 is ready.
[Client:extension:dd21:resolver:port-forwarder:tunnel-provider V] tunnelClient verbose 9101: Sending #447 PortForwardChannelOpenMessage(channelType=forwarded-tcpip, senderChannel=19) (host=127.0.0.1 port=16635)
[Client:extension:dd21:resolver:port-forwarder:tunnel-provider V] tunnelClient verbose 9102: Receiving #801 ChannelOpenConfirmationMessage (recipientChannel=19)(senderChannel=18)
[Client:extension:dd21:resolver:port-forwarder:tunnel-provider V] tunnelClient info 9154: PortForwardingService opened forwarded-tcpip channel #19 for 127.0.0.1:16635.
[Client:extension:dd21:resolver:port-forwarder:tunnel-provider V] tunnelClient verbose 9102: Receiving #804 ChannelCloseMessage (recipientChannel=19)
[Client:extension:dd21:resolver:port-forwarder:tunnel-provider V] tunnelClient info 9123: SshChannel(Type: forwarded-tcpip, Id: 19, RemoteId: 18) closed remotely. (S: 368, R: 200)
[Client:extension:dd21:resolver:codespaces-internal-transport V] Sending end event to client
[Client:extension:dd21:resolver:resolve:1:background-tasks:activity-monitor:vscode-activity-provider I] Executed notify-codespace-of-client-activity using gRPC
[Client:extension:dd21:resolver:resolve:1:background-tasks:activity-monitor:vscode-activity-provider I] Activity signal sent with result true
[Client:extension:dd21:resolver I] Received event: DevContainerConfigChanged
[Client:extension:dd21:resolver I] Received event: DevContainerConfigChanged
[Client:extension:dd21:resolver:resolve:1:background-tasks I] asking user if they want to rebuild> object #0: "Rebuild Now"
[Client:extension:dd21:resolver:resolve:1:background-tasks I] user closed the dialog
[Command:Rebuild I] Decorator starting: ErrorNotification
[Command:Rebuild I] Decorator starting: Telemetry
[Client:extension:dd21:resolver:codespaces-internal-transport V] Received request for RebuildContainerAsync from client
[Client:extension:dd21:resolver:port-forwarder:tunnel-provider I] Getting stream from port 16635 with protocol https
[Client:extension:dd21:resolver:port-forwarder:tunnel-provider I] Creating or reusing https/16635 with privacy 'undefined', attempt 0
[Client:extension:dd21:resolver:port-forwarder:tunnel-provider I] https/16635 already exists with privacy 'private' so reusing the existing port
[Client:extension:dd21:resolver:codespaces-internal-transport V] Sending message of size 7 bytes to server
[Client:extension:dd21:resolver:codespaces-internal-transport V] Finished sending request to server
[Client:extension:dd21:resolver:port-forwarder:tunnel-provider V] tunnelClient verbose 0: Waiting for forwarded port 16635
[Client:extension:dd21:resolver:port-forwarder:tunnel-provider V] tunnelClient verbose 0: Forwarded port 16635 is ready.
[Client:extension:dd21:resolver:port-forwarder:tunnel-provider V] tunnelClient verbose 9101: Sending #530 PortForwardChannelOpenMessage(channelType=forwarded-tcpip, senderChannel=20) (host=127.0.0.1 port=16635)
[Client:extension:dd21:resolver:port-forwarder:tunnel-provider V] tunnelClient verbose 9102: Receiving #874 ChannelOpenConfirmationMessage (recipientChannel=20)(senderChannel=19)
[Client:extension:dd21:resolver:port-forwarder:tunnel-provider V] tunnelClient info 9154: PortForwardingService opened forwarded-tcpip channel #20 for 127.0.0.1:16635.
[Client:extension:dd21:resolver:port-forwarder:tunnel-provider V] tunnelClient verbose 9102: Receiving #877 ChannelCloseMessage (recipientChannel=20)
[Client:extension:dd21:resolver:port-forwarder:tunnel-provider V] tunnelClient info 9123: SshChannel(Type: forwarded-tcpip, Id: 20, RemoteId: 19) closed remotely. (S: 271, R: 200)
[Client:extension:dd21:resolver:codespaces-internal-transport V] Sending end event to client
[Client:extension:dd21:resolver V] disposing reason: 'vscode disposed the resolver', disposing 2 objects
[Client:extension:dd21:resolver:port-forwarder:tunnel-provider V] disposing reason: 'vscode disposed the resolver $1', disposing 10 objects
[Client:extension:dd21:resolver:port-forwarder:tunnel-provider V] disposing reason: 'n/a', disposing 0 objects
[Client:extension:dd21:resolver:port-forwarder:tunnel-provider:delayed-disposable V] Disposing reason:undefined
[Client:extension:dd21:resolver:port-forwarder:tunnel-provider:local-port-forwarder[37475] V] disposing reason: 'tunnelProvider disposed', disposing 9 objects
[Client:extension:dd21:resolver:port-forwarder:tunnel-provider:delayed-disposable V] Disposing reason:tunnelProvider disposed $0
[Client:extension:dd21:resolver:port-forwarder:tunnel-provider:local-port-forwarder[37475]:delayed-disposable V] Disposing reason:tunnelProvider disposed $1
[Client:extension:dd21:resolver:port-forwarder:tunnel-provider:local-port-forwarder[37475] I] Stopping local TCP server on port 37475 (6 connections)
[Client:extension:dd21:resolver:port-forwarder:tunnel-provider:local-port-forwarder[1337] V] disposing reason: 'tunnelProvider disposed', disposing 2 objects
[Client:extension:dd21:resolver:port-forwarder:tunnel-provider:delayed-disposable V] Disposing reason:tunnelProvider disposed $0
[Client:extension:dd21:resolver:port-forwarder:tunnel-provider:local-port-forwarder[1337]:delayed-disposable V] Disposing reason:tunnelProvider disposed $1
[Client:extension:dd21:resolver:port-forwarder:tunnel-provider:local-port-forwarder[1337] I] Stopping local TCP server on port 1337 (0 connections)
[Client:extension:dd21:resolver:port-forwarder:tunnel-provider V] Stopping forwarded port 16635
[Client:extension:dd21:resolver:port-forwarder:tunnel-provider I] Stopped forwarding port 16635
[Client:extension:dd21:resolver I] Dev Tunnels connection is disposed, disposing of RPC client
[Client:extension:dd21:resolver:codespaces-internal-transport V] Sending end event to client
[Client:extension:dd21:resolver:codespaces-internal-transport E] Request canceled by client
[Client:extension:dd21:resolver:resolve:1:background-tasks:post-attach-command-manager V] disposing reason: 'vscode disposed the resolver $1 $2', disposing 1 objects
[Client:extension:dd21:resolver:resolve:1:background-tasks:post-attach-command-manager:delayed-disposable V] Disposing reason:undefined
[Client:extension:dd21:resolver:resolve:1:background-tasks:activity-monitor:vscode-activity-provider V] disposing reason: 'disposed with connection', disposing 23 objects
[ResourceUsage I] Connection disposed, stopping monitor
[ResourceUsage I] Stopping polling
[Performance I] Connection disposed, stopping monitor
[Performance I] Stopping polling
[Client:extension:dd21:resolver:port-forwarder:tunnel-provider:delayed-disposable V] Disposing reason:undefined
[Client:extension:dd21:resolver:port-forwarder:tunnel-provider:delayed-disposable V] Disposing reason:undefined
[Client:extension:dd21:resolver:port-forwarder:tunnel-provider:local-port-forwarder[37475] I] Port forwarding stream closed
[Client:extension:dd21:resolver:port-forwarder:tunnel-provider:local-port-forwarder[37475] I] Port forwarding stream closed
[Client:extension:dd21:resolver:port-forwarder:tunnel-provider:local-port-forwarder[37475] I] Port forwarding stream closed
[Client:extension:dd21:resolver:port-forwarder:tunnel-provider:local-port-forwarder[37475] I] Port forwarding stream closed
[Client:extension:dd21:resolver:port-forwarder:tunnel-provider:local-port-forwarder[37475] I] Port forwarding stream closed
[Client:extension:dd21:resolver:port-forwarder:tunnel-provider:local-port-forwarder[37475] I] Port forwarding stream closed
[Client:extension:dd21:resolver:port-forwarder:tunnel-provider:local-port-forwarder[37475] V] Stopped local server
[Client:extension:dd21:resolver:port-forwarder:tunnel-provider:local-port-forwarder[1337] V] Stopped local server
[Client:extension:dd21:resolver:port-forwarder:tunnel-provider V] Stopping forwarded port 37475
[Client:extension:dd21:resolver:port-forwarder:tunnel-provider I] Stopping local port forwarder for port 37475
[Client:extension:dd21:resolver:port-forwarder:tunnel-provider I] Stopped local port forwarder for port 37475
[Client:extension:dd21:resolver:port-forwarder:tunnel-provider I] Stopped forwarding port 37475
[Client:extension:dd21:resolver:port-forwarder:tunnel-provider V] Stopping forwarded port 16634
[Client:extension:dd21:resolver:port-forwarder:tunnel-provider I] Stopped forwarding port 16634
[Client:extension:dd21:resolver:port-forwarder:tunnel-provider V] Stopping forwarded port 1337
[Client:extension:dd21:resolver:port-forwarder:tunnel-provider I] Stopping local port forwarder for port 1337
[Client:extension:dd21:resolver:port-forwarder:tunnel-provider I] Stopped local port forwarder for port 1337
[Client:extension:dd21:resolver:port-forwarder:tunnel-provider I] Stopped forwarding port 1337
[Client:extension:dd21:resolver:port-forwarder:tunnel-provider V] tunnelClient verbose 9101: Sending #537 ChannelCloseMessage (recipientChannel=8)
[Client:extension:dd21:resolver:port-forwarder:tunnel-provider V] Tunnel client disconnected, recreating and reconnecting: undefined
[Client:extension:dd21:resolver:port-forwarder:tunnel-provider I] Not connecting tunnel client because the provider is disposed
[Client:extension:dd21:resolver:port-forwarder:tunnel-provider V] tunnelClient info 9113: SshClientSession Close(byApplication, "")
[Client:extension:dd21:resolver:port-forwarder:tunnel-provider V] tunnelClient info 9113: SshClientSession disposed.
[Client:extension:dd21:resolver:port-forwarder:tunnel-provider V] tunnelClient info 9123: SshClientSession closed.
[Client:extension:dd21:resolver:port-forwarder:tunnel-provider V] tunnelClient info 9123: SshClientSession closed.
[Client:extension:dd21:resolver:port-forwarder:tunnel-provider V] tunnelClient info 9123: SshClientSession closed.
[Command:Rebuild E] Command [Rebuild Container]: Rebuild Container Failure: Canceled (3267ms)
[Command:Rebuild I] Decorator finishing: Telemetry. Duration: 3ms (0 + 3)
[Command:Rebuild I] Decorator finishing: ErrorNotification. Duration: 0ms (0 + 0)
[Client:extension:dd21:resolver:port-forwarder:tunnel-provider V] tunnelClient verbose 9101: Sending #538 DisconnectMessage (byApplication: )
[Client:extension:dd21:resolver:port-forwarder:tunnel-provider V] tunnelClient verbose 9101: Sending #539 ChannelCloseMessage (recipientChannel=9)
[Client:extension:dd21:resolver:port-forwarder:tunnel-provider V] tunnelClient verbose 9101: Sending #540 ChannelCloseMessage (recipientChannel=1)
[Client:extension:dd21:resolver:codespaces-internal-transport V] Sending end event to client
