2024-06-25 12:27:53.413 [info] Active editor: vscode-remote://codespaces%2Bfantastic-space-waffle-v76qxwprrwgc4gw/workspaces/85962938/practice/calculator.c
2024-06-25 12:27:54.008 [info] Configuration changed
2024-06-25 12:27:54.606 [info] Configuration changed
2024-06-25 12:27:54.627 [info] Configuration changed
2024-06-25 12:27:54.649 [info] Configuration changed
2024-06-25 12:27:54.669 [info] Configuration changed
2024-06-25 12:27:54.688 [info] Configuration changed
2024-06-25 12:29:59.307 [info] /workspaces/85962938/.vscode/settings.json closed
2024-06-25 12:51:58.925 [info] Active editor: vscode-remote://codespaces%2Bfantastic-space-waffle-v76qxwprrwgc4gw/workspaces/85962938/practice/mario.c
2024-06-25 12:51:59.000 [info] /workspaces/85962938/practice/calculator.c.git closed
2024-06-25 12:52:06.192 [info] Active editor: output:tasks
2024-06-25 12:52:06.987 [info] Active editor: vscode-remote://codespaces%2Bfantastic-space-waffle-v76qxwprrwgc4gw/workspaces/85962938/practice/mario.c
2024-06-25 12:52:07.068 [info] tasks closed
2024-06-25 12:52:23.137 [info] Active editor: vscode-remote://codespaces%2Bfantastic-space-waffle-v76qxwprrwgc4gw/workspaces/85962938/cs50/problems/2024/x/mario-less/mario.c
2024-06-25 12:52:23.154 [info] /workspaces/85962938/practice/mario.c.git closed
2024-06-25 12:52:33.231 [info] Active editor: vscode-remote://codespaces%2Bfantastic-space-waffle-v76qxwprrwgc4gw/workspaces/85962938/practice/mario.c
2024-06-25 12:52:33.246 [info] /workspaces/85962938/cs50/problems/2024/x/mario-less/mario.c.git closed
2024-06-25 12:52:33.805 [info] Active editor: vscode-remote://codespaces%2Bfantastic-space-waffle-v76qxwprrwgc4gw/workspaces/85962938/cs50/problems/2024/x/mario-less/mario.c
2024-06-25 12:52:33.819 [info] /workspaces/85962938/practice/mario.c.git closed
2024-06-25 12:52:34.865 [info] Active editor: vscode-remote://codespaces%2Bfantastic-space-waffle-v76qxwprrwgc4gw/workspaces/85962938/practice/mario.c
2024-06-25 12:52:34.879 [info] /workspaces/85962938/cs50/problems/2024/x/mario-less/mario.c.git closed
2024-06-25 12:52:41.145 [info] Active editor: vscode-remote://codespaces%2Bfantastic-space-waffle-v76qxwprrwgc4gw/workspaces/85962938/cs50/problems/2024/x/mario-less/mario.c
2024-06-25 12:52:41.163 [info] /workspaces/85962938/practice/mario.c.git closed
2024-06-25 12:52:43.596 [warning] invalid cursor position. [[1, 37] | [1, 37]].
2024-06-25 12:53:01.899 [info] Active editor: vscode-remote://codespaces%2Bfantastic-space-waffle-v76qxwprrwgc4gw/workspaces/85962938/practice/mario.c
2024-06-25 12:53:01.926 [info] /workspaces/85962938/cs50/problems/2024/x/mario-less/mario.c.git closed
2024-06-25 12:53:13.173 [info] Active editor: vscode-remote://codespaces%2Bfantastic-space-waffle-v76qxwprrwgc4gw/workspaces/85962938/cs50/problems/2024/x/mario-less/mario.c
2024-06-25 12:53:13.195 [info] /workspaces/85962938/practice/mario.c.git closed
2024-06-25 13:02:20.982 [info] Active editor: vscode-remote://codespaces%2Bfantastic-space-waffle-v76qxwprrwgc4gw/workspaces/85962938/practice/calculator.c
2024-06-25 13:02:21.007 [info] /workspaces/85962938/cs50/problems/2024/x/mario-less/mario.c.git closed
2024-06-25 13:02:23.138 [info] Active editor: vscode-remote://codespaces%2Bfantastic-space-waffle-v76qxwprrwgc4gw/workspaces/85962938/practice/mario.c
2024-06-25 13:02:23.166 [info] /workspaces/85962938/practice/calculator.c.git closed
2024-06-25 13:02:24.680 [info] Active editor: vscode-remote://codespaces%2Bfantastic-space-waffle-v76qxwprrwgc4gw/workspaces/85962938/cs50/problems/2024/x/mario-less/mario.c
2024-06-25 13:02:24.700 [info] /workspaces/85962938/practice/mario.c.git closed
2024-06-25 13:02:25.312 [info] Active editor: vscode-remote://codespaces%2Bfantastic-space-waffle-v76qxwprrwgc4gw/workspaces/85962938/practice/calculator.c
2024-06-25 13:02:25.331 [info] /workspaces/85962938/cs50/problems/2024/x/mario-less/mario.c.git closed
2024-06-25 13:02:27.813 [info] Active editor: vscode-remote://codespaces%2Bfantastic-space-waffle-v76qxwprrwgc4gw/workspaces/85962938/practice/mario.c
2024-06-25 13:02:27.826 [info] /workspaces/85962938/practice/calculator.c.git closed
2024-06-25 13:02:28.860 [info] Active editor: vscode-remote://codespaces%2Bfantastic-space-waffle-v76qxwprrwgc4gw/workspaces/85962938/practice/calculator.c
2024-06-25 13:02:28.878 [info] /workspaces/85962938/practice/mario.c.git closed
2024-06-25 13:02:29.587 [info] Active editor: vscode-remote://codespaces%2Bfantastic-space-waffle-v76qxwprrwgc4gw/workspaces/85962938/practice/mario.c
2024-06-25 13:02:29.600 [info] /workspaces/85962938/practice/calculator.c.git closed
2024-06-25 13:02:30.794 [info] Active editor: vscode-remote://codespaces%2Bfantastic-space-waffle-v76qxwprrwgc4gw/workspaces/85962938/practice/calculator.c
2024-06-25 13:02:30.806 [info] /workspaces/85962938/practice/mario.c.git closed
2024-06-25 13:02:31.088 [info] Active editor: vscode-remote://codespaces%2Bfantastic-space-waffle-v76qxwprrwgc4gw/workspaces/85962938/cs50/problems/2024/x/mario-less/mario.c
2024-06-25 13:02:31.192 [info] /workspaces/85962938/practice/calculator.c.git closed
2024-06-25 13:02:34.088 [info] Active editor: vscode-remote://codespaces%2Bfantastic-space-waffle-v76qxwprrwgc4gw/workspaces/85962938/practice/meow.c
2024-06-25 13:02:34.108 [info] /workspaces/85962938/cs50/problems/2024/x/mario-less/mario.c.git closed
2024-06-25 13:02:37.480 [info] Active editor: vscode-remote://codespaces%2Bfantastic-space-waffle-v76qxwprrwgc4gw/workspaces/85962938/cs50/problems/2024/x/mario-less/mario.c
2024-06-25 13:02:37.501 [info] /workspaces/85962938/practice/meow.c.git closed
2024-06-25 13:02:37.949 [info] Active editor: vscode-remote://codespaces%2Bfantastic-space-waffle-v76qxwprrwgc4gw/workspaces/85962938/practice/meow.c
2024-06-25 13:02:37.961 [info] /workspaces/85962938/cs50/problems/2024/x/mario-less/mario.c.git closed
2024-06-25 13:02:39.446 [info] Active editor: vscode-remote://codespaces%2Bfantastic-space-waffle-v76qxwprrwgc4gw/workspaces/85962938/cs50/problems/2024/x/mario-less/mario.c
2024-06-25 13:02:39.461 [info] /workspaces/85962938/practice/meow.c.git closed
2024-06-25 13:03:17.788 [info] Active editor: vscode-remote://codespaces%2Bfantastic-space-waffle-v76qxwprrwgc4gw/workspaces/85962938/practice/meow.c
2024-06-25 13:03:17.811 [info] /workspaces/85962938/cs50/problems/2024/x/mario-less/mario.c.git closed
2024-06-25 13:03:22.137 [info] Active editor: vscode-remote://codespaces%2Bfantastic-space-waffle-v76qxwprrwgc4gw/workspaces/85962938/cs50/problems/2024/x/mario-less/mario.c
2024-06-25 13:03:22.151 [info] /workspaces/85962938/practice/meow.c.git closed
2024-06-25 13:03:25.546 [info] Active editor: vscode-remote://codespaces%2Bfantastic-space-waffle-v76qxwprrwgc4gw/workspaces/85962938/practice/meow.c
2024-06-25 13:03:25.566 [info] /workspaces/85962938/cs50/problems/2024/x/mario-less/mario.c.git closed
2024-06-25 13:03:26.873 [info] Active editor: vscode-remote://codespaces%2Bfantastic-space-waffle-v76qxwprrwgc4gw/workspaces/85962938/cs50/problems/2024/x/mario-less/mario.c
2024-06-25 13:03:26.888 [info] /workspaces/85962938/practice/meow.c.git closed
