2024-06-29 22:22:20.467 [info] update#setState idle
2024-06-29 22:22:50.431 [info] update#setState checking for updates
2024-06-29 22:22:50.541 [info] update#setState idle
2024-06-29 22:23:01.101 [warning] [perf] profiling STARTED d7b6bfaa-7186-493a-9f74-5797265be5ab
2024-06-29 22:23:06.151 [warning] [perf] profiling DONE d7b6bfaa-7186-493a-9f74-5797265be5ab
2024-06-29 22:24:42.139 [info] Extension host with pid 19113 exited with code: 0, signal: unknown.
2024-06-29 22:24:43.141 [error] Extension host with pid 19113 still exists, forcefully killing it...
2024-06-29 22:24:55.826 [warning] [perf] profiling STARTED b8d04bab-f4b3-47e6-a467-a0b4ed6f195d
2024-06-29 22:25:00.893 [warning] [perf] profiling DONE b8d04bab-f4b3-47e6-a467-a0b4ed6f195d
2024-06-29 23:22:50.445 [info] update#setState checking for updates
2024-06-29 23:22:50.546 [info] update#setState idle
2024-06-29 23:24:16.145 [info] Extension host with pid 19920 exited with code: 0, signal: unknown.
2024-06-29 23:24:51.788 [warning] [perf] profiling STARTED e1ead6a3-dc53-4722-b26d-a091c3a8b6d8
2024-06-29 23:24:56.831 [warning] [perf] profiling DONE e1ead6a3-dc53-4722-b26d-a091c3a8b6d8
2024-06-30 00:22:50.486 [info] update#setState checking for updates
2024-06-30 00:22:50.597 [info] update#setState idle
2024-06-30 01:22:50.516 [info] update#setState checking for updates
2024-06-30 01:22:50.732 [info] update#setState idle
2024-06-30 02:22:50.551 [info] update#setState checking for updates
2024-06-30 02:22:50.639 [info] update#setState idle
2024-06-30 03:22:50.566 [info] update#setState checking for updates
2024-06-30 03:22:50.655 [info] update#setState idle
2024-06-30 04:22:50.583 [info] update#setState checking for updates
2024-06-30 04:22:50.687 [info] update#setState idle
2024-06-30 05:22:50.629 [info] update#setState checking for updates
2024-06-30 05:22:50.724 [info] update#setState idle
2024-06-30 06:22:50.646 [info] update#setState checking for updates
2024-06-30 06:22:50.717 [info] update#setState idle
2024-06-30 07:22:50.698 [info] update#setState checking for updates
2024-06-30 07:22:50.783 [info] update#setState idle
2024-06-30 08:22:50.714 [info] update#setState checking for updates
2024-06-30 08:22:50.806 [info] update#setState idle
2024-06-30 09:22:50.730 [info] update#setState checking for updates
2024-06-30 09:22:50.828 [info] update#setState idle
2024-06-30 10:22:50.752 [info] update#setState checking for updates
2024-06-30 10:22:50.838 [info] update#setState idle
2024-06-30 10:28:48.337 [info] Extension host with pid 24278 exited with code: 0, signal: unknown.
2024-06-30 10:29:18.376 [error] [UtilityProcess id: 1, type: fileWatcher, pid: 34993]: crashed with code 15 and reason 'killed'
2024-06-30 10:29:18.379 [error] [UtilityProcess type: shared-process, pid: 19129]: crashed with code 15 and reason 'killed'
2024-06-30 10:29:18.382 [info] Extension host with pid 34978 exited with code: 0, signal: unknown.
2024-06-30 10:29:18.398 [error] CodeWindow: renderer process gone (reason: clean-exit, code: <unknown>)
