2024-06-26 17:09:04.273 [info] Started local extension host with pid 12553.
2024-06-26 17:09:06.199 [info] Invoking resolveAuthority(codespaces)...
2024-06-26 17:09:06.199 [info] [LocalProcess0][resolveAuthority(codespaces,1)][0ms] obtaining proxy...
2024-06-26 17:09:06.200 [info] [LocalProcess0][resolveAuthority(codespaces,1)][0ms] invoking...
2024-06-26 17:09:07.200 [info] [LocalProcess0][resolveAuthority(codespaces,1)][1001ms] waiting...
2024-06-26 17:09:08.199 [info] [LocalProcess0][resolveAuthority(codespaces,1)][2001ms] waiting...
2024-06-26 17:09:09.199 [info] [LocalProcess0][resolveAuthority(codespaces,1)][3000ms] waiting...
2024-06-26 17:09:10.199 [info] [LocalProcess0][resolveAuthority(codespaces,1)][4000ms] waiting...
2024-06-26 17:09:11.199 [info] [LocalProcess0][resolveAuthority(codespaces,1)][5000ms] waiting...
2024-06-26 17:09:12.199 [info] [LocalProcess0][resolveAuthority(codespaces,1)][6000ms] waiting...
2024-06-26 17:09:13.199 [info] [LocalProcess0][resolveAuthority(codespaces,1)][7001ms] waiting...
2024-06-26 17:09:14.199 [info] [LocalProcess0][resolveAuthority(codespaces,1)][8001ms] waiting...
2024-06-26 17:09:15.199 [info] [LocalProcess0][resolveAuthority(codespaces,1)][9001ms] waiting...
2024-06-26 17:09:16.199 [info] [LocalProcess0][resolveAuthority(codespaces,1)][10001ms] waiting...
2024-06-26 17:09:17.199 [info] [LocalProcess0][resolveAuthority(codespaces,1)][11001ms] waiting...
2024-06-26 17:09:18.199 [info] [LocalProcess0][resolveAuthority(codespaces,1)][12001ms] waiting...
2024-06-26 17:09:19.199 [info] [LocalProcess0][resolveAuthority(codespaces,1)][13000ms] waiting...
2024-06-26 17:09:20.199 [info] [LocalProcess0][resolveAuthority(codespaces,1)][14000ms] waiting...
2024-06-26 17:09:21.199 [info] [LocalProcess0][resolveAuthority(codespaces,1)][15000ms] waiting...
2024-06-26 17:09:22.199 [info] [LocalProcess0][resolveAuthority(codespaces,1)][16000ms] waiting...
2024-06-26 17:09:23.199 [info] [LocalProcess0][resolveAuthority(codespaces,1)][17000ms] waiting...
2024-06-26 17:09:24.199 [info] [LocalProcess0][resolveAuthority(codespaces,1)][18000ms] waiting...
2024-06-26 17:09:25.199 [info] [LocalProcess0][resolveAuthority(codespaces,1)][19001ms] waiting...
2024-06-26 17:09:26.199 [info] [LocalProcess0][resolveAuthority(codespaces,1)][20000ms] waiting...
2024-06-26 17:09:27.199 [info] [LocalProcess0][resolveAuthority(codespaces,1)][21000ms] waiting...
2024-06-26 17:09:28.199 [info] [LocalProcess0][resolveAuthority(codespaces,1)][22000ms] waiting...
2024-06-26 17:09:29.199 [info] [LocalProcess0][resolveAuthority(codespaces,1)][23000ms] waiting...
2024-06-26 17:09:30.199 [info] [LocalProcess0][resolveAuthority(codespaces,1)][24000ms] waiting...
2024-06-26 17:09:31.199 [info] [LocalProcess0][resolveAuthority(codespaces,1)][25000ms] waiting...
2024-06-26 17:09:32.067 [info] [LocalProcess0][resolveAuthority(codespaces,1)][25869ms] returned WebSocket(127.0.0.1:37475)
2024-06-26 17:09:32.067 [info] resolveAuthority(codespaces) returned 'WebSocket(127.0.0.1:37475)' after 25869 ms
2024-06-26 17:09:32.068 [info] Creating a socket (renderer-Management-5fb36277-68b1-4c16-b054-58da7993f508)...
2024-06-26 17:09:32.069 [info] Creating a socket (renderer-ExtensionHost-91ce1885-2704-4a1b-a69a-caa81ee1e404)...
2024-06-26 17:09:32.202 [info] Creating a socket (renderer-Management-5fb36277-68b1-4c16-b054-58da7993f508) was successful after 134 ms.
2024-06-26 17:09:32.290 [info] Creating a socket (renderer-ExtensionHost-91ce1885-2704-4a1b-a69a-caa81ee1e404) was successful after 221 ms.
2024-06-26 17:09:38.080 [info] [perf] Render performance baseline is 24ms
2024-06-26 17:09:39.865 [warning] [perf] Renderer reported VERY LONG TASK (294ms), starting profiling session 'd8cb63fe-08bd-474e-9e01-0e5405d81030'
2024-06-26 17:09:44.336 [error] [Extension Host] (node:305) [DEP0005] DeprecationWarning: Buffer() is deprecated due to security and usability issues. Please use the Buffer.alloc(), Buffer.allocUnsafe(), or Buffer.from() methods instead.
(Use `node --trace-deprecation ...` to show where the warning was created)
2024-06-26 17:11:59.483 [info] Started local extension host with pid 13717.
2024-06-26 17:12:01.182 [info] Invoking resolveAuthority(codespaces)...
2024-06-26 17:12:01.182 [info] [LocalProcess0][resolveAuthority(codespaces,1)][0ms] obtaining proxy...
2024-06-26 17:12:01.182 [info] [LocalProcess0][resolveAuthority(codespaces,1)][0ms] invoking...
2024-06-26 17:12:02.182 [info] [LocalProcess0][resolveAuthority(codespaces,1)][1000ms] waiting...
2024-06-26 17:12:03.182 [info] [LocalProcess0][resolveAuthority(codespaces,1)][2000ms] waiting...
2024-06-26 17:12:04.182 [info] [LocalProcess0][resolveAuthority(codespaces,1)][3000ms] waiting...
2024-06-26 17:12:05.183 [info] [LocalProcess0][resolveAuthority(codespaces,1)][4000ms] waiting...
2024-06-26 17:12:06.182 [info] [LocalProcess0][resolveAuthority(codespaces,1)][5000ms] waiting...
2024-06-26 17:12:07.182 [info] [LocalProcess0][resolveAuthority(codespaces,1)][6000ms] waiting...
2024-06-26 17:12:08.183 [info] [LocalProcess0][resolveAuthority(codespaces,1)][7000ms] waiting...
2024-06-26 17:12:09.182 [info] [LocalProcess0][resolveAuthority(codespaces,1)][8000ms] waiting...
2024-06-26 17:12:10.182 [info] [LocalProcess0][resolveAuthority(codespaces,1)][9000ms] waiting...
2024-06-26 17:12:11.182 [info] [LocalProcess0][resolveAuthority(codespaces,1)][10000ms] waiting...
2024-06-26 17:12:12.182 [info] [LocalProcess0][resolveAuthority(codespaces,1)][11000ms] waiting...
2024-06-26 17:12:13.182 [info] [LocalProcess0][resolveAuthority(codespaces,1)][12000ms] waiting...
2024-06-26 17:12:14.183 [info] [LocalProcess0][resolveAuthority(codespaces,1)][13000ms] waiting...
2024-06-26 17:12:15.182 [info] [LocalProcess0][resolveAuthority(codespaces,1)][14000ms] waiting...
2024-06-26 17:12:16.182 [info] [LocalProcess0][resolveAuthority(codespaces,1)][15000ms] waiting...
2024-06-26 17:12:17.182 [info] [LocalProcess0][resolveAuthority(codespaces,1)][16000ms] waiting...
2024-06-26 17:12:18.182 [info] [LocalProcess0][resolveAuthority(codespaces,1)][17000ms] waiting...
2024-06-26 17:12:19.182 [info] [LocalProcess0][resolveAuthority(codespaces,1)][18000ms] waiting...
2024-06-26 17:12:20.182 [info] [LocalProcess0][resolveAuthority(codespaces,1)][19000ms] waiting...
2024-06-26 17:12:21.182 [info] [LocalProcess0][resolveAuthority(codespaces,1)][20000ms] waiting...
2024-06-26 17:12:22.182 [info] [LocalProcess0][resolveAuthority(codespaces,1)][21000ms] waiting...
2024-06-26 17:12:23.182 [info] [LocalProcess0][resolveAuthority(codespaces,1)][22000ms] waiting...
2024-06-26 17:12:24.182 [info] [LocalProcess0][resolveAuthority(codespaces,1)][23000ms] waiting...
2024-06-26 17:12:25.182 [info] [LocalProcess0][resolveAuthority(codespaces,1)][24000ms] waiting...
2024-06-26 17:12:26.183 [info] [LocalProcess0][resolveAuthority(codespaces,1)][25000ms] waiting...
2024-06-26 17:12:26.528 [info] [LocalProcess0][resolveAuthority(codespaces,1)][25345ms] returned WebSocket(127.0.0.1:44753)
2024-06-26 17:12:26.529 [info] resolveAuthority(codespaces) returned 'WebSocket(127.0.0.1:44753)' after 25347 ms
2024-06-26 17:12:26.530 [info] Creating a socket (renderer-Management-6a8f0e33-4889-41fc-bb5c-d790b3eadc0d)...
2024-06-26 17:12:26.535 [info] Creating a socket (renderer-ExtensionHost-877e7818-6a60-4c4c-b0f7-74819be2904d)...
2024-06-26 17:12:26.675 [info] Creating a socket (renderer-Management-6a8f0e33-4889-41fc-bb5c-d790b3eadc0d) was successful after 144 ms.
2024-06-26 17:12:26.789 [info] Creating a socket (renderer-ExtensionHost-877e7818-6a60-4c4c-b0f7-74819be2904d) was successful after 258 ms.
2024-06-26 17:12:33.316 [info] [perf] Render performance baseline is 22ms
