2024-06-26 17:09:04.227 [info] Added views:workbench.panel.markers.view in workbench.panel.markers
2024-06-26 17:09:04.227 [info] Added views:workbench.panel.output in workbench.panel.output
2024-06-26 17:09:04.227 [info] Added views:terminal in terminal
2024-06-26 17:09:04.227 [info] Added views:outline in workbench.view.explorer
2024-06-26 17:09:04.227 [info] Added views:workbench.scm in workbench.view.scm
2024-06-26 17:09:04.227 [info] Added views:workbench.view.search in workbench.view.search
2024-06-26 17:09:04.227 [info] Added views:timeline in workbench.view.explorer
2024-06-26 17:09:04.227 [info] Added views:workbench.explorer.fileView in workbench.view.explorer
2024-06-26 17:09:04.334 [info] Added views:workbench.debug.welcome in workbench.view.debug
2024-06-26 17:09:32.066 [info] Added views:~remote.forwardedPorts in ~remote.forwardedPortsContainer
2024-06-26 17:09:36.765 [info] Added views:cs50-menu in workbench.view.extension.cs50-menu
2024-06-26 17:09:36.766 [info] Added views:ddb50.chatWindow in workbench.view.extension.ddb50
2024-06-26 17:09:36.766 [info] Added views:github.codespaces.explorer in workbench.view.remote
2024-06-26 17:09:36.767 [info] Added views:pr:github,issues:github in workbench.view.extension.github-pull-requests
2024-06-26 17:09:36.767 [info] Added views:dockerContainers,dockerImages,dockerRegistries,dockerNetworks,dockerVolumes,vscode-docker.views.dockerContexts,vscode-docker.views.help in workbench.view.extension.dockerView
2024-06-26 17:09:36.768 [info] Added views:liveshare.session in workbench.view.extension.liveshare
2024-06-26 17:09:37.790 [info] Added views:workbench.panel.repl.view in workbench.panel.repl
2024-06-26 17:09:44.396 [info] Removed views:issues:github,pr:github from workbench.view.extension.github-pull-requests
2024-06-26 17:09:44.397 [info] Added views:github:login in workbench.view.extension.github-pull-requests
2024-06-26 17:11:59.423 [info] Added views:workbench.panel.markers.view in workbench.panel.markers
2024-06-26 17:11:59.424 [info] Added views:workbench.panel.output in workbench.panel.output
2024-06-26 17:11:59.424 [info] Added views:terminal in terminal
2024-06-26 17:11:59.424 [info] Added views:outline in workbench.view.explorer
2024-06-26 17:11:59.424 [info] Added views:workbench.scm in workbench.view.scm
2024-06-26 17:11:59.424 [info] Added views:workbench.view.search in workbench.view.search
2024-06-26 17:11:59.424 [info] Added views:timeline in workbench.view.explorer
2024-06-26 17:11:59.424 [info] Added views:workbench.explorer.fileView in workbench.view.explorer
2024-06-26 17:11:59.558 [info] Added views:workbench.debug.welcome in workbench.view.debug
2024-06-26 17:12:26.513 [info] Added views:~remote.forwardedPorts in ~remote.forwardedPortsContainer
2024-06-26 17:12:32.316 [info] Added views:github.codespaces.explorer in workbench.view.remote
2024-06-26 17:12:32.317 [info] Added views:pr:github,issues:github in workbench.view.extension.github-pull-requests
2024-06-26 17:12:33.014 [info] Added views:workbench.panel.repl.view in workbench.panel.repl
2024-06-26 17:12:35.115 [info] Removed views:issues:github,pr:github from workbench.view.extension.github-pull-requests
2024-06-26 17:12:35.115 [info] Added views:github:login in workbench.view.extension.github-pull-requests
2024-06-26 17:12:35.540 [info] Added views:cs50-menu in workbench.view.extension.cs50-menu
2024-06-26 17:12:37.393 [info] Added views:ddb50.chatWindow in workbench.view.extension.ddb50
2024-06-26 17:13:28.843 [info] Added views:dockerContainers,dockerImages,dockerRegistries,dockerNetworks,dockerVolumes,vscode-docker.views.dockerContexts,vscode-docker.views.help in workbench.view.extension.dockerView
2024-06-26 17:13:28.846 [info] Added views:liveshare.session in workbench.view.extension.liveshare
