2024-06-28 11:21:14.756 [info] update#setState idle
2024-06-28 11:21:44.723 [info] update#setState checking for updates
2024-06-28 11:21:44.818 [info] update#setState idle
2024-06-28 11:21:55.138 [warning] [perf] profiling STARTED 737b11b5-0cf9-4d44-9d47-6d613728d7af
2024-06-28 11:22:00.192 [warning] [perf] profiling DONE 737b11b5-0cf9-4d44-9d47-6d613728d7af
2024-06-28 11:24:47.904 [info] Extension host with pid 44334 exited with code: 0, signal: unknown.
2024-06-28 12:21:44.731 [info] update#setState checking for updates
2024-06-28 12:21:44.820 [info] update#setState idle
2024-06-28 12:42:08.342 [info] Extension host with pid 44996 exited with code: 0, signal: unknown.
2024-06-28 12:42:45.588 [warning] [perf] profiling STARTED b608bb12-2056-47a2-b32a-f555e7e7d281
2024-06-28 12:42:50.619 [warning] [perf] profiling DONE b608bb12-2056-47a2-b32a-f555e7e7d281
2024-06-28 13:21:44.789 [info] update#setState checking for updates
2024-06-28 13:21:44.873 [info] update#setState idle
2024-06-28 14:21:44.818 [info] update#setState checking for updates
2024-06-28 14:21:44.889 [info] update#setState idle
2024-06-28 15:21:44.822 [info] update#setState checking for updates
2024-06-28 15:21:44.913 [info] update#setState idle
2024-06-28 16:21:44.863 [info] update#setState checking for updates
2024-06-28 16:21:44.950 [info] update#setState idle
2024-06-28 17:21:44.888 [info] update#setState checking for updates
2024-06-28 17:21:45.114 [info] update#setState idle
2024-06-28 18:21:44.952 [info] update#setState checking for updates
2024-06-28 18:21:45.039 [info] update#setState idle
2024-06-28 18:50:47.534 [info] Extension host with pid 45824 exited with code: 0, signal: unknown.
2024-06-28 18:51:24.811 [warning] [perf] profiling STARTED bb3eda1f-7561-47aa-a244-c3841491ce5c
2024-06-28 18:51:29.845 [warning] [perf] profiling DONE bb3eda1f-7561-47aa-a244-c3841491ce5c
2024-06-28 19:21:44.975 [info] update#setState checking for updates
2024-06-28 19:21:45.048 [info] update#setState idle
2024-06-28 20:21:44.979 [info] update#setState checking for updates
2024-06-28 20:21:45.078 [info] update#setState idle
2024-06-28 20:51:23.011 [info] Extension host with pid 54297 exited with code: 0, signal: unknown.
2024-06-28 20:51:56.303 [warning] [perf] profiling STARTED b263c2a9-78eb-4a99-9093-9faaaafb52b4
2024-06-28 20:52:01.332 [warning] [perf] profiling DONE b263c2a9-78eb-4a99-9093-9faaaafb52b4
2024-06-28 20:56:21.654 [error] [UtilityProcessWorker]: terminated unexpectedly with code 15, signal: unknown
2024-06-28 20:56:21.655 [error] [UtilityProcess id: 1, type: fileWatcher, pid: 62986]: crashed with code 15 and reason 'killed'
2024-06-28 20:56:21.665 [error] [UtilityProcess type: shared-process, pid: 44350]: crashed with code 15 and reason 'killed'
2024-06-28 20:56:21.666 [info] Extension host with pid 62957 exited with code: 0, signal: unknown.
2024-06-28 20:56:21.667 [error] [UtilityProcess id: 5, type: extensionHost, pid: 62957]: crashed with code 15 and reason 'killed'
2024-06-28 20:56:21.679 [error] CodeWindow: renderer process gone (reason: clean-exit, code: <unknown>)
