2024-06-30 22:08:24.831 [info] Extension host with pid 15630 started
2024-06-30 22:08:24.831 [info] Skipping acquiring lock for /home/j/.config/Code/User/workspaceStorage/7d97b56d92fdf06611f3fc8f868ad160.
2024-06-30 22:08:24.831 [info] $getCanonicalURI invoked for authority (codespaces)
2024-06-30 22:08:24.837 [info] ExtensionService#_doActivateExtension GitHub.codespaces, startup: false, activationEvent: 'onResolveRemoteAuthority:codespaces'
2024-06-30 22:08:25.066 [info] ExtensionService#_doActivateExtension vscode.github-authentication, startup: false, activationEvent: 'api', root cause: GitHub.codespaces
2024-06-30 22:08:27.781 [info] [resolveAuthority(codespaces,1)][0ms] activating remote resolvers codespaces+fantastic-space-waffle-v76qxwprrwgc4gw
2024-06-30 22:08:27.781 [info] [resolveAuthority(codespaces,1)][0ms] activating resolver for codespaces+fantastic-space-waffle-v76qxwprrwgc4gw...
2024-06-30 22:08:27.781 [info] [resolveAuthority(codespaces,1)][0ms] invoking final resolve()...
2024-06-30 22:08:28.782 [info] [resolveAuthority(codespaces,1)][1001ms] waiting...
2024-06-30 22:08:29.783 [info] [resolveAuthority(codespaces,1)][2002ms] waiting...
2024-06-30 22:08:30.783 [info] [resolveAuthority(codespaces,1)][3002ms] waiting...
2024-06-30 22:08:31.784 [info] [resolveAuthority(codespaces,1)][4003ms] waiting...
2024-06-30 22:08:32.785 [info] [resolveAuthority(codespaces,1)][5004ms] waiting...
2024-06-30 22:08:33.794 [info] [resolveAuthority(codespaces,1)][6013ms] waiting...
2024-06-30 22:08:35.076 [info] [resolveAuthority(codespaces,1)][7295ms] waiting...
2024-06-30 22:08:36.095 [info] [resolveAuthority(codespaces,1)][8314ms] waiting...
2024-06-30 22:08:37.095 [info] [resolveAuthority(codespaces,1)][9314ms] waiting...
2024-06-30 22:08:38.095 [info] [resolveAuthority(codespaces,1)][10314ms] waiting...
2024-06-30 22:08:39.095 [info] [resolveAuthority(codespaces,1)][11314ms] waiting...
2024-06-30 22:08:40.096 [info] [resolveAuthority(codespaces,1)][12315ms] waiting...
2024-06-30 22:08:41.095 [info] [resolveAuthority(codespaces,1)][13314ms] waiting...
2024-06-30 22:08:42.095 [info] [resolveAuthority(codespaces,1)][14314ms] waiting...
2024-06-30 22:08:43.095 [info] [resolveAuthority(codespaces,1)][15314ms] waiting...
2024-06-30 22:08:44.095 [info] [resolveAuthority(codespaces,1)][16314ms] waiting...
2024-06-30 22:08:45.096 [info] [resolveAuthority(codespaces,1)][17315ms] waiting...
2024-06-30 22:08:46.096 [info] [resolveAuthority(codespaces,1)][18315ms] waiting...
2024-06-30 22:08:47.096 [info] [resolveAuthority(codespaces,1)][19315ms] waiting...
2024-06-30 22:08:48.096 [info] [resolveAuthority(codespaces,1)][20315ms] waiting...
2024-06-30 22:08:49.096 [info] [resolveAuthority(codespaces,1)][21315ms] waiting...
2024-06-30 22:08:50.096 [info] [resolveAuthority(codespaces,1)][22315ms] waiting...
2024-06-30 22:08:51.096 [info] [resolveAuthority(codespaces,1)][23315ms] waiting...
2024-06-30 22:08:52.096 [info] [resolveAuthority(codespaces,1)][24315ms] waiting...
2024-06-30 22:08:52.174 [info] [resolveAuthority(codespaces,1)][24393ms] setting tunnel factory...
2024-06-30 22:08:52.174 [info] [resolveAuthority(codespaces,1)][24393ms] returned 127.0.0.1:33909
2024-06-30 22:08:55.554 [info] Eager extensions activated
2024-06-30 22:08:55.735 [info] ExtensionService#_doActivateExtension sainnhe.gruvbox-material, startup: false, activationEvent: 'onStartupFinished'
2024-06-30 22:08:55.768 [info] ExtensionService#_doActivateExtension vscodevim.vim, startup: false, activationEvent: 'onStartupFinished'
2024-06-30 23:22:02.518 [info] [resolveAuthority(codespaces,2)][1ms] activating remote resolvers codespaces+fantastic-space-waffle-v76qxwprrwgc4gw
2024-06-30 23:22:02.518 [info] [resolveAuthority(codespaces,2)][1ms] activating resolver for codespaces+fantastic-space-waffle-v76qxwprrwgc4gw...
2024-06-30 23:22:02.519 [info] [resolveAuthority(codespaces,2)][2ms] invoking final resolve()...
2024-06-30 23:22:03.519 [info] [resolveAuthority(codespaces,2)][1002ms] waiting...
2024-06-30 23:22:04.522 [info] [resolveAuthority(codespaces,2)][2005ms] waiting...
2024-06-30 23:22:05.523 [info] [resolveAuthority(codespaces,2)][3006ms] waiting...
2024-06-30 23:22:06.525 [info] [resolveAuthority(codespaces,2)][4008ms] waiting...
2024-06-30 23:22:07.526 [info] [resolveAuthority(codespaces,2)][5009ms] waiting...
2024-06-30 23:22:08.528 [info] [resolveAuthority(codespaces,2)][6011ms] waiting...
2024-06-30 23:22:09.529 [info] [resolveAuthority(codespaces,2)][7012ms] waiting...
2024-06-30 23:22:10.531 [info] [resolveAuthority(codespaces,2)][8014ms] waiting...
2024-06-30 23:22:11.533 [info] [resolveAuthority(codespaces,2)][9016ms] waiting...
2024-06-30 23:22:12.534 [info] [resolveAuthority(codespaces,2)][10017ms] waiting...
2024-06-30 23:22:13.536 [info] [resolveAuthority(codespaces,2)][11019ms] waiting...
2024-06-30 23:22:14.537 [info] [resolveAuthority(codespaces,2)][12020ms] waiting...
2024-06-30 23:22:15.538 [info] [resolveAuthority(codespaces,2)][13021ms] waiting...
2024-06-30 23:22:16.540 [info] [resolveAuthority(codespaces,2)][14023ms] waiting...
2024-06-30 23:22:17.541 [info] [resolveAuthority(codespaces,2)][15024ms] waiting...
2024-06-30 23:22:18.543 [info] [resolveAuthority(codespaces,2)][16026ms] waiting...
2024-06-30 23:22:19.545 [info] [resolveAuthority(codespaces,2)][17028ms] waiting...
2024-06-30 23:22:20.546 [info] [resolveAuthority(codespaces,2)][18029ms] waiting...
2024-06-30 23:22:21.547 [info] [resolveAuthority(codespaces,2)][19030ms] waiting...
2024-06-30 23:22:22.549 [info] [resolveAuthority(codespaces,2)][20032ms] waiting...
2024-06-30 23:22:23.551 [info] [resolveAuthority(codespaces,2)][21034ms] waiting...
2024-06-30 23:22:24.552 [info] [resolveAuthority(codespaces,2)][22035ms] waiting...
2024-06-30 23:22:25.554 [info] [resolveAuthority(codespaces,2)][23037ms] waiting...
2024-06-30 23:22:26.556 [info] [resolveAuthority(codespaces,2)][24039ms] waiting...
2024-06-30 23:22:27.558 [info] [resolveAuthority(codespaces,2)][25041ms] waiting...
2024-06-30 23:22:28.559 [info] [resolveAuthority(codespaces,2)][26042ms] waiting...
2024-06-30 23:22:29.561 [info] [resolveAuthority(codespaces,2)][27044ms] waiting...
2024-06-30 23:22:30.563 [info] [resolveAuthority(codespaces,2)][28046ms] waiting...
2024-06-30 23:22:31.564 [info] [resolveAuthority(codespaces,2)][29047ms] waiting...
2024-06-30 23:22:32.566 [info] [resolveAuthority(codespaces,2)][30049ms] waiting...
2024-06-30 23:22:33.568 [info] [resolveAuthority(codespaces,2)][31051ms] waiting...
2024-06-30 23:22:34.570 [info] [resolveAuthority(codespaces,2)][32053ms] waiting...
2024-06-30 23:22:35.571 [info] [resolveAuthority(codespaces,2)][33054ms] waiting...
2024-06-30 23:22:36.573 [info] [resolveAuthority(codespaces,2)][34056ms] waiting...
2024-06-30 23:22:37.575 [info] [resolveAuthority(codespaces,2)][35058ms] waiting...
2024-06-30 23:22:38.576 [info] [resolveAuthority(codespaces,2)][36059ms] waiting...
2024-06-30 23:22:39.578 [info] [resolveAuthority(codespaces,2)][37061ms] waiting...
2024-06-30 23:22:40.580 [info] [resolveAuthority(codespaces,2)][38063ms] waiting...
2024-06-30 23:22:41.581 [info] [resolveAuthority(codespaces,2)][39064ms] waiting...
2024-06-30 23:22:42.583 [info] [resolveAuthority(codespaces,2)][40066ms] waiting...
2024-06-30 23:22:43.584 [info] [resolveAuthority(codespaces,2)][41067ms] waiting...
2024-06-30 23:22:44.586 [info] [resolveAuthority(codespaces,2)][42069ms] waiting...
2024-06-30 23:22:45.588 [info] [resolveAuthority(codespaces,2)][43071ms] waiting...
2024-06-30 23:22:46.590 [info] [resolveAuthority(codespaces,2)][44073ms] waiting...
2024-06-30 23:22:47.591 [info] [resolveAuthority(codespaces,2)][45074ms] waiting...
2024-06-30 23:22:48.592 [info] [resolveAuthority(codespaces,2)][46075ms] waiting...
2024-06-30 23:22:49.593 [info] [resolveAuthority(codespaces,2)][47076ms] waiting...
2024-06-30 23:22:50.594 [info] [resolveAuthority(codespaces,2)][48077ms] waiting...
2024-06-30 23:22:51.596 [info] [resolveAuthority(codespaces,2)][49079ms] waiting...
2024-06-30 23:22:52.597 [info] [resolveAuthority(codespaces,2)][50080ms] waiting...
2024-06-30 23:22:53.598 [info] [resolveAuthority(codespaces,2)][51081ms] waiting...
2024-06-30 23:22:54.599 [info] [resolveAuthority(codespaces,2)][52082ms] waiting...
2024-06-30 23:22:55.600 [info] [resolveAuthority(codespaces,2)][53083ms] waiting...
2024-06-30 23:22:56.602 [info] [resolveAuthority(codespaces,2)][54085ms] waiting...
2024-06-30 23:22:57.604 [info] [resolveAuthority(codespaces,2)][55087ms] waiting...
2024-06-30 23:22:58.605 [info] [resolveAuthority(codespaces,2)][56088ms] waiting...
2024-06-30 23:22:59.607 [info] [resolveAuthority(codespaces,2)][57090ms] waiting...
2024-06-30 23:23:00.609 [info] [resolveAuthority(codespaces,2)][58092ms] waiting...
2024-06-30 23:23:01.611 [info] [resolveAuthority(codespaces,2)][59094ms] waiting...
2024-06-30 23:23:02.612 [info] [resolveAuthority(codespaces,2)][60095ms] waiting...
2024-06-30 23:23:03.613 [info] [resolveAuthority(codespaces,2)][61096ms] waiting...
2024-06-30 23:23:04.615 [info] [resolveAuthority(codespaces,2)][62098ms] waiting...
2024-06-30 23:23:05.616 [info] [resolveAuthority(codespaces,2)][63099ms] waiting...
2024-06-30 23:23:06.617 [info] [resolveAuthority(codespaces,2)][64100ms] waiting...
2024-06-30 23:23:07.618 [info] [resolveAuthority(codespaces,2)][65101ms] waiting...
2024-06-30 23:23:08.619 [info] [resolveAuthority(codespaces,2)][66102ms] waiting...
2024-06-30 23:23:09.621 [info] [resolveAuthority(codespaces,2)][67104ms] waiting...
2024-06-30 23:23:10.623 [info] [resolveAuthority(codespaces,2)][68106ms] waiting...
2024-06-30 23:23:11.625 [info] [resolveAuthority(codespaces,2)][69108ms] waiting...
2024-06-30 23:23:12.625 [info] [resolveAuthority(codespaces,2)][70108ms] waiting...
2024-06-30 23:23:13.627 [info] [resolveAuthority(codespaces,2)][71110ms] waiting...
2024-06-30 23:23:14.629 [info] [resolveAuthority(codespaces,2)][72112ms] waiting...
2024-06-30 23:23:15.631 [info] [resolveAuthority(codespaces,2)][73114ms] waiting...
2024-06-30 23:23:16.631 [info] [resolveAuthority(codespaces,2)][74114ms] waiting...
2024-06-30 23:23:17.633 [info] [resolveAuthority(codespaces,2)][75116ms] waiting...
2024-06-30 23:23:18.635 [info] [resolveAuthority(codespaces,2)][76118ms] waiting...
2024-06-30 23:23:19.637 [info] [resolveAuthority(codespaces,2)][77120ms] waiting...
2024-06-30 23:23:20.638 [info] [resolveAuthority(codespaces,2)][78121ms] waiting...
2024-06-30 23:23:21.639 [info] [resolveAuthority(codespaces,2)][79122ms] waiting...
2024-06-30 23:23:22.641 [info] [resolveAuthority(codespaces,2)][80124ms] waiting...
2024-06-30 23:23:23.643 [info] [resolveAuthority(codespaces,2)][81126ms] waiting...
2024-06-30 23:23:24.643 [info] [resolveAuthority(codespaces,2)][82126ms] waiting...
2024-06-30 23:23:25.645 [info] [resolveAuthority(codespaces,2)][83128ms] waiting...
2024-06-30 23:23:26.647 [info] [resolveAuthority(codespaces,2)][84130ms] waiting...
2024-06-30 23:23:27.649 [info] [resolveAuthority(codespaces,2)][85132ms] waiting...
2024-06-30 23:23:28.650 [info] [resolveAuthority(codespaces,2)][86133ms] waiting...
2024-06-30 23:23:29.652 [info] [resolveAuthority(codespaces,2)][87135ms] waiting...
2024-06-30 23:23:30.654 [info] [resolveAuthority(codespaces,2)][88137ms] waiting...
2024-06-30 23:23:31.655 [info] [resolveAuthority(codespaces,2)][89138ms] waiting...
2024-06-30 23:23:32.657 [info] [resolveAuthority(codespaces,2)][90140ms] waiting...
2024-06-30 23:23:33.659 [info] [resolveAuthority(codespaces,2)][91142ms] waiting...
2024-06-30 23:23:34.661 [info] [resolveAuthority(codespaces,2)][92144ms] waiting...
2024-06-30 23:23:35.662 [info] [resolveAuthority(codespaces,2)][93145ms] waiting...
2024-06-30 23:23:36.664 [info] [resolveAuthority(codespaces,2)][94147ms] waiting...
2024-06-30 23:23:37.666 [info] [resolveAuthority(codespaces,2)][95149ms] waiting...
2024-06-30 23:23:38.666 [info] [resolveAuthority(codespaces,2)][96149ms] waiting...
2024-06-30 23:23:39.668 [info] [resolveAuthority(codespaces,2)][97151ms] waiting...
2024-06-30 23:23:40.670 [info] [resolveAuthority(codespaces,2)][98153ms] waiting...
2024-06-30 23:23:41.671 [info] [resolveAuthority(codespaces,2)][99154ms] waiting...
2024-06-30 23:23:42.672 [info] [resolveAuthority(codespaces,2)][100155ms] waiting...
2024-06-30 23:23:43.674 [info] [resolveAuthority(codespaces,2)][101157ms] waiting...
2024-06-30 23:23:44.675 [info] [resolveAuthority(codespaces,2)][102158ms] waiting...
2024-06-30 23:23:45.676 [info] [resolveAuthority(codespaces,2)][103159ms] waiting...
2024-06-30 23:23:46.678 [info] [resolveAuthority(codespaces,2)][104161ms] waiting...
2024-06-30 23:23:47.679 [info] [resolveAuthority(codespaces,2)][105162ms] waiting...
2024-06-30 23:23:48.681 [info] [resolveAuthority(codespaces,2)][106163ms] waiting...
2024-06-30 23:23:49.682 [info] [resolveAuthority(codespaces,2)][107165ms] waiting...
2024-06-30 23:23:50.684 [info] [resolveAuthority(codespaces,2)][108167ms] waiting...
2024-06-30 23:23:51.686 [info] [resolveAuthority(codespaces,2)][109169ms] waiting...
2024-06-30 23:23:52.688 [info] [resolveAuthority(codespaces,2)][110171ms] waiting...
2024-06-30 23:23:53.690 [info] [resolveAuthority(codespaces,2)][111173ms] waiting...
2024-06-30 23:23:54.691 [info] [resolveAuthority(codespaces,2)][112174ms] waiting...
2024-06-30 23:23:55.692 [info] [resolveAuthority(codespaces,2)][113175ms] waiting...
2024-06-30 23:23:56.693 [info] [resolveAuthority(codespaces,2)][114176ms] waiting...
2024-06-30 23:23:57.694 [info] [resolveAuthority(codespaces,2)][115177ms] waiting...
2024-06-30 23:23:58.695 [info] [resolveAuthority(codespaces,2)][116178ms] waiting...
2024-06-30 23:23:59.696 [info] [resolveAuthority(codespaces,2)][117179ms] waiting...
2024-06-30 23:24:00.698 [info] [resolveAuthority(codespaces,2)][118181ms] waiting...
2024-06-30 23:24:01.698 [info] [resolveAuthority(codespaces,2)][119181ms] waiting...
2024-06-30 23:24:02.700 [info] [resolveAuthority(codespaces,2)][120183ms] waiting...
2024-06-30 23:24:03.701 [info] [resolveAuthority(codespaces,2)][121184ms] waiting...
2024-06-30 23:24:04.703 [info] [resolveAuthority(codespaces,2)][122186ms] waiting...
2024-06-30 23:24:05.705 [info] [resolveAuthority(codespaces,2)][123188ms] waiting...
2024-06-30 23:24:06.707 [info] [resolveAuthority(codespaces,2)][124190ms] waiting...
2024-06-30 23:24:07.707 [info] [resolveAuthority(codespaces,2)][125190ms] waiting...
2024-06-30 23:24:08.709 [info] [resolveAuthority(codespaces,2)][126192ms] waiting...
2024-06-30 23:24:09.711 [info] [resolveAuthority(codespaces,2)][127194ms] waiting...
2024-06-30 23:24:10.712 [info] [resolveAuthority(codespaces,2)][128195ms] waiting...
2024-06-30 23:24:11.714 [info] [resolveAuthority(codespaces,2)][129197ms] waiting...
2024-06-30 23:24:12.715 [info] [resolveAuthority(codespaces,2)][130198ms] waiting...
2024-06-30 23:24:13.716 [info] [resolveAuthority(codespaces,2)][131199ms] waiting...
2024-06-30 23:24:14.718 [info] [resolveAuthority(codespaces,2)][132201ms] waiting...
2024-06-30 23:24:15.720 [info] [resolveAuthority(codespaces,2)][133203ms] waiting...
2024-06-30 23:24:16.721 [info] [resolveAuthority(codespaces,2)][134204ms] waiting...
2024-06-30 23:24:17.722 [info] [resolveAuthority(codespaces,2)][135205ms] waiting...
2024-06-30 23:24:18.724 [info] [resolveAuthority(codespaces,2)][136207ms] waiting...
2024-06-30 23:24:19.726 [info] [resolveAuthority(codespaces,2)][137209ms] waiting...
2024-06-30 23:24:20.726 [info] [resolveAuthority(codespaces,2)][138209ms] waiting...
2024-06-30 23:24:21.728 [info] [resolveAuthority(codespaces,2)][139211ms] waiting...
2024-06-30 23:24:22.729 [info] [resolveAuthority(codespaces,2)][140212ms] waiting...
2024-06-30 23:24:23.731 [info] [resolveAuthority(codespaces,2)][141214ms] waiting...
2024-06-30 23:24:24.733 [info] [resolveAuthority(codespaces,2)][142216ms] waiting...
2024-06-30 23:24:25.735 [info] [resolveAuthority(codespaces,2)][143218ms] waiting...
2024-06-30 23:24:26.737 [info] [resolveAuthority(codespaces,2)][144219ms] waiting...
2024-06-30 23:24:27.738 [info] [resolveAuthority(codespaces,2)][145221ms] waiting...
2024-06-30 23:24:28.740 [info] [resolveAuthority(codespaces,2)][146223ms] waiting...
2024-06-30 23:24:29.742 [info] [resolveAuthority(codespaces,2)][147225ms] waiting...
2024-06-30 23:24:30.744 [info] [resolveAuthority(codespaces,2)][148227ms] waiting...
2024-06-30 23:24:31.744 [info] [resolveAuthority(codespaces,2)][149227ms] waiting...
2024-06-30 23:24:32.746 [info] [resolveAuthority(codespaces,2)][150229ms] waiting...
2024-06-30 23:24:33.747 [info] [resolveAuthority(codespaces,2)][151230ms] waiting...
2024-06-30 23:24:34.749 [info] [resolveAuthority(codespaces,2)][152232ms] waiting...
2024-06-30 23:24:35.751 [info] [resolveAuthority(codespaces,2)][153234ms] waiting...
2024-06-30 23:24:36.753 [info] [resolveAuthority(codespaces,2)][154236ms] waiting...
2024-06-30 23:24:37.754 [info] [resolveAuthority(codespaces,2)][155237ms] waiting...
2024-06-30 23:24:38.756 [info] [resolveAuthority(codespaces,2)][156239ms] waiting...
2024-06-30 23:24:39.758 [info] [resolveAuthority(codespaces,2)][157241ms] waiting...
2024-06-30 23:24:40.759 [info] [resolveAuthority(codespaces,2)][158242ms] waiting...
2024-06-30 23:24:41.760 [info] [resolveAuthority(codespaces,2)][159243ms] waiting...
2024-06-30 23:24:42.762 [info] [resolveAuthority(codespaces,2)][160245ms] waiting...
2024-06-30 23:24:43.764 [info] [resolveAuthority(codespaces,2)][161247ms] waiting...
2024-06-30 23:24:44.766 [info] [resolveAuthority(codespaces,2)][162249ms] waiting...
2024-06-30 23:24:45.766 [info] [resolveAuthority(codespaces,2)][163249ms] waiting...
2024-06-30 23:24:46.767 [info] [resolveAuthority(codespaces,2)][164250ms] waiting...
2024-06-30 23:24:47.768 [info] [resolveAuthority(codespaces,2)][165251ms] waiting...
2024-06-30 23:24:48.769 [info] [resolveAuthority(codespaces,2)][166252ms] waiting...
2024-06-30 23:24:49.771 [info] [resolveAuthority(codespaces,2)][167254ms] waiting...
2024-06-30 23:24:50.772 [info] [resolveAuthority(codespaces,2)][168255ms] waiting...
2024-06-30 23:24:51.774 [info] [resolveAuthority(codespaces,2)][169257ms] waiting...
2024-06-30 23:24:52.775 [info] [resolveAuthority(codespaces,2)][170258ms] waiting...
2024-06-30 23:24:53.776 [info] [resolveAuthority(codespaces,2)][171259ms] waiting...
2024-06-30 23:24:54.778 [info] [resolveAuthority(codespaces,2)][172261ms] waiting...
2024-06-30 23:24:55.780 [info] [resolveAuthority(codespaces,2)][173263ms] waiting...
2024-06-30 23:24:56.781 [info] [resolveAuthority(codespaces,2)][174264ms] waiting...
2024-06-30 23:24:57.783 [info] [resolveAuthority(codespaces,2)][175266ms] waiting...
2024-06-30 23:24:58.784 [info] [resolveAuthority(codespaces,2)][176267ms] waiting...
2024-06-30 23:24:59.785 [info] [resolveAuthority(codespaces,2)][177268ms] waiting...
2024-06-30 23:25:00.787 [info] [resolveAuthority(codespaces,2)][178270ms] waiting...
2024-06-30 23:25:01.788 [info] [resolveAuthority(codespaces,2)][179271ms] waiting...
2024-06-30 23:25:02.789 [info] [resolveAuthority(codespaces,2)][180272ms] waiting...
2024-06-30 23:25:03.791 [info] [resolveAuthority(codespaces,2)][181274ms] waiting...
2024-06-30 23:25:04.793 [info] [resolveAuthority(codespaces,2)][182276ms] waiting...
2024-06-30 23:25:05.795 [info] [resolveAuthority(codespaces,2)][183278ms] waiting...
2024-06-30 23:25:06.795 [info] [resolveAuthority(codespaces,2)][184278ms] waiting...
2024-06-30 23:25:07.796 [info] [resolveAuthority(codespaces,2)][185279ms] waiting...
2024-06-30 23:25:08.798 [info] [resolveAuthority(codespaces,2)][186281ms] waiting...
2024-06-30 23:25:09.800 [info] [resolveAuthority(codespaces,2)][187283ms] waiting...
2024-06-30 23:25:10.800 [info] [resolveAuthority(codespaces,2)][188283ms] waiting...
2024-06-30 23:25:11.801 [info] [resolveAuthority(codespaces,2)][189284ms] waiting...
2024-06-30 23:25:12.803 [info] [resolveAuthority(codespaces,2)][190286ms] waiting...
2024-06-30 23:25:13.804 [info] [resolveAuthority(codespaces,2)][191287ms] waiting...
2024-06-30 23:25:14.806 [info] [resolveAuthority(codespaces,2)][192289ms] waiting...
2024-06-30 23:25:15.807 [info] [resolveAuthority(codespaces,2)][193290ms] waiting...
2024-06-30 23:25:16.809 [info] [resolveAuthority(codespaces,2)][194292ms] waiting...
2024-06-30 23:25:17.810 [info] [resolveAuthority(codespaces,2)][195293ms] waiting...
2024-06-30 23:25:18.812 [info] [resolveAuthority(codespaces,2)][196295ms] waiting...
2024-06-30 23:25:19.814 [info] [resolveAuthority(codespaces,2)][197297ms] waiting...
2024-06-30 23:25:20.816 [info] [resolveAuthority(codespaces,2)][198299ms] waiting...
2024-06-30 23:25:21.818 [info] [resolveAuthority(codespaces,2)][199301ms] waiting...
2024-06-30 23:25:22.819 [info] [resolveAuthority(codespaces,2)][200302ms] waiting...
2024-06-30 23:25:23.821 [info] [resolveAuthority(codespaces,2)][201304ms] waiting...
2024-06-30 23:25:24.823 [info] [resolveAuthority(codespaces,2)][202306ms] waiting...
2024-06-30 23:25:25.825 [info] [resolveAuthority(codespaces,2)][203308ms] waiting...
2024-06-30 23:25:26.826 [info] [resolveAuthority(codespaces,2)][204309ms] waiting...
2024-06-30 23:25:27.828 [info] [resolveAuthority(codespaces,2)][205311ms] waiting...
2024-06-30 23:25:28.830 [info] [resolveAuthority(codespaces,2)][206313ms] waiting...
2024-06-30 23:25:29.831 [info] [resolveAuthority(codespaces,2)][207314ms] waiting...
2024-06-30 23:25:30.833 [info] [resolveAuthority(codespaces,2)][208316ms] waiting...
2024-06-30 23:25:31.835 [info] [resolveAuthority(codespaces,2)][209318ms] waiting...
2024-06-30 23:25:32.837 [info] [resolveAuthority(codespaces,2)][210320ms] waiting...
2024-06-30 23:25:33.837 [info] [resolveAuthority(codespaces,2)][211320ms] waiting...
2024-06-30 23:25:34.839 [info] [resolveAuthority(codespaces,2)][212322ms] waiting...
2024-06-30 23:25:35.841 [info] [resolveAuthority(codespaces,2)][213324ms] waiting...
2024-06-30 23:25:36.843 [info] [resolveAuthority(codespaces,2)][214326ms] waiting...
2024-06-30 23:25:37.844 [info] [resolveAuthority(codespaces,2)][215327ms] waiting...
2024-06-30 23:25:38.846 [info] [resolveAuthority(codespaces,2)][216329ms] waiting...
2024-06-30 23:25:39.848 [info] [resolveAuthority(codespaces,2)][217331ms] waiting...
2024-06-30 23:25:40.850 [info] [resolveAuthority(codespaces,2)][218333ms] waiting...
2024-06-30 23:25:41.852 [info] [resolveAuthority(codespaces,2)][219335ms] waiting...
2024-06-30 23:25:42.852 [info] [resolveAuthority(codespaces,2)][220335ms] waiting...
2024-06-30 23:25:43.854 [info] [resolveAuthority(codespaces,2)][221337ms] waiting...
2024-06-30 23:25:44.856 [info] [resolveAuthority(codespaces,2)][222339ms] waiting...
2024-06-30 23:25:45.858 [info] [resolveAuthority(codespaces,2)][223341ms] waiting...
2024-06-30 23:25:46.859 [info] [resolveAuthority(codespaces,2)][224342ms] waiting...
2024-06-30 23:25:47.861 [info] [resolveAuthority(codespaces,2)][225344ms] waiting...
2024-06-30 23:25:48.863 [info] [resolveAuthority(codespaces,2)][226346ms] waiting...
2024-06-30 23:25:49.865 [info] [resolveAuthority(codespaces,2)][227348ms] waiting...
2024-06-30 23:25:50.866 [info] [resolveAuthority(codespaces,2)][228349ms] waiting...
2024-06-30 23:25:51.867 [info] [resolveAuthority(codespaces,2)][229350ms] waiting...
2024-06-30 23:25:52.869 [info] [resolveAuthority(codespaces,2)][230352ms] waiting...
2024-06-30 23:25:53.871 [info] [resolveAuthority(codespaces,2)][231354ms] waiting...
2024-06-30 23:25:54.873 [info] [resolveAuthority(codespaces,2)][232356ms] waiting...
2024-06-30 23:25:55.873 [info] [resolveAuthority(codespaces,2)][233356ms] waiting...
2024-06-30 23:25:56.874 [info] [resolveAuthority(codespaces,2)][234357ms] waiting...
2024-06-30 23:25:57.876 [info] [resolveAuthority(codespaces,2)][235359ms] waiting...
2024-06-30 23:25:58.878 [info] [resolveAuthority(codespaces,2)][236361ms] waiting...
2024-06-30 23:25:59.880 [info] [resolveAuthority(codespaces,2)][237363ms] waiting...
2024-06-30 23:26:00.880 [info] [resolveAuthority(codespaces,2)][238363ms] waiting...
2024-06-30 23:26:01.882 [info] [resolveAuthority(codespaces,2)][239365ms] waiting...
2024-06-30 23:26:02.884 [info] [resolveAuthority(codespaces,2)][240367ms] waiting...
2024-06-30 23:26:03.884 [info] [resolveAuthority(codespaces,2)][241367ms] waiting...
2024-06-30 23:26:04.886 [info] [resolveAuthority(codespaces,2)][242369ms] waiting...
2024-06-30 23:26:05.888 [info] [resolveAuthority(codespaces,2)][243371ms] waiting...
2024-06-30 23:26:06.889 [info] [resolveAuthority(codespaces,2)][244372ms] waiting...
2024-06-30 23:26:07.891 [info] [resolveAuthority(codespaces,2)][245374ms] waiting...
2024-06-30 23:26:08.893 [info] [resolveAuthority(codespaces,2)][246376ms] waiting...
2024-06-30 23:26:09.894 [info] [resolveAuthority(codespaces,2)][247377ms] waiting...
2024-06-30 23:26:10.895 [info] [resolveAuthority(codespaces,2)][248378ms] waiting...
2024-06-30 23:26:11.897 [info] [resolveAuthority(codespaces,2)][249380ms] waiting...
2024-06-30 23:26:12.899 [info] [resolveAuthority(codespaces,2)][250382ms] waiting...
2024-06-30 23:26:13.900 [info] [resolveAuthority(codespaces,2)][251383ms] waiting...
2024-06-30 23:26:14.902 [info] [resolveAuthority(codespaces,2)][252385ms] waiting...
2024-06-30 23:26:15.904 [info] [resolveAuthority(codespaces,2)][253387ms] waiting...
2024-06-30 23:26:16.906 [info] [resolveAuthority(codespaces,2)][254388ms] waiting...
2024-06-30 23:26:17.907 [info] [resolveAuthority(codespaces,2)][255390ms] waiting...
2024-06-30 23:26:18.909 [info] [resolveAuthority(codespaces,2)][256392ms] waiting...
2024-06-30 23:26:19.911 [info] [resolveAuthority(codespaces,2)][257393ms] waiting...
2024-06-30 23:26:20.911 [info] [resolveAuthority(codespaces,2)][258394ms] waiting...
2024-06-30 23:26:21.912 [info] [resolveAuthority(codespaces,2)][259395ms] waiting...
2024-06-30 23:26:22.913 [info] [resolveAuthority(codespaces,2)][260396ms] waiting...
2024-06-30 23:26:23.914 [info] [resolveAuthority(codespaces,2)][261397ms] waiting...
2024-06-30 23:26:24.940 [info] [resolveAuthority(codespaces,2)][262423ms] waiting...
2024-06-30 23:26:24.981 [info] Extension host terminating: renderer closed the MessagePort
2024-06-30 23:26:25.023 [error] TypeError: r.some is not a function
    at Function.saveToDisk (/home/j/.vscode/extensions/vscodevim.vim-1.27.3/out/extension.js:2:642593)
    at Object.t.deactivate (/home/j/.vscode/extensions/vscodevim.vim-1.27.3/out/extension.js:2:176670)
    at u.eb (/usr/share/code/resources/app/out/vs/workbench/api/node/extensionHostProcess.js:159:9796)
    at /usr/share/code/resources/app/out/vs/workbench/api/node/extensionHostProcess.js:159:7867
    at Array.map (<anonymous>)
    at u.$ (/usr/share/code/resources/app/out/vs/workbench/api/node/extensionHostProcess.js:159:7854)
    at u.terminate (/usr/share/code/resources/app/out/vs/workbench/api/node/extensionHostProcess.js:159:8127)
    at f.terminate (/usr/share/code/resources/app/out/vs/workbench/api/node/extensionHostProcess.js:163:1513)
    at t (/usr/share/code/resources/app/out/vs/workbench/api/node/extensionHostProcess.js:176:10459)
    at MessagePortMain.<anonymous> (/usr/share/code/resources/app/out/vs/workbench/api/node/extensionHostProcess.js:176:6675)
    at MessagePortMain.emit (node:events:514:28)
    at Object.MessagePortMain._internalPort.emit (node:electron/js2c/utility_init:2:2285)
2024-06-30 23:26:25.024 [info] Extension host with pid 15630 exiting with code 0
2024-06-30 23:26:27.087 [info] Extension host with pid 18041 started
2024-06-30 23:26:27.087 [info] Skipping acquiring lock for /home/j/.config/Code/User/workspaceStorage/7d97b56d92fdf06611f3fc8f868ad160.
2024-06-30 23:26:27.087 [info] $getCanonicalURI invoked for authority (codespaces)
2024-06-30 23:26:27.094 [info] ExtensionService#_doActivateExtension GitHub.codespaces, startup: false, activationEvent: 'onResolveRemoteAuthority:codespaces'
2024-06-30 23:26:27.311 [info] ExtensionService#_doActivateExtension vscode.github-authentication, startup: false, activationEvent: 'api', root cause: GitHub.codespaces
2024-06-30 23:26:29.863 [info] [resolveAuthority(codespaces,1)][0ms] activating remote resolvers codespaces+fantastic-space-waffle-v76qxwprrwgc4gw
2024-06-30 23:26:29.863 [info] [resolveAuthority(codespaces,1)][0ms] activating resolver for codespaces+fantastic-space-waffle-v76qxwprrwgc4gw...
2024-06-30 23:26:29.864 [info] [resolveAuthority(codespaces,1)][1ms] invoking final resolve()...
2024-06-30 23:26:30.864 [info] [resolveAuthority(codespaces,1)][1001ms] waiting...
2024-06-30 23:26:31.863 [info] [resolveAuthority(codespaces,1)][2000ms] waiting...
2024-06-30 23:26:32.865 [info] [resolveAuthority(codespaces,1)][3002ms] waiting...
2024-06-30 23:26:33.866 [info] [resolveAuthority(codespaces,1)][4003ms] waiting...
2024-06-30 23:26:34.866 [info] [resolveAuthority(codespaces,1)][5003ms] waiting...
2024-06-30 23:26:35.866 [info] [resolveAuthority(codespaces,1)][6003ms] waiting...
2024-06-30 23:26:37.310 [info] [resolveAuthority(codespaces,1)][7447ms] waiting...
2024-06-30 23:26:38.310 [info] [resolveAuthority(codespaces,1)][8447ms] waiting...
2024-06-30 23:26:39.311 [info] [resolveAuthority(codespaces,1)][9448ms] waiting...
2024-06-30 23:26:40.312 [info] [resolveAuthority(codespaces,1)][10449ms] waiting...
2024-06-30 23:26:41.312 [info] [resolveAuthority(codespaces,1)][11449ms] waiting...
2024-06-30 23:26:42.312 [info] [resolveAuthority(codespaces,1)][12449ms] waiting...
2024-06-30 23:26:43.312 [info] [resolveAuthority(codespaces,1)][13449ms] waiting...
2024-06-30 23:26:44.312 [info] [resolveAuthority(codespaces,1)][14449ms] waiting...
2024-06-30 23:26:45.312 [info] [resolveAuthority(codespaces,1)][15449ms] waiting...
2024-06-30 23:26:46.312 [info] [resolveAuthority(codespaces,1)][16449ms] waiting...
2024-06-30 23:26:47.313 [info] [resolveAuthority(codespaces,1)][17450ms] waiting...
2024-06-30 23:26:48.313 [info] [resolveAuthority(codespaces,1)][18450ms] waiting...
2024-06-30 23:26:49.313 [info] [resolveAuthority(codespaces,1)][19450ms] waiting...
2024-06-30 23:26:50.314 [info] [resolveAuthority(codespaces,1)][20451ms] waiting...
2024-06-30 23:26:51.315 [info] [resolveAuthority(codespaces,1)][21452ms] waiting...
2024-06-30 23:26:52.164 [info] [resolveAuthority(codespaces,1)][22301ms] setting tunnel factory...
2024-06-30 23:26:52.165 [info] [resolveAuthority(codespaces,1)][22302ms] returned 127.0.0.1:43539
2024-06-30 23:26:55.833 [info] Eager extensions activated
2024-06-30 23:26:56.001 [info] ExtensionService#_doActivateExtension sainnhe.gruvbox-material, startup: false, activationEvent: 'onStartupFinished'
2024-06-30 23:26:56.029 [info] ExtensionService#_doActivateExtension vscodevim.vim, startup: false, activationEvent: 'onStartupFinished'
2024-06-30 23:29:08.788 [info] Extension host terminating: renderer closed the MessagePort
2024-06-30 23:29:08.861 [info] Extension host with pid 18041 exiting with code 0
2024-06-30 23:29:10.801 [info] Extension host with pid 18653 started
2024-06-30 23:29:10.801 [info] Skipping acquiring lock for /home/j/.config/Code/User/workspaceStorage/7d97b56d92fdf06611f3fc8f868ad160.
2024-06-30 23:29:10.801 [info] $getCanonicalURI invoked for authority (codespaces)
2024-06-30 23:29:10.806 [info] ExtensionService#_doActivateExtension GitHub.codespaces, startup: false, activationEvent: 'onResolveRemoteAuthority:codespaces'
2024-06-30 23:29:11.039 [info] ExtensionService#_doActivateExtension vscode.github-authentication, startup: false, activationEvent: 'api', root cause: GitHub.codespaces
2024-06-30 23:29:13.384 [info] [resolveAuthority(codespaces,1)][0ms] activating remote resolvers codespaces+fantastic-space-waffle-v76qxwprrwgc4gw
2024-06-30 23:29:13.385 [info] [resolveAuthority(codespaces,1)][1ms] activating resolver for codespaces+fantastic-space-waffle-v76qxwprrwgc4gw...
2024-06-30 23:29:13.385 [info] [resolveAuthority(codespaces,1)][1ms] invoking final resolve()...
2024-06-30 23:29:14.386 [info] [resolveAuthority(codespaces,1)][1002ms] waiting...
2024-06-30 23:29:15.390 [info] [resolveAuthority(codespaces,1)][2006ms] waiting...
2024-06-30 23:29:16.403 [info] [resolveAuthority(codespaces,1)][3019ms] waiting...
2024-06-30 23:29:17.420 [info] [resolveAuthority(codespaces,1)][4036ms] waiting...
2024-06-30 23:29:18.438 [info] [resolveAuthority(codespaces,1)][5054ms] waiting...
2024-06-30 23:29:18.629 [info] [resolveAuthority(codespaces,1)][5245ms] setting tunnel factory...
2024-06-30 23:29:18.629 [info] [resolveAuthority(codespaces,1)][5245ms] returned 127.0.0.1:41955
2024-06-30 23:29:20.349 [info] Eager extensions activated
2024-06-30 23:29:20.501 [info] ExtensionService#_doActivateExtension sainnhe.gruvbox-material, startup: false, activationEvent: 'onStartupFinished'
2024-06-30 23:29:20.522 [info] ExtensionService#_doActivateExtension vscodevim.vim, startup: false, activationEvent: 'onStartupFinished'
2024-07-01 00:27:16.892 [warning] Illegal argument: TextEditor(vs.editor.ICodeEditor:1,$model12)
2024-07-01 00:27:16.893 [warning] Illegal argument: TextEditor(vs.editor.ICodeEditor:1,$model12)
2024-07-01 00:44:43.894 [info] Extension host terminating: renderer closed the MessagePort
2024-07-01 00:44:43.961 [error] TypeError: r.some is not a function
    at Function.saveToDisk (/home/j/.vscode/extensions/vscodevim.vim-1.27.3/out/extension.js:2:642593)
    at Object.t.deactivate (/home/j/.vscode/extensions/vscodevim.vim-1.27.3/out/extension.js:2:176670)
    at u.eb (/usr/share/code/resources/app/out/vs/workbench/api/node/extensionHostProcess.js:159:9796)
    at /usr/share/code/resources/app/out/vs/workbench/api/node/extensionHostProcess.js:159:7867
    at Array.map (<anonymous>)
    at u.$ (/usr/share/code/resources/app/out/vs/workbench/api/node/extensionHostProcess.js:159:7854)
    at u.terminate (/usr/share/code/resources/app/out/vs/workbench/api/node/extensionHostProcess.js:159:8127)
    at f.terminate (/usr/share/code/resources/app/out/vs/workbench/api/node/extensionHostProcess.js:163:1513)
    at t (/usr/share/code/resources/app/out/vs/workbench/api/node/extensionHostProcess.js:176:10459)
    at MessagePortMain.<anonymous> (/usr/share/code/resources/app/out/vs/workbench/api/node/extensionHostProcess.js:176:6675)
    at MessagePortMain.emit (node:events:514:28)
    at Object.MessagePortMain._internalPort.emit (node:electron/js2c/utility_init:2:2285)
2024-07-01 00:44:43.966 [info] Extension host with pid 18653 exiting with code 0
