2024-06-25 12:06:05.727 [info] Reading sessions from keychain...
2024-06-25 12:06:05.727 [info] Getting sessions for all scopes...
2024-06-25 12:06:05.727 [info] Got stored sessions!
2024-06-25 12:06:05.727 [info] Got 1 verified sessions.
2024-06-25 12:06:05.727 [info] Got 1 sessions for ...
2024-06-25 12:06:05.727 [info] Getting sessions for codespace,read:user,repo,user:email...
2024-06-25 12:06:05.727 [info] Got 1 sessions for codespace,read:user,repo,user:email...
2024-06-25 12:06:08.215 [info] Getting sessions for all scopes...
2024-06-25 12:06:08.215 [info] Got 1 sessions for ...
2024-06-25 12:06:46.567 [info] Getting sessions for read:user,repo,user:email,workflow...
2024-06-25 12:06:46.567 [info] Got 0 sessions for read:user,repo,user:email,workflow...
2024-06-25 12:06:50.174 [info] Getting sessions for project,read:org,read:user,repo,user:email,workflow...
2024-06-25 12:06:50.174 [info] Got 0 sessions for project,read:org,read:user,repo,user:email,workflow...
2024-06-25 12:06:50.294 [info] Getting sessions for read:user,repo,user:email,workflow...
2024-06-25 12:06:50.294 [info] Got 0 sessions for read:user,repo,user:email,workflow...
2024-06-25 12:06:50.391 [info] Getting sessions for read:user,repo,user:email...
2024-06-25 12:06:50.391 [info] Got 0 sessions for read:user,repo,user:email...
2024-06-25 12:06:50.588 [info] Getting sessions for read:user,repo,user:email,workflow...
2024-06-25 12:06:50.588 [info] Got 0 sessions for read:user,repo,user:email,workflow...
2024-06-25 12:06:52.032 [info] Getting sessions for read:user,repo,user:email,workflow...
2024-06-25 12:06:52.032 [info] Got 0 sessions for read:user,repo,user:email,workflow...
