2024-06-29 22:22:21.545 [info] Added views:workbench.panel.markers.view in workbench.panel.markers
2024-06-29 22:22:21.546 [info] Added views:workbench.panel.output in workbench.panel.output
2024-06-29 22:22:21.546 [info] Added views:terminal in terminal
2024-06-29 22:22:21.546 [info] Added views:outline in workbench.view.explorer
2024-06-29 22:22:21.546 [info] Added views:workbench.scm in workbench.view.scm
2024-06-29 22:22:21.546 [info] Added views:workbench.view.search in workbench.view.search
2024-06-29 22:22:21.546 [info] Added views:timeline in workbench.view.explorer
2024-06-29 22:22:21.546 [info] Added views:workbench.explorer.fileView in workbench.view.explorer
2024-06-29 22:22:21.735 [info] Added views:workbench.debug.welcome in workbench.view.debug
2024-06-29 22:22:51.348 [info] Added views:~remote.forwardedPorts in ~remote.forwardedPortsContainer
2024-06-29 22:22:56.287 [info] Added views:cs50-menu in workbench.view.extension.cs50-menu
2024-06-29 22:22:56.287 [info] Added views:ddb50.chatWindow in workbench.view.extension.ddb50
2024-06-29 22:22:56.288 [info] Added views:github.codespaces.explorer in workbench.view.remote
2024-06-29 22:22:56.289 [info] Added views:pr:github,issues:github in workbench.view.extension.github-pull-requests
2024-06-29 22:22:56.289 [info] Added views:dockerContainers,dockerImages,dockerRegistries,dockerNetworks,dockerVolumes,vscode-docker.views.dockerContexts,vscode-docker.views.help in workbench.view.extension.dockerView
2024-06-29 22:22:56.291 [info] Added views:liveshare.session in workbench.view.extension.liveshare
2024-06-29 22:22:57.768 [info] Added views:workbench.panel.repl.view in workbench.panel.repl
2024-06-29 22:23:05.717 [info] Removed views:issues:github,pr:github from workbench.view.extension.github-pull-requests
2024-06-29 22:23:05.718 [info] Added views:github:login in workbench.view.extension.github-pull-requests
2024-06-29 22:24:43.564 [info] Added views:workbench.panel.markers.view in workbench.panel.markers
2024-06-29 22:24:43.564 [info] Added views:workbench.panel.output in workbench.panel.output
2024-06-29 22:24:43.564 [info] Added views:terminal in terminal
2024-06-29 22:24:43.564 [info] Added views:outline in workbench.view.explorer
2024-06-29 22:24:43.564 [info] Added views:workbench.scm in workbench.view.scm
2024-06-29 22:24:43.564 [info] Added views:workbench.view.search in workbench.view.search
2024-06-29 22:24:43.564 [info] Added views:timeline in workbench.view.explorer
2024-06-29 22:24:43.564 [info] Added views:workbench.explorer.fileView in workbench.view.explorer
2024-06-29 22:24:43.768 [info] Added views:workbench.debug.welcome in workbench.view.debug
2024-06-29 22:24:50.124 [info] Added views:~remote.forwardedPorts in ~remote.forwardedPortsContainer
2024-06-29 22:24:51.676 [info] Added views:cs50-menu in workbench.view.extension.cs50-menu
2024-06-29 22:24:51.676 [info] Added views:ddb50.chatWindow in workbench.view.extension.ddb50
2024-06-29 22:24:51.677 [info] Added views:github.codespaces.explorer in workbench.view.remote
2024-06-29 22:24:51.677 [info] Added views:pr:github,issues:github in workbench.view.extension.github-pull-requests
2024-06-29 22:24:51.677 [info] Added views:dockerContainers,dockerImages,dockerRegistries,dockerNetworks,dockerVolumes,vscode-docker.views.dockerContexts,vscode-docker.views.help in workbench.view.extension.dockerView
2024-06-29 22:24:51.678 [info] Added views:liveshare.session in workbench.view.extension.liveshare
2024-06-29 22:24:52.638 [info] Added views:workbench.panel.repl.view in workbench.panel.repl
2024-06-29 22:24:57.278 [info] Removed views:issues:github,pr:github from workbench.view.extension.github-pull-requests
2024-06-29 22:24:57.279 [info] Added views:github:login in workbench.view.extension.github-pull-requests
2024-06-29 23:24:17.555 [info] Added views:workbench.panel.markers.view in workbench.panel.markers
2024-06-29 23:24:17.555 [info] Added views:workbench.panel.output in workbench.panel.output
2024-06-29 23:24:17.555 [info] Added views:terminal in terminal
2024-06-29 23:24:17.555 [info] Added views:outline in workbench.view.explorer
2024-06-29 23:24:17.555 [info] Added views:workbench.scm in workbench.view.scm
2024-06-29 23:24:17.555 [info] Added views:workbench.view.search in workbench.view.search
2024-06-29 23:24:17.555 [info] Added views:timeline in workbench.view.explorer
2024-06-29 23:24:17.555 [info] Added views:workbench.explorer.fileView in workbench.view.explorer
2024-06-29 23:24:17.742 [info] Added views:workbench.debug.welcome in workbench.view.debug
2024-06-29 23:24:44.698 [info] Added views:~remote.forwardedPorts in ~remote.forwardedPortsContainer
2024-06-29 23:24:47.810 [info] Added views:cs50-menu in workbench.view.extension.cs50-menu
2024-06-29 23:24:47.811 [info] Added views:ddb50.chatWindow in workbench.view.extension.ddb50
2024-06-29 23:24:47.811 [info] Added views:github.codespaces.explorer in workbench.view.remote
2024-06-29 23:24:47.812 [info] Added views:pr:github,issues:github in workbench.view.extension.github-pull-requests
2024-06-29 23:24:47.813 [info] Added views:dockerContainers,dockerImages,dockerRegistries,dockerNetworks,dockerVolumes,vscode-docker.views.dockerContexts,vscode-docker.views.help in workbench.view.extension.dockerView
2024-06-29 23:24:47.815 [info] Added views:liveshare.session in workbench.view.extension.liveshare
2024-06-29 23:24:49.307 [info] Added views:workbench.panel.repl.view in workbench.panel.repl
2024-06-29 23:24:56.978 [info] Removed views:issues:github,pr:github from workbench.view.extension.github-pull-requests
2024-06-29 23:24:56.979 [info] Added views:github:login in workbench.view.extension.github-pull-requests
2024-06-30 10:28:49.002 [info] Added views:workbench.panel.markers.view in workbench.panel.markers
2024-06-30 10:28:49.002 [info] Added views:workbench.panel.output in workbench.panel.output
2024-06-30 10:28:49.002 [info] Added views:terminal in terminal
2024-06-30 10:28:49.002 [info] Added views:outline in workbench.view.explorer
2024-06-30 10:28:49.002 [info] Added views:workbench.scm in workbench.view.scm
2024-06-30 10:28:49.002 [info] Added views:workbench.view.search in workbench.view.search
2024-06-30 10:28:49.002 [info] Added views:timeline in workbench.view.explorer
2024-06-30 10:28:49.002 [info] Added views:workbench.explorer.fileView in workbench.view.explorer
2024-06-30 10:28:49.145 [info] Added views:workbench.debug.welcome in workbench.view.debug
2024-06-30 10:29:15.747 [info] Added views:~remote.forwardedPorts in ~remote.forwardedPortsContainer
