[Client I] GitHub Codespaces version 1.16.23
[Client I] isRunningInWeb: "false"
[Client V] Initializing authentication
[API I] Successfully signed in
[Client:extension:f4d0 I] initializing
[Client:extension:f4d0:resolver I] created with protocol "codespaces"
[RemoteExplorer I] Updating codespace performance info
[DevContainerJsonSupport I] Initializing devcontainer.json support package
[DevContainerJsonSupport V] [2024-06-28T12:51:25.735Z] Internal initialization of dev container support package...

[Client I] Jupyter API registered? false
[Client:extension:f4d0:resolver:resolve:1 I] resolve retry #3
[Client:extension:f4d0:resolver:resolve:1 I] resolving "codespaces+fantastic-space-waffle-v76qxwprrwgc4gw"
[Client:extension:f4d0:resolver:resolve:1 I] codespace: "fantastic-space-waffle-v76qxwprrwgc4gw", fetching details
[Client:extension:f4d0:resolver:resolve:1:fetch-codespace-info I] fetching codespace details for "fantastic-space-waffle-v76qxwprrwgc4gw"
[Client:extension:f4d0:resolver:resolve:1:fetch-codespace-info I] signed in, getting the details
[Client:extension:f4d0:resolver:resolve:1:fetch-codespace-info I] fetching codespace "fantastic-space-waffle-v76qxwprrwgc4gw" (retries left: 2)
[API:retries-left-2 I] making GET request for "https://api.github.com/user/codespaces/fantastic-space-waffle-v76qxwprrwgc4gw"
[RemoteExplorer I] Updating codespace performance info
[Client:extension:f4d0:resolver I] successfully fetched codespace details> object #0: {
  "id": 17269010,
  "name": "<38:<redacted>>",
  "environment_id": "7b7348e7-6af3-4d12-b3e0-5df1e26002da",
  "owner": "<undefined:<redacted>>",
  "billable_owner": {
    "login": "code50",
    "id": 89367332,
    "node_id": "MDEyOk9yZ2FuaXphdGlvbjg5MzY3MzMy",
    "avatar_url": "https://avatars.githubusercontent.com/u/89367332?v=4",
    "gravatar_id": "",
    "url": "https://api.github.com/users/code50",
    "html_url": "https://github.com/code50",
    "followers_url": "https://api.github.com/users/code50/followers",
    "following_url": "https://api.github.com/users/code50/following{/other_user}",
    "gists_url": "https://api.github.com/users/code50/gists{/gist_id}",
    "starred_url": "https://api.github.com/users/code50/starred{/owner}{/repo}",
    "subscriptions_url": "https://api.github.com/users/code50/subscriptions",
    "organizations_url": "https://api.github.com/users/code50/orgs",
    "repos_url": "https://api.github.com/users/code50/repos",
    "events_url": "https://api.github.com/users/code50/events{/privacy}",
    "received_events_url": "https://api.github.com/users/code50/received_events",
    "type": "Organization",
    "site_admin": false
  },
  "repository": {
    "id": 674321661,
    "node_id": "R_kgDOKDFU_Q",
    "name": "<8:<redacted>>",
    "full_name": "code50/85962938",
    "private": true,
    "owner": "<undefined:<redacted>>",
    "html_url": "https://github.com/code50/85962938",
    "description": null,
    "fork": false,
    "url": "https://api.github.com/repos/code50/85962938",
    "forks_url": "https://api.github.com/repos/code50/85962938/forks",
    "keys_url": "https://api.github.com/repos/code50/85962938/keys{/key_id}",
    "collaborators_url": "https://api.github.com/repos/code50/85962938/collaborators{/collaborator}",
    "teams_url": "https://api.github.com/repos/code50/85962938/teams",
    "hooks_url": "https://api.github.com/repos/code50/85962938/hooks",
    "issue_events_url": "https://api.github.com/repos/code50/85962938/issues/events{/number}",
    "events_url": "https://api.github.com/repos/code50/85962938/events",
    "assignees_url": "https://api.github.com/repos/code50/85962938/assignees{/user}",
    "branches_url": "https://api.github.com/repos/code50/85962938/branches{/branch}",
    "tags_url": "https://api.github.com/repos/code50/85962938/tags",
    "blobs_url": "https://api.github.com/repos/code50/85962938/git/blobs{/sha}",
    "git_tags_url": "https://api.github.com/repos/code50/85962938/git/tags{/sha}",
    "git_refs_url": "https://api.github.com/repos/code50/85962938/git/refs{/sha}",
    "trees_url": "https://api.github.com/repos/code50/85962938/git/trees{/sha}",
    "statuses_url": "https://api.github.com/repos/code50/85962938/statuses/{sha}",
    "languages_url": "https://api.github.com/repos/code50/85962938/languages",
    "stargazers_url": "https://api.github.com/repos/code50/85962938/stargazers",
    "contributors_url": "https://api.github.com/repos/code50/85962938/contributors",
    "subscribers_url": "https://api.github.com/repos/code50/85962938/subscribers",
    "subscription_url": "https://api.github.com/repos/code50/85962938/subscription",
    "commits_url": "https://api.github.com/repos/code50/85962938/commits{/sha}",
    "git_commits_url": "https://api.github.com/repos/code50/85962938/git/commits{/sha}",
    "comments_url": "https://api.github.com/repos/code50/85962938/comments{/number}",
    "issue_comment_url": "https://api.github.com/repos/code50/85962938/issues/comments{/number}",
    "contents_url": "https://api.github.com/repos/code50/85962938/contents/{+path}",
    "compare_url": "https://api.github.com/repos/code50/85962938/compare/{base}...{head}",
    "merges_url": "https://api.github.com/repos/code50/85962938/merges",
    "archive_url": "https://api.github.com/repos/code50/85962938/{archive_format}{/ref}",
    "downloads_url": "https://api.github.com/repos/code50/85962938/downloads",
    "issues_url": "https://api.github.com/repos/code50/85962938/issues{/number}",
    "pulls_url": "https://api.github.com/repos/code50/85962938/pulls{/number}",
    "milestones_url": "https://api.github.com/repos/code50/85962938/milestones{/number}",
    "notifications_url": "https://api.github.com/repos/code50/85962938/notifications{?since,all,participating}",
    "labels_url": "https://api.github.com/repos/code50/85962938/labels{/name}",
    "releases_url": "https://api.github.com/repos/code50/85962938/releases{/id}",
    "deployments_url": "https://api.github.com/repos/code50/85962938/deployments"
  },
  "machine": {
    "name": "<14:<redacted>>",
    "display_name": "2 cores, 8 GB RAM, 32 GB storage",
    "operating_system": "linux",
    "storage_in_bytes": 34359738368,
    "memory_in_bytes": 8589934592,
    "cpus": 2,
    "prebuild_availability": null
  },
  "prebuild": null,
  "created_at": "2024-06-24T15:51:47+08:00",
  "updated_at": "2024-06-28T20:51:26+08:00",
  "last_used_at": "2024-06-28T18:50:52+08:00",
  "state": "Shutdown",
  "url": "https://api.github.com/user/codespaces/fantastic-space-waffle-v76qxwprrwgc4gw",
  "git_status": {
    "ahead": 0,
    "behind": 0,
    "has_unpushed_changes": false,
    "has_uncommitted_changes": false,
    "ref": "main"
  },
  "location": "SouthEastAsia",
  "idle_timeout_minutes": 30,
  "web_url": "https://fantastic-space-waffle-v76qxwprrwgc4gw.github.dev",
  "machines_url": "https://api.github.com/user/codespaces/fantastic-space-waffle-v76qxwprrwgc4gw/machines",
  "start_url": "https://api.github.com/user/codespaces/fantastic-space-waffle-v76qxwprrwgc4gw/start",
  "stop_url": "https://api.github.com/user/codespaces/fantastic-space-waffle-v76qxwprrwgc4gw/stop",
  "pulls_url": null,
  "recent_folders": [
    "/workspaces/85962938"
  ],
  "runtime_constraints": {
    "allowed_port_privacy_settings": [
      "private",
      "public",
      "org"
    ]
  },
  "connection": {
    "sessionId": "768E17A44F26BCDB644BA443CB2E54DD80B3",
    "sessionPath": "/workspaces/85962938",
    "serviceUri": "https://prod.liveshare.vsengsaas.visualstudio.com/api/v1.2/",
    "relayEndpoint": "sb://vsls-prod-ins-asse-private-relay.servicebus.windows.net/6da044f16be2320fe0e4964aa7aa2847b033--dc569111-2d67-4e73-839f-44d3adfc8c78",
    "relaySas": "<259:<redacted>>",
    "sessionToken": "<1149:<redacted>>",
    "hostPublicKeys": [
      "AAAAB3NzaC1yc2EAAAADAQABAAABAQDKGxxL4rarpPsseheLu8rhSvlMaHBmJb31T6nNh6p22PjzgfBOFaP1iQyppJZBpTeAOUMRu44JqI2GgNMT9it8KTXIpu5a2LBP5qaNzWi25ZrzgQa2YipoG9vkKScS67e8j4di/QQIRHPcEh+cDFhIbOSkhPd8OfsN0+Aja4oiXEOTJ9qc//jIM22Ozlf3uifCn0kshCKgfOvNSbf2FHuqALBf0h2FoiWneCWhoBgdaLv7cuImpHwZvdkG8nJ/IJR9l71XOsFhSPLYrh9icZiuRUh3KXxK/rSd2oUgwVeLNtUW8ye9N4XHS7icU5g6YQLVtVwXdII+O6e76EDDrmyT"
    ]
  },
  "container_id": "c03991fcfa0b7d271acb15c8fe0102073bb3f6a7a8ad6beec10ca1982546de41",
  "display_name": "fantastic space waffle",
  "devcontainer_path": ".devcontainer.json",
  "pending_operation": false,
  "feature_flags": {
    "developer": false,
    "devTunnelsOptOut": false,
    "devTunnelsDesktopPortForwarding": true,
    "devTunnelsDesktopMainConnection": true,
    "useBasisForMainConnectionsWebClient": true,
    "disableLiveShareOnAgent": false,
    "detailedActivityMonitor": false,
    "vscodeAccountSwitching": false,
    "enableSmbDiagnosticContinuousMonitoring": true,
    "enableSmbDiagnosticOnAnomalyMonitoring": false,
    "useEarlyWorkbenchWebClient": true,
    "useCoiWebClient": false,
    "remapUserNamespace": false,
    "removeConnectRetriesWebClient": true,
    "storageV2ExhaustiveValidation": false,
    "forcePushShutdownTelemetry": true,
    "useNewJupyterApi": true,
    "improvedWarmupContainerReuse": true,
    "storageV2ComprehensiveDiagnosticsCollection": false,
    "usingCopilotWorkspaceConfig": false,
    "copilotWorkspace": false,
    "Basis": true,
    "Skuheapscaling": true,
    "CacheIde": true,
    "Developer": false,
    "Eap": false
  },
  "retention_period_minutes": 43200,
  "retention_expires_at": "2024-07-28T19:36:27+08:00",
  "template": null,
  "publish_url": null
}
[RemoteExplorer I] Updating codespace performance info
[Client:extension:f4d0:resolver:resolve:1:check-codespace-state I] codespace fantastic-space-waffle-v76qxwprrwgc4gw (id: 7b7348e7-6af3-4d12-b3e0-5df1e26002da) is in the "Resume" state
[Client:extension:f4d0:resolver:resolve:1:check-codespace-state I] codespace fantastic-space-waffle-v76qxwprrwgc4gw (id: 7b7348e7-6af3-4d12-b3e0-5df1e26002da) is resuming
[Client:extension:f4d0:resolver:resolve:1:check-codespace-state I] first run
[Client:extension:f4d0:resolver:resolve:1:check-codespace-state I] starting the codespace
[RemoteExplorer I] Updating codespace details
[Client:extension:f4d0:resolver:resolve:1:check-codespace-state I] starting the codespace "7b7348e7-6af3-4d12-b3e0-5df1e26002da", attempt #2
[API:retries-left-2 I] making GET request for "https://api.github.com/user/codespaces/fantastic-space-waffle-v76qxwprrwgc4gw"
[RemoteExplorer I] Updating codespace performance info
[RemoteExplorer I] Updating codespace details
[EnvironmentPolling I] Polling fantastic-space-waffle-v76qxwprrwgc4gw...
[API:retries-left-2 I] making GET request for "https://api.github.com/user/codespaces/fantastic-space-waffle-v76qxwprrwgc4gw"
[Client:extension:f4d0:resolver:port-forwarder I] Setting up tunnel provider
[Client:extension:f4d0:resolver:port-forwarder:tunnel-provider V] subscribing to onDispose event
[Client:extension:f4d0:resolver:port-forwarder:tunnel-provider I] Tunnel client is unconnected, fetching tunnel and connecting> object #0: {
  "tunnelId": "happy-mountain-6c1jgnx",
  "clusterId": "asse",
  "domain": "app.github.dev",
  "accessTokens": {
    "connect": "eyJhbGciOiJFUzI1NiIsImtpZCI6IkI5Mjg5QzBFRDIyMUJENjhBNTA3MjA3MzY4MEI1MjFDRDVGRTEyQzIiLCJ0eXAiOiJKV1QifQ.eyJjbHVzdGVySWQiOiJhc3NlIiwidHVubmVsSWQiOiJoYXBweS1tb3VudGFpbi02YzFqZ254Iiwic2NwIjoiY29ubmVjdCIsImV4cCI6MTcxOTY2NTQzNCwiaXNzIjoiaHR0cHM6Ly90dW5uZWxzLmFwaS52aXN1YWxzdHVkaW8uY29tLyIsIm5iZiI6MTcxOTU3ODEzNH0.QqDbCT9-PZSMPQ9XyBGI69uYolru_-d_H1K-l_zWO0Enl2vAPiSKWhCOO1MLqLlZ20390IyYeb_PHUNP3q-FJA",
    "manage:ports": "eyJhbGciOiJFUzI1NiIsImtpZCI6IkI5Mjg5QzBFRDIyMUJENjhBNTA3MjA3MzY4MEI1MjFDRDVGRTEyQzIiLCJ0eXAiOiJKV1QifQ.eyJjbHVzdGVySWQiOiJhc3NlIiwidHVubmVsSWQiOiJoYXBweS1tb3VudGFpbi02YzFqZ254Iiwic2NwIjoibWFuYWdlOnBvcnRzIiwiZXhwIjoxNzE5NjY1NDM0LCJpc3MiOiJodHRwczovL3R1bm5lbHMuYXBpLnZpc3VhbHN0dWRpby5jb20vIiwibmJmIjoxNzE5NTc4MTM0fQ.QmRklgi_fDYbwwcQ_Y1RwoLyuAx3S4h4w4IMQcf7mJl2LgELJ299rxmNN3RQb491Kny8rY6QOhjtUf8H_2oHcQ"
  }
}
[Client:extension:f4d0:resolver:port-forwarder:tunnel-provider V] tunnelClient info 0: Connecting to client tunnel relay wss://asse-data.rel.tunnels.api.visualstudio.com/api/v1/Client/Connect/happy-mountain-6c1jgnx
[Client:extension:f4d0:resolver:port-forwarder:tunnel-provider V] tunnelClient verbose 0: Sec-WebSocket-Protocol: tunnel-relay-client-v2-dev, tunnel-relay-client
[Client:extension:f4d0:resolver:port-forwarder:tunnel-provider V] tunnelClient verbose 0: Authorization: tunnel <tunnel=happy-mountain-6c1jgnx.asse, scopes=[connect], issuer=https://tunnels.api.visualstudio.com/, expiration=Sat Jun 29 2024 20:50:34 GMT+0800 (Philippine Standard Time)>
[Client:extension:f4d0:resolver:port-forwarder:tunnel-provider V] tunnelClient verbose 0: Connected with subprotocol 'tunnel-relay-client'
[Client:extension:f4d0:resolver:port-forwarder:tunnel-provider V] tunnelClient info 9114: SshClientSession connecting...
[Client:extension:f4d0:resolver:port-forwarder:tunnel-provider V] tunnelClient verbose 9101: Sending #0 KeyExchangeInitMessage
[Client:extension:f4d0:resolver:port-forwarder:tunnel-provider V] tunnelClient info 9100: Local version: SSH-2.0-dev-tunnels-ssh_3.11.36, remote version: SSH-2.0-Microsoft.DevTunnels.Ssh_3.11
[Client:extension:f4d0:resolver:port-forwarder:tunnel-provider V] tunnelClient verbose 9102: Receiving #0 KeyExchangeInitMessage
[Client:extension:f4d0:resolver:port-forwarder:tunnel-provider V] tunnelClient info 9170: KeyExchange negotiation: Server (diffie-hellman-group16-sha512, diffie-hellman-group14-sha256, ext-info-s) Client (ecdh-sha2-nistp384, ecdh-sha2-nistp256, diffie-hellman-group14-sha256) => diffie-hellman-group14-sha256
[Client:extension:f4d0:resolver:port-forwarder:tunnel-provider V] tunnelClient info 9170: PublicKey negotiation: Server (ecdsa-sha2-nistp384) Client (rsa-sha2-512, rsa-sha2-256, ecdsa-sha2-nistp384, ecdsa-sha2-nistp256) => ecdsa-sha2-nistp384
[Client:extension:f4d0:resolver:port-forwarder:tunnel-provider V] tunnelClient info 9170: ClientEncryption negotiation: Server (aes256-cbc, aes256-ctr) Client (aes256-gcm@openssh.com, aes256-ctr) => aes256-ctr
[Client:extension:f4d0:resolver:port-forwarder:tunnel-provider V] tunnelClient info 9170: ServerEncryption negotiation: Server (aes256-cbc, aes256-ctr) Client (aes256-gcm@openssh.com, aes256-ctr) => aes256-ctr
[Client:extension:f4d0:resolver:port-forwarder:tunnel-provider V] tunnelClient info 9170: ClientHmac negotiation: Server (hmac-sha2-512-etm@openssh.com, hmac-sha2-256-etm@openssh.com, hmac-sha2-512, hmac-sha2-256) Client (hmac-sha2-512-etm@openssh.com, hmac-sha2-256-etm@openssh.com, hmac-sha2-512, hmac-sha2-256) => hmac-sha2-512-etm@openssh.com
[Client:extension:f4d0:resolver:port-forwarder:tunnel-provider V] tunnelClient info 9170: ServerHmac negotiation: Server (hmac-sha2-512-etm@openssh.com, hmac-sha2-256-etm@openssh.com, hmac-sha2-512, hmac-sha2-256) Client (hmac-sha2-512-etm@openssh.com, hmac-sha2-256-etm@openssh.com, hmac-sha2-512, hmac-sha2-256) => hmac-sha2-512-etm@openssh.com
[Client:extension:f4d0:resolver:port-forwarder:tunnel-provider V] tunnelClient info 9170: ClientCompression negotiation: Server (none) Client (none) => none
[Client:extension:f4d0:resolver:port-forwarder:tunnel-provider V] tunnelClient info 9170: ServerCompression negotiation: Server (none) Client (none) => none
[Client:extension:f4d0:resolver:port-forwarder:tunnel-provider V] tunnelClient verbose 9101: Sending #1 KeyExchangeDhInitMessage
[Client:extension:f4d0:resolver:port-forwarder:tunnel-provider V] tunnelClient verbose 9102: Receiving #1 KeyExchangeDhReplyMessage
[Client:extension:f4d0:resolver:port-forwarder:tunnel-provider V] tunnelClient verbose 9112: Server public key verification succeeded.
[Client:extension:f4d0:resolver:port-forwarder:tunnel-provider V] tunnelClient verbose 9101: Sending #2 NewKeysMessage
[Client:extension:f4d0:resolver:port-forwarder:tunnel-provider V] tunnelClient verbose 9102: Receiving #2 NewKeysMessage
[Client:extension:f4d0:resolver:port-forwarder:tunnel-provider V] tunnelClient verbose 9101: Sending #3 ExtensionInfoMessage (server-sig-algs=rsa-sha2-512,rsa-sha2-256,ecdsa-sha2-nistp384,ecdsa-sha2-nistp256; open-channel-request@microsoft.com; session-reconnect@microsoft.com)
[Client:extension:f4d0:resolver:port-forwarder:tunnel-provider V] tunnelClient info 9110: SshClientSession encrypted.
[Client:extension:f4d0:resolver:port-forwarder:tunnel-provider V] tunnelClient info 9111: SshClientSession Authenticating([ecdsa-sha2-nistp384])
[Client:extension:f4d0:resolver:port-forwarder:tunnel-provider V] tunnelClient verbose 0: Verified host identity with public key AAAAE2VjZHNhLXNoYTItbmlzdHAzODQAAAAIbmlzdHAzODQAAABhBImaaQgfTJaGAe7n6j5rLsY++jMITNvoWdCfe86QrGSN+X49z4abPWngEI0aCnWjDtN22NUlVu0KMph9hRE6Jo+dBVKMP8jpk0EmAGbsedyKBRXxTa8IDcZ8A9ew5nti/Q==
[Client:extension:f4d0:resolver:port-forwarder:tunnel-provider V] tunnelClient info 9112: SshClientSession server authenticated.
[Client:extension:f4d0:resolver:port-forwarder:tunnel-provider V] tunnelClient verbose 9101: Sending #4 ServiceRequestMessage
[Client:extension:f4d0:resolver:port-forwarder:tunnel-provider V] tunnelClient verbose 9101: Sending #5 AuthenticationRequestMessage (Method: none, Username: tunnel)
[Client:extension:f4d0:resolver:port-forwarder:tunnel-provider V] tunnelClient verbose 9102: Receiving #3 ExtensionInfoMessage (open-channel-request@microsoft.com; server-sig-algs=rsa-sha2-512,rsa-sha2-256,ecdsa-sha2-nistp384,ecdsa-sha2-nistp256; session-latency@microsoft.com; session-reconnect@microsoft.com)
[Client:extension:f4d0:resolver:port-forwarder:tunnel-provider V] tunnelClient verbose 9101: Sending #6 SessionRequestMessage (requestType=enable-session-reconnect@microsoft.com)
[Client:extension:f4d0:resolver:port-forwarder:tunnel-provider V] tunnelClient verbose 9102: Receiving #4 SessionRequestMessage (requestType=enable-session-reconnect@microsoft.com)
[Client:extension:f4d0:resolver:port-forwarder:tunnel-provider V] tunnelClient verbose 9102: Receiving #5 ServiceAcceptMessage
[Client:extension:f4d0:resolver:port-forwarder:tunnel-provider V] tunnelClient verbose 9102: Receiving #6 AuthenticationSuccessMessage
[Client:extension:f4d0:resolver:port-forwarder:tunnel-provider V] tunnelClient info 9112: SshClientSession client authenticated.
[Client:extension:f4d0:resolver:port-forwarder:tunnel-provider I] Tunnel client connected, is reconnect: true
[Client:extension:f4d0:resolver I] Initializing RPC client
[Client:extension:f4d0:resolver:port-forwarder:tunnel-provider V] Adding forwarded port 16635
[Client:extension:f4d0:resolver:port-forwarder:tunnel-provider V] tunnelClient verbose 9102: Receiving #7 SessionRequestMessage (requestType=tcpip-forward)
[Client:extension:f4d0:resolver:port-forwarder:tunnel-provider V] tunnelClient verbose 9101: Sending #7 PortForwardSuccessMessage (port=16634)
[Client:extension:f4d0:resolver:port-forwarder:tunnel-provider V] tunnelClient verbose 9102: Receiving #8 SessionRequestMessage (requestType=tcpip-forward)
[Client:extension:f4d0:resolver:port-forwarder:tunnel-provider V] tunnelClient verbose 9101: Sending #8 PortForwardSuccessMessage (port=16635)
[Client:extension:f4d0:resolver:port-forwarder:tunnel-provider V] Not opening workspace tunnel for internal port 16635
[Client:extension:f4d0:resolver:port-forwarder:tunnel-provider V] Added port: 16635
[Client:extension:f4d0:resolver I] Initializing browser-based codespace host service client
[Client:extension:f4d0:resolver I] Initializing browser-based VS Code server host service client
[Client:extension:f4d0:resolver I] Initializing browser-based Jupyter server host service client
[API:retries-left-2 I] making GET request for "https://api.github.com/user/codespaces/fantastic-space-waffle-v76qxwprrwgc4gw"
[API:retries-left-2 I] making GET request for "https://api.github.com/user/codespaces/fantastic-space-waffle-v76qxwprrwgc4gw"
[API:retries-left-2 I] making GET request for "https://api.github.com/user/codespaces/fantastic-space-waffle-v76qxwprrwgc4gw"
[API:retries-left-2 I] making GET request for "https://api.github.com/user/codespaces/fantastic-space-waffle-v76qxwprrwgc4gw"
[API:retries-left-2 I] making GET request for "https://api.github.com/user/codespaces/fantastic-space-waffle-v76qxwprrwgc4gw"
[EnvironmentPolling I] Finished polling fantastic-space-waffle-v76qxwprrwgc4gw: the predicate is true.
[RemoteExplorer I] Updating codespace performance info
[RemoteExplorer I] Updating codespace details
[Client V] resume duration: 18730 ms
[RemoteExplorer I] Updating codespace performance info
[RemoteExplorer I] Updating codespace details
[Client:extension:f4d0:resolver:resolve:1:check-codespace-state I] successfully started codespace
[Client:extension:f4d0:resolver:resolve:1:check-codespace-state I] codespace started
[RemoteExplorer I] Updating codespace performance info
[RemoteExplorer I] Updating codespace details
[Client:extension:f4d0:resolver:resolve:1:check-codespace-state I] vscode connection options: > object #0: {
  "token": "<1149:<redacted>>",
  "environmentId": "7b7348e7-6af3-4d12-b3e0-5df1e26002da",
  "workspaceId": "67201941C4241EDDDE57B958E1F4935CBDF8",
  "vsCodeCommit": "5437499feb04f7a586f677b155b039bc2b3669eb",
  "vsCodeQuality": "stable",
  "extensions": [
    "GitHub.codespaces",
    "GitHub.vscode-pull-request-github"
  ],
  "telemetry": true,
  "liveShareEndpoint": "https://prod.liveshare.vsengsaas.visualstudio.com/api/v1.2/",
  "connectionInfo": {
    "id": "67201941C4241EDDDE57B958E1F4935CBDF8",
    "relaySas": "<261:<redacted>>",
    "relayLink": "sb://vsls-prod-ins-asse-private-relay.servicebus.windows.net/0e47d4d5fd6a189ef6ce649a3672fe933deb--c3604f0b-cb2d-4bd6-8186-bdf5865218e1",
    "sessionToken": "<1149:<redacted>>",
    "hostPublicKeys": [
      "AAAAB3NzaC1yc2EAAAADAQABAAABAQCs12i3ZkcWspBZW0IvIkDkLJBX4Om3gEDE7EL6fUR9UYmv8ra81+pJiAy9Ex7n+gJojaTrIOJG85sJeqxXA3i7n+1o/7rnb9msKxQ2jVfa0o5PO+/lTCRB+fgstLiPVKTmB5oaQkLRaJqnuXDT0jFFvnUM3fbLoUWryhSRryANKgTFEN0LeqyBStXF+NRtje4dIJGf5QH+bBeRvDe7ONeunoR5zcGzgSZyif0hzGij97vMwZdLuO2oiD5HxR19CpmjsOvRsexHD60hGY645qiEa/9eEP++JzRRYRJJ16ACDn83SGHekxXacK51aMPlbKN0KSo0uucHJBz0LERqBnhh"
    ],
    "tunnelProperties": {
      "tunnelId": "happy-mountain-6c1jgnx",
      "clusterId": "asse",
      "domain": "app.github.dev",
      "connectAccessToken": "<393:<redacted>>",
      "managePortsAccessToken": "<400:<redacted>>",
      "serviceUri": "https://global.rel.tunnels.api.visualstudio.com/"
    }
  }
}
[Client:extension:f4d0:resolver:resolve:1 I] Progress: Connecting to codespace...
[Client:extension:f4d0:resolver:codespaces-internal-transport V] Received request for StartRemoteServerAsync from client
[Client:extension:f4d0:resolver:port-forwarder:tunnel-provider I] Getting stream from port 16635 with protocol https
[Client:extension:f4d0:resolver:port-forwarder:tunnel-provider I] Creating or reusing https/16635 with privacy 'undefined', attempt 0
[Client:extension:f4d0:resolver:port-forwarder:tunnel-provider I] https/16635 already exists with privacy 'private' so reusing the existing port
[Client:extension:f4d0:resolver:codespaces-internal-transport V] Sending message of size 111 bytes to server
[Client:extension:f4d0:resolver:codespaces-internal-transport V] Finished sending request to server
[Client:extension:f4d0:resolver:port-forwarder:tunnel-provider V] tunnelClient verbose 0: Waiting for forwarded port 16635
[Client:extension:f4d0:resolver:port-forwarder:tunnel-provider V] tunnelClient verbose 0: Forwarded port 16635 is ready.
[Client:extension:f4d0:resolver:port-forwarder:tunnel-provider V] tunnelClient verbose 9101: Sending #9 PortForwardChannelOpenMessage(channelType=forwarded-tcpip, senderChannel=1) (host=127.0.0.1 port=16635)
[Client:extension:f4d0:resolver:port-forwarder:tunnel-provider V] tunnelClient verbose 9102: Receiving #9 ChannelOpenConfirmationMessage (recipientChannel=1)(senderChannel=0)
[Client:extension:f4d0:resolver:port-forwarder:tunnel-provider V] tunnelClient info 9154: PortForwardingService opened forwarded-tcpip channel #1 for 127.0.0.1:16635.
[Client:extension:f4d0:resolver:port-forwarder:tunnel-provider V] tunnelClient verbose 9102: Receiving #13 ChannelCloseMessage (recipientChannel=1)
[Client:extension:f4d0:resolver:port-forwarder:tunnel-provider V] tunnelClient info 9123: SshChannel(Type: forwarded-tcpip, Id: 1, RemoteId: 0) closed remotely. (S: 384, R: 241)
[Client:extension:f4d0:resolver:codespaces-internal-transport V] Sending end event to client
[Client:extension:f4d0:resolver I] Executed start-remote-server using gRPC
[Client:extension:f4d0:resolver:port-forwarder:tunnel-provider V] Adding forwarded port 43703
[Client:extension:f4d0:resolver:port-forwarder:tunnel-provider E] Failed to get tunnel port> object #0: Tunnel service error: Not Found code:ERR_BAD_REQUEST
  at settle (/home/j/.vscode/extensions/node_modules/axios/dist/node/axios.cjs:1970:12)
  at IncomingMessage.handleStreamEnd (/home/j/.vscode/extensions/node_modules/axios/dist/node/axios.cjs:3069:11)
  at IncomingMessage.emit (node:events:526:35)
  at endReadableNT (node:internal/streams/readable:1408:12)
  at processTicksAndRejections (node:internal/process/task_queues:82:21)
[Client:extension:f4d0:resolver:port-forwarder:tunnel-provider I] Creating or reusing https/43703 with privacy 'private', attempt 0
[Client:extension:f4d0:resolver:port-forwarder:tunnel-provider V] tunnelClient verbose 9101: Sending #12 SessionRequestMessage (requestType=RefreshPorts)
[Client:extension:f4d0:resolver:port-forwarder:tunnel-provider V] tunnelClient verbose 9102: Receiving #14 SessionRequestMessage (requestType=tcpip-forward)
[Client:extension:f4d0:resolver:port-forwarder:tunnel-provider V] tunnelClient verbose 9101: Sending #13 PortForwardSuccessMessage (port=43703)
[Client:extension:f4d0:resolver:port-forwarder:tunnel-provider V] tunnelClient verbose 9102: Receiving #15 SessionRequestSuccessMessage
[Client:extension:f4d0:resolver:port-forwarder:tunnel-provider I] Created port https/43703 with privacy 'private'
[Client:extension:f4d0:resolver:port-forwarder:tunnel-provider I] Forwarding port 43703 locally
[Client:extension:f4d0:resolver:port-forwarder:tunnel-provider V] subscribing to onDispose event
[Client:extension:f4d0:resolver:port-forwarder:tunnel-provider:local-port-forwarder[43703] V] subscribing to onDispose event
[Client:extension:f4d0:resolver:port-forwarder:tunnel-provider:local-port-forwarder[43703] I] Starting local TCP server on port 43703 for remote port 43703
[Client:extension:f4d0:resolver:port-forwarder:tunnel-provider:local-port-forwarder[43703] I] Attempting to listen to 127.0.0.1:43703
[Client:extension:f4d0:resolver:port-forwarder:tunnel-provider:local-port-forwarder[43703] I] Listening on local port 43703
[Client:extension:f4d0:resolver:port-forwarder:tunnel-provider:local-port-forwarder[43703] I] Server started on port 43703
[Client:extension:f4d0:resolver:port-forwarder:tunnel-provider I] Using local port 43703
[Client:extension:f4d0:resolver:port-forwarder:tunnel-provider I] Setting main connection reference for remote port 43703 to local port 43703
[Client:extension:f4d0:resolver:port-forwarder:tunnel-provider V] subscribing to onDispose event
[Client:extension:f4d0:resolver:port-forwarder:tunnel-provider V] Reviving ports...
[Client:extension:f4d0:resolver:port-forwarder:tunnel-provider V] Not opening workspace tunnel for internal port 16634
[Client:extension:f4d0:resolver:port-forwarder:tunnel-provider V] Revived port: 16634
[Client:extension:f4d0:resolver:port-forwarder:tunnel-provider V] Not opening workspace tunnel for internal port 16635
[Client:extension:f4d0:resolver:port-forwarder:tunnel-provider V] Revived port: 16635
[Client:extension:f4d0:resolver:port-forwarder:tunnel-provider V] Not opening workspace tunnel for internal port 43703
[Client:extension:f4d0:resolver:port-forwarder:tunnel-provider V] Revived port: 43703
[Client:extension:f4d0:resolver:port-forwarder:tunnel-provider V] subscribing to onDispose event
[Client:extension:f4d0:resolver:resolve:1 I] vscode server remote port: "43703", local port: "43703"}
[Client V] connect duration: 23456 ms
[Client:extension:f4d0:resolver:resolve:1 I] Progress: Done
[Client:extension:f4d0:resolver:codespaces-internal-transport V] Received request for EventStream from client
[Client:extension:f4d0:resolver:port-forwarder:tunnel-provider I] Getting stream from port 16635 with protocol https
[Client:extension:f4d0:resolver:port-forwarder:tunnel-provider I] Creating or reusing https/16635 with privacy 'undefined', attempt 0
[Client:extension:f4d0:resolver:port-forwarder:tunnel-provider I] https/16635 already exists with privacy 'private' so reusing the existing port
[Client:extension:f4d0:resolver:codespaces-internal-transport V] Sending message of size 5 bytes to server
[Client:extension:f4d0:resolver:codespaces-internal-transport V] Finished sending request to server
[Client:extension:f4d0:resolver I] Subscribed to event stream
[Client:extension:f4d0:resolver:resolve:1:background-tasks I] launching background configuration tasks
[Client:extension:f4d0:resolver:resolve:1:background-tasks:post-attach-command-manager I] PostAttachCommandManager: addEnvironmentConfiguredEventCallback()
[Client:extension:f4d0:resolver:resolve:1:background-tasks:post-attach-command-manager V] subscribing to onDispose event
[Client:extension:f4d0:resolver:resolve:1:background-tasks I] no max idle timeout notice
[Client:extension:f4d0:resolver:resolve:1:background-tasks V] checking correctness of the codespace session path> object #0: [
  {
    "uri": {
      "$mid": 1,
      "external": "vscode-remote://codespaces%2Bfantastic-space-waffle-v76qxwprrwgc4gw/workspaces/85962938",
      "path": "/workspaces/85962938",
      "scheme": "vscode-remote",
      "authority": "codespaces+fantastic-space-waffle-v76qxwprrwgc4gw"
    },
    "name": "<8:<redacted>>",
    "index": 0
  }
]
[Client:extension:f4d0:resolver:codespaces-internal-transport V] Received request for IsRecoveryContainerAsync from client
[Client:extension:f4d0:resolver:port-forwarder:tunnel-provider I] Getting stream from port 16635 with protocol https
[Client:extension:f4d0:resolver:port-forwarder:tunnel-provider I] Creating or reusing https/16635 with privacy 'undefined', attempt 0
[Client:extension:f4d0:resolver:port-forwarder:tunnel-provider I] https/16635 already exists with privacy 'private' so reusing the existing port
[Client:extension:f4d0:resolver:codespaces-internal-transport V] Sending message of size 5 bytes to server
[Client:extension:f4d0:resolver:codespaces-internal-transport V] Finished sending request to server
[Client:extension:f4d0:resolver:resolve:1:background-tasks I] starting activity monitor, isRunningInWeb: "false"
[Client:extension:f4d0:resolver:resolve:1:background-tasks:activity-monitor:vscode-activity-provider I] isRunningInWeb: false
[Client:extension:f4d0:resolver:resolve:1:background-tasks:activity-monitor:vscode-activity-provider I] starting activity monitor
[Client:extension:f4d0:resolver:resolve:1:background-tasks:activity-monitor:vscode-activity-provider V] sending activity heartbeat
[Client:extension:f4d0:resolver:codespaces-internal-transport V] Received request for NotifyCodespaceOfClientActivity from client
[Client:extension:f4d0:resolver:port-forwarder:tunnel-provider I] Getting stream from port 16635 with protocol https
[Client:extension:f4d0:resolver:port-forwarder:tunnel-provider I] Creating or reusing https/16635 with privacy 'undefined', attempt 0
[Client:extension:f4d0:resolver:port-forwarder:tunnel-provider I] https/16635 already exists with privacy 'private' so reusing the existing port
[Client:extension:f4d0:resolver:codespaces-internal-transport V] Sending message of size 44 bytes to server
[Client:extension:f4d0:resolver:codespaces-internal-transport V] Finished sending request to server
[Client:extension:f4d0:resolver:codespaces-internal-transport V] Received request for GetContainerPersistedFolderPath from client
[Client:extension:f4d0:resolver:port-forwarder:tunnel-provider I] Getting stream from port 16635 with protocol https
[Client:extension:f4d0:resolver:port-forwarder:tunnel-provider I] Creating or reusing https/16635 with privacy 'undefined', attempt 0
[Client:extension:f4d0:resolver:port-forwarder:tunnel-provider I] https/16635 already exists with privacy 'private' so reusing the existing port
[Client:extension:f4d0:resolver:codespaces-internal-transport V] Sending message of size 5 bytes to server
[Client:extension:f4d0:resolver:codespaces-internal-transport V] Finished sending request to server
[Client:extension:f4d0:resolver:codespaces-internal-transport V] Received request for GetContainerPersistedFolderPath from client
[Client:extension:f4d0:resolver:port-forwarder:tunnel-provider I] Getting stream from port 16635 with protocol https
[Client:extension:f4d0:resolver:port-forwarder:tunnel-provider I] Creating or reusing https/16635 with privacy 'undefined', attempt 0
[Client:extension:f4d0:resolver:port-forwarder:tunnel-provider I] https/16635 already exists with privacy 'private' so reusing the existing port
[Client:extension:f4d0:resolver:codespaces-internal-transport V] Sending message of size 5 bytes to server
[Client:extension:f4d0:resolver:codespaces-internal-transport V] Finished sending request to server
[Client:extension:f4d0:resolver:codespaces-internal-transport V] Received request for GetContainerPersistedFolderPath from client
[Client:extension:f4d0:resolver:port-forwarder:tunnel-provider I] Getting stream from port 16635 with protocol https
[Client:extension:f4d0:resolver:port-forwarder:tunnel-provider I] Creating or reusing https/16635 with privacy 'undefined', attempt 0
[Client:extension:f4d0:resolver:port-forwarder:tunnel-provider I] https/16635 already exists with privacy 'private' so reusing the existing port
[Client:extension:f4d0:resolver:codespaces-internal-transport V] Sending message of size 5 bytes to server
[Client:extension:f4d0:resolver:codespaces-internal-transport V] Finished sending request to server
[Client:extension:f4d0:resolver:codespaces-internal-transport V] Received request for ConfigureEnvironmentAsync from client
[Client:extension:f4d0:resolver:port-forwarder:tunnel-provider I] Getting stream from port 16635 with protocol https
[Client:extension:f4d0:resolver:port-forwarder:tunnel-provider I] Creating or reusing https/16635 with privacy 'undefined', attempt 0
[Client:extension:f4d0:resolver:port-forwarder:tunnel-provider I] https/16635 already exists with privacy 'private' so reusing the existing port
[Client:extension:f4d0:resolver:codespaces-internal-transport V] Sending message of size 5 bytes to server
[Client:extension:f4d0:resolver:codespaces-internal-transport V] Finished sending request to server
[Client:extension:f4d0:resolver:resolve:1:background-tasks:openDefaultFiles I] Skipping openFiles because it's not the first activation
[Client:extension:f4d0:resolver:port-forwarder:tunnel-provider V] tunnelClient verbose 0: Waiting for forwarded port 16635
[Client:extension:f4d0:resolver:port-forwarder:tunnel-provider V] tunnelClient verbose 0: Waiting for forwarded port 16635
[Client:extension:f4d0:resolver:port-forwarder:tunnel-provider V] tunnelClient verbose 0: Waiting for forwarded port 16635
[Client:extension:f4d0:resolver:port-forwarder:tunnel-provider V] tunnelClient verbose 0: Waiting for forwarded port 16635
[Client:extension:f4d0:resolver:port-forwarder:tunnel-provider V] tunnelClient verbose 0: Waiting for forwarded port 16635
[Client:extension:f4d0:resolver:port-forwarder:tunnel-provider V] tunnelClient verbose 0: Waiting for forwarded port 16635
[Client:extension:f4d0:resolver:port-forwarder:tunnel-provider V] tunnelClient verbose 0: Forwarded port 16635 is ready.
[Client:extension:f4d0:resolver:port-forwarder:tunnel-provider V] tunnelClient verbose 0: Forwarded port 16635 is ready.
[Client:extension:f4d0:resolver:port-forwarder:tunnel-provider V] tunnelClient verbose 0: Forwarded port 16635 is ready.
[Client:extension:f4d0:resolver:port-forwarder:tunnel-provider V] tunnelClient verbose 0: Waiting for forwarded port 16635
[Client:extension:f4d0:resolver:port-forwarder:tunnel-provider V] tunnelClient verbose 0: Forwarded port 16635 is ready.
[Client:extension:f4d0:resolver:port-forwarder:tunnel-provider V] tunnelClient verbose 0: Forwarded port 16635 is ready.
[Client:extension:f4d0:resolver:port-forwarder:tunnel-provider V] tunnelClient verbose 0: Forwarded port 16635 is ready.
[Client:extension:f4d0:resolver:port-forwarder:tunnel-provider V] tunnelClient verbose 0: Forwarded port 16635 is ready.
[Client:extension:f4d0:resolver:port-forwarder:tunnel-provider V] tunnelClient verbose 9101: Sending #14 PortForwardChannelOpenMessage(channelType=forwarded-tcpip, senderChannel=2) (host=127.0.0.1 port=16635)
[Client:extension:f4d0:resolver:port-forwarder:tunnel-provider V] tunnelClient verbose 9101: Sending #15 PortForwardChannelOpenMessage(channelType=forwarded-tcpip, senderChannel=3) (host=127.0.0.1 port=16635)
[Client:extension:f4d0:resolver:port-forwarder:tunnel-provider V] tunnelClient verbose 9101: Sending #16 PortForwardChannelOpenMessage(channelType=forwarded-tcpip, senderChannel=4) (host=127.0.0.1 port=16635)
[Client:extension:f4d0:resolver:port-forwarder:tunnel-provider V] tunnelClient verbose 9101: Sending #17 PortForwardChannelOpenMessage(channelType=forwarded-tcpip, senderChannel=5) (host=127.0.0.1 port=16635)
[Client:extension:f4d0:resolver:port-forwarder:tunnel-provider V] tunnelClient verbose 9101: Sending #18 PortForwardChannelOpenMessage(channelType=forwarded-tcpip, senderChannel=6) (host=127.0.0.1 port=16635)
[Client:extension:f4d0:resolver:port-forwarder:tunnel-provider V] tunnelClient verbose 9101: Sending #19 PortForwardChannelOpenMessage(channelType=forwarded-tcpip, senderChannel=7) (host=127.0.0.1 port=16635)
[Client:extension:f4d0:resolver:port-forwarder:tunnel-provider V] tunnelClient verbose 9101: Sending #20 PortForwardChannelOpenMessage(channelType=forwarded-tcpip, senderChannel=8) (host=127.0.0.1 port=16635)
[Client:extension:f4d0:resolver:port-forwarder:tunnel-provider I] Getting stream from port 43703 with protocol https
[Client:extension:f4d0:resolver:port-forwarder:tunnel-provider I] Creating or reusing https/43703 with privacy 'undefined', attempt 0
[Client:extension:f4d0:resolver:port-forwarder:tunnel-provider I] https/43703 already exists with privacy 'private' so reusing the existing port
[Client:extension:f4d0:resolver:port-forwarder:tunnel-provider V] tunnelClient verbose 0: Waiting for forwarded port 43703
[Client:extension:f4d0:resolver:port-forwarder:tunnel-provider V] tunnelClient verbose 0: Forwarded port 43703 is ready.
[Client:extension:f4d0:resolver:port-forwarder:tunnel-provider V] tunnelClient verbose 9101: Sending #21 PortForwardChannelOpenMessage(channelType=forwarded-tcpip, senderChannel=9) (host=127.0.0.1 port=43703)
[Client:extension:f4d0:resolver:port-forwarder:tunnel-provider V] tunnelClient verbose 9102: Receiving #16 ChannelOpenConfirmationMessage (recipientChannel=2)(senderChannel=1)
[Client:extension:f4d0:resolver:port-forwarder:tunnel-provider V] tunnelClient info 9154: PortForwardingService opened forwarded-tcpip channel #2 for 127.0.0.1:16635.
[Client:extension:f4d0:resolver:port-forwarder:tunnel-provider V] tunnelClient verbose 9102: Receiving #17 ChannelOpenConfirmationMessage (recipientChannel=3)(senderChannel=2)
[Client:extension:f4d0:resolver:port-forwarder:tunnel-provider V] tunnelClient info 9154: PortForwardingService opened forwarded-tcpip channel #3 for 127.0.0.1:16635.
[Client:extension:f4d0:resolver:port-forwarder:tunnel-provider V] tunnelClient verbose 9102: Receiving #18 ChannelOpenConfirmationMessage (recipientChannel=4)(senderChannel=3)
[Client:extension:f4d0:resolver:port-forwarder:tunnel-provider V] tunnelClient info 9154: PortForwardingService opened forwarded-tcpip channel #4 for 127.0.0.1:16635.
[Client:extension:f4d0:resolver:port-forwarder:tunnel-provider V] tunnelClient verbose 9102: Receiving #19 ChannelOpenConfirmationMessage (recipientChannel=5)(senderChannel=4)
[Client:extension:f4d0:resolver:port-forwarder:tunnel-provider V] tunnelClient info 9154: PortForwardingService opened forwarded-tcpip channel #5 for 127.0.0.1:16635.
[Client:extension:f4d0:resolver:port-forwarder:tunnel-provider V] tunnelClient verbose 9102: Receiving #20 ChannelOpenConfirmationMessage (recipientChannel=6)(senderChannel=5)
[Client:extension:f4d0:resolver:port-forwarder:tunnel-provider V] tunnelClient info 9154: PortForwardingService opened forwarded-tcpip channel #6 for 127.0.0.1:16635.
[Client:extension:f4d0:resolver:port-forwarder:tunnel-provider V] tunnelClient verbose 9102: Receiving #21 ChannelOpenConfirmationMessage (recipientChannel=7)(senderChannel=6)
[Client:extension:f4d0:resolver:port-forwarder:tunnel-provider V] tunnelClient info 9154: PortForwardingService opened forwarded-tcpip channel #7 for 127.0.0.1:16635.
[Client:extension:f4d0:resolver:port-forwarder:tunnel-provider V] tunnelClient verbose 9102: Receiving #22 ChannelOpenConfirmationMessage (recipientChannel=8)(senderChannel=7)
[Client:extension:f4d0:resolver:port-forwarder:tunnel-provider V] tunnelClient info 9154: PortForwardingService opened forwarded-tcpip channel #8 for 127.0.0.1:16635.
[Client:extension:f4d0:resolver:port-forwarder:tunnel-provider V] tunnelClient verbose 9102: Receiving #23 ChannelOpenConfirmationMessage (recipientChannel=9)(senderChannel=8)
[Client:extension:f4d0:resolver:port-forwarder:tunnel-provider V] tunnelClient info 9154: PortForwardingService opened forwarded-tcpip channel #9 for 127.0.0.1:43703.
[Client:extension:f4d0:resolver:port-forwarder:tunnel-provider V] tunnelClient verbose 9102: Receiving #25 ChannelCloseMessage (recipientChannel=3)
[Client:extension:f4d0:resolver:port-forwarder:tunnel-provider V] tunnelClient info 9123: SshChannel(Type: forwarded-tcpip, Id: 3, RemoteId: 2) closed remotely. (S: 272, R: 198)
[Client:extension:f4d0:resolver:codespaces-internal-transport V] Sending end event to client
[Client:extension:f4d0:resolver:resolve:1:background-tasks I] Executed is-recovery-container using gRPC
[Client:extension:f4d0:resolver:resolve:1:background-tasks V] not in recovery container
[Client:extension:f4d0:resolver I] Received event: Subscribed
[Client:extension:f4d0:resolver I] Client 666fe52f-3ca5-4817-8a6c-b3ba311d44f3 subscribed to event stream
[Client:extension:f4d0:resolver:port-forwarder:tunnel-provider V] tunnelClient verbose 9102: Receiving #31 ChannelCloseMessage (recipientChannel=7)
[Client:extension:f4d0:resolver:port-forwarder:tunnel-provider V] tunnelClient info 9123: SshChannel(Type: forwarded-tcpip, Id: 7, RemoteId: 6) closed remotely. (S: 279, R: 240)
[Client:extension:f4d0:resolver:codespaces-internal-transport V] Sending end event to client
[ResourceUsage I] Executed get-container-persisted-folder using gRPC
[ResourceUsage V] container folder path: "/workspaces/.codespaces/.persistedshare"
[ResourceUsage V] shared folder path: "/workspaces/.codespaces/shared/resource-usage.json"
[ResourceUsage V] shared file path: "vscode-remote:///workspaces/.codespaces/shared/resource-usage.json"
[ResourceUsage I] Starting monitor
[ResourceUsage I] Checking if the codespace connection exists
[Client:extension:f4d0:resolver:port-forwarder:tunnel-provider V] tunnelClient verbose 9102: Receiving #34 ChannelCloseMessage (recipientChannel=5)
[Client:extension:f4d0:resolver:port-forwarder:tunnel-provider V] tunnelClient info 9123: SshChannel(Type: forwarded-tcpip, Id: 5, RemoteId: 4) closed remotely. (S: 279, R: 240)
[Client:extension:f4d0:resolver:codespaces-internal-transport V] Sending end event to client
[Client:extension:f4d0:resolver:resolve:1:background-tasks I] Executed get-container-persisted-folder using gRPC
[Client:extension:f4d0:resolver:resolve:1:background-tasks V] container folder path: "/workspaces/.codespaces/.persistedshare"
[Client:extension:f4d0:resolver:resolve:1:background-tasks V] shared folder path: "/workspaces/.codespaces/shared/postCreateOutput.json"
[Client:extension:f4d0:resolver:resolve:1:background-tasks V] shared file path: "vscode-remote:///workspaces/.codespaces/shared/postCreateOutput.json"
[Client:extension:f4d0:resolver:port-forwarder:tunnel-provider V] tunnelClient verbose 9102: Receiving #35 ChannelCloseMessage (recipientChannel=4)
[Client:extension:f4d0:resolver:port-forwarder:tunnel-provider V] tunnelClient info 9123: SshChannel(Type: forwarded-tcpip, Id: 4, RemoteId: 3) closed remotely. (S: 319, R: 200)
[Client:extension:f4d0:resolver:codespaces-internal-transport V] Sending end event to client
[Client:extension:f4d0:resolver:resolve:1:background-tasks:activity-monitor:vscode-activity-provider I] Executed notify-codespace-of-client-activity using gRPC
[Client:extension:f4d0:resolver:resolve:1:background-tasks:activity-monitor:vscode-activity-provider I] Activity signal sent with result true
[Client:extension:f4d0:resolver:port-forwarder:tunnel-provider I] Getting stream from port 43703 with protocol https
[Client:extension:f4d0:resolver:port-forwarder:tunnel-provider I] Creating or reusing https/43703 with privacy 'undefined', attempt 0
[Client:extension:f4d0:resolver:port-forwarder:tunnel-provider I] https/43703 already exists with privacy 'private' so reusing the existing port
[Client:extension:f4d0:resolver:port-forwarder:tunnel-provider V] tunnelClient verbose 0: Waiting for forwarded port 43703
[Client:extension:f4d0:resolver:port-forwarder:tunnel-provider V] tunnelClient verbose 0: Forwarded port 43703 is ready.
[Client:extension:f4d0:resolver:port-forwarder:tunnel-provider V] tunnelClient verbose 9101: Sending #38 PortForwardChannelOpenMessage(channelType=forwarded-tcpip, senderChannel=10) (host=127.0.0.1 port=43703)
[Client:extension:f4d0:resolver:port-forwarder:tunnel-provider V] tunnelClient verbose 9102: Receiving #36 ChannelCloseMessage (recipientChannel=6)
[Client:extension:f4d0:resolver:port-forwarder:tunnel-provider V] tunnelClient info 9123: SshChannel(Type: forwarded-tcpip, Id: 6, RemoteId: 5) closed remotely. (S: 279, R: 240)
[Client:extension:f4d0:resolver:codespaces-internal-transport V] Sending end event to client
[Performance I] Executed get-container-persisted-folder using gRPC
[Client:extension:f4d0:resolver:port-forwarder:tunnel-provider V] tunnelClient verbose 9102: Receiving #37 ChannelCloseMessage (recipientChannel=8)
[Client:extension:f4d0:resolver:port-forwarder:tunnel-provider V] tunnelClient info 9123: SshChannel(Type: forwarded-tcpip, Id: 8, RemoteId: 7) closed remotely. (S: 273, R: 198)
[Client:extension:f4d0:resolver:codespaces-internal-transport V] Sending end event to client
[Client:extension:f4d0:resolver:resolve:1:background-tasks I] Executed configure-environment using gRPC
[Client:extension:f4d0:resolver:port-forwarder:tunnel-provider V] tunnelClient verbose 9102: Receiving #38 ChannelOpenConfirmationMessage (recipientChannel=10)(senderChannel=9)
[Client:extension:f4d0:resolver:port-forwarder:tunnel-provider V] tunnelClient info 9154: PortForwardingService opened forwarded-tcpip channel #10 for 127.0.0.1:43703.
[Client:extension:f4d0:resolver:port-forwarder:tunnel-provider I] Getting stream from port 43703 with protocol https
[Client:extension:f4d0:resolver:port-forwarder:tunnel-provider I] Creating or reusing https/43703 with privacy 'undefined', attempt 0
[Client:extension:f4d0:resolver:port-forwarder:tunnel-provider I] https/43703 already exists with privacy 'private' so reusing the existing port
[Client:extension:f4d0:resolver:port-forwarder:tunnel-provider V] tunnelClient verbose 0: Waiting for forwarded port 43703
[Client:extension:f4d0:resolver:port-forwarder:tunnel-provider V] tunnelClient verbose 0: Forwarded port 43703 is ready.
[Client:extension:f4d0:resolver:port-forwarder:tunnel-provider V] tunnelClient verbose 9101: Sending #50 PortForwardChannelOpenMessage(channelType=forwarded-tcpip, senderChannel=11) (host=127.0.0.1 port=43703)
[Client:extension:f4d0:resolver:port-forwarder:tunnel-provider I] Getting stream from port 43703 with protocol https
[Client:extension:f4d0:resolver:port-forwarder:tunnel-provider I] Creating or reusing https/43703 with privacy 'undefined', attempt 0
[Client:extension:f4d0:resolver:port-forwarder:tunnel-provider I] https/43703 already exists with privacy 'private' so reusing the existing port
[Client:extension:f4d0:resolver:port-forwarder:tunnel-provider V] tunnelClient verbose 0: Waiting for forwarded port 43703
[Client:extension:f4d0:resolver:port-forwarder:tunnel-provider V] tunnelClient verbose 0: Forwarded port 43703 is ready.
[Client:extension:f4d0:resolver:port-forwarder:tunnel-provider V] tunnelClient verbose 9101: Sending #51 PortForwardChannelOpenMessage(channelType=forwarded-tcpip, senderChannel=12) (host=127.0.0.1 port=43703)
[Client:extension:f4d0:resolver:port-forwarder:tunnel-provider I] Getting stream from port 43703 with protocol https
[Client:extension:f4d0:resolver:port-forwarder:tunnel-provider I] Creating or reusing https/43703 with privacy 'undefined', attempt 0
[Client:extension:f4d0:resolver:port-forwarder:tunnel-provider I] https/43703 already exists with privacy 'private' so reusing the existing port
[Client:extension:f4d0:resolver:port-forwarder:tunnel-provider V] tunnelClient verbose 0: Waiting for forwarded port 43703
[Client:extension:f4d0:resolver:port-forwarder:tunnel-provider V] tunnelClient verbose 0: Forwarded port 43703 is ready.
[Client:extension:f4d0:resolver:port-forwarder:tunnel-provider V] tunnelClient verbose 9101: Sending #52 PortForwardChannelOpenMessage(channelType=forwarded-tcpip, senderChannel=13) (host=127.0.0.1 port=43703)
[Client:extension:f4d0:resolver:port-forwarder:tunnel-provider I] Getting stream from port 43703 with protocol https
[Client:extension:f4d0:resolver:port-forwarder:tunnel-provider I] Creating or reusing https/43703 with privacy 'undefined', attempt 0
[Client:extension:f4d0:resolver:port-forwarder:tunnel-provider I] https/43703 already exists with privacy 'private' so reusing the existing port
[Client:extension:f4d0:resolver:port-forwarder:tunnel-provider V] tunnelClient verbose 0: Waiting for forwarded port 43703
[Client:extension:f4d0:resolver:port-forwarder:tunnel-provider V] tunnelClient verbose 0: Forwarded port 43703 is ready.
[Client:extension:f4d0:resolver:port-forwarder:tunnel-provider V] tunnelClient verbose 9101: Sending #53 PortForwardChannelOpenMessage(channelType=forwarded-tcpip, senderChannel=14) (host=127.0.0.1 port=43703)
[Client:extension:f4d0:resolver:port-forwarder:tunnel-provider V] tunnelClient verbose 9101: Sending #54 ChannelWindowAdjustMessage (recipientChannel=8) (bytesToAdd=524878)
[Client:extension:f4d0:resolver:port-forwarder:tunnel-provider V] tunnelClient verbose 9102: Receiving #176 ChannelOpenConfirmationMessage (recipientChannel=11)(senderChannel=10)
[Client:extension:f4d0:resolver:port-forwarder:tunnel-provider V] tunnelClient info 9154: PortForwardingService opened forwarded-tcpip channel #11 for 127.0.0.1:43703.
[Client:extension:f4d0:resolver:port-forwarder:tunnel-provider V] tunnelClient verbose 9102: Receiving #189 ChannelOpenConfirmationMessage (recipientChannel=12)(senderChannel=11)
[Client:extension:f4d0:resolver:port-forwarder:tunnel-provider V] tunnelClient info 9154: PortForwardingService opened forwarded-tcpip channel #12 for 127.0.0.1:43703.
[Client:extension:f4d0:resolver:port-forwarder:tunnel-provider V] tunnelClient verbose 9102: Receiving #198 ChannelOpenConfirmationMessage (recipientChannel=13)(senderChannel=12)
[Client:extension:f4d0:resolver:port-forwarder:tunnel-provider V] tunnelClient info 9154: PortForwardingService opened forwarded-tcpip channel #13 for 127.0.0.1:43703.
[Client:extension:f4d0:resolver:port-forwarder:tunnel-provider V] tunnelClient verbose 9102: Receiving #199 ChannelOpenConfirmationMessage (recipientChannel=14)(senderChannel=13)
[Client:extension:f4d0:resolver:port-forwarder:tunnel-provider V] tunnelClient info 9154: PortForwardingService opened forwarded-tcpip channel #14 for 127.0.0.1:43703.
[Client:extension:f4d0:resolver:port-forwarder:tunnel-provider V] tunnelClient verbose 9101: Sending #60 ChannelWindowAdjustMessage (recipientChannel=8) (bytesToAdd=527503)
[Performance I] Starting monitor
[Performance I] Checking if the codespace connection exists
[Client:extension:f4d0:resolver:port-forwarder:tunnel-provider V] tunnelClient verbose 9101: Sending #65 ChannelWindowAdjustMessage (recipientChannel=8) (bytesToAdd=530875)
[Client:extension:f4d0:resolver:port-forwarder:tunnel-provider V] tunnelClient verbose 9102: Receiving #360 ChannelWindowAdjustMessage (recipientChannel=10) (bytesToAdd=541138)
[Client:extension:f4d0:resolver:port-forwarder:tunnel-provider V] tunnelClient verbose 9101: Sending #136 ChannelWindowAdjustMessage (recipientChannel=8) (bytesToAdd=528279)
[Client:extension:f4d0:resolver:port-forwarder:tunnel-provider V] tunnelClient verbose 9101: Sending #191 ChannelWindowAdjustMessage (recipientChannel=8) (bytesToAdd=524507)
[Client:extension:f4d0:resolver:port-forwarder:tunnel-provider V] tunnelClient verbose 9102: Receiving #583 ChannelCloseMessage (recipientChannel=11)
[Client:extension:f4d0:resolver:port-forwarder:tunnel-provider V] tunnelClient info 9123: SshChannel(Type: forwarded-tcpip, Id: 11, RemoteId: 10) closed remotely. (S: 655, R: 1966)
[Client:extension:f4d0:resolver:port-forwarder:tunnel-provider V] tunnelClient verbose 9102: Receiving #584 ChannelCloseMessage (recipientChannel=12)
[Client:extension:f4d0:resolver:port-forwarder:tunnel-provider V] tunnelClient info 9123: SshChannel(Type: forwarded-tcpip, Id: 12, RemoteId: 11) closed remotely. (S: 655, R: 81858)
[Client:extension:f4d0:resolver:port-forwarder:tunnel-provider V] tunnelClient verbose 9102: Receiving #585 ChannelCloseMessage (recipientChannel=13)
[Client:extension:f4d0:resolver:port-forwarder:tunnel-provider V] tunnelClient info 9123: SshChannel(Type: forwarded-tcpip, Id: 13, RemoteId: 12) closed remotely. (S: 676, R: 3699)
[Client:extension:f4d0:resolver:port-forwarder:tunnel-provider V] tunnelClient verbose 9102: Receiving #586 ChannelCloseMessage (recipientChannel=14)
[Client:extension:f4d0:resolver:port-forwarder:tunnel-provider V] tunnelClient info 9123: SshChannel(Type: forwarded-tcpip, Id: 14, RemoteId: 13) closed remotely. (S: 684, R: 1056)
[Client:extension:f4d0:resolver:port-forwarder:tunnel-provider I] Tunnel factory called> object #0: {
  "remoteAddress": {
    "host": "0:0:0:0:0:0:0:0",
    "port": 1337
  },
  "localAddressPort": 1337
}
> object #1: {
  "elevationRequired": false
}
[Client:extension:f4d0:resolver:port-forwarder:tunnel-provider I] Creating or reusing http/1337 with privacy 'undefined', attempt 0
[Client:extension:f4d0:resolver:port-forwarder:tunnel-provider V] tunnelClient verbose 9101: Sending #296 SessionRequestMessage (requestType=RefreshPorts)
[Client:extension:f4d0:resolver:port-forwarder:tunnel-provider V] tunnelClient verbose 9102: Receiving #633 SessionRequestMessage (requestType=tcpip-forward)
[Client:extension:f4d0:resolver:port-forwarder:tunnel-provider V] Received port added event for port 1337
[Client:extension:f4d0:resolver:port-forwarder:tunnel-provider V] Adding forwarded port 1337
[Client:extension:f4d0:resolver:port-forwarder:tunnel-provider V] Forwarded port 1337 already exists
[Client:extension:f4d0:resolver:port-forwarder:tunnel-provider V] tunnelClient verbose 9101: Sending #299 PortForwardSuccessMessage (port=1337)
[Client:extension:f4d0:resolver:port-forwarder:tunnel-provider V] tunnelClient verbose 9102: Receiving #635 SessionRequestSuccessMessage
[Client:extension:f4d0:resolver:port-forwarder:tunnel-provider I] Created port http/1337 with privacy 'private'
[Client:extension:f4d0:resolver:port-forwarder:tunnel-provider I] Accepting local connections for port 1337
[Client:extension:f4d0:resolver:port-forwarder:tunnel-provider I] Forwarding port locally
[Client:extension:f4d0:resolver:port-forwarder:tunnel-provider I] Forwarding port 1337 locally
[Client:extension:f4d0:resolver:port-forwarder:tunnel-provider V] subscribing to onDispose event
[Client:extension:f4d0:resolver:port-forwarder:tunnel-provider:local-port-forwarder[1337] V] subscribing to onDispose event
[Client:extension:f4d0:resolver:port-forwarder:tunnel-provider:local-port-forwarder[1337] I] Starting local TCP server on port 1337 for remote port 1337
[Client:extension:f4d0:resolver:port-forwarder:tunnel-provider:local-port-forwarder[1337] I] Attempting to listen to 127.0.0.1:1337
[Client:extension:f4d0:resolver:port-forwarder:tunnel-provider:local-port-forwarder[1337] I] Listening on local port 1337
[Client:extension:f4d0:resolver:port-forwarder:tunnel-provider:local-port-forwarder[1337] I] Server started on port 1337
[Client:extension:f4d0:resolver:port-forwarder:tunnel-provider I] Using local port 1337
[Client:extension:f4d0:resolver:codespaces-internal-transport V] Received request for GetPerformanceDataAsync from client
[Client:extension:f4d0:resolver:port-forwarder:tunnel-provider I] Getting stream from port 16635 with protocol https
[Client:extension:f4d0:resolver:port-forwarder:tunnel-provider I] Creating or reusing https/16635 with privacy 'undefined', attempt 0
[Client:extension:f4d0:resolver:port-forwarder:tunnel-provider I] https/16635 already exists with privacy 'private' so reusing the existing port
[Client:extension:f4d0:resolver:codespaces-internal-transport V] Sending message of size 5 bytes to server
[Client:extension:f4d0:resolver:codespaces-internal-transport V] Finished sending request to server
[Client:extension:f4d0:resolver:port-forwarder:tunnel-provider V] tunnelClient verbose 0: Waiting for forwarded port 16635
[Client:extension:f4d0:resolver:port-forwarder:tunnel-provider V] tunnelClient verbose 0: Forwarded port 16635 is ready.
[Client:extension:f4d0:resolver:port-forwarder:tunnel-provider V] tunnelClient verbose 9101: Sending #362 PortForwardChannelOpenMessage(channelType=forwarded-tcpip, senderChannel=15) (host=127.0.0.1 port=16635)
[Client:extension:f4d0:resolver:port-forwarder:tunnel-provider V] tunnelClient verbose 9102: Receiving #697 ChannelOpenConfirmationMessage (recipientChannel=15)(senderChannel=14)
[Client:extension:f4d0:resolver:port-forwarder:tunnel-provider V] tunnelClient info 9154: PortForwardingService opened forwarded-tcpip channel #15 for 127.0.0.1:16635.
[Client:extension:f4d0:resolver:port-forwarder:tunnel-provider V] tunnelClient verbose 9102: Receiving #699 ChannelCloseMessage (recipientChannel=15)
[Client:extension:f4d0:resolver:port-forwarder:tunnel-provider V] tunnelClient info 9123: SshChannel(Type: forwarded-tcpip, Id: 15, RemoteId: 14) closed remotely. (S: 271, R: 221)
[Client:extension:f4d0:resolver:codespaces-internal-transport V] Sending end event to client
[Performance I] Executed get-performance-data using gRPC
[Client:extension:f4d0:resolver:codespaces-internal-transport V] Received request for GetPerformanceDataAsync from client
[Client:extension:f4d0:resolver:port-forwarder:tunnel-provider I] Getting stream from port 16635 with protocol https
[Client:extension:f4d0:resolver:port-forwarder:tunnel-provider I] Creating or reusing https/16635 with privacy 'undefined', attempt 0
[Client:extension:f4d0:resolver:port-forwarder:tunnel-provider I] https/16635 already exists with privacy 'private' so reusing the existing port
[Client:extension:f4d0:resolver:codespaces-internal-transport V] Sending message of size 5 bytes to server
[Client:extension:f4d0:resolver:codespaces-internal-transport V] Finished sending request to server
[Client:extension:f4d0:resolver:port-forwarder:tunnel-provider V] tunnelClient verbose 0: Waiting for forwarded port 16635
[Client:extension:f4d0:resolver:port-forwarder:tunnel-provider V] tunnelClient verbose 0: Forwarded port 16635 is ready.
[Client:extension:f4d0:resolver:port-forwarder:tunnel-provider V] tunnelClient verbose 9101: Sending #380 PortForwardChannelOpenMessage(channelType=forwarded-tcpip, senderChannel=16) (host=127.0.0.1 port=16635)
[Client:extension:f4d0:resolver:port-forwarder:tunnel-provider V] tunnelClient verbose 9102: Receiving #715 ChannelOpenConfirmationMessage (recipientChannel=16)(senderChannel=15)
[Client:extension:f4d0:resolver:port-forwarder:tunnel-provider V] tunnelClient info 9154: PortForwardingService opened forwarded-tcpip channel #16 for 127.0.0.1:16635.
[Client:extension:f4d0:resolver:port-forwarder:tunnel-provider V] tunnelClient verbose 9102: Receiving #717 ChannelCloseMessage (recipientChannel=16)
[Client:extension:f4d0:resolver:port-forwarder:tunnel-provider V] tunnelClient info 9123: SshChannel(Type: forwarded-tcpip, Id: 16, RemoteId: 15) closed remotely. (S: 271, R: 213)
[Client:extension:f4d0:resolver:codespaces-internal-transport V] Sending end event to client
[Performance I] Executed get-performance-data using gRPC
[Client:extension:f4d0:resolver:codespaces-internal-transport V] Received request for GetPerformanceDataAsync from client
[Client:extension:f4d0:resolver:port-forwarder:tunnel-provider I] Getting stream from port 16635 with protocol https
[Client:extension:f4d0:resolver:port-forwarder:tunnel-provider I] Creating or reusing https/16635 with privacy 'undefined', attempt 0
[Client:extension:f4d0:resolver:port-forwarder:tunnel-provider I] https/16635 already exists with privacy 'private' so reusing the existing port
[Client:extension:f4d0:resolver:codespaces-internal-transport V] Sending message of size 5 bytes to server
[Client:extension:f4d0:resolver:codespaces-internal-transport V] Finished sending request to server
[Client:extension:f4d0:resolver:port-forwarder:tunnel-provider V] tunnelClient verbose 0: Waiting for forwarded port 16635
[Client:extension:f4d0:resolver:port-forwarder:tunnel-provider V] tunnelClient verbose 0: Forwarded port 16635 is ready.
[Client:extension:f4d0:resolver:port-forwarder:tunnel-provider V] tunnelClient verbose 9101: Sending #395 PortForwardChannelOpenMessage(channelType=forwarded-tcpip, senderChannel=17) (host=127.0.0.1 port=16635)
[Client:extension:f4d0:resolver:port-forwarder:tunnel-provider V] tunnelClient verbose 9102: Receiving #730 ChannelOpenConfirmationMessage (recipientChannel=17)(senderChannel=16)
[Client:extension:f4d0:resolver:port-forwarder:tunnel-provider V] tunnelClient info 9154: PortForwardingService opened forwarded-tcpip channel #17 for 127.0.0.1:16635.
[Client:extension:f4d0:resolver:port-forwarder:tunnel-provider V] tunnelClient verbose 9102: Receiving #733 ChannelCloseMessage (recipientChannel=17)
[Client:extension:f4d0:resolver:port-forwarder:tunnel-provider V] tunnelClient info 9123: SshChannel(Type: forwarded-tcpip, Id: 17, RemoteId: 16) closed remotely. (S: 271, R: 213)
[Client:extension:f4d0:resolver:codespaces-internal-transport V] Sending end event to client
[Performance I] Executed get-performance-data using gRPC
[Client:extension:f4d0:resolver:codespaces-internal-transport V] Received request for GetPerformanceDataAsync from client
[Client:extension:f4d0:resolver:port-forwarder:tunnel-provider I] Getting stream from port 16635 with protocol https
[Client:extension:f4d0:resolver:port-forwarder:tunnel-provider I] Creating or reusing https/16635 with privacy 'undefined', attempt 0
[Client:extension:f4d0:resolver:port-forwarder:tunnel-provider I] https/16635 already exists with privacy 'private' so reusing the existing port
[Client:extension:f4d0:resolver:codespaces-internal-transport V] Sending message of size 5 bytes to server
[Client:extension:f4d0:resolver:codespaces-internal-transport V] Finished sending request to server
[Client:extension:f4d0:resolver:port-forwarder:tunnel-provider V] tunnelClient verbose 0: Waiting for forwarded port 16635
[Client:extension:f4d0:resolver:port-forwarder:tunnel-provider V] tunnelClient verbose 0: Forwarded port 16635 is ready.
[Client:extension:f4d0:resolver:port-forwarder:tunnel-provider V] tunnelClient verbose 9101: Sending #412 PortForwardChannelOpenMessage(channelType=forwarded-tcpip, senderChannel=18) (host=127.0.0.1 port=16635)
[Client:extension:f4d0:resolver:port-forwarder:tunnel-provider V] tunnelClient verbose 9102: Receiving #748 ChannelOpenConfirmationMessage (recipientChannel=18)(senderChannel=17)
[Client:extension:f4d0:resolver:port-forwarder:tunnel-provider V] tunnelClient info 9154: PortForwardingService opened forwarded-tcpip channel #18 for 127.0.0.1:16635.
[Client:extension:f4d0:resolver:port-forwarder:tunnel-provider V] tunnelClient verbose 9102: Receiving #751 ChannelCloseMessage (recipientChannel=18)
[Client:extension:f4d0:resolver:port-forwarder:tunnel-provider V] tunnelClient info 9123: SshChannel(Type: forwarded-tcpip, Id: 18, RemoteId: 17) closed remotely. (S: 271, R: 213)
[Client:extension:f4d0:resolver:codespaces-internal-transport V] Sending end event to client
[Performance I] Executed get-performance-data using gRPC
[Client:extension:f4d0:resolver:resolve:1:background-tasks:activity-monitor:vscode-activity-provider V] sending activity heartbeat
[Client:extension:f4d0:resolver:codespaces-internal-transport V] Received request for NotifyCodespaceOfClientActivity from client
[Client:extension:f4d0:resolver:port-forwarder:tunnel-provider I] Getting stream from port 16635 with protocol https
[Client:extension:f4d0:resolver:port-forwarder:tunnel-provider I] Creating or reusing https/16635 with privacy 'undefined', attempt 0
[Client:extension:f4d0:resolver:port-forwarder:tunnel-provider I] https/16635 already exists with privacy 'private' so reusing the existing port
[Client:extension:f4d0:resolver:codespaces-internal-transport V] Sending message of size 93 bytes to server
[Client:extension:f4d0:resolver:codespaces-internal-transport V] Finished sending request to server
[Client:extension:f4d0:resolver:port-forwarder:tunnel-provider V] tunnelClient verbose 0: Waiting for forwarded port 16635
[Client:extension:f4d0:resolver:port-forwarder:tunnel-provider V] tunnelClient verbose 0: Forwarded port 16635 is ready.
[Client:extension:f4d0:resolver:port-forwarder:tunnel-provider V] tunnelClient verbose 9101: Sending #422 PortForwardChannelOpenMessage(channelType=forwarded-tcpip, senderChannel=19) (host=127.0.0.1 port=16635)
[Client:extension:f4d0:resolver:port-forwarder:tunnel-provider V] tunnelClient verbose 9102: Receiving #759 ChannelOpenConfirmationMessage (recipientChannel=19)(senderChannel=18)
[Client:extension:f4d0:resolver:port-forwarder:tunnel-provider V] tunnelClient info 9154: PortForwardingService opened forwarded-tcpip channel #19 for 127.0.0.1:16635.
[Client:extension:f4d0:resolver:port-forwarder:tunnel-provider V] tunnelClient verbose 9102: Receiving #762 ChannelCloseMessage (recipientChannel=19)
[Client:extension:f4d0:resolver:port-forwarder:tunnel-provider V] tunnelClient info 9123: SshChannel(Type: forwarded-tcpip, Id: 19, RemoteId: 18) closed remotely. (S: 368, R: 200)
[Client:extension:f4d0:resolver:codespaces-internal-transport V] Sending end event to client
[Client:extension:f4d0:resolver:resolve:1:background-tasks:activity-monitor:vscode-activity-provider I] Executed notify-codespace-of-client-activity using gRPC
[Client:extension:f4d0:resolver:resolve:1:background-tasks:activity-monitor:vscode-activity-provider I] Activity signal sent with result true
[Client:extension:f4d0:resolver:codespaces-internal-transport V] Received request for GetPerformanceDataAsync from client
[Client:extension:f4d0:resolver:port-forwarder:tunnel-provider I] Getting stream from port 16635 with protocol https
[Client:extension:f4d0:resolver:port-forwarder:tunnel-provider I] Creating or reusing https/16635 with privacy 'undefined', attempt 0
[Client:extension:f4d0:resolver:port-forwarder:tunnel-provider I] https/16635 already exists with privacy 'private' so reusing the existing port
[Client:extension:f4d0:resolver:codespaces-internal-transport V] Sending message of size 5 bytes to server
[Client:extension:f4d0:resolver:codespaces-internal-transport V] Finished sending request to server
[Client:extension:f4d0:resolver:port-forwarder:tunnel-provider V] tunnelClient verbose 0: Waiting for forwarded port 16635
[Client:extension:f4d0:resolver:port-forwarder:tunnel-provider V] tunnelClient verbose 0: Forwarded port 16635 is ready.
[Client:extension:f4d0:resolver:port-forwarder:tunnel-provider V] tunnelClient verbose 9101: Sending #456 PortForwardChannelOpenMessage(channelType=forwarded-tcpip, senderChannel=20) (host=127.0.0.1 port=16635)
[Client:extension:f4d0:resolver:port-forwarder:tunnel-provider V] tunnelClient verbose 9102: Receiving #791 ChannelOpenConfirmationMessage (recipientChannel=20)(senderChannel=19)
[Client:extension:f4d0:resolver:port-forwarder:tunnel-provider V] tunnelClient info 9154: PortForwardingService opened forwarded-tcpip channel #20 for 127.0.0.1:16635.
[Client:extension:f4d0:resolver:port-forwarder:tunnel-provider V] tunnelClient verbose 9102: Receiving #793 ChannelCloseMessage (recipientChannel=20)
[Client:extension:f4d0:resolver:port-forwarder:tunnel-provider V] tunnelClient info 9123: SshChannel(Type: forwarded-tcpip, Id: 20, RemoteId: 19) closed remotely. (S: 271, R: 213)
[Client:extension:f4d0:resolver:codespaces-internal-transport V] Sending end event to client
[Performance I] Executed get-performance-data using gRPC
[Client:extension:f4d0:resolver:codespaces-internal-transport V] Received request for GetPerformanceDataAsync from client
[Client:extension:f4d0:resolver:port-forwarder:tunnel-provider I] Getting stream from port 16635 with protocol https
[Client:extension:f4d0:resolver:port-forwarder:tunnel-provider I] Creating or reusing https/16635 with privacy 'undefined', attempt 0
[Client:extension:f4d0:resolver:port-forwarder:tunnel-provider I] https/16635 already exists with privacy 'private' so reusing the existing port
[Client:extension:f4d0:resolver:codespaces-internal-transport V] Sending message of size 5 bytes to server
[Client:extension:f4d0:resolver:codespaces-internal-transport V] Finished sending request to server
[Client:extension:f4d0:resolver:port-forwarder:tunnel-provider V] tunnelClient verbose 0: Waiting for forwarded port 16635
[Client:extension:f4d0:resolver:port-forwarder:tunnel-provider V] tunnelClient verbose 0: Forwarded port 16635 is ready.
[Client:extension:f4d0:resolver:port-forwarder:tunnel-provider V] tunnelClient verbose 9101: Sending #472 PortForwardChannelOpenMessage(channelType=forwarded-tcpip, senderChannel=21) (host=127.0.0.1 port=16635)
[Client:extension:f4d0:resolver:port-forwarder:tunnel-provider V] tunnelClient verbose 9102: Receiving #808 ChannelOpenConfirmationMessage (recipientChannel=21)(senderChannel=20)
[Client:extension:f4d0:resolver:port-forwarder:tunnel-provider V] tunnelClient info 9154: PortForwardingService opened forwarded-tcpip channel #21 for 127.0.0.1:16635.
[Client:extension:f4d0:resolver:port-forwarder:tunnel-provider V] tunnelClient verbose 9102: Receiving #810 ChannelCloseMessage (recipientChannel=21)
[Client:extension:f4d0:resolver:port-forwarder:tunnel-provider V] tunnelClient info 9123: SshChannel(Type: forwarded-tcpip, Id: 21, RemoteId: 20) closed remotely. (S: 271, R: 214)
[Client:extension:f4d0:resolver:codespaces-internal-transport V] Sending end event to client
[Performance I] Executed get-performance-data using gRPC
[Client:extension:f4d0:resolver:codespaces-internal-transport V] Received request for GetPerformanceDataAsync from client
[Client:extension:f4d0:resolver:port-forwarder:tunnel-provider I] Getting stream from port 16635 with protocol https
[Client:extension:f4d0:resolver:port-forwarder:tunnel-provider I] Creating or reusing https/16635 with privacy 'undefined', attempt 0
[Client:extension:f4d0:resolver:port-forwarder:tunnel-provider I] https/16635 already exists with privacy 'private' so reusing the existing port
[Client:extension:f4d0:resolver:codespaces-internal-transport V] Sending message of size 5 bytes to server
[Client:extension:f4d0:resolver:codespaces-internal-transport V] Finished sending request to server
[Client:extension:f4d0:resolver:port-forwarder:tunnel-provider V] tunnelClient verbose 0: Waiting for forwarded port 16635
[Client:extension:f4d0:resolver:port-forwarder:tunnel-provider V] tunnelClient verbose 0: Forwarded port 16635 is ready.
[Client:extension:f4d0:resolver:port-forwarder:tunnel-provider V] tunnelClient verbose 9101: Sending #487 PortForwardChannelOpenMessage(channelType=forwarded-tcpip, senderChannel=22) (host=127.0.0.1 port=16635)
[Client:extension:f4d0:resolver:port-forwarder:tunnel-provider V] tunnelClient verbose 9102: Receiving #823 ChannelOpenConfirmationMessage (recipientChannel=22)(senderChannel=21)
[Client:extension:f4d0:resolver:port-forwarder:tunnel-provider V] tunnelClient info 9154: PortForwardingService opened forwarded-tcpip channel #22 for 127.0.0.1:16635.
[Client:extension:f4d0:resolver:port-forwarder:tunnel-provider V] tunnelClient verbose 9102: Receiving #825 ChannelCloseMessage (recipientChannel=22)
[Client:extension:f4d0:resolver:port-forwarder:tunnel-provider V] tunnelClient info 9123: SshChannel(Type: forwarded-tcpip, Id: 22, RemoteId: 21) closed remotely. (S: 271, R: 215)
[Client:extension:f4d0:resolver:codespaces-internal-transport V] Sending end event to client
[Performance I] Executed get-performance-data using gRPC
[Client:extension:f4d0:resolver:codespaces-internal-transport V] Received request for GetPerformanceDataAsync from client
[Client:extension:f4d0:resolver:port-forwarder:tunnel-provider I] Getting stream from port 16635 with protocol https
[Client:extension:f4d0:resolver:port-forwarder:tunnel-provider I] Creating or reusing https/16635 with privacy 'undefined', attempt 0
[Client:extension:f4d0:resolver:port-forwarder:tunnel-provider I] https/16635 already exists with privacy 'private' so reusing the existing port
[Client:extension:f4d0:resolver:codespaces-internal-transport V] Sending message of size 5 bytes to server
[Client:extension:f4d0:resolver:codespaces-internal-transport V] Finished sending request to server
[Client:extension:f4d0:resolver:port-forwarder:tunnel-provider V] tunnelClient verbose 0: Waiting for forwarded port 16635
[Client:extension:f4d0:resolver:port-forwarder:tunnel-provider V] tunnelClient verbose 0: Forwarded port 16635 is ready.
[Client:extension:f4d0:resolver:port-forwarder:tunnel-provider V] tunnelClient verbose 9101: Sending #503 PortForwardChannelOpenMessage(channelType=forwarded-tcpip, senderChannel=23) (host=127.0.0.1 port=16635)
[Client:extension:f4d0:resolver:port-forwarder:tunnel-provider V] tunnelClient verbose 9102: Receiving #840 ChannelOpenConfirmationMessage (recipientChannel=23)(senderChannel=22)
[Client:extension:f4d0:resolver:port-forwarder:tunnel-provider V] tunnelClient info 9154: PortForwardingService opened forwarded-tcpip channel #23 for 127.0.0.1:16635.
[Client:extension:f4d0:resolver:port-forwarder:tunnel-provider V] tunnelClient verbose 9102: Receiving #843 ChannelCloseMessage (recipientChannel=23)
[Client:extension:f4d0:resolver:port-forwarder:tunnel-provider V] tunnelClient info 9123: SshChannel(Type: forwarded-tcpip, Id: 23, RemoteId: 22) closed remotely. (S: 271, R: 215)
[Client:extension:f4d0:resolver:codespaces-internal-transport V] Sending end event to client
[Performance I] Executed get-performance-data using gRPC
