2024-07-01 10:36:00.295 [info] Started local extension host with pid 8097.
2024-07-01 10:36:03.119 [info] Invoking resolveAuthority(codespaces)...
2024-07-01 10:36:03.119 [info] [LocalProcess0][resolveAuthority(codespaces,1)][0ms] obtaining proxy...
2024-07-01 10:36:03.120 [info] [LocalProcess0][resolveAuthority(codespaces,1)][0ms] invoking...
2024-07-01 10:36:04.120 [info] [LocalProcess0][resolveAuthority(codespaces,1)][1001ms] waiting...
2024-07-01 10:36:05.120 [info] [LocalProcess0][resolveAuthority(codespaces,1)][2000ms] waiting...
2024-07-01 10:36:06.120 [info] [LocalProcess0][resolveAuthority(codespaces,1)][3001ms] waiting...
2024-07-01 10:36:07.120 [info] [LocalProcess0][resolveAuthority(codespaces,1)][4001ms] waiting...
2024-07-01 10:36:08.120 [info] [LocalProcess0][resolveAuthority(codespaces,1)][5000ms] waiting...
2024-07-01 10:36:09.120 [info] [LocalProcess0][resolveAuthority(codespaces,1)][6000ms] waiting...
2024-07-01 10:36:10.120 [info] [LocalProcess0][resolveAuthority(codespaces,1)][7000ms] waiting...
2024-07-01 10:36:11.120 [info] [LocalProcess0][resolveAuthority(codespaces,1)][8000ms] waiting...
2024-07-01 10:36:12.121 [info] [LocalProcess0][resolveAuthority(codespaces,1)][9000ms] waiting...
2024-07-01 10:36:13.122 [info] [LocalProcess0][resolveAuthority(codespaces,1)][10002ms] waiting...
2024-07-01 10:36:14.122 [info] [LocalProcess0][resolveAuthority(codespaces,1)][11002ms] waiting...
2024-07-01 10:36:15.121 [info] [LocalProcess0][resolveAuthority(codespaces,1)][12000ms] waiting...
2024-07-01 10:36:16.120 [info] [LocalProcess0][resolveAuthority(codespaces,1)][13000ms] waiting...
2024-07-01 10:36:17.120 [info] [LocalProcess0][resolveAuthority(codespaces,1)][14000ms] waiting...
2024-07-01 10:36:18.121 [info] [LocalProcess0][resolveAuthority(codespaces,1)][15001ms] waiting...
2024-07-01 10:36:19.121 [info] [LocalProcess0][resolveAuthority(codespaces,1)][16000ms] waiting...
2024-07-01 10:36:20.120 [info] [LocalProcess0][resolveAuthority(codespaces,1)][17000ms] waiting...
2024-07-01 10:36:21.122 [info] [LocalProcess0][resolveAuthority(codespaces,1)][18002ms] waiting...
2024-07-01 10:36:22.121 [info] [LocalProcess0][resolveAuthority(codespaces,1)][19000ms] waiting...
2024-07-01 10:36:23.122 [info] [LocalProcess0][resolveAuthority(codespaces,1)][20003ms] waiting...
2024-07-01 10:36:24.121 [info] [LocalProcess0][resolveAuthority(codespaces,1)][21002ms] waiting...
2024-07-01 10:36:25.121 [info] [LocalProcess0][resolveAuthority(codespaces,1)][22002ms] waiting...
2024-07-01 10:36:26.123 [info] [LocalProcess0][resolveAuthority(codespaces,1)][23003ms] waiting...
2024-07-01 10:36:27.121 [info] [LocalProcess0][resolveAuthority(codespaces,1)][24001ms] waiting...
2024-07-01 10:36:28.121 [info] [LocalProcess0][resolveAuthority(codespaces,1)][25001ms] waiting...
2024-07-01 10:36:29.121 [info] [LocalProcess0][resolveAuthority(codespaces,1)][26001ms] waiting...
2024-07-01 10:36:30.121 [info] [LocalProcess0][resolveAuthority(codespaces,1)][27000ms] waiting...
2024-07-01 10:36:31.121 [info] [LocalProcess0][resolveAuthority(codespaces,1)][28000ms] waiting...
2024-07-01 10:36:31.213 [info] [LocalProcess0][resolveAuthority(codespaces,1)][28094ms] returned WebSocket(127.0.0.1:38563)
2024-07-01 10:36:31.214 [info] resolveAuthority(codespaces) returned 'WebSocket(127.0.0.1:38563)' after 28095 ms
2024-07-01 10:36:31.216 [info] Creating a socket (renderer-Management-ae5b3f08-df72-4f66-b0ea-4f1a7895fe00)...
2024-07-01 10:36:31.219 [info] Creating a socket (renderer-ExtensionHost-fd8ca830-7ce7-4aae-83d7-0844ead31047)...
2024-07-01 10:36:31.412 [info] Creating a socket (renderer-Management-ae5b3f08-df72-4f66-b0ea-4f1a7895fe00) was successful after 195 ms.
2024-07-01 10:36:31.519 [info] Creating a socket (renderer-ExtensionHost-fd8ca830-7ce7-4aae-83d7-0844ead31047) was successful after 300 ms.
2024-07-01 10:36:37.781 [info] [perf] Render performance baseline is 43ms
2024-07-01 10:36:39.162 [warning] [perf] Renderer reported VERY LONG TASK (521ms), starting profiling session 'b442d461-363f-4710-bb6c-4e3518eb6d02'
2024-07-01 10:36:43.937 [error] [Extension Host] (node:332) [DEP0005] DeprecationWarning: Buffer() is deprecated due to security and usability issues. Please use the Buffer.alloc(), Buffer.allocUnsafe(), or Buffer.from() methods instead.
(Use `node --trace-deprecation ...` to show where the warning was created)
