2024-07-09 12:03:51.215 [info] Added views:workbench.panel.markers.view in workbench.panel.markers
2024-07-09 12:03:51.215 [info] Added views:workbench.panel.output in workbench.panel.output
2024-07-09 12:03:51.215 [info] Added views:terminal in terminal
2024-07-09 12:03:51.215 [info] Added views:outline in workbench.view.explorer
2024-07-09 12:03:51.215 [info] Added views:workbench.scm in workbench.view.scm
2024-07-09 12:03:51.215 [info] Added views:workbench.view.search in workbench.view.search
2024-07-09 12:03:51.215 [info] Added views:timeline in workbench.view.explorer
2024-07-09 12:03:51.215 [info] Added views:workbench.explorer.fileView in workbench.view.explorer
2024-07-09 12:03:51.344 [info] Added views:workbench.debug.welcome in workbench.view.debug
2024-07-09 12:03:51.344 [info] Added views:workbench.debug.breakPointsView in workbench.view.debug
2024-07-09 12:04:20.200 [info] Added views:~remote.forwardedPorts in ~remote.forwardedPortsContainer
2024-07-09 12:04:24.491 [info] Added views:cs50-menu in workbench.view.extension.cs50-menu
2024-07-09 12:04:24.491 [info] Added views:ddb50.chatWindow in workbench.view.extension.ddb50
2024-07-09 12:04:24.492 [info] Added views:github.codespaces.explorer in workbench.view.remote
2024-07-09 12:04:24.492 [info] Added views:pr:github,issues:github in workbench.view.extension.github-pull-requests
2024-07-09 12:04:24.492 [info] Added views:dockerContainers,dockerImages,dockerRegistries,dockerNetworks,dockerVolumes,vscode-docker.views.dockerContexts,vscode-docker.views.help in workbench.view.extension.dockerView
2024-07-09 12:04:24.493 [info] Added views:liveshare.session in workbench.view.extension.liveshare
2024-07-09 12:04:25.700 [info] Added views:workbench.panel.repl.view in workbench.panel.repl
2024-07-09 12:04:34.354 [info] Removed views:issues:github,pr:github from workbench.view.extension.github-pull-requests
2024-07-09 12:04:34.354 [info] Added views:github:login in workbench.view.extension.github-pull-requests
2024-07-09 13:17:16.220 [info] Added views:workbench.panel.markers.view in workbench.panel.markers
2024-07-09 13:17:16.221 [info] Added views:workbench.panel.output in workbench.panel.output
2024-07-09 13:17:16.221 [info] Added views:terminal in terminal
2024-07-09 13:17:16.221 [info] Added views:outline in workbench.view.explorer
2024-07-09 13:17:16.221 [info] Added views:workbench.scm in workbench.view.scm
2024-07-09 13:17:16.221 [info] Added views:workbench.view.search in workbench.view.search
2024-07-09 13:17:16.221 [info] Added views:timeline in workbench.view.explorer
2024-07-09 13:17:16.221 [info] Added views:workbench.explorer.fileView in workbench.view.explorer
2024-07-09 13:17:16.326 [info] Added views:workbench.debug.welcome in workbench.view.debug
2024-07-09 13:17:16.326 [info] Added views:workbench.debug.breakPointsView in workbench.view.debug
2024-07-09 13:17:41.747 [info] Added views:~remote.forwardedPorts in ~remote.forwardedPortsContainer
2024-07-09 13:17:48.028 [info] Added views:cs50-menu in workbench.view.extension.cs50-menu
2024-07-09 13:17:48.028 [info] Added views:ddb50.chatWindow in workbench.view.extension.ddb50
2024-07-09 13:17:48.028 [info] Added views:github.codespaces.explorer in workbench.view.remote
2024-07-09 13:17:48.028 [info] Added views:pr:github,issues:github in workbench.view.extension.github-pull-requests
2024-07-09 13:17:48.029 [info] Added views:dockerContainers,dockerImages,dockerRegistries,dockerNetworks,dockerVolumes,vscode-docker.views.dockerContexts,vscode-docker.views.help in workbench.view.extension.dockerView
2024-07-09 13:17:48.029 [info] Added views:liveshare.session in workbench.view.extension.liveshare
2024-07-09 13:17:49.439 [info] Added views:workbench.panel.repl.view in workbench.panel.repl
