2024-06-26 17:09:04.532 [info] Extension host with pid 12553 started
2024-06-26 17:09:04.532 [info] Skipping acquiring lock for /home/j/.config/Code/User/workspaceStorage/7d97b56d92fdf06611f3fc8f868ad160.
2024-06-26 17:09:04.532 [info] $getCanonicalURI invoked for authority (codespaces)
2024-06-26 17:09:04.535 [info] ExtensionService#_doActivateExtension GitHub.codespaces, startup: false, activationEvent: 'onResolveRemoteAuthority:codespaces'
2024-06-26 17:09:04.735 [info] ExtensionService#_doActivateExtension vscode.github-authentication, startup: false, activationEvent: 'api', root cause: GitHub.codespaces
2024-06-26 17:09:06.199 [info] [resolveAuthority(codespaces,1)][0ms] activating remote resolvers codespaces+fantastic-space-waffle-v76qxwprrwgc4gw
2024-06-26 17:09:06.199 [info] [resolveAuthority(codespaces,1)][0ms] activating resolver for codespaces+fantastic-space-waffle-v76qxwprrwgc4gw...
2024-06-26 17:09:06.200 [info] [resolveAuthority(codespaces,1)][1ms] invoking final resolve()...
2024-06-26 17:09:07.200 [info] [resolveAuthority(codespaces,1)][1001ms] waiting...
2024-06-26 17:09:08.201 [info] [resolveAuthority(codespaces,1)][2002ms] waiting...
2024-06-26 17:09:09.202 [info] [resolveAuthority(codespaces,1)][3003ms] waiting...
2024-06-26 17:09:10.202 [info] [resolveAuthority(codespaces,1)][4003ms] waiting...
2024-06-26 17:09:11.202 [info] [resolveAuthority(codespaces,1)][5003ms] waiting...
2024-06-26 17:09:12.203 [info] [resolveAuthority(codespaces,1)][6004ms] waiting...
2024-06-26 17:09:13.203 [info] [resolveAuthority(codespaces,1)][7004ms] waiting...
2024-06-26 17:09:14.210 [info] [resolveAuthority(codespaces,1)][8011ms] waiting...
2024-06-26 17:09:15.210 [info] [resolveAuthority(codespaces,1)][9011ms] waiting...
2024-06-26 17:09:16.210 [info] [resolveAuthority(codespaces,1)][10011ms] waiting...
2024-06-26 17:09:17.210 [info] [resolveAuthority(codespaces,1)][11011ms] waiting...
2024-06-26 17:09:18.210 [info] [resolveAuthority(codespaces,1)][12011ms] waiting...
2024-06-26 17:09:19.210 [info] [resolveAuthority(codespaces,1)][13011ms] waiting...
2024-06-26 17:09:20.210 [info] [resolveAuthority(codespaces,1)][14011ms] waiting...
2024-06-26 17:09:21.211 [info] [resolveAuthority(codespaces,1)][15011ms] waiting...
2024-06-26 17:09:22.211 [info] [resolveAuthority(codespaces,1)][16012ms] waiting...
2024-06-26 17:09:23.211 [info] [resolveAuthority(codespaces,1)][17012ms] waiting...
2024-06-26 17:09:24.211 [info] [resolveAuthority(codespaces,1)][18012ms] waiting...
2024-06-26 17:09:25.211 [info] [resolveAuthority(codespaces,1)][19012ms] waiting...
2024-06-26 17:09:26.211 [info] [resolveAuthority(codespaces,1)][20012ms] waiting...
2024-06-26 17:09:27.212 [info] [resolveAuthority(codespaces,1)][21013ms] waiting...
2024-06-26 17:09:28.212 [info] [resolveAuthority(codespaces,1)][22013ms] waiting...
2024-06-26 17:09:29.212 [info] [resolveAuthority(codespaces,1)][23013ms] waiting...
2024-06-26 17:09:30.212 [info] [resolveAuthority(codespaces,1)][24013ms] waiting...
2024-06-26 17:09:31.212 [info] [resolveAuthority(codespaces,1)][25013ms] waiting...
2024-06-26 17:09:32.057 [info] [resolveAuthority(codespaces,1)][25858ms] setting tunnel factory...
2024-06-26 17:09:32.058 [info] [resolveAuthority(codespaces,1)][25859ms] returned 127.0.0.1:37475
2024-06-26 17:09:36.825 [info] Eager extensions activated
2024-06-26 17:09:36.953 [info] ExtensionService#_doActivateExtension sainnhe.gruvbox-material, startup: false, activationEvent: 'onStartupFinished'
2024-06-26 17:09:36.973 [info] ExtensionService#_doActivateExtension vscodevim.vim, startup: false, activationEvent: 'onStartupFinished'
2024-06-26 17:11:58.647 [info] Extension host terminating: renderer closed the MessagePort
2024-06-26 17:11:58.699 [info] Extension host with pid 12553 exiting with code 0
2024-06-26 17:11:59.712 [info] Extension host with pid 13717 started
2024-06-26 17:11:59.712 [info] Skipping acquiring lock for /home/j/.config/Code/User/workspaceStorage/7d97b56d92fdf06611f3fc8f868ad160.
2024-06-26 17:11:59.714 [info] $getCanonicalURI invoked for authority (codespaces)
2024-06-26 17:11:59.720 [info] ExtensionService#_doActivateExtension GitHub.codespaces, startup: false, activationEvent: 'onResolveRemoteAuthority:codespaces'
2024-06-26 17:11:59.826 [info] ExtensionService#_doActivateExtension vscode.github-authentication, startup: false, activationEvent: 'api', root cause: GitHub.codespaces
2024-06-26 17:12:01.182 [info] [resolveAuthority(codespaces,1)][0ms] activating remote resolvers codespaces+fantastic-space-waffle-v76qxwprrwgc4gw
2024-06-26 17:12:01.182 [info] [resolveAuthority(codespaces,1)][0ms] activating resolver for codespaces+fantastic-space-waffle-v76qxwprrwgc4gw...
2024-06-26 17:12:01.182 [info] [resolveAuthority(codespaces,1)][0ms] invoking final resolve()...
2024-06-26 17:12:02.183 [info] [resolveAuthority(codespaces,1)][1001ms] waiting...
2024-06-26 17:12:03.185 [info] [resolveAuthority(codespaces,1)][2003ms] waiting...
2024-06-26 17:12:04.185 [info] [resolveAuthority(codespaces,1)][3003ms] waiting...
2024-06-26 17:12:05.185 [info] [resolveAuthority(codespaces,1)][4003ms] waiting...
2024-06-26 17:12:06.185 [info] [resolveAuthority(codespaces,1)][5003ms] waiting...
2024-06-26 17:12:07.186 [info] [resolveAuthority(codespaces,1)][6004ms] waiting...
2024-06-26 17:12:08.187 [info] [resolveAuthority(codespaces,1)][7005ms] waiting...
2024-06-26 17:12:09.187 [info] [resolveAuthority(codespaces,1)][8005ms] waiting...
2024-06-26 17:12:10.187 [info] [resolveAuthority(codespaces,1)][9005ms] waiting...
2024-06-26 17:12:11.187 [info] [resolveAuthority(codespaces,1)][10005ms] waiting...
2024-06-26 17:12:12.188 [info] [resolveAuthority(codespaces,1)][11006ms] waiting...
2024-06-26 17:12:13.188 [info] [resolveAuthority(codespaces,1)][12006ms] waiting...
2024-06-26 17:12:14.188 [info] [resolveAuthority(codespaces,1)][13006ms] waiting...
2024-06-26 17:12:15.189 [info] [resolveAuthority(codespaces,1)][14007ms] waiting...
2024-06-26 17:12:16.190 [info] [resolveAuthority(codespaces,1)][15008ms] waiting...
2024-06-26 17:12:17.190 [info] [resolveAuthority(codespaces,1)][16008ms] waiting...
2024-06-26 17:12:18.190 [info] [resolveAuthority(codespaces,1)][17008ms] waiting...
2024-06-26 17:12:19.190 [info] [resolveAuthority(codespaces,1)][18008ms] waiting...
2024-06-26 17:12:20.190 [info] [resolveAuthority(codespaces,1)][19008ms] waiting...
2024-06-26 17:12:21.190 [info] [resolveAuthority(codespaces,1)][20008ms] waiting...
2024-06-26 17:12:22.190 [info] [resolveAuthority(codespaces,1)][21008ms] waiting...
2024-06-26 17:12:23.190 [info] [resolveAuthority(codespaces,1)][22008ms] waiting...
2024-06-26 17:12:24.190 [info] [resolveAuthority(codespaces,1)][23008ms] waiting...
2024-06-26 17:12:25.191 [info] [resolveAuthority(codespaces,1)][24009ms] waiting...
2024-06-26 17:12:26.194 [info] [resolveAuthority(codespaces,1)][25012ms] waiting...
2024-06-26 17:12:26.506 [info] [resolveAuthority(codespaces,1)][25324ms] setting tunnel factory...
2024-06-26 17:12:26.506 [info] [resolveAuthority(codespaces,1)][25324ms] returned 127.0.0.1:44753
2024-06-26 17:12:32.374 [info] Eager extensions activated
2024-06-26 17:12:32.444 [info] ExtensionService#_doActivateExtension sainnhe.gruvbox-material, startup: false, activationEvent: 'onStartupFinished'
2024-06-26 17:12:32.453 [info] ExtensionService#_doActivateExtension vscodevim.vim, startup: false, activationEvent: 'onStartupFinished'
