2024-06-24 16:42:38.384 [info] Extension host with pid 31597 started
2024-06-24 16:42:38.420 [info] ExtensionService#_doActivateExtension vscode.git-base, startup: true, activationEvent: '*', root cause: vscode.git
2024-06-24 16:42:38.447 [info] ExtensionService#_doActivateExtension vscode.git, startup: true, activationEvent: '*'
2024-06-24 16:42:38.512 [info] ExtensionService#_doActivateExtension vscode.github, startup: true, activationEvent: '*'
2024-06-24 16:42:38.609 [info] Eager extensions activated
2024-06-24 16:42:38.680 [info] ExtensionService#_doActivateExtension vscode.debug-auto-launch, startup: false, activationEvent: 'onStartupFinished'
2024-06-24 16:42:38.683 [info] ExtensionService#_doActivateExtension vscode.merge-conflict, startup: false, activationEvent: 'onStartupFinished'
2024-06-24 16:42:47.951 [info] ExtensionService#_doActivateExtension vscode.emmet, startup: false, activationEvent: 'onLanguage'
2024-06-24 16:45:04.249 [info] ExtensionService#_doActivateExtension GitHub.codespaces, startup: false, activationEvent: 'onUri:github.codespaces'
2024-06-24 16:45:04.605 [info] ExtensionService#_doActivateExtension vscode.github-authentication, startup: false, activationEvent: 'api', root cause: GitHub.codespaces
2024-06-24 16:45:32.294 [info] ExtensionService#_doActivateExtension vscode.json-language-features, startup: false, activationEvent: 'onLanguage:jsonc'
2024-06-24 16:45:32.342 [info] ExtensionService#_doActivateExtension vscode.typescript-language-features, startup: false, activationEvent: 'onLanguage:jsonc'
2024-06-24 16:45:33.755 [info] Extension host terminating: renderer closed the MessagePort
2024-06-24 16:45:33.781 [info] Extension host with pid 31597 exiting with code 0
2024-06-24 16:45:34.827 [info] Extension host with pid 32584 started
2024-06-24 16:45:34.827 [info] Skipping acquiring lock for /home/j/.config/Code/User/workspaceStorage/7d97b56d92fdf06611f3fc8f868ad160.
2024-06-24 16:45:34.827 [info] $getCanonicalURI invoked for authority (codespaces)
2024-06-24 16:45:34.830 [info] ExtensionService#_doActivateExtension GitHub.codespaces, startup: false, activationEvent: 'onResolveRemoteAuthority:codespaces'
2024-06-24 16:45:34.952 [info] ExtensionService#_doActivateExtension vscode.github-authentication, startup: false, activationEvent: 'api', root cause: GitHub.codespaces
2024-06-24 16:45:36.381 [info] [resolveAuthority(codespaces,1)][0ms] activating remote resolvers codespaces+fantastic-space-waffle-v76qxwprrwgc4gw
2024-06-24 16:45:36.381 [info] [resolveAuthority(codespaces,1)][0ms] activating resolver for codespaces+fantastic-space-waffle-v76qxwprrwgc4gw...
2024-06-24 16:45:36.381 [info] [resolveAuthority(codespaces,1)][0ms] invoking final resolve()...
2024-06-24 16:45:37.381 [info] [resolveAuthority(codespaces,1)][1000ms] waiting...
2024-06-24 16:45:38.383 [info] [resolveAuthority(codespaces,1)][2002ms] waiting...
2024-06-24 16:45:39.383 [info] [resolveAuthority(codespaces,1)][3002ms] waiting...
2024-06-24 16:45:40.383 [info] [resolveAuthority(codespaces,1)][4002ms] waiting...
2024-06-24 16:45:40.865 [info] [resolveAuthority(codespaces,1)][4484ms] setting tunnel factory...
2024-06-24 16:45:40.866 [info] [resolveAuthority(codespaces,1)][4485ms] returned 127.0.0.1:43477
2024-06-24 16:45:44.067 [info] Eager extensions activated
2024-06-24 16:47:15.670 [info] ExtensionService#_doActivateExtension vscodevim.vim, startup: false, activationEvent: 'onStartupFinished'
2024-06-24 16:47:16.805 [error] Error: ENOENT: no such file or directory, open '/home/j/.config/Code/User/globalStorage/vscodevim.vim/.registers'
2024-06-24 16:47:34.318 [info] ExtensionService#_doActivateExtension sainnhe.gruvbox-material, startup: false, activationEvent: 'onStartupFinished'
2024-06-24 16:56:42.461 [info] ExtensionService#_doActivateExtension vscode.simple-browser, startup: false, activationEvent: 'onOpenExternalUri:https'
2024-06-24 17:46:07.894 [info] [resolveAuthority(codespaces,2)][0ms] activating remote resolvers codespaces+fantastic-space-waffle-v76qxwprrwgc4gw
2024-06-24 17:46:07.894 [info] [resolveAuthority(codespaces,2)][0ms] activating resolver for codespaces+fantastic-space-waffle-v76qxwprrwgc4gw...
2024-06-24 17:46:07.894 [info] [resolveAuthority(codespaces,2)][0ms] invoking final resolve()...
2024-06-24 17:46:08.894 [info] [resolveAuthority(codespaces,2)][1000ms] waiting...
2024-06-24 17:46:09.894 [info] [resolveAuthority(codespaces,2)][2000ms] waiting...
2024-06-24 17:46:10.894 [info] [resolveAuthority(codespaces,2)][3000ms] waiting...
2024-06-24 17:46:11.897 [info] [resolveAuthority(codespaces,2)][4003ms] waiting...
2024-06-24 17:46:12.898 [info] [resolveAuthority(codespaces,2)][5004ms] waiting...
2024-06-24 17:46:13.899 [info] [resolveAuthority(codespaces,2)][6005ms] waiting...
2024-06-24 17:46:14.901 [info] [resolveAuthority(codespaces,2)][7007ms] waiting...
2024-06-24 17:46:15.902 [info] [resolveAuthority(codespaces,2)][8008ms] waiting...
2024-06-24 17:46:16.902 [info] [resolveAuthority(codespaces,2)][9008ms] waiting...
2024-06-24 17:46:17.903 [info] [resolveAuthority(codespaces,2)][10009ms] waiting...
2024-06-24 17:46:18.904 [info] [resolveAuthority(codespaces,2)][11010ms] waiting...
2024-06-24 17:46:19.904 [info] [resolveAuthority(codespaces,2)][12010ms] waiting...
2024-06-24 17:46:20.906 [info] [resolveAuthority(codespaces,2)][13011ms] waiting...
2024-06-24 17:46:21.907 [info] [resolveAuthority(codespaces,2)][14013ms] waiting...
2024-06-24 17:46:22.909 [info] [resolveAuthority(codespaces,2)][15014ms] waiting...
2024-06-24 17:46:23.910 [info] [resolveAuthority(codespaces,2)][16016ms] waiting...
2024-06-24 17:46:24.911 [info] [resolveAuthority(codespaces,2)][17017ms] waiting...
2024-06-24 17:46:25.912 [info] [resolveAuthority(codespaces,2)][18018ms] waiting...
2024-06-24 17:46:26.913 [info] [resolveAuthority(codespaces,2)][19019ms] waiting...
2024-06-24 17:46:27.914 [info] [resolveAuthority(codespaces,2)][20020ms] waiting...
2024-06-24 17:46:28.915 [info] [resolveAuthority(codespaces,2)][21021ms] waiting...
2024-06-24 17:46:29.916 [info] [resolveAuthority(codespaces,2)][22022ms] waiting...
2024-06-24 17:46:30.917 [info] [resolveAuthority(codespaces,2)][23022ms] waiting...
2024-06-24 17:46:31.918 [info] [resolveAuthority(codespaces,2)][24024ms] waiting...
2024-06-24 17:46:32.919 [info] [resolveAuthority(codespaces,2)][25025ms] waiting...
2024-06-24 17:46:33.920 [info] [resolveAuthority(codespaces,2)][26026ms] waiting...
2024-06-24 17:46:34.921 [info] [resolveAuthority(codespaces,2)][27027ms] waiting...
2024-06-24 17:46:35.922 [info] [resolveAuthority(codespaces,2)][28028ms] waiting...
2024-06-24 17:46:36.923 [info] [resolveAuthority(codespaces,2)][29029ms] waiting...
2024-06-24 17:46:37.925 [info] [resolveAuthority(codespaces,2)][30031ms] waiting...
2024-06-24 17:46:38.926 [info] [resolveAuthority(codespaces,2)][31031ms] waiting...
2024-06-24 17:46:39.927 [info] [resolveAuthority(codespaces,2)][32033ms] waiting...
2024-06-24 17:46:40.929 [info] [resolveAuthority(codespaces,2)][33035ms] waiting...
2024-06-24 17:46:41.929 [info] [resolveAuthority(codespaces,2)][34035ms] waiting...
2024-06-24 17:46:42.931 [info] [resolveAuthority(codespaces,2)][35037ms] waiting...
2024-06-24 17:46:43.931 [info] [resolveAuthority(codespaces,2)][36037ms] waiting...
2024-06-24 17:46:44.933 [info] [resolveAuthority(codespaces,2)][37039ms] waiting...
2024-06-24 17:46:45.934 [info] [resolveAuthority(codespaces,2)][38040ms] waiting...
2024-06-24 17:46:46.935 [info] [resolveAuthority(codespaces,2)][39040ms] waiting...
2024-06-24 17:46:47.936 [info] [resolveAuthority(codespaces,2)][40042ms] waiting...
2024-06-24 17:46:48.937 [info] [resolveAuthority(codespaces,2)][41043ms] waiting...
2024-06-24 17:46:49.938 [info] [resolveAuthority(codespaces,2)][42044ms] waiting...
2024-06-24 17:46:50.939 [info] [resolveAuthority(codespaces,2)][43045ms] waiting...
2024-06-24 17:46:51.940 [info] [resolveAuthority(codespaces,2)][44046ms] waiting...
2024-06-24 17:46:52.940 [info] [resolveAuthority(codespaces,2)][45046ms] waiting...
2024-06-24 17:46:53.942 [info] [resolveAuthority(codespaces,2)][46048ms] waiting...
2024-06-24 17:46:54.943 [info] [resolveAuthority(codespaces,2)][47048ms] waiting...
2024-06-24 17:46:55.944 [info] [resolveAuthority(codespaces,2)][48050ms] waiting...
2024-06-24 17:46:56.944 [info] [resolveAuthority(codespaces,2)][49050ms] waiting...
2024-06-24 17:46:57.946 [info] [resolveAuthority(codespaces,2)][50052ms] waiting...
2024-06-24 17:46:58.946 [info] [resolveAuthority(codespaces,2)][51052ms] waiting...
2024-06-24 17:46:59.948 [info] [resolveAuthority(codespaces,2)][52054ms] waiting...
2024-06-24 17:47:00.948 [info] [resolveAuthority(codespaces,2)][53054ms] waiting...
2024-06-24 17:47:01.950 [info] [resolveAuthority(codespaces,2)][54056ms] waiting...
2024-06-24 17:47:02.951 [info] [resolveAuthority(codespaces,2)][55057ms] waiting...
2024-06-24 17:47:03.952 [info] [resolveAuthority(codespaces,2)][56057ms] waiting...
2024-06-24 17:47:04.952 [info] [resolveAuthority(codespaces,2)][57058ms] waiting...
2024-06-24 17:47:05.953 [info] [resolveAuthority(codespaces,2)][58059ms] waiting...
2024-06-24 17:47:06.955 [info] [resolveAuthority(codespaces,2)][59061ms] waiting...
2024-06-24 17:47:07.955 [info] [resolveAuthority(codespaces,2)][60061ms] waiting...
2024-06-24 17:47:08.957 [info] [resolveAuthority(codespaces,2)][61063ms] waiting...
2024-06-24 17:47:09.958 [info] [resolveAuthority(codespaces,2)][62064ms] waiting...
2024-06-24 17:47:10.959 [info] [resolveAuthority(codespaces,2)][63065ms] waiting...
2024-06-24 17:47:11.959 [info] [resolveAuthority(codespaces,2)][64065ms] waiting...
2024-06-24 17:47:12.960 [info] [resolveAuthority(codespaces,2)][65066ms] waiting...
2024-06-24 17:47:13.962 [info] [resolveAuthority(codespaces,2)][66067ms] waiting...
2024-06-24 17:47:14.963 [info] [resolveAuthority(codespaces,2)][67069ms] waiting...
2024-06-24 17:47:15.963 [info] [resolveAuthority(codespaces,2)][68069ms] waiting...
2024-06-24 17:47:16.964 [info] [resolveAuthority(codespaces,2)][69070ms] waiting...
2024-06-24 17:47:17.965 [info] [resolveAuthority(codespaces,2)][70071ms] waiting...
2024-06-24 17:47:18.966 [info] [resolveAuthority(codespaces,2)][71072ms] waiting...
2024-06-24 17:47:19.967 [info] [resolveAuthority(codespaces,2)][72073ms] waiting...
2024-06-24 17:47:20.969 [info] [resolveAuthority(codespaces,2)][73075ms] waiting...
2024-06-24 17:47:21.970 [info] [resolveAuthority(codespaces,2)][74076ms] waiting...
2024-06-24 17:47:22.971 [info] [resolveAuthority(codespaces,2)][75076ms] waiting...
2024-06-24 17:47:23.971 [info] [resolveAuthority(codespaces,2)][76077ms] waiting...
2024-06-24 17:47:24.973 [info] [resolveAuthority(codespaces,2)][77079ms] waiting...
2024-06-24 17:47:25.974 [info] [resolveAuthority(codespaces,2)][78079ms] waiting...
2024-06-24 17:47:26.974 [info] [resolveAuthority(codespaces,2)][79080ms] waiting...
2024-06-24 17:47:27.975 [info] [resolveAuthority(codespaces,2)][80081ms] waiting...
2024-06-24 17:47:28.976 [info] [resolveAuthority(codespaces,2)][81082ms] waiting...
2024-06-24 17:47:29.977 [info] [resolveAuthority(codespaces,2)][82083ms] waiting...
2024-06-24 17:47:30.978 [info] [resolveAuthority(codespaces,2)][83084ms] waiting...
2024-06-24 17:47:31.980 [info] [resolveAuthority(codespaces,2)][84086ms] waiting...
2024-06-24 17:47:32.981 [info] [resolveAuthority(codespaces,2)][85087ms] waiting...
2024-06-24 17:47:33.981 [info] [resolveAuthority(codespaces,2)][86087ms] waiting...
2024-06-24 17:47:34.983 [info] [resolveAuthority(codespaces,2)][87089ms] waiting...
2024-06-24 17:47:35.984 [info] [resolveAuthority(codespaces,2)][88090ms] waiting...
2024-06-24 17:47:36.985 [info] [resolveAuthority(codespaces,2)][89090ms] waiting...
2024-06-24 17:47:37.986 [info] [resolveAuthority(codespaces,2)][90092ms] waiting...
2024-06-24 17:47:38.987 [info] [resolveAuthority(codespaces,2)][91092ms] waiting...
2024-06-24 17:47:39.988 [info] [resolveAuthority(codespaces,2)][92094ms] waiting...
2024-06-24 17:47:40.988 [info] [resolveAuthority(codespaces,2)][93094ms] waiting...
2024-06-24 17:47:41.990 [info] [resolveAuthority(codespaces,2)][94096ms] waiting...
2024-06-24 17:47:42.991 [info] [resolveAuthority(codespaces,2)][95097ms] waiting...
2024-06-24 17:47:43.992 [info] [resolveAuthority(codespaces,2)][96098ms] waiting...
2024-06-24 17:47:44.993 [info] [resolveAuthority(codespaces,2)][97098ms] waiting...
2024-06-24 17:47:45.994 [info] [resolveAuthority(codespaces,2)][98099ms] waiting...
2024-06-24 17:47:46.994 [info] [resolveAuthority(codespaces,2)][99100ms] waiting...
2024-06-24 17:47:47.996 [info] [resolveAuthority(codespaces,2)][100102ms] waiting...
2024-06-24 17:47:48.997 [info] [resolveAuthority(codespaces,2)][101103ms] waiting...
2024-06-24 17:47:49.999 [info] [resolveAuthority(codespaces,2)][102104ms] waiting...
2024-06-24 17:47:50.999 [info] [resolveAuthority(codespaces,2)][103105ms] waiting...
2024-06-24 17:47:52.000 [info] [resolveAuthority(codespaces,2)][104106ms] waiting...
2024-06-24 17:47:53.002 [info] [resolveAuthority(codespaces,2)][105107ms] waiting...
2024-06-24 17:47:54.003 [info] [resolveAuthority(codespaces,2)][106108ms] waiting...
2024-06-24 17:47:55.004 [info] [resolveAuthority(codespaces,2)][107110ms] waiting...
2024-06-24 17:47:56.006 [info] [resolveAuthority(codespaces,2)][108111ms] waiting...
2024-06-24 17:47:57.006 [info] [resolveAuthority(codespaces,2)][109112ms] waiting...
2024-06-24 17:47:58.008 [info] [resolveAuthority(codespaces,2)][110113ms] waiting...
2024-06-24 17:47:59.009 [info] [resolveAuthority(codespaces,2)][111115ms] waiting...
2024-06-24 17:48:00.010 [info] [resolveAuthority(codespaces,2)][112116ms] waiting...
2024-06-24 17:48:01.010 [info] [resolveAuthority(codespaces,2)][113116ms] waiting...
2024-06-24 17:48:02.012 [info] [resolveAuthority(codespaces,2)][114118ms] waiting...
2024-06-24 17:48:03.013 [info] [resolveAuthority(codespaces,2)][115118ms] waiting...
2024-06-24 17:48:04.014 [info] [resolveAuthority(codespaces,2)][116119ms] waiting...
2024-06-24 17:48:05.014 [info] [resolveAuthority(codespaces,2)][117120ms] waiting...
2024-06-24 17:48:06.015 [info] [resolveAuthority(codespaces,2)][118121ms] waiting...
2024-06-24 17:48:07.017 [info] [resolveAuthority(codespaces,2)][119122ms] waiting...
2024-06-24 17:48:08.018 [info] [resolveAuthority(codespaces,2)][120124ms] waiting...
2024-06-24 17:48:09.019 [info] [resolveAuthority(codespaces,2)][121125ms] waiting...
2024-06-24 17:48:10.020 [info] [resolveAuthority(codespaces,2)][122126ms] waiting...
2024-06-24 17:48:11.021 [info] [resolveAuthority(codespaces,2)][123127ms] waiting...
2024-06-24 17:48:12.022 [info] [resolveAuthority(codespaces,2)][124128ms] waiting...
2024-06-24 17:48:13.023 [info] [resolveAuthority(codespaces,2)][125129ms] waiting...
2024-06-24 17:48:14.024 [info] [resolveAuthority(codespaces,2)][126130ms] waiting...
2024-06-24 17:48:15.025 [info] [resolveAuthority(codespaces,2)][127131ms] waiting...
2024-06-24 17:48:16.026 [info] [resolveAuthority(codespaces,2)][128132ms] waiting...
2024-06-24 17:48:17.026 [info] [resolveAuthority(codespaces,2)][129132ms] waiting...
2024-06-24 17:48:18.028 [info] [resolveAuthority(codespaces,2)][130134ms] waiting...
2024-06-24 17:48:19.029 [info] [resolveAuthority(codespaces,2)][131134ms] waiting...
2024-06-24 17:48:20.030 [info] [resolveAuthority(codespaces,2)][132136ms] waiting...
2024-06-24 17:48:21.032 [info] [resolveAuthority(codespaces,2)][133138ms] waiting...
2024-06-24 17:48:22.033 [info] [resolveAuthority(codespaces,2)][134139ms] waiting...
2024-06-24 17:48:23.034 [info] [resolveAuthority(codespaces,2)][135140ms] waiting...
2024-06-24 17:48:24.036 [info] [resolveAuthority(codespaces,2)][136142ms] waiting...
2024-06-24 17:48:25.037 [info] [resolveAuthority(codespaces,2)][137143ms] waiting...
2024-06-24 17:48:26.038 [info] [resolveAuthority(codespaces,2)][138144ms] waiting...
2024-06-24 17:48:27.039 [info] [resolveAuthority(codespaces,2)][139145ms] waiting...
2024-06-24 17:48:28.040 [info] [resolveAuthority(codespaces,2)][140146ms] waiting...
2024-06-24 17:48:29.041 [info] [resolveAuthority(codespaces,2)][141147ms] waiting...
2024-06-24 17:48:30.043 [info] [resolveAuthority(codespaces,2)][142149ms] waiting...
2024-06-24 17:48:31.044 [info] [resolveAuthority(codespaces,2)][143150ms] waiting...
2024-06-24 17:48:32.046 [info] [resolveAuthority(codespaces,2)][144152ms] waiting...
2024-06-24 17:48:33.047 [info] [resolveAuthority(codespaces,2)][145153ms] waiting...
2024-06-24 17:48:34.048 [info] [resolveAuthority(codespaces,2)][146153ms] waiting...
2024-06-24 17:48:35.049 [info] [resolveAuthority(codespaces,2)][147155ms] waiting...
2024-06-24 17:48:36.051 [info] [resolveAuthority(codespaces,2)][148157ms] waiting...
2024-06-24 17:48:37.052 [info] [resolveAuthority(codespaces,2)][149158ms] waiting...
2024-06-24 17:48:38.053 [info] [resolveAuthority(codespaces,2)][150159ms] waiting...
2024-06-24 17:48:39.054 [info] [resolveAuthority(codespaces,2)][151160ms] waiting...
2024-06-24 17:48:40.055 [info] [resolveAuthority(codespaces,2)][152161ms] waiting...
2024-06-24 17:48:41.057 [info] [resolveAuthority(codespaces,2)][153163ms] waiting...
2024-06-24 17:48:42.058 [info] [resolveAuthority(codespaces,2)][154163ms] waiting...
2024-06-24 17:48:43.059 [info] [resolveAuthority(codespaces,2)][155165ms] waiting...
2024-06-24 17:48:44.061 [info] [resolveAuthority(codespaces,2)][156167ms] waiting...
2024-06-24 17:48:45.062 [info] [resolveAuthority(codespaces,2)][157168ms] waiting...
2024-06-24 17:48:46.064 [info] [resolveAuthority(codespaces,2)][158170ms] waiting...
2024-06-24 17:48:47.065 [info] [resolveAuthority(codespaces,2)][159171ms] waiting...
2024-06-24 17:48:48.066 [info] [resolveAuthority(codespaces,2)][160172ms] waiting...
2024-06-24 17:48:49.067 [info] [resolveAuthority(codespaces,2)][161173ms] waiting...
2024-06-24 17:48:50.069 [info] [resolveAuthority(codespaces,2)][162175ms] waiting...
2024-06-24 17:48:51.070 [info] [resolveAuthority(codespaces,2)][163176ms] waiting...
2024-06-24 17:48:52.071 [info] [resolveAuthority(codespaces,2)][164177ms] waiting...
2024-06-24 17:48:53.073 [info] [resolveAuthority(codespaces,2)][165179ms] waiting...
2024-06-24 17:48:54.074 [info] [resolveAuthority(codespaces,2)][166180ms] waiting...
2024-06-24 17:48:55.076 [info] [resolveAuthority(codespaces,2)][167182ms] waiting...
2024-06-24 17:48:56.077 [info] [resolveAuthority(codespaces,2)][168183ms] waiting...
2024-06-24 17:48:57.079 [info] [resolveAuthority(codespaces,2)][169185ms] waiting...
2024-06-24 17:48:58.080 [info] [resolveAuthority(codespaces,2)][170186ms] waiting...
2024-06-24 17:48:59.082 [info] [resolveAuthority(codespaces,2)][171188ms] waiting...
2024-06-24 17:49:00.083 [info] [resolveAuthority(codespaces,2)][172189ms] waiting...
2024-06-24 17:49:01.085 [info] [resolveAuthority(codespaces,2)][173191ms] waiting...
2024-06-24 17:49:02.086 [info] [resolveAuthority(codespaces,2)][174191ms] waiting...
2024-06-24 17:49:03.087 [info] [resolveAuthority(codespaces,2)][175193ms] waiting...
2024-06-24 17:49:04.089 [info] [resolveAuthority(codespaces,2)][176195ms] waiting...
2024-06-24 17:49:05.090 [info] [resolveAuthority(codespaces,2)][177196ms] waiting...
2024-06-24 17:49:06.092 [info] [resolveAuthority(codespaces,2)][178197ms] waiting...
2024-06-24 17:49:07.093 [info] [resolveAuthority(codespaces,2)][179199ms] waiting...
2024-06-24 17:49:08.094 [info] [resolveAuthority(codespaces,2)][180200ms] waiting...
2024-06-24 17:49:09.095 [info] [resolveAuthority(codespaces,2)][181201ms] waiting...
2024-06-24 17:49:10.096 [info] [resolveAuthority(codespaces,2)][182202ms] waiting...
2024-06-24 17:49:11.097 [info] [resolveAuthority(codespaces,2)][183203ms] waiting...
2024-06-24 17:49:12.099 [info] [resolveAuthority(codespaces,2)][184205ms] waiting...
2024-06-24 17:49:13.101 [info] [resolveAuthority(codespaces,2)][185207ms] waiting...
2024-06-24 17:49:14.102 [info] [resolveAuthority(codespaces,2)][186208ms] waiting...
2024-06-24 17:49:15.104 [info] [resolveAuthority(codespaces,2)][187210ms] waiting...
2024-06-24 17:49:16.105 [info] [resolveAuthority(codespaces,2)][188211ms] waiting...
2024-06-24 17:49:17.107 [info] [resolveAuthority(codespaces,2)][189213ms] waiting...
2024-06-24 17:49:18.108 [info] [resolveAuthority(codespaces,2)][190214ms] waiting...
2024-06-24 17:49:19.109 [info] [resolveAuthority(codespaces,2)][191215ms] waiting...
2024-06-24 17:49:20.110 [info] [resolveAuthority(codespaces,2)][192216ms] waiting...
2024-06-24 17:49:21.111 [info] [resolveAuthority(codespaces,2)][193217ms] waiting...
2024-06-24 17:49:22.113 [info] [resolveAuthority(codespaces,2)][194219ms] waiting...
2024-06-24 17:49:23.114 [info] [resolveAuthority(codespaces,2)][195220ms] waiting...
2024-06-24 17:49:24.115 [info] [resolveAuthority(codespaces,2)][196221ms] waiting...
2024-06-24 17:49:25.117 [info] [resolveAuthority(codespaces,2)][197223ms] waiting...
2024-06-24 17:49:26.118 [info] [resolveAuthority(codespaces,2)][198224ms] waiting...
2024-06-24 17:49:27.119 [info] [resolveAuthority(codespaces,2)][199225ms] waiting...
2024-06-24 17:49:28.121 [info] [resolveAuthority(codespaces,2)][200227ms] waiting...
2024-06-24 17:49:29.122 [info] [resolveAuthority(codespaces,2)][201228ms] waiting...
2024-06-24 17:49:30.123 [info] [resolveAuthority(codespaces,2)][202229ms] waiting...
2024-06-24 17:49:31.125 [info] [resolveAuthority(codespaces,2)][203231ms] waiting...
2024-06-24 17:49:32.125 [info] [resolveAuthority(codespaces,2)][204231ms] waiting...
2024-06-24 17:49:33.127 [info] [resolveAuthority(codespaces,2)][205232ms] waiting...
2024-06-24 17:49:34.128 [info] [resolveAuthority(codespaces,2)][206234ms] waiting...
2024-06-24 17:49:35.129 [info] [resolveAuthority(codespaces,2)][207234ms] waiting...
2024-06-24 17:49:36.130 [info] [resolveAuthority(codespaces,2)][208235ms] waiting...
2024-06-24 17:49:37.130 [info] [resolveAuthority(codespaces,2)][209236ms] waiting...
2024-06-24 17:49:38.132 [info] [resolveAuthority(codespaces,2)][210237ms] waiting...
2024-06-24 17:49:39.133 [info] [resolveAuthority(codespaces,2)][211238ms] waiting...
2024-06-24 17:49:40.134 [info] [resolveAuthority(codespaces,2)][212240ms] waiting...
2024-06-24 17:49:41.134 [info] [resolveAuthority(codespaces,2)][213240ms] waiting...
2024-06-24 17:49:42.136 [info] [resolveAuthority(codespaces,2)][214242ms] waiting...
2024-06-24 17:49:43.137 [info] [resolveAuthority(codespaces,2)][215243ms] waiting...
2024-06-24 17:49:44.138 [info] [resolveAuthority(codespaces,2)][216244ms] waiting...
2024-06-24 17:49:45.140 [info] [resolveAuthority(codespaces,2)][217246ms] waiting...
2024-06-24 17:49:46.141 [info] [resolveAuthority(codespaces,2)][218247ms] waiting...
2024-06-24 17:49:47.142 [info] [resolveAuthority(codespaces,2)][219248ms] waiting...
2024-06-24 17:49:48.142 [info] [resolveAuthority(codespaces,2)][220248ms] waiting...
2024-06-24 17:49:49.143 [info] [resolveAuthority(codespaces,2)][221249ms] waiting...
2024-06-24 17:49:50.145 [info] [resolveAuthority(codespaces,2)][222250ms] waiting...
2024-06-24 17:49:51.145 [info] [resolveAuthority(codespaces,2)][223251ms] waiting...
2024-06-24 17:49:52.147 [info] [resolveAuthority(codespaces,2)][224253ms] waiting...
2024-06-24 17:49:53.148 [info] [resolveAuthority(codespaces,2)][225253ms] waiting...
2024-06-24 17:49:54.149 [info] [resolveAuthority(codespaces,2)][226255ms] waiting...
2024-06-24 17:49:55.150 [info] [resolveAuthority(codespaces,2)][227256ms] waiting...
2024-06-24 17:49:56.150 [info] [resolveAuthority(codespaces,2)][228256ms] waiting...
2024-06-24 17:49:57.151 [info] [resolveAuthority(codespaces,2)][229257ms] waiting...
2024-06-24 17:49:58.153 [info] [resolveAuthority(codespaces,2)][230258ms] waiting...
2024-06-24 17:49:59.154 [info] [resolveAuthority(codespaces,2)][231260ms] waiting...
2024-06-24 17:50:00.155 [info] [resolveAuthority(codespaces,2)][232261ms] waiting...
2024-06-24 17:50:01.156 [info] [resolveAuthority(codespaces,2)][233262ms] waiting...
2024-06-24 17:50:02.157 [info] [resolveAuthority(codespaces,2)][234263ms] waiting...
2024-06-24 17:50:03.158 [info] [resolveAuthority(codespaces,2)][235264ms] waiting...
2024-06-24 17:50:04.159 [info] [resolveAuthority(codespaces,2)][236265ms] waiting...
2024-06-24 17:50:05.159 [info] [resolveAuthority(codespaces,2)][237265ms] waiting...
2024-06-24 17:50:06.161 [info] [resolveAuthority(codespaces,2)][238267ms] waiting...
2024-06-24 17:50:07.162 [info] [resolveAuthority(codespaces,2)][239268ms] waiting...
2024-06-24 17:50:08.162 [info] [resolveAuthority(codespaces,2)][240268ms] waiting...
2024-06-24 17:50:09.164 [info] [resolveAuthority(codespaces,2)][241269ms] waiting...
2024-06-24 17:50:10.165 [info] [resolveAuthority(codespaces,2)][242271ms] waiting...
2024-06-24 17:50:11.166 [info] [resolveAuthority(codespaces,2)][243272ms] waiting...
2024-06-24 17:50:12.167 [info] [resolveAuthority(codespaces,2)][244272ms] waiting...
2024-06-24 17:50:13.168 [info] [resolveAuthority(codespaces,2)][245274ms] waiting...
2024-06-24 17:50:14.169 [info] [resolveAuthority(codespaces,2)][246275ms] waiting...
2024-06-24 17:50:15.171 [info] [resolveAuthority(codespaces,2)][247277ms] waiting...
2024-06-24 17:50:16.172 [info] [resolveAuthority(codespaces,2)][248277ms] waiting...
2024-06-24 17:50:17.172 [info] [resolveAuthority(codespaces,2)][249278ms] waiting...
2024-06-24 17:50:18.174 [info] [resolveAuthority(codespaces,2)][250279ms] waiting...
2024-06-24 17:50:19.174 [info] [resolveAuthority(codespaces,2)][251280ms] waiting...
2024-06-24 17:50:20.175 [info] [resolveAuthority(codespaces,2)][252281ms] waiting...
2024-06-24 17:50:21.177 [info] [resolveAuthority(codespaces,2)][253282ms] waiting...
2024-06-24 17:50:22.178 [info] [resolveAuthority(codespaces,2)][254283ms] waiting...
2024-06-24 17:50:23.179 [info] [resolveAuthority(codespaces,2)][255285ms] waiting...
2024-06-24 17:50:24.180 [info] [resolveAuthority(codespaces,2)][256286ms] waiting...
2024-06-24 17:50:25.181 [info] [resolveAuthority(codespaces,2)][257287ms] waiting...
2024-06-24 17:50:26.182 [info] [resolveAuthority(codespaces,2)][258288ms] waiting...
2024-06-24 17:50:27.182 [info] [resolveAuthority(codespaces,2)][259288ms] waiting...
2024-06-24 17:50:28.183 [info] [resolveAuthority(codespaces,2)][260289ms] waiting...
2024-06-24 17:50:29.185 [info] [resolveAuthority(codespaces,2)][261290ms] waiting...
2024-06-24 17:50:30.185 [info] [resolveAuthority(codespaces,2)][262291ms] waiting...
2024-06-24 17:50:31.187 [info] [resolveAuthority(codespaces,2)][263293ms] waiting...
2024-06-24 17:50:32.187 [info] [resolveAuthority(codespaces,2)][264293ms] waiting...
2024-06-24 17:50:33.189 [info] [resolveAuthority(codespaces,2)][265294ms] waiting...
2024-06-24 17:50:34.190 [info] [resolveAuthority(codespaces,2)][266296ms] waiting...
2024-06-24 17:50:35.190 [info] [resolveAuthority(codespaces,2)][267296ms] waiting...
2024-06-24 17:50:36.192 [info] [resolveAuthority(codespaces,2)][268297ms] waiting...
2024-06-24 17:50:37.193 [info] [resolveAuthority(codespaces,2)][269299ms] waiting...
2024-06-24 17:50:38.194 [info] [resolveAuthority(codespaces,2)][270300ms] waiting...
2024-06-24 17:50:39.196 [info] [resolveAuthority(codespaces,2)][271301ms] waiting...
2024-06-24 17:50:40.197 [info] [resolveAuthority(codespaces,2)][272303ms] waiting...
2024-06-24 17:50:41.198 [info] [resolveAuthority(codespaces,2)][273304ms] waiting...
2024-06-24 17:50:42.199 [info] [resolveAuthority(codespaces,2)][274304ms] waiting...
2024-06-24 17:50:43.200 [info] [resolveAuthority(codespaces,2)][275305ms] waiting...
2024-06-24 17:50:44.201 [info] [resolveAuthority(codespaces,2)][276307ms] waiting...
2024-06-24 17:50:45.202 [info] [resolveAuthority(codespaces,2)][277308ms] waiting...
2024-06-24 17:50:46.203 [info] [resolveAuthority(codespaces,2)][278308ms] waiting...
2024-06-24 17:50:47.204 [info] [resolveAuthority(codespaces,2)][279310ms] waiting...
2024-06-24 17:50:48.205 [info] [resolveAuthority(codespaces,2)][280311ms] waiting...
2024-06-24 17:50:49.206 [info] [resolveAuthority(codespaces,2)][281312ms] waiting...
2024-06-24 17:50:50.207 [info] [resolveAuthority(codespaces,2)][282313ms] waiting...
2024-06-24 17:50:51.207 [info] [resolveAuthority(codespaces,2)][283313ms] waiting...
2024-06-24 17:50:52.208 [info] [resolveAuthority(codespaces,2)][284314ms] waiting...
2024-06-24 17:50:53.210 [info] [resolveAuthority(codespaces,2)][285316ms] waiting...
2024-06-24 17:50:54.144 [info] Extension host terminating: renderer closed the MessagePort
2024-06-24 17:50:54.171 [info] Extension host with pid 32584 exiting with code 0
2024-06-24 17:50:55.214 [info] Extension host with pid 40502 started
2024-06-24 17:50:55.214 [info] Skipping acquiring lock for /home/j/.config/Code/User/workspaceStorage/7d97b56d92fdf06611f3fc8f868ad160.
2024-06-24 17:50:55.214 [info] $getCanonicalURI invoked for authority (codespaces)
2024-06-24 17:50:55.216 [info] ExtensionService#_doActivateExtension GitHub.codespaces, startup: false, activationEvent: 'onResolveRemoteAuthority:codespaces'
2024-06-24 17:50:55.334 [info] ExtensionService#_doActivateExtension vscode.github-authentication, startup: false, activationEvent: 'api', root cause: GitHub.codespaces
2024-06-24 17:50:56.782 [info] [resolveAuthority(codespaces,1)][0ms] activating remote resolvers codespaces+fantastic-space-waffle-v76qxwprrwgc4gw
2024-06-24 17:50:56.782 [info] [resolveAuthority(codespaces,1)][0ms] activating resolver for codespaces+fantastic-space-waffle-v76qxwprrwgc4gw...
2024-06-24 17:50:56.783 [info] [resolveAuthority(codespaces,1)][1ms] invoking final resolve()...
2024-06-24 17:50:57.783 [info] [resolveAuthority(codespaces,1)][1001ms] waiting...
2024-06-24 17:50:58.785 [info] [resolveAuthority(codespaces,1)][2003ms] waiting...
2024-06-24 17:50:59.784 [info] [resolveAuthority(codespaces,1)][3002ms] waiting...
2024-06-24 17:51:00.785 [info] [resolveAuthority(codespaces,1)][4003ms] waiting...
2024-06-24 17:51:01.785 [info] [resolveAuthority(codespaces,1)][5003ms] waiting...
2024-06-24 17:51:02.786 [info] [resolveAuthority(codespaces,1)][6004ms] waiting...
2024-06-24 17:51:03.786 [info] [resolveAuthority(codespaces,1)][7004ms] waiting...
2024-06-24 17:51:04.786 [info] [resolveAuthority(codespaces,1)][8004ms] waiting...
2024-06-24 17:51:05.786 [info] [resolveAuthority(codespaces,1)][9004ms] waiting...
2024-06-24 17:51:06.787 [info] [resolveAuthority(codespaces,1)][10005ms] waiting...
2024-06-24 17:51:07.788 [info] [resolveAuthority(codespaces,1)][11006ms] waiting...
2024-06-24 17:51:08.788 [info] [resolveAuthority(codespaces,1)][12006ms] waiting...
2024-06-24 17:51:09.788 [info] [resolveAuthority(codespaces,1)][13006ms] waiting...
2024-06-24 17:51:10.788 [info] [resolveAuthority(codespaces,1)][14006ms] waiting...
2024-06-24 17:51:11.788 [info] [resolveAuthority(codespaces,1)][15006ms] waiting...
2024-06-24 17:51:12.790 [info] [resolveAuthority(codespaces,1)][16008ms] waiting...
2024-06-24 17:51:13.790 [info] [resolveAuthority(codespaces,1)][17008ms] waiting...
2024-06-24 17:51:14.791 [info] [resolveAuthority(codespaces,1)][18009ms] waiting...
2024-06-24 17:51:15.791 [info] [resolveAuthority(codespaces,1)][19009ms] waiting...
2024-06-24 17:51:16.791 [info] [resolveAuthority(codespaces,1)][20009ms] waiting...
2024-06-24 17:51:17.791 [info] [resolveAuthority(codespaces,1)][21009ms] waiting...
2024-06-24 17:51:18.791 [info] [resolveAuthority(codespaces,1)][22009ms] waiting...
2024-06-24 17:51:19.791 [info] [resolveAuthority(codespaces,1)][23009ms] waiting...
2024-06-24 17:51:20.791 [info] [resolveAuthority(codespaces,1)][24009ms] waiting...
2024-06-24 17:51:21.791 [info] [resolveAuthority(codespaces,1)][25009ms] waiting...
2024-06-24 17:51:22.210 [info] [resolveAuthority(codespaces,1)][25428ms] setting tunnel factory...
2024-06-24 17:51:22.210 [info] [resolveAuthority(codespaces,1)][25428ms] returned 127.0.0.1:45197
2024-06-24 17:51:25.079 [info] Eager extensions activated
2024-06-24 17:51:25.178 [info] ExtensionService#_doActivateExtension sainnhe.gruvbox-material, startup: false, activationEvent: 'onStartupFinished'
2024-06-24 17:51:25.193 [info] ExtensionService#_doActivateExtension vscodevim.vim, startup: false, activationEvent: 'onStartupFinished'
2024-06-24 18:34:07.901 [info] Extension host terminating: renderer closed the MessagePort
2024-06-24 18:34:07.982 [info] Extension host with pid 40502 exiting with code 0
