2024-07-01 10:36:00.948 [info] Reading sessions from keychain...
2024-07-01 10:36:00.948 [info] Getting sessions for all scopes...
2024-07-01 10:36:00.948 [info] Got stored sessions!
2024-07-01 10:36:00.948 [info] Got 1 verified sessions.
2024-07-01 10:36:00.948 [info] Got 1 sessions for ...
2024-07-01 10:36:00.948 [info] Getting sessions for codespace,read:user,repo,user:email...
2024-07-01 10:36:00.948 [info] Got 1 sessions for codespace,read:user,repo,user:email...
2024-07-01 10:36:02.499 [info] Getting sessions for all scopes...
2024-07-01 10:36:02.499 [info] Got 1 sessions for ...
2024-07-01 10:36:42.644 [info] Getting sessions for read:user,repo,user:email,workflow...
2024-07-01 10:36:42.644 [info] Got 0 sessions for read:user,repo,user:email,workflow...
2024-07-01 10:36:42.889 [info] Getting sessions for project,read:org,read:user,repo,user:email,workflow...
2024-07-01 10:36:42.889 [info] Got 0 sessions for project,read:org,read:user,repo,user:email,workflow...
2024-07-01 10:36:42.981 [info] Getting sessions for read:user,repo,user:email,workflow...
2024-07-01 10:36:42.981 [info] Got 0 sessions for read:user,repo,user:email,workflow...
2024-07-01 10:36:43.090 [info] Getting sessions for read:user,repo,user:email...
2024-07-01 10:36:43.090 [info] Got 0 sessions for read:user,repo,user:email...
2024-07-01 10:36:43.188 [info] Getting sessions for read:user,repo,user:email,workflow...
2024-07-01 10:36:43.188 [info] Got 0 sessions for read:user,repo,user:email,workflow...
2024-07-01 10:36:44.730 [info] Getting sessions for read:user,repo,user:email,workflow...
2024-07-01 10:36:44.730 [info] Got 0 sessions for read:user,repo,user:email,workflow...
