2024-06-28 11:21:15.774 [info] Added views:workbench.panel.markers.view in workbench.panel.markers
2024-06-28 11:21:15.774 [info] Added views:workbench.panel.output in workbench.panel.output
2024-06-28 11:21:15.774 [info] Added views:terminal in terminal
2024-06-28 11:21:15.774 [info] Added views:outline in workbench.view.explorer
2024-06-28 11:21:15.774 [info] Added views:workbench.scm in workbench.view.scm
2024-06-28 11:21:15.774 [info] Added views:workbench.view.search in workbench.view.search
2024-06-28 11:21:15.774 [info] Added views:timeline in workbench.view.explorer
2024-06-28 11:21:15.774 [info] Added views:workbench.explorer.fileView in workbench.view.explorer
2024-06-28 11:21:15.976 [info] Added views:workbench.debug.welcome in workbench.view.debug
2024-06-28 11:21:45.588 [info] Added views:~remote.forwardedPorts in ~remote.forwardedPortsContainer
2024-06-28 11:21:49.914 [info] Added views:cs50-menu in workbench.view.extension.cs50-menu
2024-06-28 11:21:49.915 [info] Added views:ddb50.chatWindow in workbench.view.extension.ddb50
2024-06-28 11:21:49.915 [info] Added views:github.codespaces.explorer in workbench.view.remote
2024-06-28 11:21:49.916 [info] Added views:pr:github,issues:github in workbench.view.extension.github-pull-requests
2024-06-28 11:21:49.917 [info] Added views:dockerContainers,dockerImages,dockerRegistries,dockerNetworks,dockerVolumes,vscode-docker.views.dockerContexts,vscode-docker.views.help in workbench.view.extension.dockerView
2024-06-28 11:21:49.917 [info] Added views:liveshare.session in workbench.view.extension.liveshare
2024-06-28 11:21:51.142 [info] Added views:workbench.panel.repl.view in workbench.panel.repl
2024-06-28 11:22:01.311 [info] Removed views:issues:github,pr:github from workbench.view.extension.github-pull-requests
2024-06-28 11:22:01.312 [info] Added views:github:login in workbench.view.extension.github-pull-requests
2024-06-28 11:24:49.480 [info] Added views:workbench.panel.markers.view in workbench.panel.markers
2024-06-28 11:24:49.480 [info] Added views:workbench.panel.output in workbench.panel.output
2024-06-28 11:24:49.480 [info] Added views:terminal in terminal
2024-06-28 11:24:49.480 [info] Added views:outline in workbench.view.explorer
2024-06-28 11:24:49.480 [info] Added views:workbench.scm in workbench.view.scm
2024-06-28 11:24:49.480 [info] Added views:workbench.view.search in workbench.view.search
2024-06-28 11:24:49.481 [info] Added views:timeline in workbench.view.explorer
2024-06-28 11:24:49.481 [info] Added views:workbench.explorer.fileView in workbench.view.explorer
2024-06-28 11:24:49.665 [info] Added views:workbench.debug.welcome in workbench.view.debug
2024-06-28 11:24:57.836 [info] Added views:~remote.forwardedPorts in ~remote.forwardedPortsContainer
2024-06-28 11:24:59.696 [info] Added views:cs50-menu in workbench.view.extension.cs50-menu
2024-06-28 11:24:59.697 [info] Added views:ddb50.chatWindow in workbench.view.extension.ddb50
2024-06-28 11:24:59.697 [info] Added views:github.codespaces.explorer in workbench.view.remote
2024-06-28 11:24:59.698 [info] Added views:pr:github,issues:github in workbench.view.extension.github-pull-requests
2024-06-28 11:24:59.699 [info] Added views:dockerContainers,dockerImages,dockerRegistries,dockerNetworks,dockerVolumes,vscode-docker.views.dockerContexts,vscode-docker.views.help in workbench.view.extension.dockerView
2024-06-28 11:24:59.700 [info] Added views:liveshare.session in workbench.view.extension.liveshare
2024-06-28 11:25:00.918 [info] Added views:workbench.panel.repl.view in workbench.panel.repl
2024-06-28 11:25:05.212 [info] Removed views:issues:github,pr:github from workbench.view.extension.github-pull-requests
2024-06-28 11:25:05.213 [info] Added views:github:login in workbench.view.extension.github-pull-requests
2024-06-28 12:42:09.078 [info] Added views:workbench.panel.markers.view in workbench.panel.markers
2024-06-28 12:42:09.078 [info] Added views:workbench.panel.output in workbench.panel.output
2024-06-28 12:42:09.078 [info] Added views:terminal in terminal
2024-06-28 12:42:09.078 [info] Added views:outline in workbench.view.explorer
2024-06-28 12:42:09.078 [info] Added views:workbench.scm in workbench.view.scm
2024-06-28 12:42:09.078 [info] Added views:workbench.view.search in workbench.view.search
2024-06-28 12:42:09.078 [info] Added views:timeline in workbench.view.explorer
2024-06-28 12:42:09.078 [info] Added views:workbench.explorer.fileView in workbench.view.explorer
2024-06-28 12:42:09.226 [info] Added views:workbench.debug.welcome in workbench.view.debug
2024-06-28 12:42:39.156 [info] Added views:~remote.forwardedPorts in ~remote.forwardedPortsContainer
2024-06-28 12:42:42.157 [info] Added views:cs50-menu in workbench.view.extension.cs50-menu
2024-06-28 12:42:42.157 [info] Added views:ddb50.chatWindow in workbench.view.extension.ddb50
2024-06-28 12:42:42.158 [info] Added views:github.codespaces.explorer in workbench.view.remote
2024-06-28 12:42:42.158 [info] Added views:pr:github,issues:github in workbench.view.extension.github-pull-requests
2024-06-28 12:42:42.159 [info] Added views:dockerContainers,dockerImages,dockerRegistries,dockerNetworks,dockerVolumes,vscode-docker.views.dockerContexts,vscode-docker.views.help in workbench.view.extension.dockerView
2024-06-28 12:42:42.160 [info] Added views:liveshare.session in workbench.view.extension.liveshare
2024-06-28 12:42:43.253 [info] Added views:workbench.panel.repl.view in workbench.panel.repl
2024-06-28 12:42:49.472 [info] Removed views:issues:github,pr:github from workbench.view.extension.github-pull-requests
2024-06-28 12:42:49.473 [info] Added views:github:login in workbench.view.extension.github-pull-requests
2024-06-28 18:50:48.384 [info] Added views:workbench.panel.markers.view in workbench.panel.markers
2024-06-28 18:50:48.384 [info] Added views:workbench.panel.output in workbench.panel.output
2024-06-28 18:50:48.384 [info] Added views:terminal in terminal
2024-06-28 18:50:48.384 [info] Added views:outline in workbench.view.explorer
2024-06-28 18:50:48.384 [info] Added views:workbench.scm in workbench.view.scm
2024-06-28 18:50:48.384 [info] Added views:workbench.view.search in workbench.view.search
2024-06-28 18:50:48.384 [info] Added views:timeline in workbench.view.explorer
2024-06-28 18:50:48.384 [info] Added views:workbench.explorer.fileView in workbench.view.explorer
2024-06-28 18:50:48.501 [info] Added views:workbench.debug.welcome in workbench.view.debug
2024-06-28 18:51:17.622 [info] Added views:~remote.forwardedPorts in ~remote.forwardedPortsContainer
2024-06-28 18:51:21.428 [info] Added views:cs50-menu in workbench.view.extension.cs50-menu
2024-06-28 18:51:21.428 [info] Added views:ddb50.chatWindow in workbench.view.extension.ddb50
2024-06-28 18:51:21.428 [info] Added views:github.codespaces.explorer in workbench.view.remote
2024-06-28 18:51:21.428 [info] Added views:pr:github,issues:github in workbench.view.extension.github-pull-requests
2024-06-28 18:51:21.429 [info] Added views:dockerContainers,dockerImages,dockerRegistries,dockerNetworks,dockerVolumes,vscode-docker.views.dockerContexts,vscode-docker.views.help in workbench.view.extension.dockerView
2024-06-28 18:51:21.430 [info] Added views:liveshare.session in workbench.view.extension.liveshare
2024-06-28 18:51:22.466 [info] Added views:workbench.panel.repl.view in workbench.panel.repl
2024-06-28 18:51:28.943 [info] Removed views:issues:github,pr:github from workbench.view.extension.github-pull-requests
2024-06-28 18:51:28.943 [info] Added views:github:login in workbench.view.extension.github-pull-requests
2024-06-28 20:51:23.816 [info] Added views:workbench.panel.markers.view in workbench.panel.markers
2024-06-28 20:51:23.816 [info] Added views:workbench.panel.output in workbench.panel.output
2024-06-28 20:51:23.816 [info] Added views:terminal in terminal
2024-06-28 20:51:23.816 [info] Added views:outline in workbench.view.explorer
2024-06-28 20:51:23.816 [info] Added views:workbench.scm in workbench.view.scm
2024-06-28 20:51:23.816 [info] Added views:workbench.view.search in workbench.view.search
2024-06-28 20:51:23.816 [info] Added views:timeline in workbench.view.explorer
2024-06-28 20:51:23.816 [info] Added views:workbench.explorer.fileView in workbench.view.explorer
2024-06-28 20:51:23.987 [info] Added views:workbench.debug.welcome in workbench.view.debug
2024-06-28 20:51:49.218 [info] Added views:~remote.forwardedPorts in ~remote.forwardedPortsContainer
2024-06-28 20:51:52.376 [info] Added views:cs50-menu in workbench.view.extension.cs50-menu
2024-06-28 20:51:52.377 [info] Added views:ddb50.chatWindow in workbench.view.extension.ddb50
2024-06-28 20:51:52.377 [info] Added views:github.codespaces.explorer in workbench.view.remote
2024-06-28 20:51:52.377 [info] Added views:pr:github,issues:github in workbench.view.extension.github-pull-requests
2024-06-28 20:51:52.377 [info] Added views:dockerContainers,dockerImages,dockerRegistries,dockerNetworks,dockerVolumes,vscode-docker.views.dockerContexts,vscode-docker.views.help in workbench.view.extension.dockerView
2024-06-28 20:51:52.379 [info] Added views:liveshare.session in workbench.view.extension.liveshare
2024-06-28 20:51:53.686 [info] Added views:workbench.panel.repl.view in workbench.panel.repl
2024-06-28 20:52:01.146 [info] Removed views:issues:github,pr:github from workbench.view.extension.github-pull-requests
2024-06-28 20:52:01.147 [info] Added views:github:login in workbench.view.extension.github-pull-requests
