2024-07-08 19:24:25.107 [info] Getting Manifest... github.codespaces
2024-07-08 19:24:25.107 [info] Getting Manifest... ms-ceintl.vscode-language-pack-cs
2024-07-08 19:24:25.108 [info] Getting Manifest... ms-ceintl.vscode-language-pack-de
2024-07-08 19:24:25.109 [info] Getting Manifest... ms-ceintl.vscode-language-pack-es
2024-07-08 19:24:25.110 [info] Getting Manifest... ms-ceintl.vscode-language-pack-fr
2024-07-08 19:24:25.110 [info] Getting Manifest... ms-ceintl.vscode-language-pack-it
2024-07-08 19:24:25.111 [info] Getting Manifest... ms-ceintl.vscode-language-pack-ja
2024-07-08 19:24:25.111 [info] Getting Manifest... ms-ceintl.vscode-language-pack-ko
2024-07-08 19:24:25.112 [info] Getting Manifest... ms-ceintl.vscode-language-pack-pl
2024-07-08 19:24:25.113 [info] Getting Manifest... ms-ceintl.vscode-language-pack-pt-br
2024-07-08 19:24:25.113 [info] Getting Manifest... ms-ceintl.vscode-language-pack-ru
2024-07-08 19:24:25.114 [info] Getting Manifest... ms-ceintl.vscode-language-pack-zh-hans
2024-07-08 19:24:25.115 [info] Getting Manifest... ms-ceintl.vscode-language-pack-zh-hant
2024-07-08 19:24:26.055 [info] Installing extension: ms-ceintl.vscode-language-pack-zh-hans vscode-userdata:/home/j/.vscode/extensions/extensions.json
2024-07-08 19:24:26.057 [info] Installing extension: ms-ceintl.vscode-language-pack-pt-br vscode-userdata:/home/j/.vscode/extensions/extensions.json
2024-07-08 19:24:26.059 [info] Installing extension: ms-ceintl.vscode-language-pack-fr vscode-userdata:/home/j/.vscode/extensions/extensions.json
2024-07-08 19:24:26.073 [info] Installing extension: ms-ceintl.vscode-language-pack-de vscode-userdata:/home/j/.vscode/extensions/extensions.json
2024-07-08 19:24:26.073 [info] Installing extension: ms-ceintl.vscode-language-pack-pl vscode-userdata:/home/j/.vscode/extensions/extensions.json
2024-07-08 19:24:26.074 [info] Installing extension: ms-ceintl.vscode-language-pack-ko vscode-userdata:/home/j/.vscode/extensions/extensions.json
2024-07-08 19:24:26.074 [info] Installing extension: ms-ceintl.vscode-language-pack-es vscode-userdata:/home/j/.vscode/extensions/extensions.json
2024-07-08 19:24:26.082 [info] Installing extension: ms-ceintl.vscode-language-pack-zh-hant vscode-userdata:/home/j/.vscode/extensions/extensions.json
2024-07-08 19:24:26.082 [info] Installing extension: ms-ceintl.vscode-language-pack-ja vscode-userdata:/home/j/.vscode/extensions/extensions.json
2024-07-08 19:24:26.083 [info] Installing extension: ms-ceintl.vscode-language-pack-it vscode-userdata:/home/j/.vscode/extensions/extensions.json
2024-07-08 19:24:26.084 [info] Installing extension: ms-ceintl.vscode-language-pack-cs vscode-userdata:/home/j/.vscode/extensions/extensions.json
2024-07-08 19:24:26.084 [info] Installing extension: ms-ceintl.vscode-language-pack-ru vscode-userdata:/home/j/.vscode/extensions/extensions.json
2024-07-08 19:24:26.085 [info] Installing extension: github.codespaces vscode-userdata:/home/j/.vscode/extensions/extensions.json
2024-07-08 19:24:31.179 [info] Extension signature verification result for ms-ceintl.vscode-language-pack-it: Success. Executed: true. Duration: 1085ms.
2024-07-08 19:24:31.339 [info] Extension signature verification result for ms-ceintl.vscode-language-pack-pt-br: Success. Executed: true. Duration: 891ms.
2024-07-08 19:24:31.372 [info] Extension signature verification result for ms-ceintl.vscode-language-pack-fr: Success. Executed: true. Duration: 1116ms.
2024-07-08 19:24:31.397 [info] Extension signature verification result for ms-ceintl.vscode-language-pack-ko: Success. Executed: true. Duration: 927ms.
2024-07-08 19:24:31.497 [info] Extracted extension to file:///home/j/.vscode/extensions/ms-ceintl.vscode-language-pack-it-1.91.2024070309: ms-ceintl.vscode-language-pack-it
2024-07-08 19:24:31.507 [info] Renamed to /home/j/.vscode/extensions/ms-ceintl.vscode-language-pack-it-1.91.2024070309
2024-07-08 19:24:31.547 [error] [uncaught exception in sharedProcess]: Error: ENOENT: no such file or directory, stat '/home/j/.vscode/extensions/extensions.json.vsctmp': EntryNotFound (FileSystemError): Error: ENOENT: no such file or directory, stat '/home/j/.vscode/extensions/extensions.json.vsctmp'
    at c.create (/usr/share/code/resources/app/out/vs/code/node/sharedProcess/sharedProcessMain.js:53:19235)
    at m (/usr/share/code/resources/app/out/vs/code/node/sharedProcess/sharedProcessMain.js:53:19345)
    at t.hb (/usr/share/code/resources/app/out/vs/code/node/sharedProcess/sharedProcessMain.js:58:36685)
    at t.stat (/usr/share/code/resources/app/out/vs/code/node/sharedProcess/sharedProcessMain.js:58:29033)
    at async b.stat (/usr/share/code/resources/app/out/vs/code/node/sharedProcess/sharedProcessMain.js:58:14899)
    at async H.vb (/usr/share/code/resources/app/out/vs/code/node/sharedProcess/sharedProcessMain.js:104:117665)
2024-07-08 19:24:31.608 [info] Adding language packs from the extension ms-ceintl.vscode-language-pack-it
2024-07-08 19:24:31.695 [info] Extension installed successfully: ms-ceintl.vscode-language-pack-it vscode-userdata:/home/j/.vscode/extensions/extensions.json
2024-07-08 19:24:31.793 [info] Extracted extension to file:///home/j/.vscode/extensions/ms-ceintl.vscode-language-pack-pt-br-1.91.2024070309: ms-ceintl.vscode-language-pack-pt-br
2024-07-08 19:24:31.799 [info] Renamed to /home/j/.vscode/extensions/ms-ceintl.vscode-language-pack-pt-br-1.91.2024070309
2024-07-08 19:24:31.892 [info] Adding language packs from the extension ms-ceintl.vscode-language-pack-pt-br
2024-07-08 19:24:31.893 [error] [uncaught exception in sharedProcess]: Error: ENOENT: no such file or directory, stat '/home/j/.vscode/extensions/extensions.json.vsctmp': EntryNotFound (FileSystemError): Error: ENOENT: no such file or directory, stat '/home/j/.vscode/extensions/extensions.json.vsctmp'
    at c.create (/usr/share/code/resources/app/out/vs/code/node/sharedProcess/sharedProcessMain.js:53:19235)
    at m (/usr/share/code/resources/app/out/vs/code/node/sharedProcess/sharedProcessMain.js:53:19345)
    at t.hb (/usr/share/code/resources/app/out/vs/code/node/sharedProcess/sharedProcessMain.js:58:36685)
    at t.stat (/usr/share/code/resources/app/out/vs/code/node/sharedProcess/sharedProcessMain.js:58:29033)
    at async b.stat (/usr/share/code/resources/app/out/vs/code/node/sharedProcess/sharedProcessMain.js:58:14899)
    at async H.vb (/usr/share/code/resources/app/out/vs/code/node/sharedProcess/sharedProcessMain.js:104:117665)
2024-07-08 19:24:31.912 [info] Extension signature verification result for ms-ceintl.vscode-language-pack-zh-hant: Success. Executed: true. Duration: 1046ms.
2024-07-08 19:24:31.950 [info] Extracted extension to file:///home/j/.vscode/extensions/ms-ceintl.vscode-language-pack-fr-1.91.2024070309: ms-ceintl.vscode-language-pack-fr
2024-07-08 19:24:31.955 [info] Extension installed successfully: ms-ceintl.vscode-language-pack-pt-br vscode-userdata:/home/j/.vscode/extensions/extensions.json
2024-07-08 19:24:31.956 [info] Extension signature verification result for ms-ceintl.vscode-language-pack-ja: Success. Executed: true. Duration: 1114ms.
2024-07-08 19:24:31.962 [info] Renamed to /home/j/.vscode/extensions/ms-ceintl.vscode-language-pack-fr-1.91.2024070309
2024-07-08 19:24:31.975 [info] Extracted extension to file:///home/j/.vscode/extensions/ms-ceintl.vscode-language-pack-ko-1.91.2024070309: ms-ceintl.vscode-language-pack-ko
2024-07-08 19:24:31.998 [info] Renamed to /home/j/.vscode/extensions/ms-ceintl.vscode-language-pack-ko-1.91.2024070309
2024-07-08 19:24:32.022 [info] Extension signature verification result for ms-ceintl.vscode-language-pack-zh-hans: Success. Executed: true. Duration: 1107ms.
2024-07-08 19:24:32.046 [info] Adding language packs from the extension ms-ceintl.vscode-language-pack-fr
2024-07-08 19:24:32.056 [info] Extension signature verification result for ms-ceintl.vscode-language-pack-de: Success. Executed: true. Duration: 1127ms.
2024-07-08 19:24:32.075 [info] Extension signature verification result for ms-ceintl.vscode-language-pack-pl: Success. Executed: true. Duration: 1131ms.
2024-07-08 19:24:32.092 [info] Extension signature verification result for ms-ceintl.vscode-language-pack-cs: Success. Executed: true. Duration: 1153ms.
2024-07-08 19:24:32.127 [info] Adding language packs from the extension ms-ceintl.vscode-language-pack-ko
2024-07-08 19:24:32.140 [info] Extension installed successfully: ms-ceintl.vscode-language-pack-fr vscode-userdata:/home/j/.vscode/extensions/extensions.json
2024-07-08 19:24:32.162 [info] Extension signature verification result for ms-ceintl.vscode-language-pack-ru: Success. Executed: true. Duration: 1086ms.
2024-07-08 19:24:32.189 [info] Extension installed successfully: ms-ceintl.vscode-language-pack-ko vscode-userdata:/home/j/.vscode/extensions/extensions.json
2024-07-08 19:24:32.274 [info] Extension signature verification result for ms-ceintl.vscode-language-pack-es: Success. Executed: true. Duration: 1067ms.
2024-07-08 19:24:32.349 [info] Extracted extension to file:///home/j/.vscode/extensions/ms-ceintl.vscode-language-pack-zh-hant-1.91.2024070309: ms-ceintl.vscode-language-pack-zh-hant
2024-07-08 19:24:32.354 [info] Renamed to /home/j/.vscode/extensions/ms-ceintl.vscode-language-pack-zh-hant-1.91.2024070309
2024-07-08 19:24:32.364 [info] Extracted extension to file:///home/j/.vscode/extensions/ms-ceintl.vscode-language-pack-ja-1.91.2024070309: ms-ceintl.vscode-language-pack-ja
2024-07-08 19:24:32.393 [info] Renamed to /home/j/.vscode/extensions/ms-ceintl.vscode-language-pack-ja-1.91.2024070309
2024-07-08 19:24:32.408 [info] Adding language packs from the extension ms-ceintl.vscode-language-pack-zh-hant
2024-07-08 19:24:32.417 [info] Extracted extension to file:///home/j/.vscode/extensions/ms-ceintl.vscode-language-pack-zh-hans-1.91.2024070309: ms-ceintl.vscode-language-pack-zh-hans
2024-07-08 19:24:32.442 [error] [uncaught exception in sharedProcess]: Error: ENOENT: no such file or directory, stat '/home/j/.vscode/extensions/extensions.json.vsctmp': EntryNotFound (FileSystemError): Error: ENOENT: no such file or directory, stat '/home/j/.vscode/extensions/extensions.json.vsctmp'
    at c.create (/usr/share/code/resources/app/out/vs/code/node/sharedProcess/sharedProcessMain.js:53:19235)
    at m (/usr/share/code/resources/app/out/vs/code/node/sharedProcess/sharedProcessMain.js:53:19345)
    at t.hb (/usr/share/code/resources/app/out/vs/code/node/sharedProcess/sharedProcessMain.js:58:36685)
    at t.stat (/usr/share/code/resources/app/out/vs/code/node/sharedProcess/sharedProcessMain.js:58:29033)
    at async b.stat (/usr/share/code/resources/app/out/vs/code/node/sharedProcess/sharedProcessMain.js:58:14899)
    at async H.vb (/usr/share/code/resources/app/out/vs/code/node/sharedProcess/sharedProcessMain.js:104:117665)
2024-07-08 19:24:32.459 [info] Renamed to /home/j/.vscode/extensions/ms-ceintl.vscode-language-pack-zh-hans-1.91.2024070309
2024-07-08 19:24:32.480 [info] Extension installed successfully: ms-ceintl.vscode-language-pack-zh-hant vscode-userdata:/home/j/.vscode/extensions/extensions.json
2024-07-08 19:24:32.497 [info] Adding language packs from the extension ms-ceintl.vscode-language-pack-ja
2024-07-08 19:24:32.499 [info] Extracted extension to file:///home/j/.vscode/extensions/ms-ceintl.vscode-language-pack-de-1.91.2024070309: ms-ceintl.vscode-language-pack-de
2024-07-08 19:24:32.506 [info] Extracted extension to file:///home/j/.vscode/extensions/ms-ceintl.vscode-language-pack-pl-1.91.2024070309: ms-ceintl.vscode-language-pack-pl
2024-07-08 19:24:32.512 [info] Extracted extension to file:///home/j/.vscode/extensions/ms-ceintl.vscode-language-pack-cs-1.91.2024070309: ms-ceintl.vscode-language-pack-cs
2024-07-08 19:24:32.549 [info] Renamed to /home/j/.vscode/extensions/ms-ceintl.vscode-language-pack-de-1.91.2024070309
2024-07-08 19:24:32.556 [info] Renamed to /home/j/.vscode/extensions/ms-ceintl.vscode-language-pack-pl-1.91.2024070309
2024-07-08 19:24:32.559 [info] Renamed to /home/j/.vscode/extensions/ms-ceintl.vscode-language-pack-cs-1.91.2024070309
2024-07-08 19:24:32.578 [info] Adding language packs from the extension ms-ceintl.vscode-language-pack-zh-hans
2024-07-08 19:24:32.592 [info] Extension installed successfully: ms-ceintl.vscode-language-pack-ja vscode-userdata:/home/j/.vscode/extensions/extensions.json
2024-07-08 19:24:32.681 [info] Adding language packs from the extension ms-ceintl.vscode-language-pack-de
2024-07-08 19:24:32.691 [info] Extension installed successfully: ms-ceintl.vscode-language-pack-zh-hans vscode-userdata:/home/j/.vscode/extensions/extensions.json
2024-07-08 19:24:32.781 [info] Adding language packs from the extension ms-ceintl.vscode-language-pack-pl
2024-07-08 19:24:32.794 [info] Adding language packs from the extension ms-ceintl.vscode-language-pack-cs
2024-07-08 19:24:32.796 [info] Extracted extension to file:///home/j/.vscode/extensions/ms-ceintl.vscode-language-pack-ru-1.91.2024070309: ms-ceintl.vscode-language-pack-ru
2024-07-08 19:24:32.857 [info] Renamed to /home/j/.vscode/extensions/ms-ceintl.vscode-language-pack-ru-1.91.2024070309
2024-07-08 19:24:32.868 [info] Extension installed successfully: ms-ceintl.vscode-language-pack-de vscode-userdata:/home/j/.vscode/extensions/extensions.json
2024-07-08 19:24:32.891 [info] Extension installed successfully: ms-ceintl.vscode-language-pack-pl vscode-userdata:/home/j/.vscode/extensions/extensions.json
2024-07-08 19:24:32.903 [info] Extension installed successfully: ms-ceintl.vscode-language-pack-cs vscode-userdata:/home/j/.vscode/extensions/extensions.json
2024-07-08 19:24:32.932 [info] Adding language packs from the extension ms-ceintl.vscode-language-pack-ru
2024-07-08 19:24:32.970 [error] [uncaught exception in sharedProcess]: Error: ENOENT: no such file or directory, stat '/home/j/.vscode/extensions/extensions.json.vsctmp': EntryNotFound (FileSystemError): Error: ENOENT: no such file or directory, stat '/home/j/.vscode/extensions/extensions.json.vsctmp'
    at c.create (/usr/share/code/resources/app/out/vs/code/node/sharedProcess/sharedProcessMain.js:53:19235)
    at m (/usr/share/code/resources/app/out/vs/code/node/sharedProcess/sharedProcessMain.js:53:19345)
    at t.hb (/usr/share/code/resources/app/out/vs/code/node/sharedProcess/sharedProcessMain.js:58:36685)
    at t.stat (/usr/share/code/resources/app/out/vs/code/node/sharedProcess/sharedProcessMain.js:58:29033)
    at async b.stat (/usr/share/code/resources/app/out/vs/code/node/sharedProcess/sharedProcessMain.js:58:14899)
    at async H.vb (/usr/share/code/resources/app/out/vs/code/node/sharedProcess/sharedProcessMain.js:104:117665)
2024-07-08 19:24:32.973 [info] Extension installed successfully: ms-ceintl.vscode-language-pack-ru vscode-userdata:/home/j/.vscode/extensions/extensions.json
2024-07-08 19:24:32.988 [info] Extracted extension to file:///home/j/.vscode/extensions/ms-ceintl.vscode-language-pack-es-1.91.2024070309: ms-ceintl.vscode-language-pack-es
2024-07-08 19:24:32.990 [info] Renamed to /home/j/.vscode/extensions/ms-ceintl.vscode-language-pack-es-1.91.2024070309
2024-07-08 19:24:33.032 [info] Extension signature verification result for github.codespaces: Success. Executed: true. Duration: 772ms.
2024-07-08 19:24:33.040 [info] Adding language packs from the extension ms-ceintl.vscode-language-pack-es
2024-07-08 19:24:33.087 [info] Extension installed successfully: ms-ceintl.vscode-language-pack-es vscode-userdata:/home/j/.vscode/extensions/extensions.json
2024-07-08 19:24:33.230 [info] Extracted extension to file:///home/j/.vscode/extensions/github.codespaces-1.17.1: github.codespaces
2024-07-08 19:24:33.233 [info] Renamed to /home/j/.vscode/extensions/github.codespaces-1.17.1
2024-07-08 19:24:33.262 [info] Marked extension as uninstalled github.codespaces-1.16.23
2024-07-08 19:24:33.270 [info] Extension installed successfully: github.codespaces vscode-userdata:/home/j/.vscode/extensions/extensions.json
2024-07-08 19:24:33.271 [error] [uncaught exception in sharedProcess]: Error: ENOENT: no such file or directory, stat '/home/j/.vscode/extensions/extensions.json.vsctmp': EntryNotFound (FileSystemError): Error: ENOENT: no such file or directory, stat '/home/j/.vscode/extensions/extensions.json.vsctmp'
    at c.create (/usr/share/code/resources/app/out/vs/code/node/sharedProcess/sharedProcessMain.js:53:19235)
    at m (/usr/share/code/resources/app/out/vs/code/node/sharedProcess/sharedProcessMain.js:53:19345)
    at t.hb (/usr/share/code/resources/app/out/vs/code/node/sharedProcess/sharedProcessMain.js:58:36685)
    at t.stat (/usr/share/code/resources/app/out/vs/code/node/sharedProcess/sharedProcessMain.js:58:29033)
    at async b.stat (/usr/share/code/resources/app/out/vs/code/node/sharedProcess/sharedProcessMain.js:58:14899)
    at async H.vb (/usr/share/code/resources/app/out/vs/code/node/sharedProcess/sharedProcessMain.js:104:117665)
