2024-06-30 19:42:29.354 [info] Started local extension host with pid 11045.
2024-06-30 19:42:31.197 [info] Invoking resolveAuthority(codespaces)...
2024-06-30 19:42:31.198 [info] [LocalProcess0][resolveAuthority(codespaces,1)][0ms] obtaining proxy...
2024-06-30 19:42:31.198 [info] [LocalProcess0][resolveAuthority(codespaces,1)][0ms] invoking...
2024-06-30 19:42:32.198 [info] [LocalProcess0][resolveAuthority(codespaces,1)][1000ms] waiting...
2024-06-30 19:42:33.198 [info] [LocalProcess0][resolveAuthority(codespaces,1)][2000ms] waiting...
2024-06-30 19:42:34.198 [info] [LocalProcess0][resolveAuthority(codespaces,1)][3000ms] waiting...
2024-06-30 19:42:35.198 [info] [LocalProcess0][resolveAuthority(codespaces,1)][4000ms] waiting...
2024-06-30 19:42:36.198 [info] [LocalProcess0][resolveAuthority(codespaces,1)][5000ms] waiting...
2024-06-30 19:42:37.198 [info] [LocalProcess0][resolveAuthority(codespaces,1)][6000ms] waiting...
2024-06-30 19:42:38.198 [info] [LocalProcess0][resolveAuthority(codespaces,1)][7000ms] waiting...
2024-06-30 19:42:39.198 [info] [LocalProcess0][resolveAuthority(codespaces,1)][8000ms] waiting...
2024-06-30 19:42:40.198 [info] [LocalProcess0][resolveAuthority(codespaces,1)][9000ms] waiting...
2024-06-30 19:42:41.198 [info] [LocalProcess0][resolveAuthority(codespaces,1)][10000ms] waiting...
2024-06-30 19:42:42.198 [info] [LocalProcess0][resolveAuthority(codespaces,1)][11000ms] waiting...
2024-06-30 19:42:43.198 [info] [LocalProcess0][resolveAuthority(codespaces,1)][12000ms] waiting...
2024-06-30 19:42:44.198 [info] [LocalProcess0][resolveAuthority(codespaces,1)][13000ms] waiting...
2024-06-30 19:42:45.198 [info] [LocalProcess0][resolveAuthority(codespaces,1)][14000ms] waiting...
2024-06-30 19:42:46.198 [info] [LocalProcess0][resolveAuthority(codespaces,1)][15000ms] waiting...
2024-06-30 19:42:47.198 [info] [LocalProcess0][resolveAuthority(codespaces,1)][16000ms] waiting...
2024-06-30 19:42:48.198 [info] [LocalProcess0][resolveAuthority(codespaces,1)][17000ms] waiting...
2024-06-30 19:42:49.198 [info] [LocalProcess0][resolveAuthority(codespaces,1)][18000ms] waiting...
2024-06-30 19:42:50.198 [info] [LocalProcess0][resolveAuthority(codespaces,1)][19000ms] waiting...
2024-06-30 19:42:51.198 [info] [LocalProcess0][resolveAuthority(codespaces,1)][20000ms] waiting...
2024-06-30 19:42:52.198 [info] [LocalProcess0][resolveAuthority(codespaces,1)][21000ms] waiting...
2024-06-30 19:42:53.198 [info] [LocalProcess0][resolveAuthority(codespaces,1)][22000ms] waiting...
2024-06-30 19:42:54.198 [info] [LocalProcess0][resolveAuthority(codespaces,1)][23000ms] waiting...
2024-06-30 19:42:55.198 [info] [LocalProcess0][resolveAuthority(codespaces,1)][24000ms] waiting...
2024-06-30 19:42:56.198 [info] [LocalProcess0][resolveAuthority(codespaces,1)][25000ms] waiting...
2024-06-30 19:42:57.198 [info] [LocalProcess0][resolveAuthority(codespaces,1)][26000ms] waiting...
2024-06-30 19:42:57.475 [info] [LocalProcess0][resolveAuthority(codespaces,1)][26278ms] returned WebSocket(127.0.0.1:40339)
2024-06-30 19:42:57.475 [info] resolveAuthority(codespaces) returned 'WebSocket(127.0.0.1:40339)' after 26279 ms
2024-06-30 19:42:57.477 [info] Creating a socket (renderer-Management-20eb1d84-509d-48eb-bf0e-c78040350bbb)...
2024-06-30 19:42:57.478 [info] Creating a socket (renderer-ExtensionHost-b685a277-3fa7-4b78-9da3-12a284e55b88)...
2024-06-30 19:42:57.687 [info] Creating a socket (renderer-Management-20eb1d84-509d-48eb-bf0e-c78040350bbb) was successful after 211 ms.
2024-06-30 19:42:57.928 [info] Creating a socket (renderer-ExtensionHost-b685a277-3fa7-4b78-9da3-12a284e55b88) was successful after 449 ms.
2024-06-30 19:43:02.069 [info] [perf] Render performance baseline is 24ms
2024-06-30 19:43:05.339 [warning] [perf] Renderer reported VERY LONG TASK (309ms), starting profiling session '731e508f-d76f-4c72-9630-eb67ca056314'
2024-06-30 19:43:08.096 [error] [Extension Host] (node:335) [DEP0005] DeprecationWarning: Buffer() is deprecated due to security and usability issues. Please use the Buffer.alloc(), Buffer.allocUnsafe(), or Buffer.from() methods instead.
(Use `node --trace-deprecation ...` to show where the warning was created)
