2024-06-30 19:42:29.572 [info] Extension host with pid 11045 started
2024-06-30 19:42:29.572 [info] Skipping acquiring lock for /home/j/.config/Code/User/workspaceStorage/7d97b56d92fdf06611f3fc8f868ad160.
2024-06-30 19:42:29.574 [info] $getCanonicalURI invoked for authority (codespaces)
2024-06-30 19:42:29.584 [info] ExtensionService#_doActivateExtension GitHub.codespaces, startup: false, activationEvent: 'onResolveRemoteAuthority:codespaces'
2024-06-30 19:42:29.696 [info] ExtensionService#_doActivateExtension vscode.github-authentication, startup: false, activationEvent: 'api', root cause: GitHub.codespaces
2024-06-30 19:42:31.198 [info] [resolveAuthority(codespaces,1)][0ms] activating remote resolvers codespaces+fantastic-space-waffle-v76qxwprrwgc4gw
2024-06-30 19:42:31.198 [info] [resolveAuthority(codespaces,1)][0ms] activating resolver for codespaces+fantastic-space-waffle-v76qxwprrwgc4gw...
2024-06-30 19:42:31.198 [info] [resolveAuthority(codespaces,1)][0ms] invoking final resolve()...
2024-06-30 19:42:32.198 [info] [resolveAuthority(codespaces,1)][1000ms] waiting...
2024-06-30 19:42:33.199 [info] [resolveAuthority(codespaces,1)][2001ms] waiting...
2024-06-30 19:42:34.200 [info] [resolveAuthority(codespaces,1)][3002ms] waiting...
2024-06-30 19:42:35.200 [info] [resolveAuthority(codespaces,1)][4002ms] waiting...
2024-06-30 19:42:36.199 [info] [resolveAuthority(codespaces,1)][5001ms] waiting...
2024-06-30 19:42:37.199 [info] [resolveAuthority(codespaces,1)][6001ms] waiting...
2024-06-30 19:42:38.325 [info] [resolveAuthority(codespaces,1)][7127ms] waiting...
2024-06-30 19:42:39.336 [info] [resolveAuthority(codespaces,1)][8138ms] waiting...
2024-06-30 19:42:40.336 [info] [resolveAuthority(codespaces,1)][9138ms] waiting...
2024-06-30 19:42:41.337 [info] [resolveAuthority(codespaces,1)][10139ms] waiting...
2024-06-30 19:42:42.337 [info] [resolveAuthority(codespaces,1)][11139ms] waiting...
2024-06-30 19:42:43.336 [info] [resolveAuthority(codespaces,1)][12138ms] waiting...
2024-06-30 19:42:44.337 [info] [resolveAuthority(codespaces,1)][13139ms] waiting...
2024-06-30 19:42:45.336 [info] [resolveAuthority(codespaces,1)][14138ms] waiting...
2024-06-30 19:42:46.337 [info] [resolveAuthority(codespaces,1)][15139ms] waiting...
2024-06-30 19:42:47.338 [info] [resolveAuthority(codespaces,1)][16140ms] waiting...
2024-06-30 19:42:48.337 [info] [resolveAuthority(codespaces,1)][17139ms] waiting...
2024-06-30 19:42:49.338 [info] [resolveAuthority(codespaces,1)][18139ms] waiting...
2024-06-30 19:42:50.338 [info] [resolveAuthority(codespaces,1)][19140ms] waiting...
2024-06-30 19:42:51.339 [info] [resolveAuthority(codespaces,1)][20141ms] waiting...
2024-06-30 19:42:52.339 [info] [resolveAuthority(codespaces,1)][21141ms] waiting...
2024-06-30 19:42:53.338 [info] [resolveAuthority(codespaces,1)][22140ms] waiting...
2024-06-30 19:42:54.338 [info] [resolveAuthority(codespaces,1)][23140ms] waiting...
2024-06-30 19:42:55.339 [info] [resolveAuthority(codespaces,1)][24141ms] waiting...
2024-06-30 19:42:56.339 [info] [resolveAuthority(codespaces,1)][25141ms] waiting...
2024-06-30 19:42:57.340 [info] [resolveAuthority(codespaces,1)][26142ms] waiting...
2024-06-30 19:42:57.457 [info] [resolveAuthority(codespaces,1)][26259ms] setting tunnel factory...
2024-06-30 19:42:57.458 [info] [resolveAuthority(codespaces,1)][26260ms] returned 127.0.0.1:40339
2024-06-30 19:43:00.964 [info] Eager extensions activated
2024-06-30 19:43:01.051 [info] ExtensionService#_doActivateExtension sainnhe.gruvbox-material, startup: false, activationEvent: 'onStartupFinished'
2024-06-30 19:43:01.073 [info] ExtensionService#_doActivateExtension vscodevim.vim, startup: false, activationEvent: 'onStartupFinished'
2024-06-30 19:52:54.557 [info] Extension host terminating: renderer closed the MessagePort
2024-06-30 19:52:54.601 [info] Extension host with pid 11045 exiting with code 0
