[Client I] GitHub Codespaces version 1.16.23
[Client I] isRunningInWeb: "false"
[Client V] Initializing authentication
[Authentication I] Did not find existing login session
[Authentication I] Did not find existing login session
[API I] Signing out due to unsuccessful sign in attempt
[Authentication I] Did not find existing login session
[API E] featureFlags: listCodespaces error. No response received.
[Client:extension:499f I] initializing
[Client:extension:499f I] creating LiveShare ConnectionHub
[Client:extension:499f:resolver I] created with protocol "codespaces"
[RemoteExplorer I] Updating codespace performance info
[DevContainerJsonSupport I] Initializing devcontainer.json support package
[DevContainerJsonSupport V] [2024-06-24T08:45:05.886Z] Internal initialization of dev container support package...

[ProtocolHandler I] Received connect event: vscode://github.codespaces/connect?name%3Dfantastic-space-waffle-v76qxwprrwgc4gw
[ProtocolHandler I] Connecting to codespace fantastic-space-waffle-v76qxwprrwgc4gw
[Command:Connect I] Decorator starting: ErrorNotification
[Command:Connect I] Decorator starting: Telemetry
[Client I] Jupyter API registered? false
[Authentication I] Successfully signed in
[Authentication V] Already signed in
[Authentication V] Already signed in
[API I] Successfully signed in
[API:retries-left-2 I] making GET request for "https://api.github.com/user/codespaces/fantastic-space-waffle-v76qxwprrwgc4gw"
[RemoteExplorer I] Updating codespace performance info
[RemoteExplorer I] Updating codespace performance info
[RemoteExplorer I] Updating codespace performance info
[RemoteExplorer I] Updating codespace performance info
[RemoteExplorer I] Updating codespace performance info
[Command:Connect I] Command [Connect to Codespace]: Connect to Codespace Success (27847ms)
[Command:Connect I] Decorator finishing: Telemetry. Duration: 1ms (0 + 1)
[Command:Connect I] Decorator finishing: ErrorNotification. Duration: 0ms (0 + 0)
[Client:extension:499f:resolver V] disposing reason: 'vscode disposed the resolver', disposing 1 objects
