2024-06-26 17:09:04.758 [info] Reading sessions from keychain...
2024-06-26 17:09:04.758 [info] Getting sessions for all scopes...
2024-06-26 17:09:04.758 [info] Got stored sessions!
2024-06-26 17:09:04.758 [info] Got 1 verified sessions.
2024-06-26 17:09:04.758 [info] Got 1 sessions for ...
2024-06-26 17:09:04.758 [info] Getting sessions for codespace,read:user,repo,user:email...
2024-06-26 17:09:04.758 [info] Got 1 sessions for codespace,read:user,repo,user:email...
2024-06-26 17:09:06.236 [info] Getting sessions for all scopes...
2024-06-26 17:09:06.236 [info] Got 1 sessions for ...
2024-06-26 17:09:43.228 [info] Getting sessions for read:user,repo,user:email,workflow...
2024-06-26 17:09:43.228 [info] Got 0 sessions for read:user,repo,user:email,workflow...
2024-06-26 17:09:43.360 [info] Getting sessions for project,read:org,read:user,repo,user:email,workflow...
2024-06-26 17:09:43.360 [info] Got 0 sessions for project,read:org,read:user,repo,user:email,workflow...
2024-06-26 17:09:43.458 [info] Getting sessions for read:user,repo,user:email,workflow...
2024-06-26 17:09:43.458 [info] Got 0 sessions for read:user,repo,user:email,workflow...
2024-06-26 17:09:43.535 [info] Getting sessions for read:user,repo,user:email...
2024-06-26 17:09:43.535 [info] Got 0 sessions for read:user,repo,user:email...
2024-06-26 17:09:43.620 [info] Getting sessions for read:user,repo,user:email,workflow...
2024-06-26 17:09:43.620 [info] Got 0 sessions for read:user,repo,user:email,workflow...
2024-06-26 17:09:44.955 [info] Getting sessions for read:user,repo,user:email,workflow...
2024-06-26 17:09:44.956 [info] Got 0 sessions for read:user,repo,user:email,workflow...
2024-06-26 17:11:59.843 [info] Reading sessions from keychain...
2024-06-26 17:11:59.843 [info] Getting sessions for all scopes...
2024-06-26 17:11:59.843 [info] Got stored sessions!
2024-06-26 17:11:59.843 [info] Got 1 verified sessions.
2024-06-26 17:11:59.843 [info] Got 1 sessions for ...
2024-06-26 17:11:59.843 [info] Getting sessions for codespace,read:user,repo,user:email...
2024-06-26 17:11:59.843 [info] Got 1 sessions for codespace,read:user,repo,user:email...
2024-06-26 17:12:01.524 [info] Getting sessions for all scopes...
2024-06-26 17:12:01.524 [info] Got 1 sessions for ...
2024-06-26 17:12:34.339 [info] Getting sessions for read:user,repo,user:email,workflow...
2024-06-26 17:12:34.339 [info] Got 0 sessions for read:user,repo,user:email,workflow...
2024-06-26 17:12:34.636 [info] Getting sessions for project,read:org,read:user,repo,user:email,workflow...
2024-06-26 17:12:34.636 [info] Got 0 sessions for project,read:org,read:user,repo,user:email,workflow...
2024-06-26 17:12:34.743 [info] Getting sessions for read:user,repo,user:email,workflow...
2024-06-26 17:12:34.743 [info] Got 0 sessions for read:user,repo,user:email,workflow...
2024-06-26 17:12:34.827 [info] Getting sessions for read:user,repo,user:email...
2024-06-26 17:12:34.827 [info] Got 0 sessions for read:user,repo,user:email...
2024-06-26 17:12:34.941 [info] Getting sessions for read:user,repo,user:email,workflow...
2024-06-26 17:12:34.941 [info] Got 0 sessions for read:user,repo,user:email,workflow...
