2024-06-29 22:22:57.478 [info] Active editor: vscode-remote://codespaces%2Bfantastic-space-waffle-v76qxwprrwgc4gw/workspaces/85962938/cs50/problems/2024/x/mario-less/mario.c
2024-06-29 22:22:57.890 [info] Configuration changed
2024-06-29 22:22:57.966 [info] Configuration changed
2024-06-29 22:22:57.991 [info] Configuration changed
2024-06-29 22:22:58.026 [info] Configuration changed
2024-06-29 22:22:58.040 [info] Configuration changed
2024-06-29 22:24:08.450 [info] Executing :w
2024-06-29 22:24:08.982 [info] Executing :w
2024-06-29 22:24:52.726 [info] Active editor: vscode-remote://codespaces%2Bfantastic-space-waffle-v76qxwprrwgc4gw/workspaces/85962938/cs50/problems/2024/x/mario-less/mario.c
2024-06-29 22:24:52.870 [info] Configuration changed
2024-06-29 22:24:52.937 [info] Configuration changed
2024-06-29 22:24:52.953 [info] Configuration changed
2024-06-29 22:24:52.968 [info] Configuration changed
2024-06-29 22:26:49.917 [info] Executing :w
2024-06-29 22:26:56.421 [info] /workspaces/85962938/.vscode/settings.json closed
2024-06-29 22:48:56.753 [info] Active editor: vscode-remote://codespaces%2Bfantastic-space-waffle-v76qxwprrwgc4gw/workspaces/85962938/cs50/problems/2024/x/cash/cash.c
2024-06-29 22:48:56.774 [info] /workspaces/85962938/cs50/problems/2024/x/mario-less/mario.c.git closed
2024-06-29 22:48:57.990 [info] Active editor: vscode-remote://codespaces%2Bfantastic-space-waffle-v76qxwprrwgc4gw/workspaces/85962938/cs50/problems/2024/x/mario-less/mario.c
2024-06-29 22:48:58.003 [info] /workspaces/85962938/cs50/problems/2024/x/cash/cash.c.git closed
2024-06-29 22:48:58.660 [info] /workspaces/85962938/cs50/problems/2024/x/mario-less/mario.c closed
2024-06-29 22:48:58.667 [info] Active editor: vscode-remote://codespaces%2Bfantastic-space-waffle-v76qxwprrwgc4gw/workspaces/85962938/cs50/problems/2024/x/cash/cash.c
2024-06-29 22:48:58.681 [info] /workspaces/85962938/cs50/problems/2024/x/mario-less/mario.c.git closed
2024-06-29 22:48:59.296 [info] Active editor: vscode-remote://codespaces%2Bfantastic-space-waffle-v76qxwprrwgc4gw/workspaces/85962938/practice/mario.c
2024-06-29 22:48:59.312 [info] /workspaces/85962938/cs50/problems/2024/x/cash/cash.c.git closed
2024-06-29 22:48:59.664 [info] Active editor: vscode-remote://codespaces%2Bfantastic-space-waffle-v76qxwprrwgc4gw/workspaces/85962938/practice/calculator.c
2024-06-29 22:48:59.674 [info] /workspaces/85962938/practice/mario.c.git closed
2024-06-29 22:49:01.457 [info] /workspaces/85962938/practice/calculator.c closed
2024-06-29 22:49:01.463 [info] Active editor: vscode-remote://codespaces%2Bfantastic-space-waffle-v76qxwprrwgc4gw/workspaces/85962938/practice/mario.c
2024-06-29 22:49:01.473 [info] /workspaces/85962938/practice/calculator.c.git closed
2024-06-29 22:49:02.563 [info] /workspaces/85962938/practice/mario.c closed
2024-06-29 22:49:02.571 [info] Active editor: vscode-remote://codespaces%2Bfantastic-space-waffle-v76qxwprrwgc4gw/workspaces/85962938/cs50/problems/2024/x/cash/cash.c
2024-06-29 22:49:02.582 [info] /workspaces/85962938/practice/mario.c.git closed
2024-06-29 23:24:49.087 [info] Active editor: vscode-remote://codespaces%2Bfantastic-space-waffle-v76qxwprrwgc4gw/workspaces/85962938/cs50/problems/2024/x/cash/cash.c
2024-06-29 23:24:49.218 [info] Configuration changed
2024-06-29 23:24:49.417 [info] Configuration changed
2024-06-29 23:24:49.431 [info] Configuration changed
2024-06-29 23:24:49.445 [info] Configuration changed
2024-06-29 23:25:40.057 [info] /workspaces/85962938/cs50/problems/2024/x/cash/cash.c closed
2024-06-29 23:25:40.130 [info] Active editor: vscode-remote://codespaces%2Bfantastic-space-waffle-v76qxwprrwgc4gw/workspaces/85962938/practice/meow.c
2024-06-29 23:25:40.207 [info] /workspaces/85962938/cs50/problems/2024/x/cash/cash.c.git closed
2024-06-29 23:25:41.507 [info] /workspaces/85962938/practice/meow.c closed
2024-06-29 23:25:41.508 [info] /workspaces/85962938/practice/meow.c.git closed
2024-06-29 23:26:21.989 [info] Active editor: vscode-remote://codespaces%2Bfantastic-space-waffle-v76qxwprrwgc4gw/workspaces/85962938/practice/calculator
2024-06-29 23:26:23.214 [info] Active editor: vscode-remote://codespaces%2Bfantastic-space-waffle-v76qxwprrwgc4gw/workspaces/85962938/practice/calculator-self-proj.c
2024-06-29 23:26:23.230 [info] /workspaces/85962938/practice/calculator.git closed
2024-06-29 23:26:24.197 [info] /workspaces/85962938/practice/calculator closed
2024-06-29 23:26:30.800 [info] Active editor: vscode-remote://codespaces%2Bfantastic-space-waffle-v76qxwprrwgc4gw/workspaces/85962938/practice/meow.c
2024-06-29 23:26:30.812 [info] /workspaces/85962938/practice/calculator-self-proj.c.git closed
2024-06-29 23:26:55.986 [info] /workspaces/85962938/.vscode/settings.json closed
