2024-06-30 22:08:24.383 [info] Started local extension host with pid 15630.
2024-06-30 22:08:27.779 [info] Invoking resolveAuthority(codespaces)...
2024-06-30 22:08:27.780 [info] [LocalProcess0][resolveAuthority(codespaces,1)][1ms] obtaining proxy...
2024-06-30 22:08:27.780 [info] [LocalProcess0][resolveAuthority(codespaces,1)][1ms] invoking...
2024-06-30 22:08:28.781 [info] [LocalProcess0][resolveAuthority(codespaces,1)][1001ms] waiting...
2024-06-30 22:08:29.781 [info] [LocalProcess0][resolveAuthority(codespaces,1)][2001ms] waiting...
2024-06-30 22:08:30.781 [info] [LocalProcess0][resolveAuthority(codespaces,1)][3001ms] waiting...
2024-06-30 22:08:31.781 [info] [LocalProcess0][resolveAuthority(codespaces,1)][4001ms] waiting...
2024-06-30 22:08:32.781 [info] [LocalProcess0][resolveAuthority(codespaces,1)][5001ms] waiting...
2024-06-30 22:08:33.781 [info] [LocalProcess0][resolveAuthority(codespaces,1)][6001ms] waiting...
2024-06-30 22:08:34.781 [info] [LocalProcess0][resolveAuthority(codespaces,1)][7001ms] waiting...
2024-06-30 22:08:35.781 [info] [LocalProcess0][resolveAuthority(codespaces,1)][8001ms] waiting...
2024-06-30 22:08:36.781 [info] [LocalProcess0][resolveAuthority(codespaces,1)][9001ms] waiting...
2024-06-30 22:08:37.781 [info] [LocalProcess0][resolveAuthority(codespaces,1)][10001ms] waiting...
2024-06-30 22:08:38.781 [info] [LocalProcess0][resolveAuthority(codespaces,1)][11001ms] waiting...
2024-06-30 22:08:39.781 [info] [LocalProcess0][resolveAuthority(codespaces,1)][12001ms] waiting...
2024-06-30 22:08:40.781 [info] [LocalProcess0][resolveAuthority(codespaces,1)][13001ms] waiting...
2024-06-30 22:08:41.781 [info] [LocalProcess0][resolveAuthority(codespaces,1)][14001ms] waiting...
2024-06-30 22:08:42.781 [info] [LocalProcess0][resolveAuthority(codespaces,1)][15001ms] waiting...
2024-06-30 22:08:43.781 [info] [LocalProcess0][resolveAuthority(codespaces,1)][16001ms] waiting...
2024-06-30 22:08:44.781 [info] [LocalProcess0][resolveAuthority(codespaces,1)][17001ms] waiting...
2024-06-30 22:08:45.781 [info] [LocalProcess0][resolveAuthority(codespaces,1)][18001ms] waiting...
2024-06-30 22:08:46.781 [info] [LocalProcess0][resolveAuthority(codespaces,1)][19001ms] waiting...
2024-06-30 22:08:47.781 [info] [LocalProcess0][resolveAuthority(codespaces,1)][20001ms] waiting...
2024-06-30 22:08:48.781 [info] [LocalProcess0][resolveAuthority(codespaces,1)][21001ms] waiting...
2024-06-30 22:08:49.780 [info] [LocalProcess0][resolveAuthority(codespaces,1)][22001ms] waiting...
2024-06-30 22:08:50.781 [info] [LocalProcess0][resolveAuthority(codespaces,1)][23001ms] waiting...
2024-06-30 22:08:51.781 [info] [LocalProcess0][resolveAuthority(codespaces,1)][24001ms] waiting...
2024-06-30 22:08:52.189 [info] [LocalProcess0][resolveAuthority(codespaces,1)][24410ms] returned WebSocket(127.0.0.1:33909)
2024-06-30 22:08:52.190 [info] resolveAuthority(codespaces) returned 'WebSocket(127.0.0.1:33909)' after 24410 ms
2024-06-30 22:08:52.192 [info] Creating a socket (renderer-Management-555cbc85-d3c1-4675-a474-8bfde6c135bb)...
2024-06-30 22:08:52.194 [info] Creating a socket (renderer-ExtensionHost-53f14bb6-f520-430a-8405-05bc17f9c8d8)...
2024-06-30 22:08:52.445 [info] Creating a socket (renderer-Management-555cbc85-d3c1-4675-a474-8bfde6c135bb) was successful after 254 ms.
2024-06-30 22:08:52.543 [info] Creating a socket (renderer-ExtensionHost-53f14bb6-f520-430a-8405-05bc17f9c8d8) was successful after 350 ms.
2024-06-30 22:08:57.398 [info] [perf] Render performance baseline is 43ms
2024-06-30 22:08:59.018 [warning] [perf] Renderer reported VERY LONG TASK (508ms), starting profiling session 'e18a3c5d-4485-4ec8-bedc-5d044a0a3e11'
2024-06-30 22:09:05.214 [error] [Extension Host] (node:325) [DEP0005] DeprecationWarning: Buffer() is deprecated due to security and usability issues. Please use the Buffer.alloc(), Buffer.allocUnsafe(), or Buffer.from() methods instead.
(Use `node --trace-deprecation ...` to show where the warning was created)
2024-06-30 23:22:02.514 [info] [remote-connection][Management   ][555cb…][reconnect] received socket close event (wasClean: false, code: 1006, reason: ).
2024-06-30 23:22:02.515 [error] {"isTrusted":true}
2024-06-30 23:22:02.515 [info] [remote-connection][Management   ][555cb…][reconnect] starting reconnecting loop. You can get more information with the trace log level.
2024-06-30 23:22:02.516 [info] [remote-connection][Management   ][555cb…][reconnect] resolving connection...
2024-06-30 23:22:02.517 [info] Invoking resolveAuthority(codespaces)...
2024-06-30 23:22:02.517 [info] [LocalProcess0][resolveAuthority(codespaces,2)][0ms] obtaining proxy...
2024-06-30 23:22:02.517 [info] [LocalProcess0][resolveAuthority(codespaces,2)][1ms] invoking...
2024-06-30 23:22:02.518 [info] [remote-connection][ExtensionHost][53f14…][reconnect] received socket close event (wasClean: false, code: 1006, reason: ).
2024-06-30 23:22:02.518 [error] {"isTrusted":true}
2024-06-30 23:22:02.518 [info] [remote-connection][ExtensionHost][53f14…][reconnect] starting reconnecting loop. You can get more information with the trace log level.
2024-06-30 23:22:02.518 [info] [remote-connection][ExtensionHost][53f14…][reconnect] resolving connection...
2024-06-30 23:22:03.519 [info] [LocalProcess0][resolveAuthority(codespaces,2)][1001ms] waiting...
2024-06-30 23:22:04.518 [info] [LocalProcess0][resolveAuthority(codespaces,2)][2001ms] waiting...
2024-06-30 23:22:05.519 [info] [LocalProcess0][resolveAuthority(codespaces,2)][3002ms] waiting...
2024-06-30 23:22:05.563 [info] Extension host (Remote) is unresponsive.
2024-06-30 23:22:06.519 [info] [LocalProcess0][resolveAuthority(codespaces,2)][4002ms] waiting...
2024-06-30 23:22:07.519 [info] [LocalProcess0][resolveAuthority(codespaces,2)][5002ms] waiting...
2024-06-30 23:22:08.519 [info] [LocalProcess0][resolveAuthority(codespaces,2)][6002ms] waiting...
2024-06-30 23:22:09.519 [info] [LocalProcess0][resolveAuthority(codespaces,2)][7002ms] waiting...
2024-06-30 23:22:10.519 [info] [LocalProcess0][resolveAuthority(codespaces,2)][8002ms] waiting...
2024-06-30 23:22:11.518 [info] [LocalProcess0][resolveAuthority(codespaces,2)][9001ms] waiting...
2024-06-30 23:22:12.518 [info] [LocalProcess0][resolveAuthority(codespaces,2)][10001ms] waiting...
2024-06-30 23:22:13.518 [info] [LocalProcess0][resolveAuthority(codespaces,2)][11001ms] waiting...
2024-06-30 23:22:14.518 [info] [LocalProcess0][resolveAuthority(codespaces,2)][12001ms] waiting...
2024-06-30 23:22:15.518 [info] [LocalProcess0][resolveAuthority(codespaces,2)][13002ms] waiting...
2024-06-30 23:22:16.518 [info] [LocalProcess0][resolveAuthority(codespaces,2)][14002ms] waiting...
2024-06-30 23:22:17.519 [info] [LocalProcess0][resolveAuthority(codespaces,2)][15002ms] waiting...
2024-06-30 23:22:18.518 [info] [LocalProcess0][resolveAuthority(codespaces,2)][16002ms] waiting...
2024-06-30 23:22:19.519 [info] [LocalProcess0][resolveAuthority(codespaces,2)][17002ms] waiting...
2024-06-30 23:22:20.519 [info] [LocalProcess0][resolveAuthority(codespaces,2)][18002ms] waiting...
2024-06-30 23:22:21.518 [info] [LocalProcess0][resolveAuthority(codespaces,2)][19001ms] waiting...
2024-06-30 23:22:22.519 [info] [LocalProcess0][resolveAuthority(codespaces,2)][20002ms] waiting...
2024-06-30 23:22:22.560 [info] [remote-connection][ExtensionHost][53f14…][reconnect] received socket timeout event (unacknowledgedMsgCount: 3, timeSinceOldestUnacknowledgedMsg: 20000, timeSinceLastReceivedSomeData: 26921).
2024-06-30 23:22:23.519 [info] [LocalProcess0][resolveAuthority(codespaces,2)][21002ms] waiting...
2024-06-30 23:22:24.519 [info] [LocalProcess0][resolveAuthority(codespaces,2)][22002ms] waiting...
2024-06-30 23:22:25.519 [info] [LocalProcess0][resolveAuthority(codespaces,2)][23001ms] waiting...
2024-06-30 23:22:26.518 [info] [LocalProcess0][resolveAuthority(codespaces,2)][24001ms] waiting...
2024-06-30 23:22:27.519 [info] [LocalProcess0][resolveAuthority(codespaces,2)][25001ms] waiting...
2024-06-30 23:22:28.518 [info] [LocalProcess0][resolveAuthority(codespaces,2)][26001ms] waiting...
2024-06-30 23:22:29.518 [info] [LocalProcess0][resolveAuthority(codespaces,2)][27002ms] waiting...
2024-06-30 23:22:30.518 [info] [LocalProcess0][resolveAuthority(codespaces,2)][28001ms] waiting...
2024-06-30 23:22:31.518 [info] [LocalProcess0][resolveAuthority(codespaces,2)][29002ms] waiting...
2024-06-30 23:22:32.518 [info] [LocalProcess0][resolveAuthority(codespaces,2)][30001ms] waiting...
2024-06-30 23:22:33.518 [info] [LocalProcess0][resolveAuthority(codespaces,2)][31002ms] waiting...
2024-06-30 23:22:34.519 [info] [LocalProcess0][resolveAuthority(codespaces,2)][32002ms] waiting...
2024-06-30 23:22:35.518 [info] [LocalProcess0][resolveAuthority(codespaces,2)][33002ms] waiting...
2024-06-30 23:22:36.519 [info] [LocalProcess0][resolveAuthority(codespaces,2)][34002ms] waiting...
2024-06-30 23:22:37.519 [info] [LocalProcess0][resolveAuthority(codespaces,2)][35002ms] waiting...
2024-06-30 23:22:38.518 [info] [LocalProcess0][resolveAuthority(codespaces,2)][36001ms] waiting...
2024-06-30 23:22:39.519 [info] [LocalProcess0][resolveAuthority(codespaces,2)][37001ms] waiting...
2024-06-30 23:22:40.519 [info] [LocalProcess0][resolveAuthority(codespaces,2)][38002ms] waiting...
2024-06-30 23:22:41.518 [info] [LocalProcess0][resolveAuthority(codespaces,2)][39002ms] waiting...
2024-06-30 23:22:42.519 [info] [LocalProcess0][resolveAuthority(codespaces,2)][40002ms] waiting...
2024-06-30 23:22:43.519 [info] [LocalProcess0][resolveAuthority(codespaces,2)][41002ms] waiting...
2024-06-30 23:22:44.518 [info] [LocalProcess0][resolveAuthority(codespaces,2)][42002ms] waiting...
2024-06-30 23:22:45.518 [info] [LocalProcess0][resolveAuthority(codespaces,2)][43001ms] waiting...
2024-06-30 23:22:46.518 [info] [LocalProcess0][resolveAuthority(codespaces,2)][44001ms] waiting...
2024-06-30 23:22:47.519 [info] [LocalProcess0][resolveAuthority(codespaces,2)][45002ms] waiting...
2024-06-30 23:22:48.518 [info] [LocalProcess0][resolveAuthority(codespaces,2)][46001ms] waiting...
2024-06-30 23:22:49.519 [info] [LocalProcess0][resolveAuthority(codespaces,2)][47001ms] waiting...
2024-06-30 23:22:50.518 [info] [LocalProcess0][resolveAuthority(codespaces,2)][48001ms] waiting...
2024-06-30 23:22:51.519 [info] [LocalProcess0][resolveAuthority(codespaces,2)][49002ms] waiting...
2024-06-30 23:22:52.518 [info] [LocalProcess0][resolveAuthority(codespaces,2)][50001ms] waiting...
2024-06-30 23:22:53.519 [info] [LocalProcess0][resolveAuthority(codespaces,2)][51002ms] waiting...
2024-06-30 23:22:54.518 [info] [LocalProcess0][resolveAuthority(codespaces,2)][52002ms] waiting...
2024-06-30 23:22:55.519 [info] [LocalProcess0][resolveAuthority(codespaces,2)][53002ms] waiting...
2024-06-30 23:22:56.518 [info] [LocalProcess0][resolveAuthority(codespaces,2)][54001ms] waiting...
2024-06-30 23:22:57.519 [info] [LocalProcess0][resolveAuthority(codespaces,2)][55002ms] waiting...
2024-06-30 23:22:58.519 [info] [LocalProcess0][resolveAuthority(codespaces,2)][56002ms] waiting...
2024-06-30 23:22:59.519 [info] [LocalProcess0][resolveAuthority(codespaces,2)][57002ms] waiting...
2024-06-30 23:23:00.519 [info] [LocalProcess0][resolveAuthority(codespaces,2)][58002ms] waiting...
2024-06-30 23:23:01.519 [info] [LocalProcess0][resolveAuthority(codespaces,2)][59002ms] waiting...
2024-06-30 23:23:02.519 [info] [LocalProcess0][resolveAuthority(codespaces,2)][60002ms] waiting...
2024-06-30 23:23:03.518 [info] [LocalProcess0][resolveAuthority(codespaces,2)][61002ms] waiting...
2024-06-30 23:23:04.518 [info] [LocalProcess0][resolveAuthority(codespaces,2)][62002ms] waiting...
2024-06-30 23:23:05.519 [info] [LocalProcess0][resolveAuthority(codespaces,2)][63002ms] waiting...
2024-06-30 23:23:06.518 [info] [LocalProcess0][resolveAuthority(codespaces,2)][64001ms] waiting...
2024-06-30 23:23:07.519 [info] [LocalProcess0][resolveAuthority(codespaces,2)][65002ms] waiting...
2024-06-30 23:23:08.519 [info] [LocalProcess0][resolveAuthority(codespaces,2)][66002ms] waiting...
2024-06-30 23:23:09.519 [info] [LocalProcess0][resolveAuthority(codespaces,2)][67002ms] waiting...
2024-06-30 23:23:10.519 [info] [LocalProcess0][resolveAuthority(codespaces,2)][68002ms] waiting...
2024-06-30 23:23:11.518 [info] [LocalProcess0][resolveAuthority(codespaces,2)][69001ms] waiting...
2024-06-30 23:23:12.519 [info] [LocalProcess0][resolveAuthority(codespaces,2)][70002ms] waiting...
2024-06-30 23:23:13.518 [info] [LocalProcess0][resolveAuthority(codespaces,2)][71001ms] waiting...
2024-06-30 23:23:14.519 [info] [LocalProcess0][resolveAuthority(codespaces,2)][72002ms] waiting...
2024-06-30 23:23:15.518 [info] [LocalProcess0][resolveAuthority(codespaces,2)][73001ms] waiting...
2024-06-30 23:23:16.519 [info] [LocalProcess0][resolveAuthority(codespaces,2)][74002ms] waiting...
2024-06-30 23:23:17.519 [info] [LocalProcess0][resolveAuthority(codespaces,2)][75002ms] waiting...
2024-06-30 23:23:18.518 [info] [LocalProcess0][resolveAuthority(codespaces,2)][76001ms] waiting...
2024-06-30 23:23:19.518 [info] [LocalProcess0][resolveAuthority(codespaces,2)][77002ms] waiting...
2024-06-30 23:23:20.519 [info] [LocalProcess0][resolveAuthority(codespaces,2)][78002ms] waiting...
2024-06-30 23:23:21.518 [info] [LocalProcess0][resolveAuthority(codespaces,2)][79001ms] waiting...
2024-06-30 23:23:22.519 [info] [LocalProcess0][resolveAuthority(codespaces,2)][80002ms] waiting...
2024-06-30 23:23:23.519 [info] [LocalProcess0][resolveAuthority(codespaces,2)][81002ms] waiting...
2024-06-30 23:23:24.519 [info] [LocalProcess0][resolveAuthority(codespaces,2)][82002ms] waiting...
2024-06-30 23:23:25.519 [info] [LocalProcess0][resolveAuthority(codespaces,2)][83002ms] waiting...
2024-06-30 23:23:26.519 [info] [LocalProcess0][resolveAuthority(codespaces,2)][84002ms] waiting...
2024-06-30 23:23:27.519 [info] [LocalProcess0][resolveAuthority(codespaces,2)][85002ms] waiting...
2024-06-30 23:23:28.519 [info] [LocalProcess0][resolveAuthority(codespaces,2)][86002ms] waiting...
2024-06-30 23:23:29.519 [info] [LocalProcess0][resolveAuthority(codespaces,2)][87002ms] waiting...
2024-06-30 23:23:30.519 [info] [LocalProcess0][resolveAuthority(codespaces,2)][88001ms] waiting...
2024-06-30 23:23:31.519 [info] [LocalProcess0][resolveAuthority(codespaces,2)][89002ms] waiting...
2024-06-30 23:23:32.519 [info] [LocalProcess0][resolveAuthority(codespaces,2)][90002ms] waiting...
2024-06-30 23:23:33.519 [info] [LocalProcess0][resolveAuthority(codespaces,2)][91002ms] waiting...
2024-06-30 23:23:34.519 [info] [LocalProcess0][resolveAuthority(codespaces,2)][92002ms] waiting...
2024-06-30 23:23:35.519 [info] [LocalProcess0][resolveAuthority(codespaces,2)][93002ms] waiting...
2024-06-30 23:23:36.519 [info] [LocalProcess0][resolveAuthority(codespaces,2)][94002ms] waiting...
2024-06-30 23:23:37.518 [info] [LocalProcess0][resolveAuthority(codespaces,2)][95001ms] waiting...
2024-06-30 23:23:38.519 [info] [LocalProcess0][resolveAuthority(codespaces,2)][96002ms] waiting...
2024-06-30 23:23:39.519 [info] [LocalProcess0][resolveAuthority(codespaces,2)][97002ms] waiting...
2024-06-30 23:23:40.518 [info] [LocalProcess0][resolveAuthority(codespaces,2)][98001ms] waiting...
2024-06-30 23:23:41.518 [info] [LocalProcess0][resolveAuthority(codespaces,2)][99001ms] waiting...
2024-06-30 23:23:42.518 [info] [LocalProcess0][resolveAuthority(codespaces,2)][100001ms] waiting...
2024-06-30 23:23:43.519 [info] [LocalProcess0][resolveAuthority(codespaces,2)][101002ms] waiting...
2024-06-30 23:23:44.518 [info] [LocalProcess0][resolveAuthority(codespaces,2)][102001ms] waiting...
2024-06-30 23:23:45.519 [info] [LocalProcess0][resolveAuthority(codespaces,2)][103002ms] waiting...
2024-06-30 23:23:46.519 [info] [LocalProcess0][resolveAuthority(codespaces,2)][104001ms] waiting...
2024-06-30 23:23:47.519 [info] [LocalProcess0][resolveAuthority(codespaces,2)][105002ms] waiting...
2024-06-30 23:23:48.518 [info] [LocalProcess0][resolveAuthority(codespaces,2)][106001ms] waiting...
2024-06-30 23:23:49.518 [info] [LocalProcess0][resolveAuthority(codespaces,2)][107001ms] waiting...
2024-06-30 23:23:50.519 [info] [LocalProcess0][resolveAuthority(codespaces,2)][108002ms] waiting...
2024-06-30 23:23:51.518 [info] [LocalProcess0][resolveAuthority(codespaces,2)][109001ms] waiting...
2024-06-30 23:23:52.518 [info] [LocalProcess0][resolveAuthority(codespaces,2)][110001ms] waiting...
2024-06-30 23:23:53.518 [info] [LocalProcess0][resolveAuthority(codespaces,2)][111002ms] waiting...
2024-06-30 23:23:54.518 [info] [LocalProcess0][resolveAuthority(codespaces,2)][112002ms] waiting...
2024-06-30 23:23:55.519 [info] [LocalProcess0][resolveAuthority(codespaces,2)][113002ms] waiting...
2024-06-30 23:23:56.519 [info] [LocalProcess0][resolveAuthority(codespaces,2)][114002ms] waiting...
2024-06-30 23:23:57.519 [info] [LocalProcess0][resolveAuthority(codespaces,2)][115002ms] waiting...
2024-06-30 23:23:58.519 [info] [LocalProcess0][resolveAuthority(codespaces,2)][116002ms] waiting...
2024-06-30 23:23:59.519 [info] [LocalProcess0][resolveAuthority(codespaces,2)][117002ms] waiting...
2024-06-30 23:24:00.519 [info] [LocalProcess0][resolveAuthority(codespaces,2)][118002ms] waiting...
2024-06-30 23:24:01.518 [info] [LocalProcess0][resolveAuthority(codespaces,2)][119001ms] waiting...
2024-06-30 23:24:02.519 [info] [LocalProcess0][resolveAuthority(codespaces,2)][120002ms] waiting...
2024-06-30 23:24:03.518 [info] [LocalProcess0][resolveAuthority(codespaces,2)][121001ms] waiting...
2024-06-30 23:24:04.519 [info] [LocalProcess0][resolveAuthority(codespaces,2)][122002ms] waiting...
2024-06-30 23:24:05.519 [info] [LocalProcess0][resolveAuthority(codespaces,2)][123002ms] waiting...
2024-06-30 23:24:06.519 [info] [LocalProcess0][resolveAuthority(codespaces,2)][124002ms] waiting...
2024-06-30 23:24:07.518 [info] [LocalProcess0][resolveAuthority(codespaces,2)][125001ms] waiting...
2024-06-30 23:24:08.518 [info] [LocalProcess0][resolveAuthority(codespaces,2)][126001ms] waiting...
2024-06-30 23:24:09.518 [info] [LocalProcess0][resolveAuthority(codespaces,2)][127002ms] waiting...
2024-06-30 23:24:10.518 [info] [LocalProcess0][resolveAuthority(codespaces,2)][128001ms] waiting...
2024-06-30 23:24:11.519 [info] [LocalProcess0][resolveAuthority(codespaces,2)][129002ms] waiting...
2024-06-30 23:24:12.519 [info] [LocalProcess0][resolveAuthority(codespaces,2)][130002ms] waiting...
2024-06-30 23:24:13.519 [info] [LocalProcess0][resolveAuthority(codespaces,2)][131002ms] waiting...
2024-06-30 23:24:14.518 [info] [LocalProcess0][resolveAuthority(codespaces,2)][132002ms] waiting...
2024-06-30 23:24:15.518 [info] [LocalProcess0][resolveAuthority(codespaces,2)][133001ms] waiting...
2024-06-30 23:24:16.519 [info] [LocalProcess0][resolveAuthority(codespaces,2)][134002ms] waiting...
2024-06-30 23:24:17.518 [info] [LocalProcess0][resolveAuthority(codespaces,2)][135001ms] waiting...
2024-06-30 23:24:18.518 [info] [LocalProcess0][resolveAuthority(codespaces,2)][136001ms] waiting...
2024-06-30 23:24:19.519 [info] [LocalProcess0][resolveAuthority(codespaces,2)][137002ms] waiting...
2024-06-30 23:24:20.497 [info] [remote-connection][Management   ][555cb…][reconnect] received socket timeout event (unacknowledgedMsgCount: 1, timeSinceOldestUnacknowledgedMsg: 20001, timeSinceLastReceivedSomeData: 147880).
2024-06-30 23:24:20.519 [info] [LocalProcess0][resolveAuthority(codespaces,2)][138002ms] waiting...
2024-06-30 23:24:21.518 [info] [LocalProcess0][resolveAuthority(codespaces,2)][139001ms] waiting...
2024-06-30 23:24:22.518 [info] [LocalProcess0][resolveAuthority(codespaces,2)][140002ms] waiting...
2024-06-30 23:24:23.519 [info] [LocalProcess0][resolveAuthority(codespaces,2)][141002ms] waiting...
2024-06-30 23:24:24.519 [info] [LocalProcess0][resolveAuthority(codespaces,2)][142002ms] waiting...
2024-06-30 23:24:25.519 [info] [LocalProcess0][resolveAuthority(codespaces,2)][143002ms] waiting...
2024-06-30 23:24:26.519 [info] [LocalProcess0][resolveAuthority(codespaces,2)][144002ms] waiting...
2024-06-30 23:24:27.519 [info] [LocalProcess0][resolveAuthority(codespaces,2)][145002ms] waiting...
2024-06-30 23:24:28.518 [info] [LocalProcess0][resolveAuthority(codespaces,2)][146002ms] waiting...
2024-06-30 23:24:29.519 [info] [LocalProcess0][resolveAuthority(codespaces,2)][147002ms] waiting...
2024-06-30 23:24:30.518 [info] [LocalProcess0][resolveAuthority(codespaces,2)][148002ms] waiting...
2024-06-30 23:24:31.519 [info] [LocalProcess0][resolveAuthority(codespaces,2)][149002ms] waiting...
2024-06-30 23:24:32.519 [info] [LocalProcess0][resolveAuthority(codespaces,2)][150002ms] waiting...
2024-06-30 23:24:33.519 [info] [LocalProcess0][resolveAuthority(codespaces,2)][151002ms] waiting...
2024-06-30 23:24:34.519 [info] [LocalProcess0][resolveAuthority(codespaces,2)][152002ms] waiting...
2024-06-30 23:24:35.519 [info] [LocalProcess0][resolveAuthority(codespaces,2)][153002ms] waiting...
2024-06-30 23:24:36.519 [info] [LocalProcess0][resolveAuthority(codespaces,2)][154002ms] waiting...
2024-06-30 23:24:37.518 [info] [LocalProcess0][resolveAuthority(codespaces,2)][155001ms] waiting...
2024-06-30 23:24:38.518 [info] [LocalProcess0][resolveAuthority(codespaces,2)][156002ms] waiting...
2024-06-30 23:24:39.519 [info] [LocalProcess0][resolveAuthority(codespaces,2)][157002ms] waiting...
2024-06-30 23:24:40.518 [info] [LocalProcess0][resolveAuthority(codespaces,2)][158001ms] waiting...
2024-06-30 23:24:41.518 [info] [LocalProcess0][resolveAuthority(codespaces,2)][159001ms] waiting...
2024-06-30 23:24:42.518 [info] [LocalProcess0][resolveAuthority(codespaces,2)][160001ms] waiting...
2024-06-30 23:24:43.518 [info] [LocalProcess0][resolveAuthority(codespaces,2)][161001ms] waiting...
2024-06-30 23:24:44.519 [info] [LocalProcess0][resolveAuthority(codespaces,2)][162002ms] waiting...
2024-06-30 23:24:45.518 [info] [LocalProcess0][resolveAuthority(codespaces,2)][163001ms] waiting...
2024-06-30 23:24:46.519 [info] [LocalProcess0][resolveAuthority(codespaces,2)][164002ms] waiting...
2024-06-30 23:24:47.519 [info] [LocalProcess0][resolveAuthority(codespaces,2)][165002ms] waiting...
2024-06-30 23:24:48.518 [info] [LocalProcess0][resolveAuthority(codespaces,2)][166001ms] waiting...
2024-06-30 23:24:49.518 [info] [LocalProcess0][resolveAuthority(codespaces,2)][167002ms] waiting...
2024-06-30 23:24:50.519 [info] [LocalProcess0][resolveAuthority(codespaces,2)][168002ms] waiting...
2024-06-30 23:24:51.519 [info] [LocalProcess0][resolveAuthority(codespaces,2)][169002ms] waiting...
2024-06-30 23:24:52.518 [info] [LocalProcess0][resolveAuthority(codespaces,2)][170001ms] waiting...
2024-06-30 23:24:53.518 [info] [LocalProcess0][resolveAuthority(codespaces,2)][171001ms] waiting...
2024-06-30 23:24:54.518 [info] [LocalProcess0][resolveAuthority(codespaces,2)][172001ms] waiting...
2024-06-30 23:24:55.518 [info] [LocalProcess0][resolveAuthority(codespaces,2)][173002ms] waiting...
2024-06-30 23:24:56.519 [info] [LocalProcess0][resolveAuthority(codespaces,2)][174002ms] waiting...
2024-06-30 23:24:57.519 [info] [LocalProcess0][resolveAuthority(codespaces,2)][175002ms] waiting...
2024-06-30 23:24:58.518 [info] [LocalProcess0][resolveAuthority(codespaces,2)][176001ms] waiting...
2024-06-30 23:24:59.519 [info] [LocalProcess0][resolveAuthority(codespaces,2)][177001ms] waiting...
2024-06-30 23:25:00.519 [info] [LocalProcess0][resolveAuthority(codespaces,2)][178002ms] waiting...
2024-06-30 23:25:01.519 [info] [LocalProcess0][resolveAuthority(codespaces,2)][179002ms] waiting...
2024-06-30 23:25:02.519 [info] [LocalProcess0][resolveAuthority(codespaces,2)][180002ms] waiting...
2024-06-30 23:25:03.519 [info] [LocalProcess0][resolveAuthority(codespaces,2)][181002ms] waiting...
2024-06-30 23:25:04.519 [info] [LocalProcess0][resolveAuthority(codespaces,2)][182002ms] waiting...
2024-06-30 23:25:05.519 [info] [LocalProcess0][resolveAuthority(codespaces,2)][183001ms] waiting...
2024-06-30 23:25:06.518 [info] [LocalProcess0][resolveAuthority(codespaces,2)][184001ms] waiting...
2024-06-30 23:25:07.519 [info] [LocalProcess0][resolveAuthority(codespaces,2)][185002ms] waiting...
2024-06-30 23:25:08.519 [info] [LocalProcess0][resolveAuthority(codespaces,2)][186002ms] waiting...
2024-06-30 23:25:09.519 [info] [LocalProcess0][resolveAuthority(codespaces,2)][187002ms] waiting...
2024-06-30 23:25:10.519 [info] [LocalProcess0][resolveAuthority(codespaces,2)][188002ms] waiting...
2024-06-30 23:25:11.519 [info] [LocalProcess0][resolveAuthority(codespaces,2)][189002ms] waiting...
2024-06-30 23:25:12.519 [info] [LocalProcess0][resolveAuthority(codespaces,2)][190001ms] waiting...
2024-06-30 23:25:13.519 [info] [LocalProcess0][resolveAuthority(codespaces,2)][191002ms] waiting...
2024-06-30 23:25:14.519 [info] [LocalProcess0][resolveAuthority(codespaces,2)][192001ms] waiting...
2024-06-30 23:25:15.519 [info] [LocalProcess0][resolveAuthority(codespaces,2)][193002ms] waiting...
2024-06-30 23:25:16.519 [info] [LocalProcess0][resolveAuthority(codespaces,2)][194002ms] waiting...
2024-06-30 23:25:17.518 [info] [LocalProcess0][resolveAuthority(codespaces,2)][195001ms] waiting...
2024-06-30 23:25:18.518 [info] [LocalProcess0][resolveAuthority(codespaces,2)][196001ms] waiting...
2024-06-30 23:25:19.519 [info] [LocalProcess0][resolveAuthority(codespaces,2)][197002ms] waiting...
2024-06-30 23:25:20.518 [info] [LocalProcess0][resolveAuthority(codespaces,2)][198001ms] waiting...
2024-06-30 23:25:21.518 [info] [LocalProcess0][resolveAuthority(codespaces,2)][199002ms] waiting...
2024-06-30 23:25:22.518 [info] [LocalProcess0][resolveAuthority(codespaces,2)][200001ms] waiting...
2024-06-30 23:25:23.519 [info] [LocalProcess0][resolveAuthority(codespaces,2)][201002ms] waiting...
2024-06-30 23:25:24.519 [info] [LocalProcess0][resolveAuthority(codespaces,2)][202002ms] waiting...
2024-06-30 23:25:25.519 [info] [LocalProcess0][resolveAuthority(codespaces,2)][203002ms] waiting...
2024-06-30 23:25:26.518 [info] [LocalProcess0][resolveAuthority(codespaces,2)][204001ms] waiting...
2024-06-30 23:25:27.519 [info] [LocalProcess0][resolveAuthority(codespaces,2)][205002ms] waiting...
2024-06-30 23:25:28.519 [info] [LocalProcess0][resolveAuthority(codespaces,2)][206002ms] waiting...
2024-06-30 23:25:29.518 [info] [LocalProcess0][resolveAuthority(codespaces,2)][207002ms] waiting...
2024-06-30 23:25:30.518 [info] [LocalProcess0][resolveAuthority(codespaces,2)][208001ms] waiting...
2024-06-30 23:25:31.519 [info] [LocalProcess0][resolveAuthority(codespaces,2)][209002ms] waiting...
2024-06-30 23:25:32.519 [info] [LocalProcess0][resolveAuthority(codespaces,2)][210001ms] waiting...
2024-06-30 23:25:33.518 [info] [LocalProcess0][resolveAuthority(codespaces,2)][211001ms] waiting...
2024-06-30 23:25:34.518 [info] [LocalProcess0][resolveAuthority(codespaces,2)][212001ms] waiting...
2024-06-30 23:25:35.519 [info] [LocalProcess0][resolveAuthority(codespaces,2)][213002ms] waiting...
2024-06-30 23:25:36.518 [info] [LocalProcess0][resolveAuthority(codespaces,2)][214001ms] waiting...
2024-06-30 23:25:37.518 [info] [LocalProcess0][resolveAuthority(codespaces,2)][215001ms] waiting...
2024-06-30 23:25:38.519 [info] [LocalProcess0][resolveAuthority(codespaces,2)][216002ms] waiting...
2024-06-30 23:25:39.519 [info] [LocalProcess0][resolveAuthority(codespaces,2)][217002ms] waiting...
2024-06-30 23:25:40.518 [info] [LocalProcess0][resolveAuthority(codespaces,2)][218001ms] waiting...
2024-06-30 23:25:41.518 [info] [LocalProcess0][resolveAuthority(codespaces,2)][219001ms] waiting...
2024-06-30 23:25:42.519 [info] [LocalProcess0][resolveAuthority(codespaces,2)][220002ms] waiting...
2024-06-30 23:25:43.518 [info] [LocalProcess0][resolveAuthority(codespaces,2)][221002ms] waiting...
2024-06-30 23:25:44.519 [info] [LocalProcess0][resolveAuthority(codespaces,2)][222002ms] waiting...
2024-06-30 23:25:45.518 [info] [LocalProcess0][resolveAuthority(codespaces,2)][223001ms] waiting...
2024-06-30 23:25:46.519 [info] [LocalProcess0][resolveAuthority(codespaces,2)][224002ms] waiting...
2024-06-30 23:25:47.519 [info] [LocalProcess0][resolveAuthority(codespaces,2)][225002ms] waiting...
2024-06-30 23:25:48.519 [info] [LocalProcess0][resolveAuthority(codespaces,2)][226002ms] waiting...
2024-06-30 23:25:49.518 [info] [LocalProcess0][resolveAuthority(codespaces,2)][227001ms] waiting...
2024-06-30 23:25:50.519 [info] [LocalProcess0][resolveAuthority(codespaces,2)][228002ms] waiting...
2024-06-30 23:25:51.518 [info] [LocalProcess0][resolveAuthority(codespaces,2)][229001ms] waiting...
2024-06-30 23:25:52.519 [info] [LocalProcess0][resolveAuthority(codespaces,2)][230002ms] waiting...
2024-06-30 23:25:53.519 [info] [LocalProcess0][resolveAuthority(codespaces,2)][231002ms] waiting...
2024-06-30 23:25:54.518 [info] [LocalProcess0][resolveAuthority(codespaces,2)][232001ms] waiting...
2024-06-30 23:25:55.519 [info] [LocalProcess0][resolveAuthority(codespaces,2)][233002ms] waiting...
2024-06-30 23:25:56.518 [info] [LocalProcess0][resolveAuthority(codespaces,2)][234001ms] waiting...
2024-06-30 23:25:57.519 [info] [LocalProcess0][resolveAuthority(codespaces,2)][235002ms] waiting...
2024-06-30 23:25:58.518 [info] [LocalProcess0][resolveAuthority(codespaces,2)][236001ms] waiting...
2024-06-30 23:25:59.519 [info] [LocalProcess0][resolveAuthority(codespaces,2)][237002ms] waiting...
2024-06-30 23:26:00.519 [info] [LocalProcess0][resolveAuthority(codespaces,2)][238002ms] waiting...
2024-06-30 23:26:01.518 [info] [LocalProcess0][resolveAuthority(codespaces,2)][239001ms] waiting...
2024-06-30 23:26:02.518 [info] [LocalProcess0][resolveAuthority(codespaces,2)][240001ms] waiting...
2024-06-30 23:26:03.519 [info] [LocalProcess0][resolveAuthority(codespaces,2)][241002ms] waiting...
2024-06-30 23:26:04.518 [info] [LocalProcess0][resolveAuthority(codespaces,2)][242001ms] waiting...
2024-06-30 23:26:05.518 [info] [LocalProcess0][resolveAuthority(codespaces,2)][243001ms] waiting...
2024-06-30 23:26:06.518 [info] [LocalProcess0][resolveAuthority(codespaces,2)][244001ms] waiting...
2024-06-30 23:26:07.519 [info] [LocalProcess0][resolveAuthority(codespaces,2)][245002ms] waiting...
2024-06-30 23:26:08.519 [info] [LocalProcess0][resolveAuthority(codespaces,2)][246002ms] waiting...
2024-06-30 23:26:09.519 [info] [LocalProcess0][resolveAuthority(codespaces,2)][247002ms] waiting...
2024-06-30 23:26:10.519 [info] [LocalProcess0][resolveAuthority(codespaces,2)][248002ms] waiting...
2024-06-30 23:26:11.519 [info] [LocalProcess0][resolveAuthority(codespaces,2)][249002ms] waiting...
2024-06-30 23:26:12.518 [info] [LocalProcess0][resolveAuthority(codespaces,2)][250001ms] waiting...
2024-06-30 23:26:13.518 [info] [LocalProcess0][resolveAuthority(codespaces,2)][251001ms] waiting...
2024-06-30 23:26:14.519 [info] [LocalProcess0][resolveAuthority(codespaces,2)][252002ms] waiting...
2024-06-30 23:26:15.518 [info] [LocalProcess0][resolveAuthority(codespaces,2)][253001ms] waiting...
2024-06-30 23:26:16.519 [info] [LocalProcess0][resolveAuthority(codespaces,2)][254002ms] waiting...
2024-06-30 23:26:17.519 [info] [LocalProcess0][resolveAuthority(codespaces,2)][255002ms] waiting...
2024-06-30 23:26:18.518 [info] [LocalProcess0][resolveAuthority(codespaces,2)][256001ms] waiting...
2024-06-30 23:26:19.518 [info] [LocalProcess0][resolveAuthority(codespaces,2)][257002ms] waiting...
2024-06-30 23:26:20.519 [info] [LocalProcess0][resolveAuthority(codespaces,2)][258002ms] waiting...
2024-06-30 23:26:21.519 [info] [LocalProcess0][resolveAuthority(codespaces,2)][259002ms] waiting...
2024-06-30 23:26:22.519 [info] [LocalProcess0][resolveAuthority(codespaces,2)][260002ms] waiting...
2024-06-30 23:26:23.518 [info] [LocalProcess0][resolveAuthority(codespaces,2)][261001ms] waiting...
2024-06-30 23:26:24.145 [info] [remote-connection][ExtensionHost][53f14…][reconnect] received socket timeout event (unacknowledgedMsgCount: 4, timeSinceOldestUnacknowledgedMsg: 261580, timeSinceLastReceivedSomeData: 268501).
2024-06-30 23:26:24.146 [info] [remote-connection][Management   ][555cb…][reconnect] received socket timeout event (unacknowledgedMsgCount: 2, timeSinceOldestUnacknowledgedMsg: 143646, timeSinceLastReceivedSomeData: 271525).
2024-06-30 23:26:24.518 [info] [LocalProcess0][resolveAuthority(codespaces,2)][262001ms] waiting...
2024-06-30 23:26:26.644 [info] Started local extension host with pid 18041.
2024-06-30 23:26:29.868 [info] Invoking resolveAuthority(codespaces)...
2024-06-30 23:26:29.869 [info] [LocalProcess0][resolveAuthority(codespaces,1)][0ms] obtaining proxy...
2024-06-30 23:26:29.869 [info] [LocalProcess0][resolveAuthority(codespaces,1)][0ms] invoking...
2024-06-30 23:26:30.863 [info] [LocalProcess0][resolveAuthority(codespaces,1)][1001ms] waiting...
2024-06-30 23:26:31.864 [info] [LocalProcess0][resolveAuthority(codespaces,1)][2001ms] waiting...
2024-06-30 23:26:32.863 [info] [LocalProcess0][resolveAuthority(codespaces,1)][3000ms] waiting...
2024-06-30 23:26:33.863 [info] [LocalProcess0][resolveAuthority(codespaces,1)][4000ms] waiting...
2024-06-30 23:26:34.863 [info] [LocalProcess0][resolveAuthority(codespaces,1)][5000ms] waiting...
2024-06-30 23:26:35.863 [info] [LocalProcess0][resolveAuthority(codespaces,1)][6000ms] waiting...
2024-06-30 23:26:36.863 [info] [LocalProcess0][resolveAuthority(codespaces,1)][7000ms] waiting...
2024-06-30 23:26:37.863 [info] [LocalProcess0][resolveAuthority(codespaces,1)][8000ms] waiting...
2024-06-30 23:26:38.863 [info] [LocalProcess0][resolveAuthority(codespaces,1)][9000ms] waiting...
2024-06-30 23:26:39.863 [info] [LocalProcess0][resolveAuthority(codespaces,1)][10000ms] waiting...
2024-06-30 23:26:40.863 [info] [LocalProcess0][resolveAuthority(codespaces,1)][11000ms] waiting...
2024-06-30 23:26:41.863 [info] [LocalProcess0][resolveAuthority(codespaces,1)][12000ms] waiting...
2024-06-30 23:26:42.863 [info] [LocalProcess0][resolveAuthority(codespaces,1)][13000ms] waiting...
2024-06-30 23:26:43.863 [info] [LocalProcess0][resolveAuthority(codespaces,1)][14000ms] waiting...
2024-06-30 23:26:44.863 [info] [LocalProcess0][resolveAuthority(codespaces,1)][15000ms] waiting...
2024-06-30 23:26:45.863 [info] [LocalProcess0][resolveAuthority(codespaces,1)][16001ms] waiting...
2024-06-30 23:26:46.863 [info] [LocalProcess0][resolveAuthority(codespaces,1)][17001ms] waiting...
2024-06-30 23:26:47.864 [info] [LocalProcess0][resolveAuthority(codespaces,1)][18001ms] waiting...
2024-06-30 23:26:48.863 [info] [LocalProcess0][resolveAuthority(codespaces,1)][19000ms] waiting...
2024-06-30 23:26:49.864 [info] [LocalProcess0][resolveAuthority(codespaces,1)][20001ms] waiting...
2024-06-30 23:26:50.864 [info] [LocalProcess0][resolveAuthority(codespaces,1)][21001ms] waiting...
2024-06-30 23:26:51.864 [info] [LocalProcess0][resolveAuthority(codespaces,1)][22001ms] waiting...
2024-06-30 23:26:52.181 [info] [LocalProcess0][resolveAuthority(codespaces,1)][22318ms] returned WebSocket(127.0.0.1:43539)
2024-06-30 23:26:52.181 [info] resolveAuthority(codespaces) returned 'WebSocket(127.0.0.1:43539)' after 22319 ms
2024-06-30 23:26:52.183 [info] Creating a socket (renderer-Management-d2619e08-b1f4-440a-8811-34d0112421fc)...
2024-06-30 23:26:52.184 [info] Creating a socket (renderer-ExtensionHost-bb48630f-dca1-46e9-bbd2-abdd53417bb7)...
2024-06-30 23:26:52.368 [info] Creating a socket (renderer-Management-d2619e08-b1f4-440a-8811-34d0112421fc) was successful after 185 ms.
2024-06-30 23:26:52.459 [info] Creating a socket (renderer-ExtensionHost-bb48630f-dca1-46e9-bbd2-abdd53417bb7) was successful after 275 ms.
2024-06-30 23:26:58.148 [info] [perf] Render performance baseline is 43ms
2024-06-30 23:26:59.812 [warning] [perf] Renderer reported VERY LONG TASK (557ms), starting profiling session '51739599-ec0f-4085-ae67-ffaa3d827b2f'
2024-06-30 23:27:04.669 [error] [Extension Host] (node:332) [DEP0005] DeprecationWarning: Buffer() is deprecated due to security and usability issues. Please use the Buffer.alloc(), Buffer.allocUnsafe(), or Buffer.from() methods instead.
(Use `node --trace-deprecation ...` to show where the warning was created)
2024-06-30 23:29:10.373 [info] Started local extension host with pid 18653.
2024-06-30 23:29:13.383 [info] Invoking resolveAuthority(codespaces)...
2024-06-30 23:29:13.384 [info] [LocalProcess0][resolveAuthority(codespaces,1)][0ms] obtaining proxy...
2024-06-30 23:29:13.384 [info] [LocalProcess0][resolveAuthority(codespaces,1)][0ms] invoking...
2024-06-30 23:29:14.384 [info] [LocalProcess0][resolveAuthority(codespaces,1)][1000ms] waiting...
2024-06-30 23:29:15.384 [info] [LocalProcess0][resolveAuthority(codespaces,1)][2000ms] waiting...
2024-06-30 23:29:16.384 [info] [LocalProcess0][resolveAuthority(codespaces,1)][3000ms] waiting...
2024-06-30 23:29:17.384 [info] [LocalProcess0][resolveAuthority(codespaces,1)][4000ms] waiting...
2024-06-30 23:29:18.384 [info] [LocalProcess0][resolveAuthority(codespaces,1)][5000ms] waiting...
2024-06-30 23:29:18.644 [info] [LocalProcess0][resolveAuthority(codespaces,1)][5261ms] returned WebSocket(127.0.0.1:41955)
2024-06-30 23:29:18.645 [info] resolveAuthority(codespaces) returned 'WebSocket(127.0.0.1:41955)' after 5261 ms
2024-06-30 23:29:18.647 [info] Creating a socket (renderer-Management-4743613e-5d9f-4071-aff7-10104302e70f)...
2024-06-30 23:29:18.648 [info] Creating a socket (renderer-ExtensionHost-fdef592c-343e-4c43-9085-52662e535d3f)...
2024-06-30 23:29:18.756 [info] Creating a socket (renderer-Management-4743613e-5d9f-4071-aff7-10104302e70f) was successful after 109 ms.
2024-06-30 23:29:18.844 [info] Creating a socket (renderer-ExtensionHost-fdef592c-343e-4c43-9085-52662e535d3f) was successful after 195 ms.
2024-06-30 23:29:23.262 [info] [perf] Render performance baseline is 44ms
2024-06-30 23:29:24.108 [warning] [perf] Renderer reported VERY LONG TASK (551ms), starting profiling session '67c1db6b-ad5e-4216-a8be-ac3134fb8f2e'
2024-06-30 23:29:26.114 [error] [Extension Host] (node:1542) [DEP0005] DeprecationWarning: Buffer() is deprecated due to security and usability issues. Please use the Buffer.alloc(), Buffer.allocUnsafe(), or Buffer.from() methods instead.
(Use `node --trace-deprecation ...` to show where the warning was created)
2024-06-30 23:30:47.142 [error] No expression to evaluate
2024-06-30 23:30:47.908 [error] No expression to evaluate
2024-06-30 23:30:47.925 [error] No expression to evaluate
2024-06-30 23:30:47.941 [error] No expression to evaluate
2024-06-30 23:35:19.869 [warning] CallStackEditorContribution: invalid stack frame line number: 519
