2024-06-30 22:08:24.271 [info] Added views:workbench.panel.markers.view in workbench.panel.markers
2024-06-30 22:08:24.271 [info] Added views:workbench.panel.output in workbench.panel.output
2024-06-30 22:08:24.271 [info] Added views:terminal in terminal
2024-06-30 22:08:24.271 [info] Added views:outline in workbench.view.explorer
2024-06-30 22:08:24.271 [info] Added views:workbench.scm in workbench.view.scm
2024-06-30 22:08:24.271 [info] Added views:workbench.view.search in workbench.view.search
2024-06-30 22:08:24.271 [info] Added views:timeline in workbench.view.explorer
2024-06-30 22:08:24.271 [info] Added views:workbench.explorer.fileView in workbench.view.explorer
2024-06-30 22:08:24.496 [info] Added views:workbench.debug.welcome in workbench.view.debug
2024-06-30 22:08:52.184 [info] Added views:~remote.forwardedPorts in ~remote.forwardedPortsContainer
2024-06-30 22:08:55.456 [info] Added views:cs50-menu in workbench.view.extension.cs50-menu
2024-06-30 22:08:55.457 [info] Added views:ddb50.chatWindow in workbench.view.extension.ddb50
2024-06-30 22:08:55.457 [info] Added views:github.codespaces.explorer in workbench.view.remote
2024-06-30 22:08:55.460 [info] Added views:pr:github,issues:github in workbench.view.extension.github-pull-requests
2024-06-30 22:08:55.461 [info] Added views:dockerContainers,dockerImages,dockerRegistries,dockerNetworks,dockerVolumes,vscode-docker.views.dockerContexts,vscode-docker.views.help in workbench.view.extension.dockerView
2024-06-30 22:08:55.462 [info] Added views:liveshare.session in workbench.view.extension.liveshare
2024-06-30 22:08:57.098 [info] Added views:workbench.panel.repl.view in workbench.panel.repl
2024-06-30 22:09:05.286 [info] Removed views:issues:github,pr:github from workbench.view.extension.github-pull-requests
2024-06-30 22:09:05.287 [info] Added views:github:login in workbench.view.extension.github-pull-requests
2024-06-30 23:26:26.579 [info] Added views:workbench.panel.markers.view in workbench.panel.markers
2024-06-30 23:26:26.579 [info] Added views:workbench.panel.output in workbench.panel.output
2024-06-30 23:26:26.579 [info] Added views:terminal in terminal
2024-06-30 23:26:26.579 [info] Added views:outline in workbench.view.explorer
2024-06-30 23:26:26.579 [info] Added views:workbench.scm in workbench.view.scm
2024-06-30 23:26:26.579 [info] Added views:workbench.view.search in workbench.view.search
2024-06-30 23:26:26.579 [info] Added views:timeline in workbench.view.explorer
2024-06-30 23:26:26.579 [info] Added views:workbench.explorer.fileView in workbench.view.explorer
2024-06-30 23:26:26.790 [info] Added views:workbench.debug.welcome in workbench.view.debug
2024-06-30 23:26:52.172 [info] Added views:~remote.forwardedPorts in ~remote.forwardedPortsContainer
2024-06-30 23:26:55.735 [info] Added views:cs50-menu in workbench.view.extension.cs50-menu
2024-06-30 23:26:55.736 [info] Added views:ddb50.chatWindow in workbench.view.extension.ddb50
2024-06-30 23:26:55.736 [info] Added views:github.codespaces.explorer in workbench.view.remote
2024-06-30 23:26:55.737 [info] Added views:pr:github,issues:github in workbench.view.extension.github-pull-requests
2024-06-30 23:26:55.740 [info] Added views:dockerContainers,dockerImages,dockerRegistries,dockerNetworks,dockerVolumes,vscode-docker.views.dockerContexts,vscode-docker.views.help in workbench.view.extension.dockerView
2024-06-30 23:26:55.741 [info] Added views:liveshare.session in workbench.view.extension.liveshare
2024-06-30 23:26:57.580 [info] Added views:workbench.panel.repl.view in workbench.panel.repl
2024-06-30 23:27:04.736 [info] Removed views:issues:github,pr:github from workbench.view.extension.github-pull-requests
2024-06-30 23:27:04.737 [info] Added views:github:login in workbench.view.extension.github-pull-requests
2024-06-30 23:29:10.314 [info] Added views:workbench.panel.markers.view in workbench.panel.markers
2024-06-30 23:29:10.314 [info] Added views:workbench.panel.output in workbench.panel.output
2024-06-30 23:29:10.314 [info] Added views:terminal in terminal
2024-06-30 23:29:10.314 [info] Added views:outline in workbench.view.explorer
2024-06-30 23:29:10.314 [info] Added views:workbench.scm in workbench.view.scm
2024-06-30 23:29:10.314 [info] Added views:workbench.view.search in workbench.view.search
2024-06-30 23:29:10.314 [info] Added views:timeline in workbench.view.explorer
2024-06-30 23:29:10.314 [info] Added views:workbench.explorer.fileView in workbench.view.explorer
2024-06-30 23:29:10.503 [info] Added views:workbench.debug.welcome in workbench.view.debug
2024-06-30 23:29:18.639 [info] Added views:~remote.forwardedPorts in ~remote.forwardedPortsContainer
2024-06-30 23:29:20.247 [info] Added views:cs50-menu in workbench.view.extension.cs50-menu
2024-06-30 23:29:20.248 [info] Added views:ddb50.chatWindow in workbench.view.extension.ddb50
2024-06-30 23:29:20.248 [info] Added views:github.codespaces.explorer in workbench.view.remote
2024-06-30 23:29:20.249 [info] Added views:pr:github,issues:github in workbench.view.extension.github-pull-requests
2024-06-30 23:29:20.250 [info] Added views:dockerContainers,dockerImages,dockerRegistries,dockerNetworks,dockerVolumes,vscode-docker.views.dockerContexts,vscode-docker.views.help in workbench.view.extension.dockerView
2024-06-30 23:29:20.251 [info] Added views:liveshare.session in workbench.view.extension.liveshare
2024-06-30 23:29:21.318 [info] Added views:workbench.panel.repl.view in workbench.panel.repl
2024-06-30 23:29:26.182 [info] Removed views:issues:github,pr:github from workbench.view.extension.github-pull-requests
2024-06-30 23:29:26.183 [info] Added views:github:login in workbench.view.extension.github-pull-requests
2024-06-30 23:29:59.359 [info] Added views:workbench.debug.breakPointsView in workbench.view.debug
2024-06-30 23:30:01.664 [info] Removed views:workbench.debug.breakPointsView from workbench.view.debug
2024-06-30 23:30:06.904 [info] Added views:workbench.debug.breakPointsView in workbench.view.debug
2024-06-30 23:30:36.378 [info] Removed views:workbench.debug.welcome from workbench.view.debug
2024-06-30 23:30:36.415 [info] Added views:workbench.debug.variablesView,workbench.debug.watchExpressionsView,workbench.debug.callStackView in workbench.view.debug
2024-06-30 23:34:34.627 [info] Removed views:workbench.debug.callStackView,workbench.debug.watchExpressionsView,workbench.debug.variablesView from workbench.view.debug
2024-06-30 23:34:34.648 [info] Added views:workbench.debug.welcome in workbench.view.debug
2024-06-30 23:34:56.837 [info] Removed views:workbench.debug.welcome from workbench.view.debug
2024-06-30 23:34:56.865 [info] Added views:workbench.debug.variablesView,workbench.debug.watchExpressionsView,workbench.debug.callStackView in workbench.view.debug
2024-06-30 23:35:30.153 [info] Removed views:workbench.debug.callStackView,workbench.debug.watchExpressionsView,workbench.debug.variablesView from workbench.view.debug
2024-06-30 23:35:30.183 [info] Added views:workbench.debug.welcome in workbench.view.debug
2024-06-30 23:35:35.755 [info] Removed views:workbench.debug.welcome from workbench.view.debug
2024-06-30 23:35:35.773 [info] Added views:workbench.debug.variablesView,workbench.debug.watchExpressionsView,workbench.debug.callStackView in workbench.view.debug
2024-06-30 23:37:28.175 [info] Removed views:workbench.debug.callStackView,workbench.debug.watchExpressionsView,workbench.debug.variablesView from workbench.view.debug
2024-06-30 23:37:28.202 [info] Added views:workbench.debug.welcome in workbench.view.debug
2024-06-30 23:37:30.680 [info] Removed views:workbench.debug.welcome from workbench.view.debug
2024-06-30 23:37:30.707 [info] Added views:workbench.debug.variablesView,workbench.debug.watchExpressionsView,workbench.debug.callStackView in workbench.view.debug
2024-06-30 23:39:12.327 [info] Removed views:workbench.debug.callStackView,workbench.debug.watchExpressionsView,workbench.debug.variablesView from workbench.view.debug
2024-06-30 23:39:12.351 [info] Added views:workbench.debug.welcome in workbench.view.debug
