2024-06-30 22:08:25.108 [info] Reading sessions from keychain...
2024-06-30 22:08:25.108 [info] Getting sessions for all scopes...
2024-06-30 22:08:25.108 [info] Getting sessions for codespace,read:user,repo,user:email...
2024-06-30 22:08:25.110 [info] Got stored sessions!
2024-06-30 22:08:25.110 [info] Got 1 verified sessions.
2024-06-30 22:08:25.110 [info] Got 1 sessions for ...
2024-06-30 22:08:25.110 [info] Got 1 sessions for codespace,read:user,repo,user:email...
2024-06-30 22:08:27.076 [info] Getting sessions for all scopes...
2024-06-30 22:08:27.076 [info] Got 1 sessions for ...
2024-06-30 22:09:04.060 [info] Getting sessions for read:user,repo,user:email,workflow...
2024-06-30 22:09:04.061 [info] Got 0 sessions for read:user,repo,user:email,workflow...
2024-06-30 22:09:04.462 [info] Getting sessions for project,read:org,read:user,repo,user:email,workflow...
2024-06-30 22:09:04.462 [info] Got 0 sessions for project,read:org,read:user,repo,user:email,workflow...
2024-06-30 22:09:04.556 [info] Getting sessions for read:user,repo,user:email,workflow...
2024-06-30 22:09:04.556 [info] Got 0 sessions for read:user,repo,user:email,workflow...
2024-06-30 22:09:04.637 [info] Getting sessions for read:user,repo,user:email...
2024-06-30 22:09:04.637 [info] Got 0 sessions for read:user,repo,user:email...
2024-06-30 22:09:04.744 [info] Getting sessions for read:user,repo,user:email,workflow...
2024-06-30 22:09:04.744 [info] Got 0 sessions for read:user,repo,user:email,workflow...
2024-06-30 22:09:05.847 [info] Getting sessions for read:user,repo,user:email,workflow...
2024-06-30 22:09:05.847 [info] Got 0 sessions for read:user,repo,user:email,workflow...
2024-06-30 23:26:27.348 [info] Reading sessions from keychain...
2024-06-30 23:26:27.348 [info] Getting sessions for all scopes...
2024-06-30 23:26:27.348 [info] Got stored sessions!
2024-06-30 23:26:27.348 [info] Got 1 verified sessions.
2024-06-30 23:26:27.348 [info] Got 1 sessions for ...
2024-06-30 23:26:27.349 [info] Getting sessions for codespace,read:user,repo,user:email...
2024-06-30 23:26:27.349 [info] Got 1 sessions for codespace,read:user,repo,user:email...
2024-06-30 23:26:29.180 [info] Getting sessions for all scopes...
2024-06-30 23:26:29.180 [info] Got 1 sessions for ...
2024-06-30 23:27:03.209 [info] Getting sessions for read:user,repo,user:email,workflow...
2024-06-30 23:27:03.210 [info] Got 0 sessions for read:user,repo,user:email,workflow...
2024-06-30 23:27:03.782 [info] Getting sessions for project,read:org,read:user,repo,user:email,workflow...
2024-06-30 23:27:03.782 [info] Got 0 sessions for project,read:org,read:user,repo,user:email,workflow...
2024-06-30 23:27:03.870 [info] Getting sessions for read:user,repo,user:email,workflow...
2024-06-30 23:27:03.870 [info] Got 0 sessions for read:user,repo,user:email,workflow...
2024-06-30 23:27:03.965 [info] Getting sessions for read:user,repo,user:email...
2024-06-30 23:27:03.965 [info] Got 0 sessions for read:user,repo,user:email...
2024-06-30 23:27:04.071 [info] Getting sessions for read:user,repo,user:email,workflow...
2024-06-30 23:27:04.071 [info] Got 0 sessions for read:user,repo,user:email,workflow...
2024-06-30 23:27:05.447 [info] Getting sessions for read:user,repo,user:email,workflow...
2024-06-30 23:27:05.447 [info] Got 0 sessions for read:user,repo,user:email,workflow...
2024-06-30 23:29:11.073 [info] Reading sessions from keychain...
2024-06-30 23:29:11.073 [info] Getting sessions for all scopes...
2024-06-30 23:29:11.073 [info] Got stored sessions!
2024-06-30 23:29:11.073 [info] Got 1 verified sessions.
2024-06-30 23:29:11.073 [info] Got 1 sessions for ...
2024-06-30 23:29:11.074 [info] Getting sessions for codespace,read:user,repo,user:email...
2024-06-30 23:29:11.074 [info] Got 1 sessions for codespace,read:user,repo,user:email...
2024-06-30 23:29:12.822 [info] Getting sessions for all scopes...
2024-06-30 23:29:12.822 [info] Got 1 sessions for ...
2024-06-30 23:29:24.984 [info] Getting sessions for read:user,repo,user:email,workflow...
2024-06-30 23:29:24.985 [info] Got 0 sessions for read:user,repo,user:email,workflow...
2024-06-30 23:29:25.430 [info] Getting sessions for project,read:org,read:user,repo,user:email,workflow...
2024-06-30 23:29:25.430 [info] Got 0 sessions for project,read:org,read:user,repo,user:email,workflow...
2024-06-30 23:29:25.546 [info] Getting sessions for read:user,repo,user:email,workflow...
2024-06-30 23:29:25.546 [info] Got 0 sessions for read:user,repo,user:email,workflow...
2024-06-30 23:29:25.644 [info] Getting sessions for read:user,repo,user:email...
2024-06-30 23:29:25.644 [info] Got 0 sessions for read:user,repo,user:email...
2024-06-30 23:29:25.723 [info] Getting sessions for read:user,repo,user:email,workflow...
2024-06-30 23:29:25.723 [info] Got 0 sessions for read:user,repo,user:email,workflow...
2024-06-30 23:29:26.775 [info] Getting sessions for read:user,repo,user:email,workflow...
2024-06-30 23:29:26.775 [info] Got 0 sessions for read:user,repo,user:email,workflow...
