2024-06-24 19:03:04.582 [info] Reading sessions from keychain...
2024-06-24 19:03:04.582 [info] Getting sessions for all scopes...
2024-06-24 19:03:04.582 [info] Got stored sessions!
2024-06-24 19:03:04.582 [info] Got 1 verified sessions.
2024-06-24 19:03:04.582 [info] Got 1 sessions for ...
2024-06-24 19:03:04.582 [info] Getting sessions for codespace,read:user,repo,user:email...
2024-06-24 19:03:04.582 [info] Got 1 sessions for codespace,read:user,repo,user:email...
2024-06-24 19:03:07.224 [info] Getting sessions for all scopes...
2024-06-24 19:03:07.225 [info] Got 1 sessions for ...
2024-06-24 19:03:48.721 [info] Getting sessions for read:user,repo,user:email,workflow...
2024-06-24 19:03:48.721 [info] Got 0 sessions for read:user,repo,user:email,workflow...
2024-06-24 19:03:49.262 [info] Getting sessions for project,read:org,read:user,repo,user:email,workflow...
2024-06-24 19:03:49.262 [info] Got 0 sessions for project,read:org,read:user,repo,user:email,workflow...
2024-06-24 19:03:49.393 [info] Getting sessions for read:user,repo,user:email,workflow...
2024-06-24 19:03:49.393 [info] Got 0 sessions for read:user,repo,user:email,workflow...
2024-06-24 19:03:49.494 [info] Getting sessions for read:user,repo,user:email...
2024-06-24 19:03:49.494 [info] Got 0 sessions for read:user,repo,user:email...
2024-06-24 19:03:49.599 [info] Getting sessions for read:user,repo,user:email,workflow...
2024-06-24 19:03:49.599 [info] Got 0 sessions for read:user,repo,user:email,workflow...
2024-06-24 19:03:51.079 [info] Getting sessions for read:user,repo,user:email,workflow...
2024-06-24 19:03:51.079 [info] Got 0 sessions for read:user,repo,user:email,workflow...
2024-06-24 19:31:01.302 [info] Reading sessions from keychain...
2024-06-24 19:31:01.302 [info] Getting sessions for all scopes...
2024-06-24 19:31:01.305 [info] Getting sessions for codespace,read:user,repo,user:email...
2024-06-24 19:31:01.306 [info] Got stored sessions!
2024-06-24 19:31:01.306 [info] Got 1 verified sessions.
2024-06-24 19:31:01.306 [info] Got 1 sessions for ...
2024-06-24 19:31:01.306 [info] Got 1 sessions for codespace,read:user,repo,user:email...
2024-06-24 19:31:02.991 [info] Getting sessions for all scopes...
2024-06-24 19:31:02.991 [info] Got 1 sessions for ...
2024-06-24 19:31:13.510 [info] Getting sessions for read:user,repo,user:email,workflow...
2024-06-24 19:31:13.510 [info] Got 0 sessions for read:user,repo,user:email,workflow...
2024-06-24 19:31:14.967 [info] Getting sessions for project,read:org,read:user,repo,user:email,workflow...
2024-06-24 19:31:14.967 [info] Got 0 sessions for project,read:org,read:user,repo,user:email,workflow...
2024-06-24 19:31:15.101 [info] Getting sessions for read:user,repo,user:email,workflow...
2024-06-24 19:31:15.101 [info] Got 0 sessions for read:user,repo,user:email,workflow...
2024-06-24 19:31:15.235 [info] Getting sessions for read:user,repo,user:email...
2024-06-24 19:31:15.235 [info] Got 0 sessions for read:user,repo,user:email...
2024-06-24 19:31:15.352 [info] Getting sessions for read:user,repo,user:email,workflow...
2024-06-24 19:31:15.352 [info] Got 0 sessions for read:user,repo,user:email,workflow...
2024-06-24 19:31:17.068 [info] Getting sessions for read:user,repo,user:email,workflow...
2024-06-24 19:31:17.068 [info] Got 0 sessions for read:user,repo,user:email,workflow...
2024-06-24 22:12:50.741 [info] Reading sessions from keychain...
2024-06-24 22:12:50.742 [info] Getting sessions for all scopes...
2024-06-24 22:12:50.742 [info] Got stored sessions!
2024-06-24 22:12:50.742 [info] Got 1 verified sessions.
2024-06-24 22:12:50.742 [info] Got 1 sessions for ...
2024-06-24 22:12:50.742 [info] Getting sessions for codespace,read:user,repo,user:email...
2024-06-24 22:12:50.742 [info] Got 1 sessions for codespace,read:user,repo,user:email...
2024-06-24 22:12:52.352 [info] Getting sessions for all scopes...
2024-06-24 22:12:52.352 [info] Got 1 sessions for ...
2024-06-24 22:13:30.275 [info] Getting sessions for read:user,repo,user:email,workflow...
2024-06-24 22:13:30.275 [info] Got 0 sessions for read:user,repo,user:email,workflow...
2024-06-24 22:13:30.608 [info] Getting sessions for project,read:org,read:user,repo,user:email,workflow...
2024-06-24 22:13:30.608 [info] Got 0 sessions for project,read:org,read:user,repo,user:email,workflow...
2024-06-24 22:13:30.740 [info] Getting sessions for read:user,repo,user:email,workflow...
2024-06-24 22:13:30.741 [info] Got 0 sessions for read:user,repo,user:email,workflow...
2024-06-24 22:13:30.860 [info] Getting sessions for read:user,repo,user:email...
2024-06-24 22:13:30.860 [info] Got 0 sessions for read:user,repo,user:email...
2024-06-24 22:13:30.982 [info] Getting sessions for read:user,repo,user:email,workflow...
2024-06-24 22:13:30.982 [info] Got 0 sessions for read:user,repo,user:email,workflow...
2024-06-24 22:13:32.585 [info] Getting sessions for read:user,repo,user:email,workflow...
2024-06-24 22:13:32.585 [info] Got 0 sessions for read:user,repo,user:email,workflow...
2024-06-25 00:57:57.048 [info] Reading sessions from keychain...
2024-06-25 00:57:57.048 [info] Getting sessions for all scopes...
2024-06-25 00:57:57.048 [info] Got stored sessions!
2024-06-25 00:57:57.048 [info] Got 1 verified sessions.
2024-06-25 00:57:57.048 [info] Got 1 sessions for ...
2024-06-25 00:57:57.048 [info] Getting sessions for codespace,read:user,repo,user:email...
2024-06-25 00:57:57.048 [info] Got 1 sessions for codespace,read:user,repo,user:email...
2024-06-25 00:57:58.507 [info] Getting sessions for all scopes...
2024-06-25 00:57:58.507 [info] Got 1 sessions for ...
2024-06-25 00:58:55.440 [info] Getting sessions for read:user,repo,user:email,workflow...
2024-06-25 00:58:55.441 [info] Got 0 sessions for read:user,repo,user:email,workflow...
2024-06-25 00:59:00.185 [info] Getting sessions for project,read:org,read:user,repo,user:email,workflow...
2024-06-25 00:59:00.185 [info] Got 0 sessions for project,read:org,read:user,repo,user:email,workflow...
2024-06-25 00:59:00.452 [info] Getting sessions for read:user,repo,user:email,workflow...
2024-06-25 00:59:00.453 [info] Got 0 sessions for read:user,repo,user:email,workflow...
2024-06-25 00:59:00.545 [info] Getting sessions for read:user,repo,user:email...
2024-06-25 00:59:00.545 [info] Got 0 sessions for read:user,repo,user:email...
2024-06-25 00:59:00.623 [info] Getting sessions for read:user,repo,user:email,workflow...
2024-06-25 00:59:00.623 [info] Got 0 sessions for read:user,repo,user:email,workflow...
2024-06-25 00:59:02.673 [info] Getting sessions for read:user,repo,user:email,workflow...
2024-06-25 00:59:02.673 [info] Got 0 sessions for read:user,repo,user:email,workflow...
