2024-06-25 12:27:43.761 [info] Reading sessions from keychain...
2024-06-25 12:27:43.761 [info] Getting sessions for all scopes...
2024-06-25 12:27:43.761 [info] Got stored sessions!
2024-06-25 12:27:43.761 [info] Got 1 verified sessions.
2024-06-25 12:27:43.761 [info] Got 1 sessions for ...
2024-06-25 12:27:43.761 [info] Getting sessions for codespace,read:user,repo,user:email...
2024-06-25 12:27:43.761 [info] Got 1 sessions for codespace,read:user,repo,user:email...
2024-06-25 12:27:45.573 [info] Getting sessions for all scopes...
2024-06-25 12:27:45.573 [info] Got 1 sessions for ...
2024-06-25 12:27:55.412 [info] Getting sessions for read:user,repo,user:email,workflow...
2024-06-25 12:27:55.412 [info] Got 0 sessions for read:user,repo,user:email,workflow...
2024-06-25 12:27:59.438 [info] Getting sessions for project,read:org,read:user,repo,user:email,workflow...
2024-06-25 12:27:59.438 [info] Got 0 sessions for project,read:org,read:user,repo,user:email,workflow...
2024-06-25 12:27:59.518 [info] Getting sessions for read:user,repo,user:email,workflow...
2024-06-25 12:27:59.519 [info] Got 0 sessions for read:user,repo,user:email,workflow...
2024-06-25 12:27:59.605 [info] Getting sessions for read:user,repo,user:email...
2024-06-25 12:27:59.605 [info] Got 0 sessions for read:user,repo,user:email...
2024-06-25 12:27:59.682 [info] Getting sessions for read:user,repo,user:email,workflow...
2024-06-25 12:27:59.682 [info] Got 0 sessions for read:user,repo,user:email,workflow...
2024-06-25 12:28:00.690 [info] Getting sessions for read:user,repo,user:email,workflow...
2024-06-25 12:28:00.690 [info] Got 0 sessions for read:user,repo,user:email,workflow...
