2024-07-01 11:46:48.674 [info] Reading sessions from keychain...
2024-07-01 11:46:48.674 [info] Getting sessions for all scopes...
2024-07-01 11:46:48.674 [info] Got stored sessions!
2024-07-01 11:46:48.674 [info] Got 1 verified sessions.
2024-07-01 11:46:48.674 [info] Got 1 sessions for ...
2024-07-01 11:46:48.674 [info] Getting sessions for codespace,read:user,repo,user:email...
2024-07-01 11:46:48.674 [info] Got 1 sessions for codespace,read:user,repo,user:email...
2024-07-01 11:46:50.286 [info] Getting sessions for all scopes...
2024-07-01 11:46:50.286 [info] Got 1 sessions for ...
2024-07-01 11:47:22.497 [info] Getting sessions for read:user,repo,user:email,workflow...
2024-07-01 11:47:22.497 [info] Got 0 sessions for read:user,repo,user:email,workflow...
2024-07-01 11:47:26.218 [info] Getting sessions for project,read:org,read:user,repo,user:email,workflow...
2024-07-01 11:47:26.218 [info] Got 0 sessions for project,read:org,read:user,repo,user:email,workflow...
2024-07-01 11:47:26.375 [info] Getting sessions for read:user,repo,user:email,workflow...
2024-07-01 11:47:26.375 [info] Got 0 sessions for read:user,repo,user:email,workflow...
2024-07-01 11:47:26.449 [info] Getting sessions for read:user,repo,user:email...
2024-07-01 11:47:26.449 [info] Got 0 sessions for read:user,repo,user:email...
2024-07-01 11:47:26.573 [info] Getting sessions for read:user,repo,user:email,workflow...
2024-07-01 11:47:26.573 [info] Got 0 sessions for read:user,repo,user:email,workflow...
2024-07-01 11:47:27.766 [info] Getting sessions for read:user,repo,user:email,workflow...
2024-07-01 11:47:27.766 [info] Got 0 sessions for read:user,repo,user:email,workflow...
