2024-07-01 11:46:47.572 [info] update#setState idle
2024-07-01 11:47:17.575 [info] update#setState checking for updates
2024-07-01 11:47:17.639 [info] update#setState idle
2024-07-01 11:47:20.404 [warning] [perf] profiling STARTED 586786ec-e220-486d-a35e-59eb80abc5ce
2024-07-01 11:47:25.430 [warning] [perf] profiling DONE 586786ec-e220-486d-a35e-59eb80abc5ce
2024-07-01 12:47:17.676 [info] update#setState checking for updates
2024-07-01 12:47:17.763 [info] update#setState idle
2024-07-01 13:47:17.733 [info] update#setState checking for updates
2024-07-01 13:47:17.825 [info] update#setState idle
2024-07-01 14:47:17.780 [info] update#setState checking for updates
2024-07-01 14:47:17.887 [info] update#setState idle
2024-07-01 15:19:46.770 [info] Extension host with pid 5972 exited with code: 0, signal: unknown.
2024-07-01 15:20:23.195 [warning] [perf] profiling STARTED f1d36f61-3da0-438d-8a89-65973aad8771
2024-07-01 15:20:28.241 [warning] [perf] profiling DONE f1d36f61-3da0-438d-8a89-65973aad8771
2024-07-01 15:47:17.819 [info] update#setState checking for updates
2024-07-01 15:47:17.886 [info] update#setState idle
2024-07-01 16:47:17.823 [info] update#setState checking for updates
2024-07-01 16:47:17.915 [info] update#setState idle
2024-07-01 17:47:17.867 [info] update#setState checking for updates
2024-07-01 17:47:17.965 [info] update#setState idle
2024-07-01 18:47:17.914 [info] update#setState checking for updates
2024-07-01 18:47:18.020 [info] update#setState idle
2024-07-01 19:47:17.924 [info] update#setState checking for updates
2024-07-01 19:47:18.016 [info] update#setState idle
2024-07-01 20:47:17.957 [info] update#setState checking for updates
2024-07-01 20:47:18.052 [info] update#setState idle
2024-07-01 21:47:17.963 [info] update#setState checking for updates
2024-07-01 21:47:18.055 [info] update#setState idle
2024-07-01 22:25:55.021 [info] Extension host with pid 16761 exited with code: 0, signal: unknown.
2024-07-01 22:26:31.507 [warning] [perf] profiling STARTED 54abb9cf-56a8-4885-9dec-2c14a236110d
2024-07-01 22:26:36.556 [warning] [perf] profiling DONE 54abb9cf-56a8-4885-9dec-2c14a236110d
2024-07-01 22:47:17.996 [info] update#setState checking for updates
2024-07-01 22:47:18.079 [info] update#setState idle
2024-07-01 23:47:17.999 [info] update#setState checking for updates
2024-07-01 23:47:18.121 [info] update#setState idle
