2024-07-01 10:36:00.710 [info] Extension host with pid 8097 started
2024-07-01 10:36:00.710 [info] Skipping acquiring lock for /home/j/.config/Code/User/workspaceStorage/7d97b56d92fdf06611f3fc8f868ad160.
2024-07-01 10:36:00.710 [info] $getCanonicalURI invoked for authority (codespaces)
2024-07-01 10:36:00.715 [info] ExtensionService#_doActivateExtension GitHub.codespaces, startup: false, activationEvent: 'onResolveRemoteAuthority:codespaces'
2024-07-01 10:36:00.914 [info] ExtensionService#_doActivateExtension vscode.github-authentication, startup: false, activationEvent: 'api', root cause: GitHub.codespaces
2024-07-01 10:36:03.120 [info] [resolveAuthority(codespaces,1)][0ms] activating remote resolvers codespaces+fantastic-space-waffle-v76qxwprrwgc4gw
2024-07-01 10:36:03.120 [info] [resolveAuthority(codespaces,1)][0ms] activating resolver for codespaces+fantastic-space-waffle-v76qxwprrwgc4gw...
2024-07-01 10:36:03.121 [info] [resolveAuthority(codespaces,1)][1ms] invoking final resolve()...
2024-07-01 10:36:04.121 [info] [resolveAuthority(codespaces,1)][1001ms] waiting...
2024-07-01 10:36:05.125 [info] [resolveAuthority(codespaces,1)][2005ms] waiting...
2024-07-01 10:36:06.126 [info] [resolveAuthority(codespaces,1)][3006ms] waiting...
2024-07-01 10:36:07.126 [info] [resolveAuthority(codespaces,1)][4006ms] waiting...
2024-07-01 10:36:08.126 [info] [resolveAuthority(codespaces,1)][5006ms] waiting...
2024-07-01 10:36:09.125 [info] [resolveAuthority(codespaces,1)][6005ms] waiting...
2024-07-01 10:36:10.751 [info] [resolveAuthority(codespaces,1)][7631ms] waiting...
2024-07-01 10:36:11.751 [info] [resolveAuthority(codespaces,1)][8631ms] waiting...
2024-07-01 10:36:12.750 [info] [resolveAuthority(codespaces,1)][9630ms] waiting...
2024-07-01 10:36:13.751 [info] [resolveAuthority(codespaces,1)][10631ms] waiting...
2024-07-01 10:36:14.751 [info] [resolveAuthority(codespaces,1)][11631ms] waiting...
2024-07-01 10:36:15.753 [info] [resolveAuthority(codespaces,1)][12633ms] waiting...
2024-07-01 10:36:16.754 [info] [resolveAuthority(codespaces,1)][13634ms] waiting...
2024-07-01 10:36:17.754 [info] [resolveAuthority(codespaces,1)][14634ms] waiting...
2024-07-01 10:36:18.754 [info] [resolveAuthority(codespaces,1)][15634ms] waiting...
2024-07-01 10:36:19.754 [info] [resolveAuthority(codespaces,1)][16634ms] waiting...
2024-07-01 10:36:20.754 [info] [resolveAuthority(codespaces,1)][17634ms] waiting...
2024-07-01 10:36:21.755 [info] [resolveAuthority(codespaces,1)][18635ms] waiting...
2024-07-01 10:36:22.755 [info] [resolveAuthority(codespaces,1)][19635ms] waiting...
2024-07-01 10:36:23.756 [info] [resolveAuthority(codespaces,1)][20636ms] waiting...
2024-07-01 10:36:24.755 [info] [resolveAuthority(codespaces,1)][21635ms] waiting...
2024-07-01 10:36:25.756 [info] [resolveAuthority(codespaces,1)][22636ms] waiting...
2024-07-01 10:36:26.756 [info] [resolveAuthority(codespaces,1)][23636ms] waiting...
2024-07-01 10:36:27.756 [info] [resolveAuthority(codespaces,1)][24635ms] waiting...
2024-07-01 10:36:28.755 [info] [resolveAuthority(codespaces,1)][25635ms] waiting...
2024-07-01 10:36:29.756 [info] [resolveAuthority(codespaces,1)][26636ms] waiting...
2024-07-01 10:36:30.756 [info] [resolveAuthority(codespaces,1)][27636ms] waiting...
2024-07-01 10:36:31.197 [info] [resolveAuthority(codespaces,1)][28077ms] setting tunnel factory...
2024-07-01 10:36:31.198 [info] [resolveAuthority(codespaces,1)][28078ms] returned 127.0.0.1:38563
2024-07-01 10:36:35.307 [info] Eager extensions activated
2024-07-01 10:36:35.550 [info] ExtensionService#_doActivateExtension sainnhe.gruvbox-material, startup: false, activationEvent: 'onStartupFinished'
2024-07-01 10:36:35.587 [info] ExtensionService#_doActivateExtension vscodevim.vim, startup: false, activationEvent: 'onStartupFinished'
