2024-06-25 12:06:05.355 [info] Extension host with pid 5203 started
2024-06-25 12:06:05.355 [info] Skipping acquiring lock for /home/j/.config/Code/User/workspaceStorage/7d97b56d92fdf06611f3fc8f868ad160.
2024-06-25 12:06:05.355 [info] $getCanonicalURI invoked for authority (codespaces)
2024-06-25 12:06:05.362 [info] ExtensionService#_doActivateExtension GitHub.codespaces, startup: false, activationEvent: 'onResolveRemoteAuthority:codespaces'
2024-06-25 12:06:05.666 [info] ExtensionService#_doActivateExtension vscode.github-authentication, startup: false, activationEvent: 'api', root cause: GitHub.codespaces
2024-06-25 12:06:08.975 [info] [resolveAuthority(codespaces,1)][0ms] activating remote resolvers codespaces+fantastic-space-waffle-v76qxwprrwgc4gw
2024-06-25 12:06:08.975 [info] [resolveAuthority(codespaces,1)][0ms] activating resolver for codespaces+fantastic-space-waffle-v76qxwprrwgc4gw...
2024-06-25 12:06:08.976 [info] [resolveAuthority(codespaces,1)][1ms] invoking final resolve()...
2024-06-25 12:06:09.976 [info] [resolveAuthority(codespaces,1)][1001ms] waiting...
2024-06-25 12:06:10.978 [info] [resolveAuthority(codespaces,1)][2003ms] waiting...
2024-06-25 12:06:11.978 [info] [resolveAuthority(codespaces,1)][3003ms] waiting...
2024-06-25 12:06:12.979 [info] [resolveAuthority(codespaces,1)][4004ms] waiting...
2024-06-25 12:06:13.979 [info] [resolveAuthority(codespaces,1)][5004ms] waiting...
2024-06-25 12:06:14.980 [info] [resolveAuthority(codespaces,1)][6005ms] waiting...
2024-06-25 12:06:16.995 [info] [resolveAuthority(codespaces,1)][8020ms] waiting...
2024-06-25 12:06:17.995 [info] [resolveAuthority(codespaces,1)][9020ms] waiting...
2024-06-25 12:06:18.995 [info] [resolveAuthority(codespaces,1)][10020ms] waiting...
2024-06-25 12:06:19.995 [info] [resolveAuthority(codespaces,1)][11020ms] waiting...
2024-06-25 12:06:20.995 [info] [resolveAuthority(codespaces,1)][12020ms] waiting...
2024-06-25 12:06:21.994 [info] [resolveAuthority(codespaces,1)][13019ms] waiting...
2024-06-25 12:06:22.996 [info] [resolveAuthority(codespaces,1)][14021ms] waiting...
2024-06-25 12:06:23.996 [info] [resolveAuthority(codespaces,1)][15021ms] waiting...
2024-06-25 12:06:24.996 [info] [resolveAuthority(codespaces,1)][16021ms] waiting...
2024-06-25 12:06:25.997 [info] [resolveAuthority(codespaces,1)][17022ms] waiting...
2024-06-25 12:06:26.996 [info] [resolveAuthority(codespaces,1)][18021ms] waiting...
2024-06-25 12:06:27.996 [info] [resolveAuthority(codespaces,1)][19021ms] waiting...
2024-06-25 12:06:28.997 [info] [resolveAuthority(codespaces,1)][20021ms] waiting...
2024-06-25 12:06:29.997 [info] [resolveAuthority(codespaces,1)][21022ms] waiting...
2024-06-25 12:06:30.996 [info] [resolveAuthority(codespaces,1)][22021ms] waiting...
2024-06-25 12:06:31.996 [info] [resolveAuthority(codespaces,1)][23021ms] waiting...
2024-06-25 12:06:32.997 [info] [resolveAuthority(codespaces,1)][24022ms] waiting...
2024-06-25 12:06:33.996 [info] [resolveAuthority(codespaces,1)][25021ms] waiting...
2024-06-25 12:06:34.997 [info] [resolveAuthority(codespaces,1)][26022ms] waiting...
2024-06-25 12:06:35.653 [info] [resolveAuthority(codespaces,1)][26678ms] setting tunnel factory...
2024-06-25 12:06:35.654 [info] [resolveAuthority(codespaces,1)][26679ms] returned 127.0.0.1:36257
2024-06-25 12:06:39.107 [info] Eager extensions activated
2024-06-25 12:06:39.353 [info] ExtensionService#_doActivateExtension sainnhe.gruvbox-material, startup: false, activationEvent: 'onStartupFinished'
2024-06-25 12:06:39.388 [info] ExtensionService#_doActivateExtension vscodevim.vim, startup: false, activationEvent: 'onStartupFinished'
2024-06-25 12:27:35.890 [info] Extension host terminating: renderer closed the MessagePort
2024-06-25 12:27:35.972 [error] TypeError: r.some is not a function
    at Function.saveToDisk (/home/j/.vscode/extensions/vscodevim.vim-1.27.3/out/extension.js:2:642593)
    at Object.t.deactivate (/home/j/.vscode/extensions/vscodevim.vim-1.27.3/out/extension.js:2:176670)
    at u.eb (/usr/share/code/resources/app/out/vs/workbench/api/node/extensionHostProcess.js:159:9796)
    at /usr/share/code/resources/app/out/vs/workbench/api/node/extensionHostProcess.js:159:7867
    at Array.map (<anonymous>)
    at u.$ (/usr/share/code/resources/app/out/vs/workbench/api/node/extensionHostProcess.js:159:7854)
    at u.terminate (/usr/share/code/resources/app/out/vs/workbench/api/node/extensionHostProcess.js:159:8127)
    at f.terminate (/usr/share/code/resources/app/out/vs/workbench/api/node/extensionHostProcess.js:163:1513)
    at t (/usr/share/code/resources/app/out/vs/workbench/api/node/extensionHostProcess.js:176:10459)
    at MessagePortMain.<anonymous> (/usr/share/code/resources/app/out/vs/workbench/api/node/extensionHostProcess.js:176:6675)
    at MessagePortMain.emit (node:events:514:28)
    at Object.MessagePortMain._internalPort.emit (node:electron/js2c/utility_init:2:2285)
2024-06-25 12:27:35.982 [info] Extension host with pid 5203 exiting with code 0
