2024-07-02 19:48:18.185 [info] Extension host with pid 13753 started
2024-07-02 19:48:18.186 [info] Skipping acquiring lock for /home/j/.config/Code/User/workspaceStorage/7d97b56d92fdf06611f3fc8f868ad160.
2024-07-02 19:48:18.186 [info] $getCanonicalURI invoked for authority (codespaces)
2024-07-02 19:48:18.197 [info] ExtensionService#_doActivateExtension GitHub.codespaces, startup: false, activationEvent: 'onResolveRemoteAuthority:codespaces'
2024-07-02 19:48:18.306 [info] ExtensionService#_doActivateExtension vscode.github-authentication, startup: false, activationEvent: 'api', root cause: GitHub.codespaces
2024-07-02 19:48:19.687 [info] [resolveAuthority(codespaces,1)][0ms] activating remote resolvers codespaces+fantastic-space-waffle-v76qxwprrwgc4gw
2024-07-02 19:48:19.687 [info] [resolveAuthority(codespaces,1)][0ms] activating resolver for codespaces+fantastic-space-waffle-v76qxwprrwgc4gw...
2024-07-02 19:48:19.687 [info] [resolveAuthority(codespaces,1)][0ms] invoking final resolve()...
2024-07-02 19:48:20.687 [info] [resolveAuthority(codespaces,1)][1000ms] waiting...
2024-07-02 19:48:21.691 [info] [resolveAuthority(codespaces,1)][2004ms] waiting...
2024-07-02 19:48:22.691 [info] [resolveAuthority(codespaces,1)][3004ms] waiting...
2024-07-02 19:48:23.691 [info] [resolveAuthority(codespaces,1)][4004ms] waiting...
2024-07-02 19:48:24.425 [info] [resolveAuthority(codespaces,1)][4738ms] setting tunnel factory...
2024-07-02 19:48:24.425 [info] [resolveAuthority(codespaces,1)][4738ms] returned 127.0.0.1:45903
2024-07-02 19:48:26.153 [info] Eager extensions activated
2024-07-02 19:48:26.256 [info] ExtensionService#_doActivateExtension sainnhe.gruvbox-material, startup: false, activationEvent: 'onStartupFinished'
2024-07-02 19:48:26.263 [info] ExtensionService#_doActivateExtension vscodevim.vim, startup: false, activationEvent: 'onStartupFinished'
2024-07-02 20:28:34.614 [info] [resolveAuthority(codespaces,2)][0ms] activating remote resolvers codespaces+fantastic-space-waffle-v76qxwprrwgc4gw
2024-07-02 20:28:34.614 [info] [resolveAuthority(codespaces,2)][0ms] activating resolver for codespaces+fantastic-space-waffle-v76qxwprrwgc4gw...
2024-07-02 20:28:34.614 [info] [resolveAuthority(codespaces,2)][0ms] invoking final resolve()...
2024-07-02 20:28:35.615 [info] [resolveAuthority(codespaces,2)][1001ms] waiting...
2024-07-02 20:28:36.614 [info] [resolveAuthority(codespaces,2)][2000ms] waiting...
2024-07-02 20:28:37.614 [info] [resolveAuthority(codespaces,2)][3000ms] waiting...
2024-07-02 20:28:38.616 [info] [resolveAuthority(codespaces,2)][4002ms] waiting...
2024-07-02 20:28:39.616 [info] [resolveAuthority(codespaces,2)][5002ms] waiting...
2024-07-02 20:28:40.618 [info] [resolveAuthority(codespaces,2)][6004ms] waiting...
2024-07-02 20:28:41.618 [info] [resolveAuthority(codespaces,2)][7004ms] waiting...
2024-07-02 20:28:42.619 [info] [resolveAuthority(codespaces,2)][8005ms] waiting...
2024-07-02 20:28:43.620 [info] [resolveAuthority(codespaces,2)][9006ms] waiting...
2024-07-02 20:28:44.620 [info] [resolveAuthority(codespaces,2)][10006ms] waiting...
2024-07-02 20:28:45.621 [info] [resolveAuthority(codespaces,2)][11007ms] waiting...
2024-07-02 20:28:46.623 [info] [resolveAuthority(codespaces,2)][12008ms] waiting...
2024-07-02 20:28:47.623 [info] [resolveAuthority(codespaces,2)][13009ms] waiting...
2024-07-02 20:28:48.624 [info] [resolveAuthority(codespaces,2)][14010ms] waiting...
2024-07-02 20:28:49.625 [info] [resolveAuthority(codespaces,2)][15011ms] waiting...
2024-07-02 20:28:50.626 [info] [resolveAuthority(codespaces,2)][16012ms] waiting...
2024-07-02 20:28:51.627 [info] [resolveAuthority(codespaces,2)][17013ms] waiting...
2024-07-02 20:28:52.628 [info] [resolveAuthority(codespaces,2)][18014ms] waiting...
2024-07-02 20:28:53.629 [info] [resolveAuthority(codespaces,2)][19015ms] waiting...
2024-07-02 20:28:54.630 [info] [resolveAuthority(codespaces,2)][20016ms] waiting...
2024-07-02 20:28:55.631 [info] [resolveAuthority(codespaces,2)][21017ms] waiting...
2024-07-02 20:28:56.632 [info] [resolveAuthority(codespaces,2)][22018ms] waiting...
2024-07-02 20:28:57.633 [info] [resolveAuthority(codespaces,2)][23019ms] waiting...
2024-07-02 20:28:58.634 [info] [resolveAuthority(codespaces,2)][24020ms] waiting...
2024-07-02 20:28:59.635 [info] [resolveAuthority(codespaces,2)][25021ms] waiting...
2024-07-02 20:29:00.636 [info] [resolveAuthority(codespaces,2)][26022ms] waiting...
2024-07-02 20:29:01.637 [info] [resolveAuthority(codespaces,2)][27023ms] waiting...
2024-07-02 20:29:02.637 [info] [resolveAuthority(codespaces,2)][28023ms] waiting...
2024-07-02 20:29:03.638 [info] [resolveAuthority(codespaces,2)][29024ms] waiting...
2024-07-02 20:29:04.639 [info] [resolveAuthority(codespaces,2)][30025ms] waiting...
2024-07-02 20:29:05.640 [info] [resolveAuthority(codespaces,2)][31026ms] waiting...
2024-07-02 20:29:06.642 [info] [resolveAuthority(codespaces,2)][32028ms] waiting...
2024-07-02 20:29:07.643 [info] [resolveAuthority(codespaces,2)][33029ms] waiting...
2024-07-02 20:29:08.645 [info] [resolveAuthority(codespaces,2)][34031ms] waiting...
2024-07-02 20:29:09.646 [info] [resolveAuthority(codespaces,2)][35032ms] waiting...
2024-07-02 20:29:10.647 [info] [resolveAuthority(codespaces,2)][36033ms] waiting...
2024-07-02 20:29:11.648 [info] [resolveAuthority(codespaces,2)][37034ms] waiting...
2024-07-02 20:29:12.649 [info] [resolveAuthority(codespaces,2)][38035ms] waiting...
2024-07-02 20:29:13.650 [info] [resolveAuthority(codespaces,2)][39036ms] waiting...
2024-07-02 20:29:14.651 [info] [resolveAuthority(codespaces,2)][40037ms] waiting...
2024-07-02 20:29:15.652 [info] [resolveAuthority(codespaces,2)][41038ms] waiting...
2024-07-02 20:29:16.654 [info] [resolveAuthority(codespaces,2)][42040ms] waiting...
2024-07-02 20:29:17.655 [info] [resolveAuthority(codespaces,2)][43041ms] waiting...
2024-07-02 20:29:18.656 [info] [resolveAuthority(codespaces,2)][44042ms] waiting...
2024-07-02 20:29:19.657 [info] [resolveAuthority(codespaces,2)][45043ms] waiting...
2024-07-02 20:29:20.659 [info] [resolveAuthority(codespaces,2)][46045ms] waiting...
2024-07-02 20:29:21.660 [info] [resolveAuthority(codespaces,2)][47046ms] waiting...
2024-07-02 20:29:22.661 [info] [resolveAuthority(codespaces,2)][48047ms] waiting...
2024-07-02 20:29:23.663 [info] [resolveAuthority(codespaces,2)][49049ms] waiting...
2024-07-02 20:29:24.664 [info] [resolveAuthority(codespaces,2)][50050ms] waiting...
2024-07-02 20:29:25.665 [info] [resolveAuthority(codespaces,2)][51051ms] waiting...
2024-07-02 20:29:26.666 [info] [resolveAuthority(codespaces,2)][52052ms] waiting...
2024-07-02 20:29:27.667 [info] [resolveAuthority(codespaces,2)][53053ms] waiting...
2024-07-02 20:29:28.669 [info] [resolveAuthority(codespaces,2)][54055ms] waiting...
2024-07-02 20:29:29.670 [info] [resolveAuthority(codespaces,2)][55056ms] waiting...
2024-07-02 20:29:30.671 [info] [resolveAuthority(codespaces,2)][56057ms] waiting...
2024-07-02 20:29:31.671 [info] [resolveAuthority(codespaces,2)][57057ms] waiting...
2024-07-02 20:29:32.672 [info] [resolveAuthority(codespaces,2)][58058ms] waiting...
2024-07-02 20:29:33.674 [info] [resolveAuthority(codespaces,2)][59060ms] waiting...
2024-07-02 20:29:34.675 [info] [resolveAuthority(codespaces,2)][60061ms] waiting...
2024-07-02 20:29:35.677 [info] [resolveAuthority(codespaces,2)][61062ms] waiting...
2024-07-02 20:29:36.677 [info] [resolveAuthority(codespaces,2)][62063ms] waiting...
2024-07-02 20:29:37.678 [info] [resolveAuthority(codespaces,2)][63064ms] waiting...
2024-07-02 20:29:38.679 [info] [resolveAuthority(codespaces,2)][64065ms] waiting...
2024-07-02 20:29:39.680 [info] [resolveAuthority(codespaces,2)][65066ms] waiting...
2024-07-02 20:29:40.681 [info] [resolveAuthority(codespaces,2)][66067ms] waiting...
2024-07-02 20:29:41.682 [info] [resolveAuthority(codespaces,2)][67068ms] waiting...
2024-07-02 20:29:42.683 [info] [resolveAuthority(codespaces,2)][68069ms] waiting...
2024-07-02 20:29:43.684 [info] [resolveAuthority(codespaces,2)][69070ms] waiting...
2024-07-02 20:29:44.685 [info] [resolveAuthority(codespaces,2)][70071ms] waiting...
2024-07-02 20:29:45.686 [info] [resolveAuthority(codespaces,2)][71072ms] waiting...
2024-07-02 20:29:46.687 [info] [resolveAuthority(codespaces,2)][72073ms] waiting...
2024-07-02 20:29:47.688 [info] [resolveAuthority(codespaces,2)][73074ms] waiting...
2024-07-02 20:29:48.689 [info] [resolveAuthority(codespaces,2)][74075ms] waiting...
2024-07-02 20:29:49.690 [info] [resolveAuthority(codespaces,2)][75076ms] waiting...
2024-07-02 20:29:50.691 [info] [resolveAuthority(codespaces,2)][76077ms] waiting...
2024-07-02 20:29:51.692 [info] [resolveAuthority(codespaces,2)][77078ms] waiting...
2024-07-02 20:29:52.693 [info] [resolveAuthority(codespaces,2)][78079ms] waiting...
2024-07-02 20:29:53.695 [info] [resolveAuthority(codespaces,2)][79081ms] waiting...
2024-07-02 20:29:54.696 [info] [resolveAuthority(codespaces,2)][80082ms] waiting...
2024-07-02 20:29:55.697 [info] [resolveAuthority(codespaces,2)][81083ms] waiting...
2024-07-02 20:29:56.698 [info] [resolveAuthority(codespaces,2)][82084ms] waiting...
2024-07-02 20:29:57.699 [info] [resolveAuthority(codespaces,2)][83085ms] waiting...
2024-07-02 20:29:58.700 [info] [resolveAuthority(codespaces,2)][84086ms] waiting...
2024-07-02 20:29:59.701 [info] [resolveAuthority(codespaces,2)][85087ms] waiting...
2024-07-02 20:30:00.702 [info] [resolveAuthority(codespaces,2)][86088ms] waiting...
2024-07-02 20:30:01.703 [info] [resolveAuthority(codespaces,2)][87089ms] waiting...
2024-07-02 20:30:02.704 [info] [resolveAuthority(codespaces,2)][88090ms] waiting...
2024-07-02 20:30:03.705 [info] [resolveAuthority(codespaces,2)][89091ms] waiting...
2024-07-02 20:30:04.706 [info] [resolveAuthority(codespaces,2)][90092ms] waiting...
2024-07-02 20:30:05.707 [info] [resolveAuthority(codespaces,2)][91093ms] waiting...
2024-07-02 20:30:06.708 [info] [resolveAuthority(codespaces,2)][92094ms] waiting...
2024-07-02 20:30:07.709 [info] [resolveAuthority(codespaces,2)][93095ms] waiting...
2024-07-02 20:30:08.710 [info] [resolveAuthority(codespaces,2)][94096ms] waiting...
2024-07-02 20:30:09.711 [info] [resolveAuthority(codespaces,2)][95097ms] waiting...
2024-07-02 20:30:10.712 [info] [resolveAuthority(codespaces,2)][96098ms] waiting...
2024-07-02 20:30:11.713 [info] [resolveAuthority(codespaces,2)][97099ms] waiting...
2024-07-02 20:30:12.714 [info] [resolveAuthority(codespaces,2)][98100ms] waiting...
2024-07-02 20:30:13.715 [info] [resolveAuthority(codespaces,2)][99101ms] waiting...
2024-07-02 20:30:14.717 [info] [resolveAuthority(codespaces,2)][100103ms] waiting...
2024-07-02 20:30:15.718 [info] [resolveAuthority(codespaces,2)][101104ms] waiting...
2024-07-02 20:30:16.719 [info] [resolveAuthority(codespaces,2)][102105ms] waiting...
2024-07-02 20:30:17.720 [info] [resolveAuthority(codespaces,2)][103106ms] waiting...
2024-07-02 20:30:18.721 [info] [resolveAuthority(codespaces,2)][104107ms] waiting...
2024-07-02 20:30:19.722 [info] [resolveAuthority(codespaces,2)][105108ms] waiting...
2024-07-02 20:30:20.723 [info] [resolveAuthority(codespaces,2)][106109ms] waiting...
2024-07-02 20:30:21.724 [info] [resolveAuthority(codespaces,2)][107110ms] waiting...
2024-07-02 20:30:22.725 [info] [resolveAuthority(codespaces,2)][108111ms] waiting...
2024-07-02 20:30:23.726 [info] [resolveAuthority(codespaces,2)][109112ms] waiting...
2024-07-02 20:30:24.727 [info] [resolveAuthority(codespaces,2)][110113ms] waiting...
2024-07-02 20:30:25.728 [info] [resolveAuthority(codespaces,2)][111114ms] waiting...
2024-07-02 20:30:26.729 [info] [resolveAuthority(codespaces,2)][112115ms] waiting...
2024-07-02 20:30:27.730 [info] [resolveAuthority(codespaces,2)][113116ms] waiting...
2024-07-02 20:30:28.731 [info] [resolveAuthority(codespaces,2)][114117ms] waiting...
2024-07-02 20:30:29.732 [info] [resolveAuthority(codespaces,2)][115118ms] waiting...
2024-07-02 20:30:30.733 [info] [resolveAuthority(codespaces,2)][116119ms] waiting...
2024-07-02 20:30:31.734 [info] [resolveAuthority(codespaces,2)][117120ms] waiting...
2024-07-02 20:30:32.735 [info] [resolveAuthority(codespaces,2)][118121ms] waiting...
2024-07-02 20:30:33.736 [info] [resolveAuthority(codespaces,2)][119122ms] waiting...
2024-07-02 20:30:34.737 [info] [resolveAuthority(codespaces,2)][120123ms] waiting...
2024-07-02 20:30:35.738 [info] [resolveAuthority(codespaces,2)][121124ms] waiting...
2024-07-02 20:30:36.739 [info] [resolveAuthority(codespaces,2)][122125ms] waiting...
2024-07-02 20:30:37.740 [info] [resolveAuthority(codespaces,2)][123126ms] waiting...
2024-07-02 20:30:38.741 [info] [resolveAuthority(codespaces,2)][124127ms] waiting...
2024-07-02 20:30:39.742 [info] [resolveAuthority(codespaces,2)][125128ms] waiting...
2024-07-02 20:30:40.743 [info] [resolveAuthority(codespaces,2)][126129ms] waiting...
2024-07-02 20:30:41.744 [info] [resolveAuthority(codespaces,2)][127130ms] waiting...
2024-07-02 20:30:42.745 [info] [resolveAuthority(codespaces,2)][128131ms] waiting...
2024-07-02 20:30:43.746 [info] [resolveAuthority(codespaces,2)][129132ms] waiting...
2024-07-02 20:30:44.747 [info] [resolveAuthority(codespaces,2)][130133ms] waiting...
2024-07-02 20:30:45.748 [info] [resolveAuthority(codespaces,2)][131134ms] waiting...
2024-07-02 20:30:46.749 [info] [resolveAuthority(codespaces,2)][132135ms] waiting...
2024-07-02 20:30:47.750 [info] [resolveAuthority(codespaces,2)][133136ms] waiting...
2024-07-02 20:30:48.751 [info] [resolveAuthority(codespaces,2)][134137ms] waiting...
2024-07-02 20:30:49.752 [info] [resolveAuthority(codespaces,2)][135138ms] waiting...
2024-07-02 20:30:50.753 [info] [resolveAuthority(codespaces,2)][136139ms] waiting...
2024-07-02 20:30:51.754 [info] [resolveAuthority(codespaces,2)][137140ms] waiting...
2024-07-02 20:30:52.755 [info] [resolveAuthority(codespaces,2)][138141ms] waiting...
2024-07-02 20:30:53.756 [info] [resolveAuthority(codespaces,2)][139142ms] waiting...
2024-07-02 20:30:54.757 [info] [resolveAuthority(codespaces,2)][140143ms] waiting...
2024-07-02 20:30:55.758 [info] [resolveAuthority(codespaces,2)][141144ms] waiting...
2024-07-02 20:30:56.759 [info] [resolveAuthority(codespaces,2)][142145ms] waiting...
2024-07-02 20:30:57.760 [info] [resolveAuthority(codespaces,2)][143146ms] waiting...
2024-07-02 20:30:58.760 [info] [resolveAuthority(codespaces,2)][144146ms] waiting...
2024-07-02 20:30:59.761 [info] [resolveAuthority(codespaces,2)][145147ms] waiting...
2024-07-02 20:31:00.762 [info] [resolveAuthority(codespaces,2)][146148ms] waiting...
2024-07-02 20:31:01.763 [info] [resolveAuthority(codespaces,2)][147149ms] waiting...
2024-07-02 20:31:02.764 [info] [resolveAuthority(codespaces,2)][148150ms] waiting...
2024-07-02 20:31:03.765 [info] [resolveAuthority(codespaces,2)][149151ms] waiting...
2024-07-02 20:31:04.766 [info] [resolveAuthority(codespaces,2)][150152ms] waiting...
2024-07-02 20:31:05.767 [info] [resolveAuthority(codespaces,2)][151153ms] waiting...
2024-07-02 20:31:06.769 [info] [resolveAuthority(codespaces,2)][152155ms] waiting...
2024-07-02 20:31:07.770 [info] [resolveAuthority(codespaces,2)][153156ms] waiting...
2024-07-02 20:31:08.771 [info] [resolveAuthority(codespaces,2)][154157ms] waiting...
2024-07-02 20:31:09.772 [info] [resolveAuthority(codespaces,2)][155158ms] waiting...
2024-07-02 20:31:10.773 [info] [resolveAuthority(codespaces,2)][156159ms] waiting...
2024-07-02 20:31:11.774 [info] [resolveAuthority(codespaces,2)][157160ms] waiting...
2024-07-02 20:31:12.775 [info] [resolveAuthority(codespaces,2)][158161ms] waiting...
2024-07-02 20:31:13.776 [info] [resolveAuthority(codespaces,2)][159162ms] waiting...
2024-07-02 20:31:14.777 [info] [resolveAuthority(codespaces,2)][160163ms] waiting...
2024-07-02 20:31:15.778 [info] [resolveAuthority(codespaces,2)][161164ms] waiting...
2024-07-02 20:31:16.779 [info] [resolveAuthority(codespaces,2)][162165ms] waiting...
2024-07-02 20:31:17.780 [info] [resolveAuthority(codespaces,2)][163166ms] waiting...
2024-07-02 20:31:18.781 [info] [resolveAuthority(codespaces,2)][164167ms] waiting...
2024-07-02 20:31:19.782 [info] [resolveAuthority(codespaces,2)][165168ms] waiting...
2024-07-02 20:31:20.783 [info] [resolveAuthority(codespaces,2)][166169ms] waiting...
2024-07-02 20:31:21.784 [info] [resolveAuthority(codespaces,2)][167170ms] waiting...
2024-07-02 20:31:22.785 [info] [resolveAuthority(codespaces,2)][168171ms] waiting...
2024-07-02 20:31:23.786 [info] [resolveAuthority(codespaces,2)][169172ms] waiting...
2024-07-02 20:31:24.787 [info] [resolveAuthority(codespaces,2)][170173ms] waiting...
2024-07-02 20:31:25.788 [info] [resolveAuthority(codespaces,2)][171174ms] waiting...
2024-07-02 20:31:26.789 [info] [resolveAuthority(codespaces,2)][172175ms] waiting...
2024-07-02 20:31:27.790 [info] [resolveAuthority(codespaces,2)][173176ms] waiting...
2024-07-02 20:31:28.792 [info] [resolveAuthority(codespaces,2)][174177ms] waiting...
2024-07-02 20:31:29.792 [info] [resolveAuthority(codespaces,2)][175178ms] waiting...
2024-07-02 20:31:30.793 [info] [resolveAuthority(codespaces,2)][176179ms] waiting...
2024-07-02 20:31:31.794 [info] [resolveAuthority(codespaces,2)][177180ms] waiting...
2024-07-02 20:31:32.795 [info] [resolveAuthority(codespaces,2)][178181ms] waiting...
2024-07-02 20:31:33.796 [info] [resolveAuthority(codespaces,2)][179182ms] waiting...
2024-07-02 20:31:34.797 [info] [resolveAuthority(codespaces,2)][180183ms] waiting...
2024-07-02 20:31:35.799 [info] [resolveAuthority(codespaces,2)][181185ms] waiting...
2024-07-02 20:31:36.800 [info] [resolveAuthority(codespaces,2)][182186ms] waiting...
2024-07-02 20:31:37.802 [info] [resolveAuthority(codespaces,2)][183187ms] waiting...
2024-07-02 20:31:38.803 [info] [resolveAuthority(codespaces,2)][184189ms] waiting...
2024-07-02 20:31:39.804 [info] [resolveAuthority(codespaces,2)][185190ms] waiting...
2024-07-02 20:31:40.805 [info] [resolveAuthority(codespaces,2)][186191ms] waiting...
2024-07-02 20:31:41.806 [info] [resolveAuthority(codespaces,2)][187192ms] waiting...
2024-07-02 20:31:42.808 [info] [resolveAuthority(codespaces,2)][188194ms] waiting...
2024-07-02 20:31:43.809 [info] [resolveAuthority(codespaces,2)][189195ms] waiting...
2024-07-02 20:31:44.810 [info] [resolveAuthority(codespaces,2)][190196ms] waiting...
2024-07-02 20:31:45.811 [info] [resolveAuthority(codespaces,2)][191197ms] waiting...
2024-07-02 20:31:46.812 [info] [resolveAuthority(codespaces,2)][192198ms] waiting...
2024-07-02 20:31:47.813 [info] [resolveAuthority(codespaces,2)][193199ms] waiting...
2024-07-02 20:31:48.814 [info] [resolveAuthority(codespaces,2)][194200ms] waiting...
2024-07-02 20:31:49.815 [info] [resolveAuthority(codespaces,2)][195201ms] waiting...
2024-07-02 20:31:50.816 [info] [resolveAuthority(codespaces,2)][196202ms] waiting...
2024-07-02 20:31:51.817 [info] [resolveAuthority(codespaces,2)][197203ms] waiting...
2024-07-02 20:31:52.819 [info] [resolveAuthority(codespaces,2)][198205ms] waiting...
2024-07-02 20:31:53.819 [info] [resolveAuthority(codespaces,2)][199205ms] waiting...
2024-07-02 20:31:54.820 [info] [resolveAuthority(codespaces,2)][200206ms] waiting...
2024-07-02 20:31:55.821 [info] [resolveAuthority(codespaces,2)][201207ms] waiting...
2024-07-02 20:31:56.822 [info] [resolveAuthority(codespaces,2)][202208ms] waiting...
2024-07-02 20:31:57.823 [info] [resolveAuthority(codespaces,2)][203209ms] waiting...
2024-07-02 20:31:58.824 [info] [resolveAuthority(codespaces,2)][204210ms] waiting...
2024-07-02 20:31:59.825 [info] [resolveAuthority(codespaces,2)][205211ms] waiting...
2024-07-02 20:32:00.826 [info] [resolveAuthority(codespaces,2)][206212ms] waiting...
2024-07-02 20:32:01.827 [info] [resolveAuthority(codespaces,2)][207213ms] waiting...
2024-07-02 20:32:02.828 [info] [resolveAuthority(codespaces,2)][208214ms] waiting...
2024-07-02 20:32:03.829 [info] [resolveAuthority(codespaces,2)][209215ms] waiting...
2024-07-02 20:32:04.830 [info] [resolveAuthority(codespaces,2)][210216ms] waiting...
2024-07-02 20:32:05.831 [info] [resolveAuthority(codespaces,2)][211217ms] waiting...
2024-07-02 20:32:06.832 [info] [resolveAuthority(codespaces,2)][212218ms] waiting...
2024-07-02 20:32:07.833 [info] [resolveAuthority(codespaces,2)][213219ms] waiting...
2024-07-02 20:32:08.834 [info] [resolveAuthority(codespaces,2)][214220ms] waiting...
2024-07-02 20:32:09.835 [info] [resolveAuthority(codespaces,2)][215221ms] waiting...
2024-07-02 20:32:10.836 [info] [resolveAuthority(codespaces,2)][216222ms] waiting...
2024-07-02 20:32:11.837 [info] [resolveAuthority(codespaces,2)][217223ms] waiting...
2024-07-02 20:32:12.838 [info] [resolveAuthority(codespaces,2)][218224ms] waiting...
2024-07-02 20:32:13.840 [info] [resolveAuthority(codespaces,2)][219226ms] waiting...
2024-07-02 20:32:14.841 [info] [resolveAuthority(codespaces,2)][220227ms] waiting...
2024-07-02 20:32:15.842 [info] [resolveAuthority(codespaces,2)][221228ms] waiting...
2024-07-02 20:32:16.843 [info] [resolveAuthority(codespaces,2)][222229ms] waiting...
2024-07-02 20:32:17.844 [info] [resolveAuthority(codespaces,2)][223230ms] waiting...
2024-07-02 20:32:18.846 [info] [resolveAuthority(codespaces,2)][224232ms] waiting...
2024-07-02 20:32:19.847 [info] [resolveAuthority(codespaces,2)][225233ms] waiting...
2024-07-02 20:32:20.848 [info] [resolveAuthority(codespaces,2)][226234ms] waiting...
2024-07-02 20:32:21.849 [info] [resolveAuthority(codespaces,2)][227235ms] waiting...
2024-07-02 20:32:22.850 [info] [resolveAuthority(codespaces,2)][228236ms] waiting...
2024-07-02 20:32:23.851 [info] [resolveAuthority(codespaces,2)][229237ms] waiting...
2024-07-02 20:32:24.853 [info] [resolveAuthority(codespaces,2)][230238ms] waiting...
2024-07-02 20:32:25.854 [info] [resolveAuthority(codespaces,2)][231240ms] waiting...
2024-07-02 20:32:26.855 [info] [resolveAuthority(codespaces,2)][232241ms] waiting...
2024-07-02 20:32:27.856 [info] [resolveAuthority(codespaces,2)][233242ms] waiting...
2024-07-02 20:32:28.858 [info] [resolveAuthority(codespaces,2)][234244ms] waiting...
2024-07-02 20:32:29.859 [info] [resolveAuthority(codespaces,2)][235245ms] waiting...
2024-07-02 20:32:30.860 [info] [resolveAuthority(codespaces,2)][236246ms] waiting...
2024-07-02 20:32:31.861 [info] [resolveAuthority(codespaces,2)][237247ms] waiting...
2024-07-02 20:32:32.862 [info] [resolveAuthority(codespaces,2)][238248ms] waiting...
2024-07-02 20:32:33.864 [info] [resolveAuthority(codespaces,2)][239250ms] waiting...
2024-07-02 20:32:34.865 [info] [resolveAuthority(codespaces,2)][240251ms] waiting...
2024-07-02 20:32:35.866 [info] [resolveAuthority(codespaces,2)][241252ms] waiting...
2024-07-02 20:32:36.868 [info] [resolveAuthority(codespaces,2)][242254ms] waiting...
2024-07-02 20:32:37.868 [info] [resolveAuthority(codespaces,2)][243254ms] waiting...
2024-07-02 20:32:38.869 [info] [resolveAuthority(codespaces,2)][244255ms] waiting...
2024-07-02 20:32:39.870 [info] [resolveAuthority(codespaces,2)][245256ms] waiting...
2024-07-02 20:32:40.871 [info] [resolveAuthority(codespaces,2)][246257ms] waiting...
2024-07-02 20:32:41.872 [info] [resolveAuthority(codespaces,2)][247258ms] waiting...
2024-07-02 20:32:42.873 [info] [resolveAuthority(codespaces,2)][248259ms] waiting...
2024-07-02 20:32:43.874 [info] [resolveAuthority(codespaces,2)][249260ms] waiting...
2024-07-02 20:32:44.875 [info] [resolveAuthority(codespaces,2)][250261ms] waiting...
2024-07-02 20:32:45.876 [info] [resolveAuthority(codespaces,2)][251262ms] waiting...
2024-07-02 20:32:46.877 [info] [resolveAuthority(codespaces,2)][252263ms] waiting...
2024-07-02 20:32:47.879 [info] [resolveAuthority(codespaces,2)][253265ms] waiting...
2024-07-02 20:32:48.880 [info] [resolveAuthority(codespaces,2)][254266ms] waiting...
2024-07-02 20:32:49.881 [info] [resolveAuthority(codespaces,2)][255267ms] waiting...
2024-07-02 20:32:50.882 [info] [resolveAuthority(codespaces,2)][256268ms] waiting...
2024-07-02 20:32:51.883 [info] [resolveAuthority(codespaces,2)][257269ms] waiting...
2024-07-02 20:32:52.885 [info] [resolveAuthority(codespaces,2)][258271ms] waiting...
2024-07-02 20:32:53.886 [info] [resolveAuthority(codespaces,2)][259272ms] waiting...
2024-07-02 20:32:54.888 [info] [resolveAuthority(codespaces,2)][260274ms] waiting...
2024-07-02 20:32:55.889 [info] [resolveAuthority(codespaces,2)][261275ms] waiting...
2024-07-02 20:32:56.890 [info] [resolveAuthority(codespaces,2)][262276ms] waiting...
2024-07-02 20:32:57.892 [info] [resolveAuthority(codespaces,2)][263277ms] waiting...
2024-07-02 20:32:58.893 [info] [resolveAuthority(codespaces,2)][264279ms] waiting...
2024-07-02 20:32:59.895 [info] [resolveAuthority(codespaces,2)][265281ms] waiting...
2024-07-02 20:33:00.896 [info] [resolveAuthority(codespaces,2)][266282ms] waiting...
2024-07-02 20:33:01.897 [info] [resolveAuthority(codespaces,2)][267283ms] waiting...
2024-07-02 20:33:02.898 [info] [resolveAuthority(codespaces,2)][268284ms] waiting...
2024-07-02 20:33:03.899 [info] [resolveAuthority(codespaces,2)][269285ms] waiting...
2024-07-02 20:33:04.900 [info] [resolveAuthority(codespaces,2)][270286ms] waiting...
2024-07-02 20:33:05.901 [info] [resolveAuthority(codespaces,2)][271287ms] waiting...
2024-07-02 20:33:06.902 [info] [resolveAuthority(codespaces,2)][272288ms] waiting...
2024-07-02 20:33:07.903 [info] [resolveAuthority(codespaces,2)][273289ms] waiting...
2024-07-02 20:33:08.904 [info] [resolveAuthority(codespaces,2)][274290ms] waiting...
2024-07-02 20:33:09.905 [info] [resolveAuthority(codespaces,2)][275291ms] waiting...
2024-07-02 20:33:10.906 [info] [resolveAuthority(codespaces,2)][276292ms] waiting...
2024-07-02 20:33:11.907 [info] [resolveAuthority(codespaces,2)][277293ms] waiting...
2024-07-02 20:33:12.908 [info] [resolveAuthority(codespaces,2)][278294ms] waiting...
2024-07-02 20:33:13.909 [info] [resolveAuthority(codespaces,2)][279295ms] waiting...
2024-07-02 20:33:14.910 [info] [resolveAuthority(codespaces,2)][280296ms] waiting...
2024-07-02 20:33:15.911 [info] [resolveAuthority(codespaces,2)][281297ms] waiting...
2024-07-02 20:33:16.912 [info] [resolveAuthority(codespaces,2)][282298ms] waiting...
2024-07-02 20:33:17.913 [info] [resolveAuthority(codespaces,2)][283299ms] waiting...
2024-07-02 20:33:18.914 [info] [resolveAuthority(codespaces,2)][284300ms] waiting...
2024-07-02 20:33:19.915 [info] [resolveAuthority(codespaces,2)][285301ms] waiting...
2024-07-02 20:33:20.916 [info] [resolveAuthority(codespaces,2)][286302ms] waiting...
2024-07-02 20:33:21.918 [info] [resolveAuthority(codespaces,2)][287304ms] waiting...
2024-07-02 20:33:22.919 [info] [resolveAuthority(codespaces,2)][288305ms] waiting...
2024-07-02 20:33:23.920 [info] [resolveAuthority(codespaces,2)][289306ms] waiting...
2024-07-02 20:33:24.921 [info] [resolveAuthority(codespaces,2)][290307ms] waiting...
2024-07-02 20:33:25.922 [info] [resolveAuthority(codespaces,2)][291308ms] waiting...
2024-07-02 20:33:26.923 [info] [resolveAuthority(codespaces,2)][292309ms] waiting...
2024-07-02 20:33:27.924 [info] [resolveAuthority(codespaces,2)][293310ms] waiting...
2024-07-02 20:33:28.925 [info] [resolveAuthority(codespaces,2)][294311ms] waiting...
2024-07-02 20:33:29.926 [info] [resolveAuthority(codespaces,2)][295312ms] waiting...
2024-07-02 20:33:30.927 [info] [resolveAuthority(codespaces,2)][296313ms] waiting...
2024-07-02 20:33:31.928 [info] [resolveAuthority(codespaces,2)][297314ms] waiting...
2024-07-02 20:33:32.929 [info] [resolveAuthority(codespaces,2)][298315ms] waiting...
2024-07-02 20:33:33.930 [info] [resolveAuthority(codespaces,2)][299316ms] waiting...
2024-07-02 20:33:34.931 [info] [resolveAuthority(codespaces,2)][300317ms] waiting...
2024-07-02 20:33:35.932 [info] [resolveAuthority(codespaces,2)][301318ms] waiting...
2024-07-02 20:33:36.933 [info] [resolveAuthority(codespaces,2)][302319ms] waiting...
2024-07-02 20:33:37.934 [info] [resolveAuthority(codespaces,2)][303320ms] waiting...
2024-07-02 20:33:38.935 [info] [resolveAuthority(codespaces,2)][304321ms] waiting...
2024-07-02 20:33:39.936 [info] [resolveAuthority(codespaces,2)][305322ms] waiting...
2024-07-02 20:33:40.937 [info] [resolveAuthority(codespaces,2)][306323ms] waiting...
2024-07-02 20:33:41.938 [info] [resolveAuthority(codespaces,2)][307324ms] waiting...
2024-07-02 20:33:42.939 [info] [resolveAuthority(codespaces,2)][308325ms] waiting...
2024-07-02 20:33:43.940 [info] [resolveAuthority(codespaces,2)][309326ms] waiting...
2024-07-02 20:33:44.941 [info] [resolveAuthority(codespaces,2)][310327ms] waiting...
2024-07-02 20:33:45.942 [info] [resolveAuthority(codespaces,2)][311328ms] waiting...
2024-07-02 20:33:46.943 [info] [resolveAuthority(codespaces,2)][312329ms] waiting...
2024-07-02 20:33:47.944 [info] [resolveAuthority(codespaces,2)][313330ms] waiting...
2024-07-02 20:33:48.945 [info] [resolveAuthority(codespaces,2)][314331ms] waiting...
2024-07-02 20:33:49.946 [info] [resolveAuthority(codespaces,2)][315332ms] waiting...
2024-07-02 20:33:50.947 [info] [resolveAuthority(codespaces,2)][316333ms] waiting...
2024-07-02 20:33:51.948 [info] [resolveAuthority(codespaces,2)][317334ms] waiting...
2024-07-02 20:33:52.949 [info] [resolveAuthority(codespaces,2)][318335ms] waiting...
2024-07-02 20:33:53.950 [info] [resolveAuthority(codespaces,2)][319336ms] waiting...
2024-07-02 20:33:54.951 [info] [resolveAuthority(codespaces,2)][320337ms] waiting...
2024-07-02 20:33:55.952 [info] [resolveAuthority(codespaces,2)][321338ms] waiting...
2024-07-02 20:33:56.953 [info] [resolveAuthority(codespaces,2)][322339ms] waiting...
2024-07-02 20:33:57.954 [info] [resolveAuthority(codespaces,2)][323340ms] waiting...
2024-07-02 20:33:58.955 [info] [resolveAuthority(codespaces,2)][324341ms] waiting...
2024-07-02 20:33:59.956 [info] [resolveAuthority(codespaces,2)][325342ms] waiting...
2024-07-02 20:34:00.957 [info] [resolveAuthority(codespaces,2)][326343ms] waiting...
2024-07-02 20:34:01.958 [info] [resolveAuthority(codespaces,2)][327344ms] waiting...
2024-07-02 20:34:02.959 [info] [resolveAuthority(codespaces,2)][328345ms] waiting...
2024-07-02 20:34:03.960 [info] [resolveAuthority(codespaces,2)][329346ms] waiting...
2024-07-02 20:34:04.961 [info] [resolveAuthority(codespaces,2)][330347ms] waiting...
2024-07-02 20:34:05.962 [info] [resolveAuthority(codespaces,2)][331348ms] waiting...
2024-07-02 20:34:06.963 [info] [resolveAuthority(codespaces,2)][332349ms] waiting...
2024-07-02 20:34:07.964 [info] [resolveAuthority(codespaces,2)][333350ms] waiting...
2024-07-02 20:34:08.965 [info] [resolveAuthority(codespaces,2)][334351ms] waiting...
2024-07-02 20:34:09.966 [info] [resolveAuthority(codespaces,2)][335352ms] waiting...
2024-07-02 20:34:10.967 [info] [resolveAuthority(codespaces,2)][336353ms] waiting...
2024-07-02 20:34:11.968 [info] [resolveAuthority(codespaces,2)][337354ms] waiting...
2024-07-02 20:34:12.969 [info] [resolveAuthority(codespaces,2)][338355ms] waiting...
2024-07-02 20:34:13.970 [info] [resolveAuthority(codespaces,2)][339356ms] waiting...
2024-07-02 20:34:14.971 [info] [resolveAuthority(codespaces,2)][340357ms] waiting...
2024-07-02 20:34:15.193 [info] Extension host terminating: renderer closed the MessagePort
2024-07-02 20:34:15.208 [info] Extension host with pid 13753 exiting with code 0
2024-07-02 20:34:16.245 [info] Extension host with pid 20311 started
2024-07-02 20:34:16.245 [info] Skipping acquiring lock for /home/j/.config/Code/User/workspaceStorage/7d97b56d92fdf06611f3fc8f868ad160.
2024-07-02 20:34:16.246 [info] $getCanonicalURI invoked for authority (codespaces)
2024-07-02 20:34:16.247 [info] ExtensionService#_doActivateExtension GitHub.codespaces, startup: false, activationEvent: 'onResolveRemoteAuthority:codespaces'
2024-07-02 20:34:16.351 [info] ExtensionService#_doActivateExtension vscode.github-authentication, startup: false, activationEvent: 'api', root cause: GitHub.codespaces
2024-07-02 20:34:17.717 [info] [resolveAuthority(codespaces,1)][0ms] activating remote resolvers codespaces+fantastic-space-waffle-v76qxwprrwgc4gw
2024-07-02 20:34:17.717 [info] [resolveAuthority(codespaces,1)][0ms] activating resolver for codespaces+fantastic-space-waffle-v76qxwprrwgc4gw...
2024-07-02 20:34:17.717 [info] [resolveAuthority(codespaces,1)][0ms] invoking final resolve()...
2024-07-02 20:34:18.717 [info] [resolveAuthority(codespaces,1)][1000ms] waiting...
2024-07-02 20:34:19.721 [info] [resolveAuthority(codespaces,1)][2004ms] waiting...
2024-07-02 20:34:20.721 [info] [resolveAuthority(codespaces,1)][3004ms] waiting...
2024-07-02 20:34:21.722 [info] [resolveAuthority(codespaces,1)][4005ms] waiting...
2024-07-02 20:34:22.722 [info] [resolveAuthority(codespaces,1)][5005ms] waiting...
2024-07-02 20:34:23.722 [info] [resolveAuthority(codespaces,1)][6005ms] waiting...
2024-07-02 20:34:24.722 [info] [resolveAuthority(codespaces,1)][7005ms] waiting...
2024-07-02 20:34:25.722 [info] [resolveAuthority(codespaces,1)][8005ms] waiting...
2024-07-02 20:34:26.722 [info] [resolveAuthority(codespaces,1)][9005ms] waiting...
2024-07-02 20:34:27.722 [info] [resolveAuthority(codespaces,1)][10005ms] waiting...
2024-07-02 20:34:28.722 [info] [resolveAuthority(codespaces,1)][11005ms] waiting...
2024-07-02 20:34:29.722 [info] [resolveAuthority(codespaces,1)][12005ms] waiting...
2024-07-02 20:34:30.722 [info] [resolveAuthority(codespaces,1)][13005ms] waiting...
2024-07-02 20:34:31.722 [info] [resolveAuthority(codespaces,1)][14005ms] waiting...
2024-07-02 20:34:32.722 [info] [resolveAuthority(codespaces,1)][15005ms] waiting...
2024-07-02 20:34:33.722 [info] [resolveAuthority(codespaces,1)][16005ms] waiting...
2024-07-02 20:34:34.723 [info] [resolveAuthority(codespaces,1)][17006ms] waiting...
2024-07-02 20:34:35.723 [info] [resolveAuthority(codespaces,1)][18006ms] waiting...
2024-07-02 20:34:36.723 [info] [resolveAuthority(codespaces,1)][19006ms] waiting...
2024-07-02 20:34:37.723 [info] [resolveAuthority(codespaces,1)][20006ms] waiting...
2024-07-02 20:34:38.723 [info] [resolveAuthority(codespaces,1)][21006ms] waiting...
2024-07-02 20:34:39.724 [info] [resolveAuthority(codespaces,1)][22007ms] waiting...
2024-07-02 20:34:40.724 [info] [resolveAuthority(codespaces,1)][23007ms] waiting...
2024-07-02 20:34:41.515 [info] [resolveAuthority(codespaces,1)][23798ms] setting tunnel factory...
2024-07-02 20:34:41.515 [info] [resolveAuthority(codespaces,1)][23798ms] returned 127.0.0.1:38917
2024-07-02 20:34:44.728 [info] Eager extensions activated
2024-07-02 20:34:44.842 [info] ExtensionService#_doActivateExtension sainnhe.gruvbox-material, startup: false, activationEvent: 'onStartupFinished'
2024-07-02 20:34:44.852 [info] ExtensionService#_doActivateExtension vscodevim.vim, startup: false, activationEvent: 'onStartupFinished'
