2024-06-28 11:21:16.521 [info] Reading sessions from keychain...
2024-06-28 11:21:16.521 [info] Getting sessions for all scopes...
2024-06-28 11:21:16.521 [info] Got stored sessions!
2024-06-28 11:21:16.521 [info] Got 1 verified sessions.
2024-06-28 11:21:16.521 [info] Got 1 sessions for ...
2024-06-28 11:21:16.521 [info] Getting sessions for codespace,read:user,repo,user:email...
2024-06-28 11:21:16.521 [info] Got 1 sessions for codespace,read:user,repo,user:email...
2024-06-28 11:21:18.087 [info] Getting sessions for all scopes...
2024-06-28 11:21:18.087 [info] Got 1 sessions for ...
2024-06-28 11:21:58.362 [info] Getting sessions for read:user,repo,user:email,workflow...
2024-06-28 11:21:58.362 [info] Got 0 sessions for read:user,repo,user:email,workflow...
2024-06-28 11:21:59.810 [info] Getting sessions for project,read:org,read:user,repo,user:email,workflow...
2024-06-28 11:21:59.810 [info] Got 0 sessions for project,read:org,read:user,repo,user:email,workflow...
2024-06-28 11:21:59.893 [info] Getting sessions for read:user,repo,user:email,workflow...
2024-06-28 11:21:59.893 [info] Got 0 sessions for read:user,repo,user:email,workflow...
2024-06-28 11:21:59.983 [info] Getting sessions for read:user,repo,user:email...
2024-06-28 11:21:59.983 [info] Got 0 sessions for read:user,repo,user:email...
2024-06-28 11:22:00.076 [info] Getting sessions for read:user,repo,user:email,workflow...
2024-06-28 11:22:00.076 [info] Got 0 sessions for read:user,repo,user:email,workflow...
2024-06-28 11:22:02.129 [info] Getting sessions for read:user,repo,user:email,workflow...
2024-06-28 11:22:02.129 [info] Got 0 sessions for read:user,repo,user:email,workflow...
2024-06-28 11:24:50.194 [info] Reading sessions from keychain...
2024-06-28 11:24:50.194 [info] Getting sessions for all scopes...
2024-06-28 11:24:50.194 [info] Got stored sessions!
2024-06-28 11:24:50.194 [info] Got 1 verified sessions.
2024-06-28 11:24:50.194 [info] Got 1 sessions for ...
2024-06-28 11:24:50.194 [info] Getting sessions for codespace,read:user,repo,user:email...
2024-06-28 11:24:50.194 [info] Got 1 sessions for codespace,read:user,repo,user:email...
2024-06-28 11:24:51.874 [info] Getting sessions for all scopes...
2024-06-28 11:24:51.874 [info] Got 1 sessions for ...
2024-06-28 11:25:03.651 [info] Getting sessions for read:user,repo,user:email,workflow...
2024-06-28 11:25:03.651 [info] Got 0 sessions for read:user,repo,user:email,workflow...
2024-06-28 11:25:04.336 [info] Getting sessions for project,read:org,read:user,repo,user:email,workflow...
2024-06-28 11:25:04.336 [info] Got 0 sessions for project,read:org,read:user,repo,user:email,workflow...
2024-06-28 11:25:04.448 [info] Getting sessions for read:user,repo,user:email,workflow...
2024-06-28 11:25:04.448 [info] Got 0 sessions for read:user,repo,user:email,workflow...
2024-06-28 11:25:04.553 [info] Getting sessions for read:user,repo,user:email...
2024-06-28 11:25:04.553 [info] Got 0 sessions for read:user,repo,user:email...
2024-06-28 11:25:04.710 [info] Getting sessions for read:user,repo,user:email,workflow...
2024-06-28 11:25:04.710 [info] Got 0 sessions for read:user,repo,user:email,workflow...
2024-06-28 11:25:05.786 [info] Getting sessions for read:user,repo,user:email,workflow...
2024-06-28 11:25:05.786 [info] Got 0 sessions for read:user,repo,user:email,workflow...
2024-06-28 12:42:09.487 [info] Reading sessions from keychain...
2024-06-28 12:42:09.487 [info] Getting sessions for all scopes...
2024-06-28 12:42:09.487 [info] Got stored sessions!
2024-06-28 12:42:09.487 [info] Got 1 verified sessions.
2024-06-28 12:42:09.487 [info] Got 1 sessions for ...
2024-06-28 12:42:09.487 [info] Getting sessions for codespace,read:user,repo,user:email...
2024-06-28 12:42:09.487 [info] Got 1 sessions for codespace,read:user,repo,user:email...
2024-06-28 12:42:11.142 [info] Getting sessions for all scopes...
2024-06-28 12:42:11.142 [info] Got 1 sessions for ...
2024-06-28 12:42:47.997 [info] Getting sessions for read:user,repo,user:email,workflow...
2024-06-28 12:42:47.997 [info] Got 0 sessions for read:user,repo,user:email,workflow...
2024-06-28 12:42:48.520 [info] Getting sessions for project,read:org,read:user,repo,user:email,workflow...
2024-06-28 12:42:48.520 [info] Got 0 sessions for project,read:org,read:user,repo,user:email,workflow...
2024-06-28 12:42:48.596 [info] Getting sessions for read:user,repo,user:email,workflow...
2024-06-28 12:42:48.596 [info] Got 0 sessions for read:user,repo,user:email,workflow...
2024-06-28 12:42:48.672 [info] Getting sessions for read:user,repo,user:email...
2024-06-28 12:42:48.672 [info] Got 0 sessions for read:user,repo,user:email...
2024-06-28 12:42:48.752 [info] Getting sessions for read:user,repo,user:email,workflow...
2024-06-28 12:42:48.752 [info] Got 0 sessions for read:user,repo,user:email,workflow...
2024-06-28 12:42:50.016 [info] Getting sessions for read:user,repo,user:email,workflow...
2024-06-28 12:42:50.016 [info] Got 0 sessions for read:user,repo,user:email,workflow...
2024-06-28 18:50:48.780 [info] Reading sessions from keychain...
2024-06-28 18:50:48.780 [info] Getting sessions for all scopes...
2024-06-28 18:50:48.780 [info] Got stored sessions!
2024-06-28 18:50:48.780 [info] Got 1 verified sessions.
2024-06-28 18:50:48.780 [info] Got 1 sessions for ...
2024-06-28 18:50:48.780 [info] Getting sessions for codespace,read:user,repo,user:email...
2024-06-28 18:50:48.780 [info] Got 1 sessions for codespace,read:user,repo,user:email...
2024-06-28 18:50:50.533 [info] Getting sessions for all scopes...
2024-06-28 18:50:50.533 [info] Got 1 sessions for ...
2024-06-28 18:51:27.367 [info] Getting sessions for read:user,repo,user:email,workflow...
2024-06-28 18:51:27.368 [info] Got 0 sessions for read:user,repo,user:email,workflow...
2024-06-28 18:51:28.017 [info] Getting sessions for project,read:org,read:user,repo,user:email,workflow...
2024-06-28 18:51:28.017 [info] Got 0 sessions for project,read:org,read:user,repo,user:email,workflow...
2024-06-28 18:51:28.101 [info] Getting sessions for read:user,repo,user:email,workflow...
2024-06-28 18:51:28.101 [info] Got 0 sessions for read:user,repo,user:email,workflow...
2024-06-28 18:51:28.178 [info] Getting sessions for read:user,repo,user:email...
2024-06-28 18:51:28.178 [info] Got 0 sessions for read:user,repo,user:email...
2024-06-28 18:51:28.258 [info] Getting sessions for read:user,repo,user:email,workflow...
2024-06-28 18:51:28.258 [info] Got 0 sessions for read:user,repo,user:email,workflow...
2024-06-28 18:51:29.651 [info] Getting sessions for read:user,repo,user:email,workflow...
2024-06-28 18:51:29.651 [info] Got 0 sessions for read:user,repo,user:email,workflow...
2024-06-28 20:51:24.274 [info] Reading sessions from keychain...
2024-06-28 20:51:24.276 [info] Getting sessions for all scopes...
2024-06-28 20:51:24.276 [info] Got stored sessions!
2024-06-28 20:51:24.276 [info] Got 1 verified sessions.
2024-06-28 20:51:24.276 [info] Got 1 sessions for ...
2024-06-28 20:51:24.276 [info] Getting sessions for codespace,read:user,repo,user:email...
2024-06-28 20:51:24.276 [info] Got 1 sessions for codespace,read:user,repo,user:email...
2024-06-28 20:51:25.871 [info] Getting sessions for all scopes...
2024-06-28 20:51:25.871 [info] Got 1 sessions for ...
2024-06-28 20:51:59.346 [info] Getting sessions for read:user,repo,user:email,workflow...
2024-06-28 20:51:59.346 [info] Got 0 sessions for read:user,repo,user:email,workflow...
2024-06-28 20:51:59.981 [info] Getting sessions for project,read:org,read:user,repo,user:email,workflow...
2024-06-28 20:51:59.981 [info] Got 0 sessions for project,read:org,read:user,repo,user:email,workflow...
2024-06-28 20:52:00.139 [info] Getting sessions for read:user,repo,user:email,workflow...
2024-06-28 20:52:00.139 [info] Got 0 sessions for read:user,repo,user:email,workflow...
2024-06-28 20:52:00.236 [info] Getting sessions for read:user,repo,user:email...
2024-06-28 20:52:00.236 [info] Got 0 sessions for read:user,repo,user:email...
2024-06-28 20:52:00.316 [info] Getting sessions for read:user,repo,user:email,workflow...
2024-06-28 20:52:00.316 [info] Got 0 sessions for read:user,repo,user:email,workflow...
2024-06-28 20:52:01.764 [info] Getting sessions for read:user,repo,user:email,workflow...
2024-06-28 20:52:01.764 [info] Got 0 sessions for read:user,repo,user:email,workflow...
