2024-06-30 22:08:56.571 [info] Active editor: vscode-remote://codespaces%2Bfantastic-space-waffle-v76qxwprrwgc4gw/workspaces/85962938/practice/meow.c
2024-06-30 22:08:56.770 [info] Configuration changed
2024-06-30 22:08:56.885 [info] Configuration changed
2024-06-30 22:08:56.900 [info] Configuration changed
2024-06-30 22:08:56.922 [info] Configuration changed
2024-06-30 22:08:56.956 [info] Configuration changed
2024-06-30 22:08:56.968 [info] Configuration changed
2024-06-30 22:11:04.340 [info] /workspaces/85962938/.vscode/settings.json closed
2024-06-30 22:26:34.138 [info] /workspaces/85962938/practice/meow.c closed
2024-06-30 22:26:34.217 [info] Active editor: vscode-remote://codespaces%2Bfantastic-space-waffle-v76qxwprrwgc4gw/workspaces/85962938/practice/calculator-self-proj.c
2024-06-30 22:26:34.290 [info] /workspaces/85962938/practice/meow.c.git closed
2024-06-30 22:26:34.807 [info] /workspaces/85962938/practice/calculator-self-proj.c closed
2024-06-30 22:26:34.808 [info] /workspaces/85962938/practice/calculator-self-proj.c.git closed
2024-06-30 22:26:47.737 [info] Active editor: vscode-remote://codespaces%2Bfantastic-space-waffle-v76qxwprrwgc4gw/workspaces/85962938/practice/week2/buggy.c
2024-06-30 22:47:00.158 [info] Active editor: vscode-remote://codespaces%2Bfantastic-space-waffle-v76qxwprrwgc4gw/workspaces/85962938/practice/week2/buggy2.c
2024-06-30 22:47:00.178 [info] /workspaces/85962938/practice/week2/buggy.c.git closed
2024-06-30 23:26:56.540 [info] Active editor: vscode-remote://codespaces%2Bfantastic-space-waffle-v76qxwprrwgc4gw/workspaces/85962938/practice/week2/buggy2.c
2024-06-30 23:26:57.029 [info] Configuration changed
2024-06-30 23:26:57.107 [info] Configuration changed
2024-06-30 23:29:03.694 [info] /workspaces/85962938/.vscode/settings.json closed
2024-06-30 23:29:21.631 [info] Active editor: vscode-remote://codespaces%2Bfantastic-space-waffle-v76qxwprrwgc4gw/workspaces/85962938/practice/week2/buggy2.c
2024-06-30 23:29:21.888 [info] Configuration changed
2024-06-30 23:29:21.972 [info] Configuration changed
2024-06-30 23:29:21.986 [info] Configuration changed
2024-06-30 23:29:22.001 [info] Configuration changed
2024-06-30 23:31:25.351 [info] /workspaces/85962938/.vscode/settings.json closed
2024-06-30 23:35:19.789 [info] Active editor: debug:./libio/./libio/fileops.c?session%3Dca87cb4a-baf8-475c-b89c-82455843c044
2024-06-30 23:35:19.817 [info] /workspaces/85962938/practice/week2/buggy2.c.git closed
2024-06-30 23:35:22.446 [info] Active editor: vscode-remote://codespaces%2Bfantastic-space-waffle-v76qxwprrwgc4gw/workspaces/85962938/practice/week2/buggy2.c
2024-06-30 23:48:43.849 [info] /workspaces/85962938/practice/week2/buggy2.c closed
2024-06-30 23:48:43.860 [info] Active editor: debug:./libio/./libio/fileops.c?session%3Dca87cb4a-baf8-475c-b89c-82455843c044
2024-06-30 23:48:43.885 [info] /workspaces/85962938/practice/week2/buggy2.c.git closed
2024-06-30 23:48:45.261 [info] Active editor: vscode-remote://codespaces%2Bfantastic-space-waffle-v76qxwprrwgc4gw/workspaces/85962938/practice/week2/buggy.c
2024-06-30 23:48:46.631 [info] /workspaces/85962938/practice/week2/buggy.c closed
2024-06-30 23:48:46.636 [info] Active editor: debug:./libio/./libio/fileops.c?session%3Dca87cb4a-baf8-475c-b89c-82455843c044
2024-06-30 23:48:46.650 [info] /workspaces/85962938/practice/week2/buggy.c.git closed
2024-06-30 23:48:47.046 [info] ./libio/./libio/fileops.c closed
2024-06-30 23:48:52.583 [info] Active editor: vscode-remote://codespaces%2Bfantastic-space-waffle-v76qxwprrwgc4gw/workspaces/85962938/practice/week2/scores.c
2024-07-01 00:13:49.972 [info] Executing :w
2024-07-01 00:24:57.308 [info] Active editor: vscode-remote://codespaces%2Bfantastic-space-waffle-v76qxwprrwgc4gw/workspaces/85962938/practice/week2/pre-madescores.c
2024-07-01 00:24:57.326 [info] /workspaces/85962938/practice/week2/scores.c.git closed
2024-07-01 00:27:16.874 [info] Active editor: vscode-remote://codespaces%2Bfantastic-space-waffle-v76qxwprrwgc4gw/workspaces/85962938/practice/week2/scores.c
2024-07-01 00:27:16.890 [info] /workspaces/85962938/practice/week2/pre-madescores.c.git closed
2024-07-01 00:27:22.350 [info] Active editor: vscode-remote://codespaces%2Bfantastic-space-waffle-v76qxwprrwgc4gw/workspaces/85962938/practice/week2/pre-madescores.c
2024-07-01 00:27:22.362 [info] /workspaces/85962938/practice/week2/scores.c.git closed
