2024-06-24 19:03:03.408 [info] Added views:workbench.panel.markers.view in workbench.panel.markers
2024-06-24 19:03:03.408 [info] Added views:workbench.panel.output in workbench.panel.output
2024-06-24 19:03:03.408 [info] Added views:terminal in terminal
2024-06-24 19:03:03.408 [info] Added views:outline in workbench.view.explorer
2024-06-24 19:03:03.408 [info] Added views:workbench.scm in workbench.view.scm
2024-06-24 19:03:03.408 [info] Added views:workbench.view.search in workbench.view.search
2024-06-24 19:03:03.408 [info] Added views:timeline in workbench.view.explorer
2024-06-24 19:03:03.408 [info] Added views:workbench.explorer.fileView in workbench.view.explorer
2024-06-24 19:03:03.701 [info] Added views:workbench.debug.welcome in workbench.view.debug
2024-06-24 19:03:38.342 [info] Added views:~remote.forwardedPorts in ~remote.forwardedPortsContainer
2024-06-24 19:03:40.479 [info] Added views:cs50-menu in workbench.view.extension.cs50-menu
2024-06-24 19:03:40.480 [info] Added views:ddb50.chatWindow in workbench.view.extension.ddb50
2024-06-24 19:03:40.481 [info] Added views:github.codespaces.explorer in workbench.view.remote
2024-06-24 19:03:40.482 [info] Added views:pr:github,issues:github in workbench.view.extension.github-pull-requests
2024-06-24 19:03:40.485 [info] Added views:dockerContainers,dockerImages,dockerRegistries,dockerNetworks,dockerVolumes,vscode-docker.views.dockerContexts,vscode-docker.views.help in workbench.view.extension.dockerView
2024-06-24 19:03:40.487 [info] Added views:liveshare.session in workbench.view.extension.liveshare
2024-06-24 19:03:42.066 [info] Added views:workbench.panel.repl.view in workbench.panel.repl
2024-06-24 19:03:50.428 [info] Removed views:issues:github,pr:github from workbench.view.extension.github-pull-requests
2024-06-24 19:03:50.430 [info] Added views:github:login in workbench.view.extension.github-pull-requests
2024-06-24 19:30:50.306 [info] Added views:workbench.views.extensions.local.installed,workbench.views.extensions.remote.installed,workbench.views.extensions.popular,extensions.recommendedList in workbench.view.extensions
2024-06-24 19:30:50.308 [info] Removed views:workbench.views.extensions.popular from workbench.view.extensions
2024-06-24 19:30:51.761 [info] Removed views:extensions.recommendedList,workbench.views.extensions.remote.installed,workbench.views.extensions.local.installed from workbench.view.extensions
2024-06-24 19:30:51.768 [info] Added views:workbench.views.extensions.marketplace in workbench.view.extensions
2024-06-24 19:31:00.893 [info] Added views:workbench.panel.markers.view in workbench.panel.markers
2024-06-24 19:31:00.893 [info] Added views:workbench.panel.output in workbench.panel.output
2024-06-24 19:31:00.893 [info] Added views:terminal in terminal
2024-06-24 19:31:00.893 [info] Added views:outline in workbench.view.explorer
2024-06-24 19:31:00.893 [info] Added views:workbench.scm in workbench.view.scm
2024-06-24 19:31:00.893 [info] Added views:workbench.view.search in workbench.view.search
2024-06-24 19:31:00.893 [info] Added views:timeline in workbench.view.explorer
2024-06-24 19:31:00.893 [info] Added views:workbench.explorer.fileView in workbench.view.explorer
2024-06-24 19:31:00.986 [info] Added views:workbench.debug.welcome in workbench.view.debug
2024-06-24 19:31:03.066 [info] Added views:workbench.views.extensions.local.installed,workbench.views.extensions.remote.installed,extensions.recommendedList in workbench.view.extensions
2024-06-24 19:31:05.909 [info] Removed views:extensions.recommendedList,workbench.views.extensions.remote.installed,workbench.views.extensions.local.installed from workbench.view.extensions
2024-06-24 19:31:05.915 [info] Added views:workbench.views.extensions.marketplace in workbench.view.extensions
2024-06-24 19:31:09.718 [info] Added views:~remote.forwardedPorts in ~remote.forwardedPortsContainer
2024-06-24 19:31:11.371 [info] Added views:cs50-menu in workbench.view.extension.cs50-menu
2024-06-24 19:31:11.371 [info] Added views:ddb50.chatWindow in workbench.view.extension.ddb50
2024-06-24 19:31:11.371 [info] Added views:github.codespaces.explorer in workbench.view.remote
2024-06-24 19:31:11.372 [info] Added views:pr:github,issues:github in workbench.view.extension.github-pull-requests
2024-06-24 19:31:11.372 [info] Added views:dockerContainers,dockerImages,dockerRegistries,dockerNetworks,dockerVolumes,vscode-docker.views.dockerContexts,vscode-docker.views.help in workbench.view.extension.dockerView
2024-06-24 19:31:11.373 [info] Added views:liveshare.session in workbench.view.extension.liveshare
2024-06-24 19:31:12.294 [info] Added views:workbench.panel.repl.view in workbench.panel.repl
2024-06-24 19:31:15.909 [info] Removed views:issues:github,pr:github from workbench.view.extension.github-pull-requests
2024-06-24 19:31:15.910 [info] Added views:github:login in workbench.view.extension.github-pull-requests
2024-06-24 22:12:50.310 [info] Added views:workbench.panel.markers.view in workbench.panel.markers
2024-06-24 22:12:50.310 [info] Added views:workbench.panel.output in workbench.panel.output
2024-06-24 22:12:50.310 [info] Added views:terminal in terminal
2024-06-24 22:12:50.310 [info] Added views:outline in workbench.view.explorer
2024-06-24 22:12:50.310 [info] Added views:workbench.scm in workbench.view.scm
2024-06-24 22:12:50.310 [info] Added views:workbench.view.search in workbench.view.search
2024-06-24 22:12:50.310 [info] Added views:timeline in workbench.view.explorer
2024-06-24 22:12:50.310 [info] Added views:workbench.explorer.fileView in workbench.view.explorer
2024-06-24 22:12:50.473 [info] Added views:workbench.debug.welcome in workbench.view.debug
2024-06-24 22:13:19.241 [info] Added views:~remote.forwardedPorts in ~remote.forwardedPortsContainer
2024-06-24 22:13:23.731 [info] Added views:cs50-menu in workbench.view.extension.cs50-menu
2024-06-24 22:13:23.731 [info] Added views:ddb50.chatWindow in workbench.view.extension.ddb50
2024-06-24 22:13:23.731 [info] Added views:github.codespaces.explorer in workbench.view.remote
2024-06-24 22:13:23.732 [info] Added views:pr:github,issues:github in workbench.view.extension.github-pull-requests
2024-06-24 22:13:23.732 [info] Added views:dockerContainers,dockerImages,dockerRegistries,dockerNetworks,dockerVolumes,vscode-docker.views.dockerContexts,vscode-docker.views.help in workbench.view.extension.dockerView
2024-06-24 22:13:23.732 [info] Added views:liveshare.session in workbench.view.extension.liveshare
2024-06-24 22:13:24.825 [info] Added views:workbench.panel.repl.view in workbench.panel.repl
2024-06-24 22:13:31.833 [info] Removed views:issues:github,pr:github from workbench.view.extension.github-pull-requests
2024-06-24 22:13:31.834 [info] Added views:github:login in workbench.view.extension.github-pull-requests
2024-06-25 00:57:56.481 [info] Added views:workbench.panel.markers.view in workbench.panel.markers
2024-06-25 00:57:56.481 [info] Added views:workbench.panel.output in workbench.panel.output
2024-06-25 00:57:56.481 [info] Added views:terminal in terminal
2024-06-25 00:57:56.481 [info] Added views:outline in workbench.view.explorer
2024-06-25 00:57:56.481 [info] Added views:workbench.scm in workbench.view.scm
2024-06-25 00:57:56.481 [info] Added views:workbench.view.search in workbench.view.search
2024-06-25 00:57:56.481 [info] Added views:timeline in workbench.view.explorer
2024-06-25 00:57:56.481 [info] Added views:workbench.explorer.fileView in workbench.view.explorer
2024-06-25 00:57:56.682 [info] Added views:workbench.debug.welcome in workbench.view.debug
2024-06-25 00:58:42.946 [info] Added views:~remote.forwardedPorts in ~remote.forwardedPortsContainer
2024-06-25 00:58:46.933 [info] Added views:cs50-menu in workbench.view.extension.cs50-menu
2024-06-25 00:58:46.934 [info] Added views:ddb50.chatWindow in workbench.view.extension.ddb50
2024-06-25 00:58:46.934 [info] Added views:github.codespaces.explorer in workbench.view.remote
2024-06-25 00:58:46.935 [info] Added views:pr:github,issues:github in workbench.view.extension.github-pull-requests
2024-06-25 00:58:46.939 [info] Added views:dockerContainers,dockerImages,dockerRegistries,dockerNetworks,dockerVolumes,vscode-docker.views.dockerContexts,vscode-docker.views.help in workbench.view.extension.dockerView
2024-06-25 00:58:46.940 [info] Added views:liveshare.session in workbench.view.extension.liveshare
2024-06-25 00:58:49.746 [info] Added views:workbench.panel.repl.view in workbench.panel.repl
2024-06-25 00:59:01.919 [info] Removed views:issues:github,pr:github from workbench.view.extension.github-pull-requests
2024-06-25 00:59:01.919 [info] Added views:github:login in workbench.view.extension.github-pull-requests
