2024-06-24 09:13:43 Loading main app package /opt/Obsidian/resources/obsidian.asar
2024-06-24 09:13:43 Checking for update using Github
2024-06-24 09:13:43 Success.
2024-06-24 09:13:43 Latest version is 1.6.3
2024-06-24 09:13:43 App is up to date.
2024-06-25 04:21:56 Loading main app package /opt/Obsidian/resources/obsidian.asar
2024-06-25 04:21:57 Checking for update using Github
2024-06-25 04:21:57 Success.
2024-06-25 04:21:57 Latest version is 1.6.3
2024-06-25 04:21:57 App is up to date.
2024-06-25 04:47:29 Loading main app package /opt/Obsidian/resources/obsidian.asar
2024-06-25 04:47:29 Checking for update using Github
2024-06-29 14:51:42 Loading main app package /opt/Obsidian/resources/obsidian.asar
2024-06-29 14:51:43 Checking for update using Github
2024-06-29 14:51:43 Success.
2024-06-29 14:51:43 Latest version is 1.6.5
2024-06-29 14:51:43 Downloading update from https://github.com/obsidianmd/obsidian-releases/releases/download/v1.6.5/obsidian-1.6.5.asar.gz
2024-06-29 14:51:44 Verifying hash & signature. Size= 8839622
2024-06-29 14:51:44 Saving file
2024-06-29 14:51:45 Update complete.
2024-06-29 15:51:42 Checking for update using Github
2024-06-29 15:51:42 Success.
2024-06-29 15:51:42 Latest version is 1.6.5
2024-06-29 15:51:42 An update is already downloaded.
2024-06-29 16:51:42 Checking for update using Github
2024-06-29 16:51:43 Success.
2024-06-29 16:51:43 Latest version is 1.6.5
2024-06-29 16:51:43 An update is already downloaded.
2024-06-29 17:51:43 Checking for update using Github
2024-06-29 17:51:43 Success.
2024-06-29 17:51:43 Latest version is 1.6.5
2024-06-29 17:51:43 An update is already downloaded.
2024-06-29 18:51:43 Checking for update using Github
2024-06-29 18:51:43 Success.
2024-06-29 18:51:43 Latest version is 1.6.5
2024-06-29 18:51:43 An update is already downloaded.
2024-06-29 19:51:43 Checking for update using Github
2024-06-29 19:51:43 Success.
2024-06-29 19:51:43 Latest version is 1.6.5
2024-06-29 19:51:43 An update is already downloaded.
2024-06-29 20:51:43 Checking for update using Github
2024-06-29 20:51:43 Success.
2024-06-29 20:51:43 Latest version is 1.6.5
2024-06-29 20:51:43 An update is already downloaded.
2024-06-29 21:51:43 Checking for update using Github
2024-06-29 21:51:43 Success.
2024-06-29 21:51:43 Latest version is 1.6.5
2024-06-29 21:51:43 An update is already downloaded.
2024-06-29 22:51:43 Checking for update using Github
2024-06-29 22:51:43 Success.
2024-06-29 22:51:43 Latest version is 1.6.5
2024-06-29 22:51:43 An update is already downloaded.
2024-06-29 23:51:43 Checking for update using Github
2024-06-29 23:51:43 Success.
2024-06-29 23:51:43 Latest version is 1.6.5
2024-06-29 23:51:43 An update is already downloaded.
2024-06-30 00:51:43 Checking for update using Github
2024-06-30 00:51:43 Success.
2024-06-30 00:51:43 Latest version is 1.6.5
2024-06-30 00:51:43 An update is already downloaded.
2024-06-30 01:51:43 Checking for update using Github
2024-06-30 01:51:43 Success.
2024-06-30 01:51:43 Latest version is 1.6.5
2024-06-30 01:51:43 An update is already downloaded.
2024-06-30 11:42:36 Loading updated app package /home/j/.config/obsidian/obsidian-1.6.5.asar
2024-06-30 11:42:36 Checking for update using Github
2024-06-30 11:42:36 Success.
2024-06-30 11:42:36 Latest version is 1.6.5
2024-06-30 11:42:36 App is up to date.
2024-06-30 11:54:43 Loading updated app package /home/j/.config/obsidian/obsidian-1.6.5.asar
2024-06-30 11:54:44 Checking for update using Github
2024-06-30 11:54:44 Success.
2024-06-30 11:54:44 Latest version is 1.6.5
2024-06-30 11:54:44 App is up to date.
2024-06-30 12:01:05 Loading updated app package /home/j/.config/obsidian/obsidian-1.6.5.asar
2024-06-30 12:01:05 Checking for update using Github
2024-06-30 12:01:05 Success.
2024-06-30 12:01:05 Latest version is 1.6.5
2024-06-30 12:01:05 App is up to date.
2024-06-30 12:01:18 Loading updated app package /home/j/.config/obsidian/obsidian-1.6.5.asar
2024-06-30 12:01:18 Checking for update using Github
2024-06-30 12:01:18 Success.
2024-06-30 12:01:18 Latest version is 1.6.5
2024-06-30 12:01:18 App is up to date.
2024-06-30 12:07:45 Loading updated app package /home/j/.config/obsidian/obsidian-1.6.5.asar
2024-06-30 12:07:45 Checking for update using Github
2024-06-30 12:07:45 Success.
2024-06-30 12:07:45 Latest version is 1.6.5
2024-06-30 12:07:45 App is up to date.
2024-06-30 12:22:15 Loading updated app package /home/j/.config/obsidian/obsidian-1.6.5.asar
2024-06-30 12:22:15 Checking for update using Github
2024-06-30 12:22:15 Success.
2024-06-30 12:22:15 Latest version is 1.6.5
2024-06-30 12:22:15 App is up to date.
2024-06-30 12:22:18 Loading updated app package /home/j/.config/obsidian/obsidian-1.6.5.asar
2024-06-30 12:22:18 Checking for update using Github
2024-06-30 13:22:15 Checking for update using Github
2024-06-30 13:22:15 Success.
2024-06-30 13:22:15 Latest version is 1.6.5
2024-06-30 13:22:15 App is up to date.
2024-06-30 14:22:15 Checking for update using Github
2024-06-30 14:22:15 Success.
2024-06-30 14:22:15 Latest version is 1.6.5
2024-06-30 14:22:15 App is up to date.
2024-06-30 15:22:15 Checking for update using Github
2024-06-30 15:22:15 Success.
2024-06-30 15:22:15 Latest version is 1.6.5
2024-06-30 15:22:15 App is up to date.
2024-06-30 16:22:15 Checking for update using Github
2024-06-30 16:22:15 Success.
2024-06-30 16:22:15 Latest version is 1.6.5
2024-06-30 16:22:15 App is up to date.
2024-06-30 16:48:16 Loading updated app package /home/j/.config/obsidian/obsidian-1.6.5.asar
2024-06-30 16:48:16 Checking for update using Github
2024-06-30 16:48:16 Success.
2024-06-30 16:48:16 Latest version is 1.6.5
2024-06-30 16:48:16 App is up to date.
2024-06-30 16:49:35 Loading updated app package /home/j/.config/obsidian/obsidian-1.6.5.asar
2024-06-30 16:49:35 Checking for update using Github
2024-06-30 16:49:36 Success.
2024-06-30 16:49:36 Latest version is 1.6.5
2024-06-30 16:49:36 App is up to date.
2024-06-30 16:50:03 Loading updated app package /home/j/.config/obsidian/obsidian-1.6.5.asar
2024-06-30 16:50:04 Checking for update using Github
2024-06-30 16:50:04 Success.
2024-06-30 16:50:04 Latest version is 1.6.5
2024-06-30 16:50:04 App is up to date.
2024-06-30 16:51:43 Loading updated app package /home/j/.config/obsidian/obsidian-1.6.5.asar
2024-06-30 16:51:43 Checking for update using Github
2024-06-30 16:51:43 Success.
2024-06-30 16:51:43 Latest version is 1.6.5
2024-06-30 16:51:43 App is up to date.
2024-07-01 00:22:47 Loading updated app package /home/j/.config/obsidian/obsidian-1.6.5.asar
2024-07-01 00:22:47 Checking for update using Github
2024-07-01 00:22:47 Success.
2024-07-01 00:22:47 Latest version is 1.6.5
2024-07-01 00:22:47 App is up to date.
2024-07-01 01:22:47 Checking for update using Github
2024-07-01 01:22:47 Success.
2024-07-01 01:22:47 Latest version is 1.6.5
2024-07-01 01:22:47 App is up to date.
2024-07-01 02:22:47 Checking for update using Github
2024-07-01 02:22:47 Success.
2024-07-01 02:22:47 Latest version is 1.6.5
2024-07-01 02:22:47 App is up to date.
2024-07-01 07:41:43 Loading updated app package /home/j/.config/obsidian/obsidian-1.6.5.asar
2024-07-01 07:41:43 Checking for update using Github
2024-07-01 07:41:44 Success.
2024-07-01 07:41:44 Latest version is 1.6.5
2024-07-01 07:41:44 App is up to date.
2024-07-01 04:41:43 Checking for update using Github
2024-07-01 04:41:43 Success.
2024-07-01 04:41:43 Latest version is 1.6.5
2024-07-01 04:41:43 App is up to date.
2024-07-01 05:41:43 Checking for update using Github
2024-07-01 05:41:43 Success.
2024-07-01 05:41:43 Latest version is 1.6.5
2024-07-01 05:41:43 App is up to date.
2024-07-01 06:41:43 Checking for update using Github
2024-07-01 06:41:43 Success.
2024-07-01 06:41:43 Latest version is 1.6.5
2024-07-01 06:41:43 App is up to date.
2024-07-01 07:41:43 Checking for update using Github
2024-07-01 07:41:43 Success.
2024-07-01 07:41:43 Latest version is 1.6.5
2024-07-01 07:41:43 App is up to date.
2024-07-01 08:41:43 Checking for update using Github
2024-07-01 08:41:43 Success.
2024-07-01 08:41:43 Latest version is 1.6.5
2024-07-01 08:41:43 App is up to date.
2024-07-01 09:41:43 Checking for update using Github
2024-07-01 09:41:43 Success.
2024-07-01 09:41:43 Latest version is 1.6.5
2024-07-01 09:41:43 App is up to date.
2024-07-01 10:41:44 Checking for update using Github
2024-07-01 10:41:44 Success.
2024-07-01 10:41:44 Latest version is 1.6.5
2024-07-01 10:41:44 App is up to date.
2024-07-01 11:41:44 Checking for update using Github
2024-07-01 11:41:44 Success.
2024-07-01 11:41:44 Latest version is 1.6.5
2024-07-01 11:41:44 App is up to date.
2024-07-01 12:41:44 Checking for update using Github
2024-07-01 12:41:49 Success.
2024-07-01 12:41:49 Latest version is 1.6.5
2024-07-01 12:41:49 App is up to date.
2024-07-01 13:41:44 Checking for update using Github
2024-07-01 13:41:44 Success.
2024-07-01 13:41:44 Latest version is 1.6.5
2024-07-01 13:41:44 App is up to date.
2024-07-01 14:41:44 Checking for update using Github
2024-07-01 14:41:44 Success.
2024-07-01 14:41:44 Latest version is 1.6.5
2024-07-01 14:41:44 App is up to date.
2024-07-01 15:41:44 Checking for update using Github
2024-07-01 15:41:44 Success.
2024-07-01 15:41:44 Latest version is 1.6.5
2024-07-01 15:41:44 App is up to date.
2024-07-02 08:21:20 Loading updated app package /home/j/.config/obsidian/obsidian-1.6.5.asar
2024-07-02 08:21:21 Checking for update using Github
2024-07-02 08:21:21 Success.
2024-07-02 08:21:21 Latest version is 1.6.5
2024-07-02 08:21:21 App is up to date.
2024-07-02 09:21:20 Checking for update using Github
2024-07-02 09:21:20 Success.
2024-07-02 09:21:20 Latest version is 1.6.5
2024-07-02 09:21:20 App is up to date.
2024-07-02 10:21:20 Checking for update using Github
2024-07-02 10:21:20 Success.
2024-07-02 10:21:20 Latest version is 1.6.5
2024-07-02 10:21:20 App is up to date.
2024-07-02 11:21:20 Checking for update using Github
2024-07-02 11:21:21 Success.
2024-07-02 11:21:21 Latest version is 1.6.5
2024-07-02 11:21:21 App is up to date.
2024-07-02 12:21:21 Checking for update using Github
2024-07-02 12:21:21 Success.
2024-07-02 12:21:21 Latest version is 1.6.5
2024-07-02 12:21:21 App is up to date.
2024-07-03 02:52:30 Loading updated app package /home/j/.config/obsidian/obsidian-1.6.5.asar
2024-07-03 02:52:30 Checking for update using Github
2024-07-03 02:52:30 Success.
2024-07-03 02:52:30 Latest version is 1.6.5
2024-07-03 02:52:30 App is up to date.
2024-07-03 03:49:26 Loading updated app package /home/j/.config/obsidian/obsidian-1.6.5.asar
2024-07-03 03:49:26 Checking for update using Github
2024-07-03 03:49:26 Success.
2024-07-03 03:49:26 Latest version is 1.6.5
2024-07-03 03:49:26 App is up to date.
2024-07-03 04:49:26 Checking for update using Github
2024-07-03 04:49:26 Success.
2024-07-03 04:49:26 Latest version is 1.6.5
2024-07-03 04:49:26 App is up to date.
2024-07-05 10:29:22 Loading updated app package /home/j/.config/obsidian/obsidian-1.6.5.asar
2024-07-05 10:29:22 Checking for update using Github
2024-07-05 10:29:22 Success.
2024-07-05 10:29:22 Latest version is 1.6.5
2024-07-05 10:29:22 App is up to date.
2024-07-05 11:29:22 Checking for update using Github
2024-07-05 11:29:22 Success.
2024-07-05 11:29:22 Latest version is 1.6.5
2024-07-05 11:29:22 App is up to date.
2024-07-05 12:29:22 Checking for update using Github
2024-07-05 12:29:22 Success.
2024-07-05 12:29:22 Latest version is 1.6.5
2024-07-05 12:29:22 App is up to date.
2024-07-06 12:37:36 Loading updated app package /home/j/.config/obsidian/obsidian-1.6.5.asar
2024-07-06 12:37:37 Checking for update using Github
2024-07-06 12:37:37 Success.
2024-07-06 12:37:37 Latest version is 1.6.5
2024-07-06 12:37:37 App is up to date.
2024-07-06 08:38:23 Loading updated app package /home/j/.config/obsidian/obsidian-1.6.5.asar
2024-07-06 08:38:23 Checking for update using Github
2024-07-06 08:38:23 Success.
2024-07-06 08:38:23 Latest version is 1.6.5
2024-07-06 08:38:23 App is up to date.
2024-07-06 08:39:10 Loading updated app package /home/j/.config/obsidian/obsidian-1.6.5.asar
2024-07-06 08:39:10 Checking for update using Github
2024-07-06 08:39:10 Success.
2024-07-06 08:39:10 Latest version is 1.6.5
2024-07-06 08:39:10 App is up to date.
2024-07-06 08:39:44 Loading updated app package /home/j/.config/obsidian/obsidian-1.6.5.asar
2024-07-06 08:39:44 Checking for update using Github
2024-07-06 08:39:44 Success.
2024-07-06 08:39:44 Latest version is 1.6.5
2024-07-06 08:39:44 App is up to date.
2024-07-06 09:39:44 Checking for update using Github
2024-07-06 09:39:44 Success.
2024-07-06 09:39:44 Latest version is 1.6.5
2024-07-06 09:39:44 App is up to date.
2024-07-06 10:39:44 Checking for update using Github
2024-07-06 10:39:44 Success.
2024-07-06 10:39:44 Latest version is 1.6.5
2024-07-06 10:39:44 App is up to date.
2024-07-06 11:39:44 Checking for update using Github
2024-07-06 11:39:44 Success.
2024-07-06 11:39:44 Latest version is 1.6.5
2024-07-06 11:39:44 App is up to date.
2024-07-06 12:39:44 Checking for update using Github
2024-07-06 12:39:44 Success.
2024-07-06 12:39:44 Latest version is 1.6.5
2024-07-06 12:39:44 App is up to date.
2024-07-06 13:39:44 Checking for update using Github
2024-07-06 13:39:44 Success.
2024-07-06 13:39:44 Latest version is 1.6.5
2024-07-06 13:39:44 App is up to date.
2024-07-07 15:03:20 Loading updated app package /home/j/.config/obsidian/obsidian-1.6.5.asar
2024-07-07 15:03:21 Checking for update using Github
2024-07-07 15:03:21 Success.
2024-07-07 15:03:21 Latest version is 1.6.5
2024-07-07 15:03:21 App is up to date.
2024-07-07 15:03:27 Loading updated app package /home/j/.config/obsidian/obsidian-1.6.5.asar
2024-07-07 15:03:27 Checking for update using Github
2024-07-07 15:04:09 Loading updated app package /home/j/.config/obsidian/obsidian-1.6.5.asar
2024-07-07 15:04:09 Checking for update using Github
2024-07-07 15:04:09 Success.
2024-07-07 15:04:09 Latest version is 1.6.5
2024-07-07 15:04:09 App is up to date.
2024-07-07 16:04:09 Checking for update using Github
2024-07-07 16:04:09 Success.
2024-07-07 16:04:09 Latest version is 1.6.5
2024-07-07 16:04:09 App is up to date.
2024-07-07 16:16:07 Loading updated app package /home/j/.config/obsidian/obsidian-1.6.5.asar
2024-07-07 16:16:08 Checking for update using Github
2024-07-07 16:16:08 Success.
2024-07-07 16:16:08 Latest version is 1.6.5
2024-07-07 16:16:08 App is up to date.
2024-07-07 17:16:08 Checking for update using Github
2024-07-07 17:16:08 Success.
2024-07-07 17:16:08 Latest version is 1.6.5
2024-07-07 17:16:08 App is up to date.
2024-07-07 18:16:08 Checking for update using Github
2024-07-07 18:16:08 Success.
2024-07-07 18:16:08 Latest version is 1.6.5
2024-07-07 18:16:08 App is up to date.
2024-07-07 19:16:08 Checking for update using Github
2024-07-07 19:16:08 Success.
2024-07-07 19:16:08 Latest version is 1.6.5
2024-07-07 19:16:08 App is up to date.
2024-07-08 02:52:29 Loading updated app package /home/j/.config/obsidian/obsidian-1.6.5.asar
2024-07-08 02:52:29 Checking for update using Github
2024-07-08 02:52:29 Success.
2024-07-08 02:52:29 Latest version is 1.6.5
2024-07-08 02:52:29 App is up to date.
2024-07-08 03:16:08 Loading updated app package /home/j/.config/obsidian/obsidian-1.6.5.asar
2024-07-08 03:16:09 Checking for update using Github
2024-07-08 03:16:09 Success.
2024-07-08 03:16:09 Latest version is 1.6.5
2024-07-08 03:16:09 App is up to date.
2024-07-08 03:44:26 Loading updated app package /home/j/.config/obsidian/obsidian-1.6.5.asar
2024-07-08 03:44:26 Checking for update using Github
2024-07-08 03:44:26 Success.
2024-07-08 03:44:26 Latest version is 1.6.5
2024-07-08 03:44:26 App is up to date.
2024-07-08 03:50:27 Loading updated app package /home/j/.config/obsidian/obsidian-1.6.5.asar
2024-07-08 03:50:28 Checking for update using Github
2024-07-08 03:50:28 Success.
2024-07-08 03:50:28 Latest version is 1.6.5
2024-07-08 03:50:28 App is up to date.
2024-07-08 04:06:49 Loading updated app package /home/j/.config/obsidian/obsidian-1.6.5.asar
2024-07-08 04:06:49 Checking for update using Github
2024-07-08 04:06:49 Success.
2024-07-08 04:06:49 Latest version is 1.6.5
2024-07-08 04:06:49 App is up to date.
2024-07-08 04:51:44 Loading updated app package /home/j/.config/obsidian/obsidian-1.6.5.asar
2024-07-08 04:51:44 Checking for update using Github
2024-07-08 04:51:44 Success.
2024-07-08 04:51:44 Latest version is 1.6.5
2024-07-08 04:51:44 App is up to date.
2024-07-08 04:51:52 Loading updated app package /home/j/.config/obsidian/obsidian-1.6.5.asar
2024-07-08 04:51:52 Checking for update using Github
2024-07-08 04:51:52 Success.
2024-07-08 04:51:52 Latest version is 1.6.5
2024-07-08 04:51:52 App is up to date.
2024-07-08 06:04:43 Loading updated app package /home/j/.config/obsidian/obsidian-1.6.5.asar
2024-07-08 06:04:43 Checking for update using Github
2024-07-08 06:04:44 Success.
2024-07-08 06:04:44 Latest version is 1.6.5
2024-07-08 06:04:44 App is up to date.
2024-07-08 06:46:31 Loading updated app package /home/j/.config/obsidian/obsidian-1.6.5.asar
2024-07-08 06:46:32 Checking for update using Github
2024-07-08 06:46:32 Success.
2024-07-08 06:46:32 Latest version is 1.6.5
2024-07-08 06:46:32 App is up to date.
2024-07-08 06:52:53 Loading updated app package /home/j/.config/obsidian/obsidian-1.6.5.asar
2024-07-08 06:52:53 Checking for update using Github
2024-07-08 06:52:54 Success.
2024-07-08 06:52:54 Latest version is 1.6.5
2024-07-08 06:52:54 App is up to date.
2024-07-08 06:56:34 Loading updated app package /home/j/.config/obsidian/obsidian-1.6.5.asar
2024-07-08 06:56:34 Checking for update using Github
2024-07-08 06:56:34 Success.
2024-07-08 06:56:34 Latest version is 1.6.5
2024-07-08 06:56:34 App is up to date.
2024-07-08 06:57:27 Loading updated app package /home/j/.config/obsidian/obsidian-1.6.5.asar
2024-07-08 06:57:27 Checking for update using Github
2024-07-08 06:57:27 Success.
2024-07-08 06:57:27 Latest version is 1.6.5
2024-07-08 06:57:27 App is up to date.
2024-07-08 07:02:12 Loading updated app package /home/j/.config/obsidian/obsidian-1.6.5.asar
2024-07-08 07:02:13 Checking for update using Github
2024-07-08 07:02:13 Success.
2024-07-08 07:02:13 Latest version is 1.6.5
2024-07-08 07:02:13 App is up to date.
2024-07-08 07:04:22 Loading updated app package /home/j/.config/obsidian/obsidian-1.6.5.asar
2024-07-08 07:04:22 Checking for update using Github
2024-07-08 07:04:22 Success.
2024-07-08 07:04:22 Latest version is 1.6.5
2024-07-08 07:04:22 App is up to date.
2024-07-08 07:48:51 Loading updated app package /home/j/.config/obsidian/obsidian-1.6.5.asar
2024-07-08 07:48:51 Checking for update using Github
2024-07-08 07:48:52 Success.
2024-07-08 07:48:52 Latest version is 1.6.5
2024-07-08 07:48:52 App is up to date.
2024-07-08 08:21:26 Loading updated app package /home/j/.config/obsidian/obsidian-1.6.5.asar
2024-07-08 08:21:26 Checking for update using Github
2024-07-08 08:21:26 Success.
2024-07-08 08:21:26 Latest version is 1.6.5
2024-07-08 08:21:26 App is up to date.
2024-07-08 08:27:30 Loading updated app package /home/j/.config/obsidian/obsidian-1.6.5.asar
2024-07-08 08:27:31 Checking for update using Github
2024-07-08 08:27:31 Success.
2024-07-08 08:27:31 Latest version is 1.6.5
2024-07-08 08:27:31 App is up to date.
2024-07-08 08:35:49 Loading updated app package /home/j/.config/obsidian/obsidian-1.6.5.asar
2024-07-08 08:35:49 Checking for update using Github
2024-07-08 08:35:49 Success.
2024-07-08 08:35:49 Latest version is 1.6.5
2024-07-08 08:35:49 App is up to date.
2024-07-08 08:42:24 Loading updated app package /home/j/.config/obsidian/obsidian-1.6.5.asar
2024-07-08 08:42:24 Checking for update using Github
2024-07-08 08:42:25 Success.
2024-07-08 08:42:25 Latest version is 1.6.5
2024-07-08 08:42:25 App is up to date.
2024-07-08 08:51:37 Loading updated app package /home/j/.config/obsidian/obsidian-1.6.5.asar
2024-07-08 08:51:38 Checking for update using Github
2024-07-08 08:51:38 Success.
2024-07-08 08:51:38 Latest version is 1.6.5
2024-07-08 08:51:38 App is up to date.
2024-07-08 15:37:28 Loading updated app package /home/j/.config/obsidian/obsidian-1.6.5.asar
2024-07-08 15:37:28 Checking for update using Github
2024-07-08 15:37:28 Success.
2024-07-08 15:37:28 Latest version is 1.6.5
2024-07-08 15:37:28 App is up to date.
2024-07-09 01:36:21 Loading updated app package /home/j/.config/obsidian/obsidian-1.6.5.asar
2024-07-09 01:36:21 Checking for update using Github
2024-07-09 01:36:21 Success.
2024-07-09 01:36:21 Latest version is 1.6.5
2024-07-09 01:36:21 App is up to date.
2024-07-09 02:36:21 Checking for update using Github
2024-07-09 02:36:21 Success.
2024-07-09 02:36:21 Latest version is 1.6.5
2024-07-09 02:36:21 App is up to date.
2024-07-09 03:36:21 Checking for update using Github
2024-07-09 03:36:21 Success.
2024-07-09 03:36:21 Latest version is 1.6.5
2024-07-09 03:36:21 App is up to date.
2024-07-09 07:09:21 Loading updated app package /home/j/.config/obsidian/obsidian-1.6.5.asar
2024-07-09 07:09:21 Checking for update using Github
2024-07-09 07:09:21 Success.
2024-07-09 07:09:21 Latest version is 1.6.5
2024-07-09 07:09:21 App is up to date.
2024-07-09 23:09:04 Loading updated app package /home/j/.config/obsidian/obsidian-1.6.5.asar
2024-07-09 23:09:05 Checking for update using Github
2024-07-09 23:09:05 Success.
2024-07-09 23:09:05 Latest version is 1.6.5
2024-07-09 23:09:05 App is up to date.
2024-07-09 15:10:28 Loading updated app package /home/j/.config/obsidian/obsidian-1.6.5.asar
2024-07-09 15:10:28 Checking for update using Github
2024-07-09 15:10:28 Success.
2024-07-09 15:10:28 Latest version is 1.6.5
2024-07-09 15:10:28 App is up to date.
2024-07-10 05:01:25 Loading updated app package /home/j/.config/obsidian/obsidian-1.6.5.asar
2024-07-10 05:01:25 Checking for update using Github
2024-07-10 05:01:26 Success.
2024-07-10 05:01:26 Latest version is 1.6.5
2024-07-10 05:01:26 App is up to date.
2024-07-10 06:01:25 Checking for update using Github
2024-07-10 06:01:25 Success.
2024-07-10 06:01:25 Latest version is 1.6.5
2024-07-10 06:01:25 App is up to date.
2024-07-11 10:34:14 Loading updated app package /home/j/.config/obsidian/obsidian-1.6.5.asar
2024-07-11 10:34:14 Checking for update using Github
2024-07-11 10:34:14 Success.
2024-07-11 10:34:14 Latest version is 1.6.5
2024-07-11 10:34:14 App is up to date.
2024-07-11 10:37:19 Loading updated app package /home/j/.config/obsidian/obsidian-1.6.5.asar
2024-07-11 10:37:19 Checking for update using Github
2024-07-11 10:37:19 Success.
2024-07-11 10:37:19 Latest version is 1.6.5
2024-07-11 10:37:19 App is up to date.
2024-07-12 14:03:47 Loading updated app package /home/j/.config/obsidian/obsidian-1.6.5.asar
2024-07-12 14:03:47 Checking for update using Github
2024-07-12 14:03:47 Success.
2024-07-12 14:03:47 Latest version is 1.6.5
2024-07-12 14:03:47 App is up to date.
2024-07-13 04:47:44 Loading updated app package /home/j/.config/obsidian/obsidian-1.6.5.asar
2024-07-13 04:47:44 Checking for update using Github
2024-07-13 04:47:44 Success.
2024-07-13 04:47:44 Latest version is 1.6.5
2024-07-13 04:47:44 App is up to date.
2024-07-13 04:47:45 Loading updated app package /home/j/.config/obsidian/obsidian-1.6.5.asar
2024-07-13 04:47:46 Checking for update using Github
2024-07-15 03:50:07 Loading updated app package /home/j/.config/obsidian/obsidian-1.6.5.asar
2024-07-15 03:50:08 Checking for update using Github
2024-07-15 03:50:08 Success.
2024-07-15 03:50:08 Latest version is 1.6.5
2024-07-15 03:50:08 App is up to date.
2024-07-15 04:10:52 Loading updated app package /home/j/.config/obsidian/obsidian-1.6.5.asar
2024-07-15 04:10:52 Checking for update using Github
2024-07-15 04:10:52 Success.
2024-07-15 04:10:52 Latest version is 1.6.5
2024-07-15 04:10:52 App is up to date.
2024-07-15 04:16:56 Loading updated app package /home/j/.config/obsidian/obsidian-1.6.5.asar
2024-07-15 04:16:56 Checking for update using Github
2024-07-15 04:16:56 Success.
2024-07-15 04:16:56 Latest version is 1.6.5
2024-07-15 04:16:56 App is up to date.
2024-07-15 04:22:52 Loading updated app package /home/j/.config/obsidian/obsidian-1.6.5.asar
2024-07-15 04:22:52 Checking for update using Github
2024-07-15 04:22:52 Success.
2024-07-15 04:22:52 Latest version is 1.6.5
2024-07-15 04:22:52 App is up to date.
2024-07-16 02:19:20 Loading updated app package /home/j/.config/obsidian/obsidian-1.6.5.asar
2024-07-16 02:19:20 Checking for update using Github
2024-07-16 02:19:21 Success.
2024-07-16 02:19:21 Latest version is 1.6.5
2024-07-16 02:19:21 App is up to date.
2024-07-16 02:26:42 Loading updated app package /home/j/.config/obsidian/obsidian-1.6.5.asar
2024-07-16 02:26:42 Checking for update using Github
2024-07-16 02:26:42 Success.
2024-07-16 02:26:42 Latest version is 1.6.5
2024-07-16 02:26:42 App is up to date.
2024-07-19 03:26:46 Loading updated app package /home/j/.config/obsidian/obsidian-1.6.5.asar
2024-07-19 03:26:46 Checking for update using Github
2024-07-19 03:26:46 Success.
2024-07-19 03:26:46 Latest version is 1.6.7
2024-07-19 03:26:46 Downloading update from https://github.com/obsidianmd/obsidian-releases/releases/download/v1.6.7/obsidian-1.6.7.asar.gz
2024-07-19 03:26:47 Verifying hash & signature. Size= 7993245
2024-07-19 03:26:47 Saving file
2024-07-19 03:26:47 Update complete.
2024-07-19 03:27:41 Loading updated app package /home/j/.config/obsidian/obsidian-1.6.7.asar
2024-07-19 03:27:41 Checking for update using Github
2024-07-19 03:27:41 Success.
2024-07-19 03:27:41 Latest version is 1.6.7
2024-07-19 03:27:41 App is up to date.
2024-07-22 14:26:46 Loading updated app package /home/j/.config/obsidian/obsidian-1.6.7.asar
2024-07-22 14:26:47 Checking for update using Github
2024-07-22 14:26:47 Success.
2024-07-22 14:26:47 Latest version is 1.6.7
2024-07-22 14:26:47 App is up to date.
2024-07-22 15:26:47 Checking for update using Github
2024-07-22 15:26:47 Success.
2024-07-22 15:26:47 Latest version is 1.6.7
2024-07-22 15:26:47 App is up to date.
2024-07-22 15:45:31 Loading updated app package /home/j/.config/obsidian/obsidian-1.6.7.asar
2024-07-22 15:45:32 Checking for update using Github
2024-07-22 15:45:32 Success.
2024-07-22 15:45:32 Latest version is 1.6.7
2024-07-22 15:45:32 App is up to date.
2024-08-04 08:11:49 Loading updated app package /home/j/.config/obsidian/obsidian-1.6.7.asar
2024-08-04 08:11:49 Checking for update using Github
2024-08-04 08:11:49 Success.
2024-08-04 08:11:49 Latest version is 1.6.7
2024-08-04 08:11:49 App is up to date.
2024-08-04 09:11:49 Checking for update using Github
2024-08-04 09:11:49 Success.
2024-08-04 09:11:49 Latest version is 1.6.7
2024-08-04 09:11:49 App is up to date.
2024-08-04 10:11:49 Checking for update using Github
2024-08-04 10:11:49 Success.
2024-08-04 10:11:49 Latest version is 1.6.7
2024-08-04 10:11:49 App is up to date.
2024-08-04 11:11:49 Checking for update using Github
2024-08-04 11:11:49 Success.
2024-08-04 11:11:49 Latest version is 1.6.7
2024-08-04 11:11:49 App is up to date.
2024-08-04 12:11:49 Checking for update using Github
2024-08-04 12:11:49 Success.
2024-08-04 12:11:49 Latest version is 1.6.7
2024-08-04 12:11:49 App is up to date.
2024-08-04 13:11:49 Checking for update using Github
2024-08-04 13:11:49 Success.
2024-08-04 13:11:49 Latest version is 1.6.7
2024-08-04 13:11:49 App is up to date.
2024-08-04 14:11:49 Checking for update using Github
2024-08-04 14:11:49 Success.
2024-08-04 14:11:49 Latest version is 1.6.7
2024-08-04 14:11:49 App is up to date.
2024-08-04 15:16:18 Loading updated app package /home/j/.config/obsidian/obsidian-1.6.7.asar
2024-08-04 15:16:18 Checking for update using Github
2024-08-04 15:16:19 Success.
2024-08-04 15:16:19 Latest version is 1.6.7
2024-08-04 15:16:19 App is up to date.
2024-08-04 15:27:53 Loading updated app package /home/j/.config/obsidian/obsidian-1.6.7.asar
2024-08-04 15:27:53 Checking for update using Github
2024-08-04 15:27:53 Success.
2024-08-04 15:27:53 Latest version is 1.6.7
2024-08-04 15:27:53 App is up to date.
2024-08-04 15:51:16 Loading updated app package /home/j/.config/obsidian/obsidian-1.6.7.asar
2024-08-04 15:51:16 Checking for update using Github
2024-08-04 15:51:16 Success.
2024-08-04 15:51:16 Latest version is 1.6.7
2024-08-04 15:51:16 App is up to date.
2024-08-05 12:55:21 Loading updated app package /home/j/.config/obsidian/obsidian-1.6.7.asar
2024-08-05 12:55:22 Checking for update using Github
2024-08-05 12:55:22 Success.
2024-08-05 12:55:22 Latest version is 1.6.7
2024-08-05 12:55:22 App is up to date.
2024-08-05 13:55:21 Checking for update using Github
2024-08-05 13:55:21 Success.
2024-08-05 13:55:21 Latest version is 1.6.7
2024-08-05 13:55:21 App is up to date.
2024-08-05 14:55:21 Checking for update using Github
2024-08-05 14:55:21 Success.
2024-08-05 14:55:21 Latest version is 1.6.7
2024-08-05 14:55:21 App is up to date.
2024-08-05 15:06:13 Loading updated app package /home/j/.config/obsidian/obsidian-1.6.7.asar
2024-08-05 15:06:13 Checking for update using Github
2024-08-05 15:06:13 Success.
2024-08-05 15:06:13 Latest version is 1.6.7
2024-08-05 15:06:13 App is up to date.
2024-08-05 16:06:13 Checking for update using Github
2024-08-05 16:06:13 Success.
2024-08-05 16:06:13 Latest version is 1.6.7
2024-08-05 16:06:13 App is up to date.
2024-08-05 17:06:13 Checking for update using Github
2024-08-05 17:06:13 Success.
2024-08-05 17:06:13 Latest version is 1.6.7
2024-08-05 17:06:13 App is up to date.
2024-08-05 18:06:13 Checking for update using Github
2024-08-05 18:06:13 Success.
2024-08-05 18:06:13 Latest version is 1.6.7
2024-08-05 18:06:13 App is up to date.
2024-08-05 19:06:13 Checking for update using Github
2024-08-05 19:06:13 Success.
2024-08-05 19:06:13 Latest version is 1.6.7
2024-08-05 19:06:13 App is up to date.
2024-08-05 20:06:13 Checking for update using Github
2024-08-05 20:06:13 Success.
2024-08-05 20:06:13 Latest version is 1.6.7
2024-08-05 20:06:13 App is up to date.
2024-08-05 21:06:13 Checking for update using Github
2024-08-05 21:06:13 Success.
2024-08-05 21:06:13 Latest version is 1.6.7
2024-08-05 21:06:13 App is up to date.
2024-08-05 22:06:14 Checking for update using Github
2024-08-05 22:06:14 Success.
2024-08-05 22:06:14 Latest version is 1.6.7
2024-08-05 22:06:14 App is up to date.
2024-08-05 23:06:14 Checking for update using Github
2024-08-05 23:06:14 Success.
2024-08-05 23:06:14 Latest version is 1.6.7
2024-08-05 23:06:14 App is up to date.
2024-08-06 00:06:14 Checking for update using Github
2024-08-06 00:06:14 Success.
2024-08-06 00:06:14 Latest version is 1.6.7
2024-08-06 00:06:14 App is up to date.
2024-08-06 01:06:14 Checking for update using Github
2024-08-06 01:06:14 Success.
2024-08-06 01:06:14 Latest version is 1.6.7
2024-08-06 01:06:14 App is up to date.
2024-08-16 12:26:26 Loading updated app package /home/j/.config/obsidian/obsidian-1.6.7.asar
2024-08-16 12:26:27 Checking for update using Github
2024-08-16 12:26:27 Success.
2024-08-16 12:26:27 Latest version is 1.6.7
2024-08-16 12:26:27 App is up to date.
2024-08-16 13:26:26 Checking for update using Github
2024-08-16 13:26:26 Success.
2024-08-16 13:26:26 Latest version is 1.6.7
2024-08-16 13:26:26 App is up to date.
2024-08-17 12:02:05 Loading updated app package /home/j/.config/obsidian/obsidian-1.6.7.asar
2024-08-17 12:02:05 Checking for update using Github
2024-08-17 12:02:05 Success.
2024-08-17 12:02:05 Latest version is 1.6.7
2024-08-17 12:02:05 App is up to date.
2024-08-17 13:02:05 Checking for update using Github
2024-08-17 13:02:05 Success.
2024-08-17 13:02:05 Latest version is 1.6.7
2024-08-17 13:02:05 App is up to date.
2024-08-17 14:02:05 Checking for update using Github
2024-08-17 14:02:05 Success.
2024-08-17 14:02:05 Latest version is 1.6.7
2024-08-17 14:02:05 App is up to date.
2024-08-17 15:02:05 Checking for update using Github
2024-08-17 15:02:05 Success.
2024-08-17 15:02:05 Latest version is 1.6.7
2024-08-17 15:02:05 App is up to date.
2024-08-17 16:02:05 Checking for update using Github
2024-08-17 16:02:05 Success.
2024-08-17 16:02:05 Latest version is 1.6.7
2024-08-17 16:02:05 App is up to date.
2024-08-17 17:02:05 Checking for update using Github
2024-08-17 17:02:05 Success.
2024-08-17 17:02:05 Latest version is 1.6.7
2024-08-17 17:02:05 App is up to date.
2024-08-17 18:02:05 Checking for update using Github
2024-08-17 18:02:05 Success.
2024-08-17 18:02:05 Latest version is 1.6.7
2024-08-17 18:02:05 App is up to date.
2024-08-17 19:02:05 Checking for update using Github
2024-08-17 19:02:05 Success.
2024-08-17 19:02:05 Latest version is 1.6.7
2024-08-17 19:02:05 App is up to date.
2024-08-17 20:02:05 Checking for update using Github
2024-08-17 20:02:05 Success.
2024-08-17 20:02:05 Latest version is 1.6.7
2024-08-17 20:02:05 App is up to date.
2024-08-17 21:02:05 Checking for update using Github
2024-08-17 21:02:05 Success.
2024-08-17 21:02:05 Latest version is 1.6.7
2024-08-17 21:02:05 App is up to date.
2024-08-17 22:02:05 Checking for update using Github
2024-08-17 22:02:05 Success.
2024-08-17 22:02:05 Latest version is 1.6.7
2024-08-17 22:02:05 App is up to date.
2024-08-17 23:02:05 Checking for update using Github
2024-08-17 23:02:05 Success.
2024-08-17 23:02:05 Latest version is 1.6.7
2024-08-17 23:02:05 App is up to date.
2024-08-18 00:02:05 Checking for update using Github
2024-08-18 00:02:05 Success.
2024-08-18 00:02:05 Latest version is 1.6.7
2024-08-18 00:02:05 App is up to date.
2024-08-18 01:02:05 Checking for update using Github
2024-08-18 01:02:05 Success.
2024-08-18 01:02:05 Latest version is 1.6.7
2024-08-18 01:02:05 App is up to date.
2024-08-18 02:02:05 Checking for update using Github
2024-08-18 02:02:06 Success.
2024-08-18 02:02:06 Latest version is 1.6.7
2024-08-18 02:02:06 App is up to date.
2024-08-18 03:02:06 Checking for update using Github
2024-08-18 03:02:06 Success.
2024-08-18 03:02:06 Latest version is 1.6.7
2024-08-18 03:02:06 App is up to date.
2024-08-18 04:02:06 Checking for update using Github
2024-08-18 04:02:06 Success.
2024-08-18 04:02:06 Latest version is 1.6.7
2024-08-18 04:02:06 App is up to date.
2024-08-18 05:02:06 Checking for update using Github
2024-08-18 05:02:06 Success.
2024-08-18 05:02:06 Latest version is 1.6.7
2024-08-18 05:02:06 App is up to date.
2024-08-18 06:02:06 Checking for update using Github
2024-08-18 06:02:06 Success.
2024-08-18 06:02:06 Latest version is 1.6.7
2024-08-18 06:02:06 App is up to date.
2024-08-18 07:02:06 Checking for update using Github
2024-08-18 07:02:06 Success.
2024-08-18 07:02:06 Latest version is 1.6.7
2024-08-18 07:02:06 App is up to date.
2024-08-18 08:02:06 Checking for update using Github
2024-08-18 08:02:06 Success.
2024-08-18 08:02:06 Latest version is 1.6.7
2024-08-18 08:02:06 App is up to date.
2024-08-18 09:02:06 Checking for update using Github
2024-08-18 09:02:06 Success.
2024-08-18 09:02:06 Latest version is 1.6.7
2024-08-18 09:02:06 App is up to date.
2024-08-18 10:02:06 Checking for update using Github
2024-08-18 10:02:06 Success.
2024-08-18 10:02:06 Latest version is 1.6.7
2024-08-18 10:02:06 App is up to date.
2024-08-18 11:02:06 Checking for update using Github
2024-08-18 11:02:06 Success.
2024-08-18 11:02:06 Latest version is 1.6.7
2024-08-18 11:02:06 App is up to date.
2024-08-18 12:02:06 Checking for update using Github
2024-08-18 12:02:06 Success.
2024-08-18 12:02:06 Latest version is 1.6.7
2024-08-18 12:02:06 App is up to date.
2024-08-18 13:02:06 Checking for update using Github
2024-08-18 13:02:06 Success.
2024-08-18 13:02:06 Latest version is 1.6.7
2024-08-18 13:02:06 App is up to date.
2024-08-18 17:27:06 Loading updated app package /home/j/.config/obsidian/obsidian-1.6.7.asar
2024-08-18 17:27:06 Checking for update using Github
2024-08-18 17:27:06 Success.
2024-08-18 17:27:06 Latest version is 1.6.7
2024-08-18 17:27:06 App is up to date.
2024-08-29 03:06:07 Loading updated app package /home/j/.config/obsidian/obsidian-1.6.7.asar
2024-08-29 03:06:07 Checking for update using Github
2024-08-29 03:06:07 Success.
2024-08-29 03:06:07 Latest version is 1.6.7
2024-08-29 03:06:07 App is up to date.
2024-08-29 03:24:17 Loading updated app package /home/j/.config/obsidian/obsidian-1.6.7.asar
2024-08-29 03:24:18 Checking for update using Github
2024-08-29 03:24:18 Success.
2024-08-29 03:24:18 Latest version is 1.6.7
2024-08-29 03:24:18 App is up to date.
2024-08-29 03:37:31 Loading updated app package /home/j/.config/obsidian/obsidian-1.6.7.asar
2024-08-29 03:37:31 Checking for update using Github
2024-08-29 03:37:31 Success.
2024-08-29 03:37:31 Latest version is 1.6.7
2024-08-29 03:37:31 App is up to date.
2024-08-29 04:37:31 Checking for update using Github
2024-08-29 04:37:31 Success.
2024-08-29 04:37:31 Latest version is 1.6.7
2024-08-29 04:37:31 App is up to date.
2024-08-29 04:45:38 Loading updated app package /home/j/.config/obsidian/obsidian-1.6.7.asar
2024-08-29 04:45:38 Checking for update using Github
2024-08-29 04:45:38 Success.
2024-08-29 04:45:38 Latest version is 1.6.7
2024-08-29 04:45:38 App is up to date.
2024-08-29 04:45:47 Loading updated app package /home/j/.config/obsidian/obsidian-1.6.7.asar
2024-08-29 04:45:47 Checking for update using Github
2024-08-29 04:45:47 Success.
2024-08-29 04:45:47 Latest version is 1.6.7
2024-08-29 04:45:47 App is up to date.
2024-08-29 04:46:34 Loading updated app package /home/j/.config/obsidian/obsidian-1.6.7.asar
2024-08-29 04:46:34 Checking for update using Github
2024-08-29 04:46:34 Success.
2024-08-29 04:46:34 Latest version is 1.6.7
2024-08-29 04:46:34 App is up to date.
2024-08-29 04:49:34 Loading updated app package /home/j/.config/obsidian/obsidian-1.6.7.asar
2024-08-29 04:49:34 Checking for update using Github
2024-08-29 04:49:34 Success.
2024-08-29 04:49:34 Latest version is 1.6.7
2024-08-29 04:49:34 App is up to date.
2024-08-29 05:49:34 Checking for update using Github
2024-08-29 05:49:34 Success.
2024-08-29 05:49:34 Latest version is 1.6.7
2024-08-29 05:49:34 App is up to date.
2024-08-29 06:49:34 Checking for update using Github
2024-08-29 06:49:34 Success.
2024-08-29 06:49:34 Latest version is 1.6.7
2024-08-29 06:49:34 App is up to date.
2024-08-29 07:49:34 Checking for update using Github
2024-08-29 07:49:34 Success.
2024-08-29 07:49:34 Latest version is 1.6.7
2024-08-29 07:49:34 App is up to date.
2024-08-29 08:49:34 Checking for update using Github
2024-08-29 08:49:34 Success.
2024-08-29 08:49:34 Latest version is 1.6.7
2024-08-29 08:49:34 App is up to date.
2024-08-29 09:49:34 Checking for update using Github
2024-08-29 09:49:34 Success.
2024-08-29 09:49:34 Latest version is 1.6.7
2024-08-29 09:49:34 App is up to date.
2024-08-29 10:08:58 Loading updated app package /home/j/.config/obsidian/obsidian-1.6.7.asar
2024-08-29 10:08:58 Checking for update using Github
2024-08-29 10:08:59 Success.
2024-08-29 10:08:59 Latest version is 1.6.7
2024-08-29 10:08:59 App is up to date.
2024-08-29 11:08:58 Checking for update using Github
2024-08-29 11:08:58 Success.
2024-08-29 11:08:58 Latest version is 1.6.7
2024-08-29 11:08:58 App is up to date.
2024-08-29 11:13:36 Loading updated app package /home/j/.config/obsidian/obsidian-1.6.7.asar
2024-08-29 11:13:36 Checking for update using Github
2024-08-29 12:08:58 Checking for update using Github
2024-08-29 12:08:58 Success.
2024-08-29 12:08:58 Latest version is 1.6.7
2024-08-29 12:08:58 App is up to date.
2024-08-29 13:08:59 Checking for update using Github
2024-08-29 13:08:59 Success.
2024-08-29 13:08:59 Latest version is 1.6.7
2024-08-29 13:08:59 App is up to date.
2024-08-29 14:08:59 Checking for update using Github
2024-08-29 14:08:59 Success.
2024-08-29 14:08:59 Latest version is 1.6.7
2024-08-29 14:08:59 App is up to date.
2024-08-29 15:08:59 Checking for update using Github
2024-08-29 15:08:59 Success.
2024-08-29 15:08:59 Latest version is 1.6.7
2024-08-29 15:08:59 App is up to date.
2024-08-29 16:08:59 Checking for update using Github
2024-08-29 16:08:59 Success.
2024-08-29 16:08:59 Latest version is 1.6.7
2024-08-29 16:08:59 App is up to date.
2024-08-29 17:08:59 Checking for update using Github
2024-08-29 17:08:59 Success.
2024-08-29 17:08:59 Latest version is 1.6.7
2024-08-29 17:08:59 App is up to date.
2024-08-29 18:08:59 Checking for update using Github
2024-08-29 18:08:59 Success.
2024-08-29 18:08:59 Latest version is 1.6.7
2024-08-29 18:08:59 App is up to date.
2024-08-29 19:08:59 Checking for update using Github
2024-08-29 19:08:59 Success.
2024-08-29 19:08:59 Latest version is 1.6.7
2024-08-29 19:08:59 App is up to date.
2024-08-29 20:08:59 Checking for update using Github
2024-08-29 20:08:59 Success.
2024-08-29 20:08:59 Latest version is 1.6.7
2024-08-29 20:08:59 App is up to date.
2024-08-29 21:08:59 Checking for update using Github
2024-08-29 21:08:59 Success.
2024-08-29 21:08:59 Latest version is 1.6.7
2024-08-29 21:08:59 App is up to date.
2024-08-29 22:08:59 Checking for update using Github
2024-08-29 22:08:59 Success.
2024-08-29 22:08:59 Latest version is 1.6.7
2024-08-29 22:08:59 App is up to date.
2024-08-29 23:08:59 Checking for update using Github
2024-08-29 23:08:59 Success.
2024-08-29 23:08:59 Latest version is 1.6.7
2024-08-29 23:08:59 App is up to date.
2024-08-30 00:08:59 Checking for update using Github
2024-08-30 00:08:59 Success.
2024-08-30 00:08:59 Latest version is 1.6.7
2024-08-30 00:08:59 App is up to date.
2024-08-30 01:08:59 Checking for update using Github
2024-08-30 01:08:59 Success.
2024-08-30 01:08:59 Latest version is 1.6.7
2024-08-30 01:08:59 App is up to date.
2024-08-30 02:08:59 Checking for update using Github
2024-08-30 02:08:59 Success.
2024-08-30 02:08:59 Latest version is 1.6.7
2024-08-30 02:08:59 App is up to date.
2024-08-30 04:23:09 Loading updated app package /home/j/.config/obsidian/obsidian-1.6.7.asar
2024-08-30 04:23:10 Checking for update using Github
2024-08-30 04:23:10 Success.
2024-08-30 04:23:10 Latest version is 1.6.7
2024-08-30 04:23:10 App is up to date.
2024-08-30 05:23:09 Checking for update using Github
2024-08-30 05:23:10 Success.
2024-08-30 05:23:10 Latest version is 1.6.7
2024-08-30 05:23:10 App is up to date.
2024-08-30 14:13:50 Loading updated app package /home/j/.config/obsidian/obsidian-1.6.7.asar
2024-08-30 14:13:50 Checking for update using Github
2024-08-30 14:13:50 Success.
2024-08-30 14:13:50 Latest version is 1.6.7
2024-08-30 14:13:50 App is up to date.
2024-08-30 15:13:50 Checking for update using Github
2024-08-30 15:13:50 Success.
2024-08-30 15:13:50 Latest version is 1.6.7
2024-08-30 15:13:50 App is up to date.
2024-08-30 16:13:50 Checking for update using Github
2024-08-30 16:13:50 Success.
2024-08-30 16:13:50 Latest version is 1.6.7
2024-08-30 16:13:50 App is up to date.
2024-08-30 17:13:50 Checking for update using Github
2024-08-30 17:13:50 Success.
2024-08-30 17:13:50 Latest version is 1.6.7
2024-08-30 17:13:50 App is up to date.
2024-08-30 18:13:50 Checking for update using Github
2024-08-30 18:13:50 Success.
2024-08-30 18:13:50 Latest version is 1.6.7
2024-08-30 18:13:50 App is up to date.
2024-08-30 19:13:50 Checking for update using Github
2024-08-30 19:13:50 Success.
2024-08-30 19:13:50 Latest version is 1.6.7
2024-08-30 19:13:50 App is up to date.
2024-08-30 20:13:50 Checking for update using Github
2024-08-30 20:13:50 Success.
2024-08-30 20:13:50 Latest version is 1.6.7
2024-08-30 20:13:50 App is up to date.
2024-08-30 21:13:50 Checking for update using Github
2024-08-30 21:13:50 Success.
2024-08-30 21:13:50 Latest version is 1.6.7
2024-08-30 21:13:50 App is up to date.
2024-08-30 22:13:50 Checking for update using Github
2024-08-30 22:13:50 Success.
2024-08-30 22:13:50 Latest version is 1.6.7
2024-08-30 22:13:50 App is up to date.
2024-08-30 23:13:50 Checking for update using Github
2024-08-30 23:13:50 Success.
2024-08-30 23:13:50 Latest version is 1.6.7
2024-08-30 23:13:50 App is up to date.
2024-08-31 00:13:50 Checking for update using Github
2024-08-31 00:13:50 Success.
2024-08-31 00:13:50 Latest version is 1.6.7
2024-08-31 00:13:50 App is up to date.
2024-08-31 01:13:50 Checking for update using Github
2024-08-31 01:13:50 Success.
2024-08-31 01:13:50 Latest version is 1.6.7
2024-08-31 01:13:50 App is up to date.
2024-08-31 02:13:50 Checking for update using Github
2024-08-31 02:13:50 Success.
2024-08-31 02:13:50 Latest version is 1.6.7
2024-08-31 02:13:50 App is up to date.
2024-08-31 03:13:50 Checking for update using Github
2024-08-31 03:13:50 Success.
2024-08-31 03:13:50 Latest version is 1.6.7
2024-08-31 03:13:50 App is up to date.
2024-08-31 17:02:46 Loading updated app package /home/j/.config/obsidian/obsidian-1.6.7.asar
2024-08-31 17:02:46 Checking for update using Github
2024-08-31 17:02:46 Success.
2024-08-31 17:02:46 Latest version is 1.6.7
2024-08-31 17:02:46 App is up to date.
2024-09-01 14:13:09 Loading updated app package /home/j/.config/obsidian/obsidian-1.6.7.asar
2024-09-01 14:13:09 Checking for update using Github
2024-09-01 14:13:09 Success.
2024-09-01 14:13:09 Latest version is 1.6.7
2024-09-01 14:13:09 App is up to date.
2024-09-01 15:13:09 Checking for update using Github
2024-09-01 15:13:09 Success.
2024-09-01 15:13:09 Latest version is 1.6.7
2024-09-01 15:13:09 App is up to date.
2024-09-01 16:13:09 Checking for update using Github
2024-09-01 16:13:09 Success.
2024-09-01 16:13:09 Latest version is 1.6.7
2024-09-01 16:13:09 App is up to date.
2024-09-02 12:36:16 Loading updated app package /home/j/.config/obsidian/obsidian-1.6.7.asar
2024-09-02 12:36:16 Checking for update using Github
2024-09-02 12:36:16 Success.
2024-09-02 12:36:16 Latest version is 1.6.7
2024-09-02 12:36:16 App is up to date.
2024-09-02 15:41:37 Loading updated app package /home/j/.config/obsidian/obsidian-1.6.7.asar
2024-09-02 15:41:37 Checking for update using Github
2024-09-02 15:41:37 Success.
2024-09-02 15:41:37 Latest version is 1.6.7
2024-09-02 15:41:37 App is up to date.
2024-09-02 16:41:37 Checking for update using Github
2024-09-02 16:41:37 Success.
2024-09-02 16:41:37 Latest version is 1.6.7
2024-09-02 16:41:37 App is up to date.
2024-09-02 17:41:37 Checking for update using Github
2024-09-02 17:41:37 Success.
2024-09-02 17:41:37 Latest version is 1.6.7
2024-09-02 17:41:37 App is up to date.
2024-09-02 18:41:37 Checking for update using Github
2024-09-02 18:41:37 Success.
2024-09-02 18:41:37 Latest version is 1.6.7
2024-09-02 18:41:37 App is up to date.
2024-09-02 19:41:37 Checking for update using Github
2024-09-02 19:41:37 Success.
2024-09-02 19:41:37 Latest version is 1.6.7
2024-09-02 19:41:37 App is up to date.
2024-09-02 20:41:37 Checking for update using Github
2024-09-02 20:41:37 Success.
2024-09-02 20:41:37 Latest version is 1.6.7
2024-09-02 20:41:37 App is up to date.
2024-09-02 21:41:37 Checking for update using Github
2024-09-02 21:41:37 Success.
2024-09-02 21:41:37 Latest version is 1.6.7
2024-09-02 21:41:37 App is up to date.
2024-09-02 22:41:37 Checking for update using Github
2024-09-02 22:41:37 Success.
2024-09-02 22:41:37 Latest version is 1.6.7
2024-09-02 22:41:37 App is up to date.
2024-09-02 23:41:37 Checking for update using Github
2024-09-02 23:41:37 Success.
2024-09-02 23:41:37 Latest version is 1.6.7
2024-09-02 23:41:37 App is up to date.
2024-09-03 00:41:37 Checking for update using Github
2024-09-03 00:41:37 Success.
2024-09-03 00:41:37 Latest version is 1.6.7
2024-09-03 00:41:37 App is up to date.
2024-09-03 05:46:25 Loading updated app package /home/j/.config/obsidian/obsidian-1.6.7.asar
2024-09-03 05:46:25 Checking for update using Github
2024-09-03 05:46:25 Success.
2024-09-03 05:46:25 Latest version is 1.6.7
2024-09-03 05:46:25 App is up to date.
2024-09-03 06:46:25 Checking for update using Github
2024-09-03 06:46:25 Success.
2024-09-03 06:46:25 Latest version is 1.6.7
2024-09-03 06:46:25 App is up to date.
2024-09-03 07:46:25 Checking for update using Github
2024-09-03 07:46:25 Success.
2024-09-03 07:46:25 Latest version is 1.6.7
2024-09-03 07:46:25 App is up to date.
2024-09-03 08:46:25 Checking for update using Github
2024-09-03 08:46:25 Success.
2024-09-03 08:46:25 Latest version is 1.6.7
2024-09-03 08:46:25 App is up to date.
2024-09-03 09:46:25 Checking for update using Github
2024-09-03 09:46:25 Success.
2024-09-03 09:46:25 Latest version is 1.6.7
2024-09-03 09:46:25 App is up to date.
2024-09-03 10:46:25 Checking for update using Github
2024-09-03 10:46:25 Success.
2024-09-03 10:46:25 Latest version is 1.6.7
2024-09-03 10:46:25 App is up to date.
2024-09-03 11:46:25 Checking for update using Github
2024-09-03 11:46:25 Success.
2024-09-03 11:46:25 Latest version is 1.6.7
2024-09-03 11:46:25 App is up to date.
2024-09-03 12:46:25 Checking for update using Github
2024-09-03 12:46:25 Success.
2024-09-03 12:46:25 Latest version is 1.6.7
2024-09-03 12:46:25 App is up to date.
2024-09-03 13:46:25 Checking for update using Github
2024-09-03 13:46:25 Success.
2024-09-03 13:46:25 Latest version is 1.6.7
2024-09-03 13:46:25 App is up to date.
2024-09-03 14:46:25 Checking for update using Github
2024-09-03 14:46:25 Success.
2024-09-03 14:46:25 Latest version is 1.6.7
2024-09-03 14:46:25 App is up to date.
2024-09-03 15:46:25 Checking for update using Github
2024-09-03 15:46:25 Success.
2024-09-03 15:46:25 Latest version is 1.6.7
2024-09-03 15:46:25 App is up to date.
2024-09-03 16:46:25 Checking for update using Github
2024-09-03 16:46:25 Success.
2024-09-03 16:46:25 Latest version is 1.6.7
2024-09-03 16:46:25 App is up to date.
2024-09-03 17:46:25 Checking for update using Github
2024-09-03 17:46:25 Success.
2024-09-03 17:46:25 Latest version is 1.6.7
2024-09-03 17:46:25 App is up to date.
2024-09-03 18:46:25 Checking for update using Github
2024-09-03 18:46:25 Success.
2024-09-03 18:46:25 Latest version is 1.6.7
2024-09-03 18:46:25 App is up to date.
2024-09-03 19:46:25 Checking for update using Github
2024-09-03 19:46:25 Success.
2024-09-03 19:46:25 Latest version is 1.6.7
2024-09-03 19:46:25 App is up to date.
2024-09-03 20:46:25 Checking for update using Github
2024-09-03 20:46:25 Success.
2024-09-03 20:46:25 Latest version is 1.6.7
2024-09-03 20:46:25 App is up to date.
2024-09-03 21:46:25 Checking for update using Github
2024-09-03 21:46:25 Success.
2024-09-03 21:46:25 Latest version is 1.6.7
2024-09-03 21:46:25 App is up to date.
2024-09-03 22:46:25 Checking for update using Github
2024-09-03 22:46:26 Success.
2024-09-03 22:46:26 Latest version is 1.6.7
2024-09-03 22:46:26 App is up to date.
2024-09-03 23:46:26 Checking for update using Github
2024-09-03 23:46:26 Success.
2024-09-03 23:46:26 Latest version is 1.6.7
2024-09-03 23:46:26 App is up to date.
2024-09-04 00:46:26 Checking for update using Github
2024-09-04 00:46:26 Success.
2024-09-04 00:46:26 Latest version is 1.6.7
2024-09-04 00:46:26 App is up to date.
2024-09-04 01:46:26 Checking for update using Github
2024-09-04 01:46:26 Success.
2024-09-04 01:46:26 Latest version is 1.6.7
2024-09-04 01:46:26 App is up to date.
2024-09-04 02:46:26 Checking for update using Github
2024-09-04 02:46:26 Success.
2024-09-04 02:46:26 Latest version is 1.6.7
2024-09-04 02:46:26 App is up to date.
2024-09-04 03:46:26 Checking for update using Github
2024-09-04 03:46:26 Success.
2024-09-04 03:46:26 Latest version is 1.6.7
2024-09-04 03:46:26 App is up to date.
2024-09-04 04:46:26 Checking for update using Github
2024-09-04 04:46:26 Success.
2024-09-04 04:46:26 Latest version is 1.6.7
2024-09-04 04:46:26 App is up to date.
2024-09-04 05:46:26 Checking for update using Github
2024-09-04 05:46:26 Success.
2024-09-04 05:46:26 Latest version is 1.6.7
2024-09-04 05:46:26 App is up to date.
2024-09-04 06:46:26 Checking for update using Github
2024-09-04 06:46:26 Success.
2024-09-04 06:46:26 Latest version is 1.6.7
2024-09-04 06:46:26 App is up to date.
2024-09-04 07:46:26 Checking for update using Github
2024-09-04 07:46:26 Success.
2024-09-04 07:46:26 Latest version is 1.6.7
2024-09-04 07:46:26 App is up to date.
2024-09-04 08:46:26 Checking for update using Github
2024-09-04 08:46:26 Success.
2024-09-04 08:46:26 Latest version is 1.6.7
2024-09-04 08:46:26 App is up to date.
2024-09-04 09:46:26 Checking for update using Github
2024-09-04 09:46:26 Success.
2024-09-04 09:46:26 Latest version is 1.6.7
2024-09-04 09:46:26 App is up to date.
2024-09-04 10:46:26 Checking for update using Github
2024-09-04 10:46:26 Success.
2024-09-04 10:46:26 Latest version is 1.6.7
2024-09-04 10:46:26 App is up to date.
2024-09-04 11:46:26 Checking for update using Github
2024-09-04 11:46:26 Success.
2024-09-04 11:46:26 Latest version is 1.6.7
2024-09-04 11:46:26 App is up to date.
2024-09-04 12:46:26 Checking for update using Github
2024-09-04 12:46:26 Success.
2024-09-04 12:46:26 Latest version is 1.6.7
2024-09-04 12:46:26 App is up to date.
2024-09-04 13:46:26 Checking for update using Github
2024-09-04 13:46:26 Success.
2024-09-04 13:46:26 Latest version is 1.6.7
2024-09-04 13:46:26 App is up to date.
2024-09-04 14:46:26 Checking for update using Github
2024-09-04 14:46:26 Success.
2024-09-04 14:46:26 Latest version is 1.6.7
2024-09-04 14:46:26 App is up to date.
2024-09-05 04:25:40 Loading updated app package /home/j/.config/obsidian/obsidian-1.6.7.asar
2024-09-05 04:25:40 Checking for update using Github
2024-09-05 04:25:40 Success.
2024-09-05 04:25:40 Latest version is 1.6.7
2024-09-05 04:25:40 App is up to date.
2024-09-05 05:25:40 Checking for update using Github
2024-09-05 05:25:40 Success.
2024-09-05 05:25:40 Latest version is 1.6.7
2024-09-05 05:25:40 App is up to date.
2024-09-05 06:25:40 Checking for update using Github
2024-09-05 06:25:40 Success.
2024-09-05 06:25:40 Latest version is 1.6.7
2024-09-05 06:25:40 App is up to date.
2024-09-05 07:25:40 Checking for update using Github
2024-09-05 07:25:40 Success.
2024-09-05 07:25:40 Latest version is 1.6.7
2024-09-05 07:25:40 App is up to date.
2024-09-05 08:25:40 Checking for update using Github
2024-09-05 08:25:40 Success.
2024-09-05 08:25:40 Latest version is 1.6.7
2024-09-05 08:25:40 App is up to date.
2024-09-05 09:25:40 Checking for update using Github
2024-09-05 09:25:40 Success.
2024-09-05 09:25:40 Latest version is 1.6.7
2024-09-05 09:25:40 App is up to date.
2024-09-05 10:25:40 Checking for update using Github
2024-09-05 10:25:40 Success.
2024-09-05 10:25:40 Latest version is 1.6.7
2024-09-05 10:25:40 App is up to date.
2024-09-05 15:00:10 Loading updated app package /home/j/.config/obsidian/obsidian-1.6.7.asar
2024-09-05 15:00:10 Checking for update using Github
2024-09-05 15:00:10 Success.
2024-09-05 15:00:10 Latest version is 1.6.7
2024-09-05 15:00:10 App is up to date.
2024-09-05 16:00:10 Checking for update using Github
2024-09-05 16:00:10 Success.
2024-09-05 16:00:10 Latest version is 1.6.7
2024-09-05 16:00:10 App is up to date.
2024-09-05 17:00:10 Checking for update using Github
2024-09-05 17:00:10 Success.
2024-09-05 17:00:10 Latest version is 1.6.7
2024-09-05 17:00:10 App is up to date.
2024-09-05 18:00:10 Checking for update using Github
2024-09-05 18:00:10 Success.
2024-09-05 18:00:10 Latest version is 1.6.7
2024-09-05 18:00:10 App is up to date.
2024-09-08 23:36:07 Loading updated app package /home/j/.config/obsidian/obsidian-1.6.7.asar
2024-09-08 23:36:07 Checking for update using Github
2024-09-08 23:36:07 Success.
2024-09-08 23:36:07 Latest version is 1.6.7
2024-09-08 23:36:07 App is up to date.
2024-09-09 00:36:07 Checking for update using Github
2024-09-09 00:36:07 Success.
2024-09-09 00:36:07 Latest version is 1.6.7
2024-09-09 00:36:07 App is up to date.
2024-09-09 00:42:47 Loading updated app package /home/j/.config/obsidian/obsidian-1.6.7.asar
2024-09-09 00:42:47 Checking for update using Github
2024-09-09 00:42:47 Success.
2024-09-09 00:42:47 Latest version is 1.6.7
2024-09-09 00:42:47 App is up to date.
2024-09-09 01:42:47 Checking for update using Github
2024-09-09 01:42:47 Success.
2024-09-09 01:42:47 Latest version is 1.6.7
2024-09-09 01:42:47 App is up to date.
2024-09-09 02:42:47 Checking for update using Github
2024-09-09 02:42:47 Success.
2024-09-09 02:42:47 Latest version is 1.6.7
2024-09-09 02:42:47 App is up to date.
2024-09-09 03:42:47 Checking for update using Github
2024-09-09 03:42:47 Success.
2024-09-09 03:42:47 Latest version is 1.6.7
2024-09-09 03:42:47 App is up to date.
2024-09-09 04:42:47 Checking for update using Github
2024-09-09 04:42:47 Success.
2024-09-09 04:42:47 Latest version is 1.6.7
2024-09-09 04:42:47 App is up to date.
2024-09-09 05:42:47 Checking for update using Github
2024-09-09 05:42:47 Success.
2024-09-09 05:42:47 Latest version is 1.6.7
2024-09-09 05:42:47 App is up to date.
2024-09-09 06:42:47 Checking for update using Github
2024-09-09 06:42:47 Success.
2024-09-09 06:42:47 Latest version is 1.6.7
2024-09-09 06:42:47 App is up to date.
2024-09-09 07:42:47 Checking for update using Github
2024-09-09 07:42:47 Success.
2024-09-09 07:42:47 Latest version is 1.6.7
2024-09-09 07:42:47 App is up to date.
2024-09-09 08:42:47 Checking for update using Github
2024-09-09 08:42:47 Success.
2024-09-09 08:42:47 Latest version is 1.6.7
2024-09-09 08:42:47 App is up to date.
2024-09-09 09:42:47 Checking for update using Github
2024-09-09 09:42:47 Success.
2024-09-09 09:42:47 Latest version is 1.6.7
2024-09-09 09:42:47 App is up to date.
2024-09-09 10:42:47 Checking for update using Github
2024-09-09 10:42:47 Success.
2024-09-09 10:42:47 Latest version is 1.6.7
2024-09-09 10:42:47 App is up to date.
2024-09-09 11:42:47 Checking for update using Github
2024-09-09 11:42:47 Success.
2024-09-09 11:42:47 Latest version is 1.6.7
2024-09-09 11:42:47 App is up to date.
2024-09-09 12:42:47 Checking for update using Github
2024-09-09 12:42:47 Success.
2024-09-09 12:42:47 Latest version is 1.6.7
2024-09-09 12:42:47 App is up to date.
2024-09-09 13:42:47 Checking for update using Github
2024-09-09 13:42:47 Success.
2024-09-09 13:42:47 Latest version is 1.6.7
2024-09-09 13:42:47 App is up to date.
2024-09-09 14:42:47 Checking for update using Github
2024-09-09 14:42:47 Success.
2024-09-09 14:42:47 Latest version is 1.6.7
2024-09-09 14:42:47 App is up to date.
2024-09-09 15:42:47 Checking for update using Github
2024-09-09 15:42:47 Success.
2024-09-09 15:42:47 Latest version is 1.6.7
2024-09-09 15:42:47 App is up to date.
2024-09-09 16:42:47 Checking for update using Github
2024-09-09 16:42:47 Success.
2024-09-09 16:42:47 Latest version is 1.6.7
2024-09-09 16:42:47 App is up to date.
2024-09-09 17:42:47 Checking for update using Github
2024-09-09 17:42:47 Success.
2024-09-09 17:42:47 Latest version is 1.6.7
2024-09-09 17:42:47 App is up to date.
2024-09-09 18:42:47 Checking for update using Github
2024-09-09 18:42:47 Success.
2024-09-09 18:42:47 Latest version is 1.6.7
2024-09-09 18:42:47 App is up to date.
2024-09-09 19:42:47 Checking for update using Github
2024-09-09 19:42:47 Success.
2024-09-09 19:42:47 Latest version is 1.6.7
2024-09-09 19:42:47 App is up to date.
2024-09-09 20:42:47 Checking for update using Github
2024-09-09 20:42:47 Success.
2024-09-09 20:42:47 Latest version is 1.6.7
2024-09-09 20:42:47 App is up to date.
2024-09-09 21:42:47 Checking for update using Github
2024-09-09 21:42:47 Success.
2024-09-09 21:42:47 Latest version is 1.6.7
2024-09-09 21:42:47 App is up to date.
2024-09-09 22:42:47 Checking for update using Github
2024-09-09 22:42:47 Success.
2024-09-09 22:42:47 Latest version is 1.6.7
2024-09-09 22:42:47 App is up to date.
2024-09-09 23:42:47 Checking for update using Github
2024-09-09 23:42:48 Success.
2024-09-09 23:42:48 Latest version is 1.6.7
2024-09-09 23:42:48 App is up to date.
2024-09-10 00:42:47 Checking for update using Github
2024-09-10 00:42:48 Success.
2024-09-10 00:42:48 Latest version is 1.6.7
2024-09-10 00:42:48 App is up to date.
2024-09-10 01:42:47 Checking for update using Github
2024-09-10 01:42:48 Success.
2024-09-10 01:42:48 Latest version is 1.6.7
2024-09-10 01:42:48 App is up to date.
2024-09-10 02:15:54 Loading updated app package /home/j/.config/obsidian/obsidian-1.6.7.asar
2024-09-10 02:15:54 Checking for update using Github
2024-09-10 02:15:54 Success.
2024-09-10 02:15:54 Latest version is 1.6.7
2024-09-10 02:15:54 App is up to date.
2024-09-10 03:15:54 Checking for update using Github
2024-09-10 03:15:54 Success.
2024-09-10 03:15:54 Latest version is 1.6.7
2024-09-10 03:15:54 App is up to date.
2024-09-10 04:15:54 Checking for update using Github
2024-09-10 04:15:54 Success.
2024-09-10 04:15:54 Latest version is 1.6.7
2024-09-10 04:15:54 App is up to date.
2024-09-10 05:15:54 Checking for update using Github
2024-09-10 05:15:54 Success.
2024-09-10 05:15:54 Latest version is 1.6.7
2024-09-10 05:15:54 App is up to date.
2024-09-10 06:15:54 Checking for update using Github
2024-09-10 06:15:54 Success.
2024-09-10 06:15:54 Latest version is 1.6.7
2024-09-10 06:15:54 App is up to date.
2024-09-10 07:15:54 Checking for update using Github
2024-09-10 07:15:54 Success.
2024-09-10 07:15:54 Latest version is 1.6.7
2024-09-10 07:15:54 App is up to date.
2024-09-10 08:15:54 Checking for update using Github
2024-09-10 08:15:54 Success.
2024-09-10 08:15:54 Latest version is 1.6.7
2024-09-10 08:15:54 App is up to date.
2024-09-10 09:15:54 Checking for update using Github
2024-09-10 09:15:54 Success.
2024-09-10 09:15:54 Latest version is 1.6.7
2024-09-10 09:15:54 App is up to date.
2024-09-10 10:15:54 Checking for update using Github
2024-09-10 10:15:54 Success.
2024-09-10 10:15:54 Latest version is 1.6.7
2024-09-10 10:15:54 App is up to date.
2024-09-10 11:15:54 Checking for update using Github
2024-09-10 11:15:54 Success.
2024-09-10 11:15:54 Latest version is 1.6.7
2024-09-10 11:15:54 App is up to date.
2024-09-10 12:15:54 Checking for update using Github
2024-09-10 12:15:55 Success.
2024-09-10 12:15:55 Latest version is 1.6.7
2024-09-10 12:15:55 App is up to date.
2024-09-10 13:15:54 Checking for update using Github
2024-09-10 13:15:55 Success.
2024-09-10 13:15:55 Latest version is 1.6.7
2024-09-10 13:15:55 App is up to date.
2024-09-10 14:15:55 Checking for update using Github
2024-09-10 14:15:55 Success.
2024-09-10 14:15:55 Latest version is 1.6.7
2024-09-10 14:15:55 App is up to date.
2024-09-10 15:15:55 Checking for update using Github
2024-09-10 15:15:55 Success.
2024-09-10 15:15:55 Latest version is 1.6.7
2024-09-10 15:15:55 App is up to date.
2024-09-10 15:39:00 Loading updated app package /home/j/.config/obsidian/obsidian-1.6.7.asar
2024-09-10 15:39:01 Checking for update using Github
2024-09-10 15:39:01 Success.
2024-09-10 15:39:01 Latest version is 1.6.7
2024-09-10 15:39:01 App is up to date.
2024-09-11 15:23:01 Loading updated app package /home/j/.config/obsidian/obsidian-1.6.7.asar
2024-09-11 15:23:02 Checking for update using Github
2024-09-11 15:23:02 Success.
2024-09-11 15:23:02 Latest version is 1.6.7
2024-09-11 15:23:02 App is up to date.
2024-09-11 16:23:02 Checking for update using Github
2024-09-11 16:23:02 Success.
2024-09-11 16:23:02 Latest version is 1.6.7
2024-09-11 16:23:02 App is up to date.
2024-09-13 01:22:29 Loading updated app package /home/j/.config/obsidian/obsidian-1.6.7.asar
2024-09-13 01:22:29 Checking for update using Github
2024-09-13 01:22:29 Success.
2024-09-13 01:22:29 Latest version is 1.6.7
2024-09-13 01:22:29 App is up to date.
2024-09-13 01:50:23 Loading updated app package /home/j/.config/obsidian/obsidian-1.6.7.asar
2024-09-13 01:50:23 Checking for update using Github
2024-09-13 01:50:23 Success.
2024-09-13 01:50:23 Latest version is 1.6.7
2024-09-13 01:50:23 App is up to date.
2024-09-13 06:06:08 Loading updated app package /home/j/.config/obsidian/obsidian-1.6.7.asar
2024-09-13 06:06:08 Checking for update using Github
2024-09-13 06:06:09 Success.
2024-09-13 06:06:09 Latest version is 1.6.7
2024-09-13 06:06:09 App is up to date.
2024-09-13 07:06:08 Checking for update using Github
2024-09-13 07:06:08 Success.
2024-09-13 07:06:08 Latest version is 1.6.7
2024-09-13 07:06:08 App is up to date.
2024-09-15 23:36:26 Loading updated app package /home/j/.config/obsidian/obsidian-1.6.7.asar
2024-09-15 23:36:26 Checking for update using Github
2024-09-15 23:36:26 Success.
2024-09-15 23:36:26 Latest version is 1.6.7
2024-09-15 23:36:26 App is up to date.
2024-09-15 23:45:03 Loading updated app package /home/j/.config/obsidian/obsidian-1.6.7.asar
2024-09-15 23:45:03 Checking for update using Github
2024-09-15 23:45:03 Success.
2024-09-15 23:45:03 Latest version is 1.6.7
2024-09-15 23:45:03 App is up to date.
2024-09-16 00:45:03 Checking for update using Github
2024-09-16 00:45:03 Success.
2024-09-16 00:45:03 Latest version is 1.6.7
2024-09-16 00:45:03 App is up to date.
2024-09-16 01:45:03 Checking for update using Github
2024-09-16 01:45:03 Success.
2024-09-16 01:45:03 Latest version is 1.6.7
2024-09-16 01:45:03 App is up to date.
2024-09-16 02:45:03 Checking for update using Github
2024-09-16 02:45:03 Success.
2024-09-16 02:45:03 Latest version is 1.6.7
2024-09-16 02:45:03 App is up to date.
2024-09-16 03:45:03 Checking for update using Github
2024-09-16 03:45:03 Success.
2024-09-16 03:45:03 Latest version is 1.6.7
2024-09-16 03:45:03 App is up to date.
2024-09-18 03:20:38 Loading updated app package /home/j/.config/obsidian/obsidian-1.6.7.asar
2024-09-18 03:20:38 Checking for update using Github
2024-09-18 03:20:38 Success.
2024-09-18 03:20:38 Latest version is 1.6.7
2024-09-18 03:20:38 App is up to date.
2024-09-18 04:20:38 Checking for update using Github
2024-09-18 04:20:38 Success.
2024-09-18 04:20:38 Latest version is 1.6.7
2024-09-18 04:20:38 App is up to date.
2024-09-18 05:20:38 Checking for update using Github
2024-09-18 05:20:38 Success.
2024-09-18 05:20:38 Latest version is 1.6.7
2024-09-18 05:20:38 App is up to date.
2024-09-18 06:20:38 Checking for update using Github
2024-09-18 06:20:38 Success.
2024-09-18 06:20:38 Latest version is 1.6.7
2024-09-18 06:20:38 App is up to date.
2024-09-18 07:20:38 Checking for update using Github
2024-09-18 07:20:38 Success.
2024-09-18 07:20:38 Latest version is 1.6.7
2024-09-18 07:20:38 App is up to date.
2024-09-18 08:20:38 Checking for update using Github
2024-09-18 08:20:38 Success.
2024-09-18 08:20:38 Latest version is 1.6.7
2024-09-18 08:20:38 App is up to date.
2024-09-18 09:20:38 Checking for update using Github
2024-09-18 09:20:38 Success.
2024-09-18 09:20:38 Latest version is 1.6.7
2024-09-18 09:20:38 App is up to date.
2024-09-18 10:20:39 Checking for update using Github
2024-09-18 10:20:39 Success.
2024-09-18 10:20:39 Latest version is 1.6.7
2024-09-18 10:20:39 App is up to date.
2024-09-18 11:20:39 Checking for update using Github
2024-09-18 11:20:39 Success.
2024-09-18 11:20:39 Latest version is 1.6.7
2024-09-18 11:20:39 App is up to date.
2024-09-18 12:20:39 Checking for update using Github
2024-09-18 12:20:39 Success.
2024-09-18 12:20:39 Latest version is 1.6.7
2024-09-18 12:20:39 App is up to date.
2024-09-18 13:20:39 Checking for update using Github
2024-09-18 13:20:39 Success.
2024-09-18 13:20:39 Latest version is 1.6.7
2024-09-18 13:20:39 App is up to date.
2024-09-18 14:20:39 Checking for update using Github
2024-09-18 14:20:39 Success.
2024-09-18 14:20:39 Latest version is 1.6.7
2024-09-18 14:20:39 App is up to date.
2024-09-18 15:20:39 Checking for update using Github
2024-09-18 15:20:39 Success.
2024-09-18 15:20:39 Latest version is 1.6.7
2024-09-18 15:20:39 App is up to date.
2024-09-18 16:20:39 Checking for update using Github
2024-09-18 16:20:39 Success.
2024-09-18 16:20:39 Latest version is 1.6.7
2024-09-18 16:20:39 App is up to date.
2024-09-18 17:20:39 Checking for update using Github
2024-09-18 17:20:39 Success.
2024-09-18 17:20:39 Latest version is 1.6.7
2024-09-18 17:20:39 App is up to date.
2024-09-18 18:20:39 Checking for update using Github
2024-09-18 18:20:39 Success.
2024-09-18 18:20:39 Latest version is 1.6.7
2024-09-18 18:20:39 App is up to date.
2024-09-18 19:20:39 Checking for update using Github
2024-09-18 19:20:39 Success.
2024-09-18 19:20:39 Latest version is 1.6.7
2024-09-18 19:20:39 App is up to date.
2024-09-18 20:20:39 Checking for update using Github
2024-09-18 20:20:39 Success.
2024-09-18 20:20:39 Latest version is 1.6.7
2024-09-18 20:20:39 App is up to date.
2024-09-18 21:20:40 Checking for update using Github
2024-09-18 21:20:40 Success.
2024-09-18 21:20:40 Latest version is 1.6.7
2024-09-18 21:20:40 App is up to date.
2024-09-18 23:24:35 Loading updated app package /home/j/.config/obsidian/obsidian-1.6.7.asar
2024-09-18 23:24:36 Checking for update using Github
2024-09-18 23:24:36 Success.
2024-09-18 23:24:36 Latest version is 1.6.7
2024-09-18 23:24:36 App is up to date.
2024-09-20 01:26:12 Loading updated app package /home/j/.config/obsidian/obsidian-1.6.7.asar
2024-09-20 01:26:12 Checking for update using Github
2024-09-20 01:26:12 Success.
2024-09-20 01:26:12 Latest version is 1.6.7
2024-09-20 01:26:12 App is up to date.
2024-09-20 06:05:02 Loading updated app package /home/j/.config/obsidian/obsidian-1.6.7.asar
2024-09-20 06:05:03 Checking for update using Github
2024-09-20 06:05:03 Success.
2024-09-20 06:05:03 Latest version is 1.6.7
2024-09-20 06:05:03 App is up to date.
2024-09-20 07:05:02 Checking for update using Github
2024-09-20 07:05:30 Success.
2024-09-20 07:05:30 Latest version is 1.6.7
2024-09-20 07:05:30 App is up to date.
2024-09-20 12:33:49 Loading updated app package /home/j/.config/obsidian/obsidian-1.6.7.asar
2024-09-20 12:33:49 Checking for update using Github
2024-09-20 12:33:49 Success.
2024-09-20 12:33:49 Latest version is 1.6.7
2024-09-20 12:33:49 App is up to date.
2024-09-24 01:20:20 Loading updated app package /home/j/.config/obsidian/obsidian-1.6.7.asar
2024-09-24 01:20:20 Checking for update using Github
2024-09-24 01:20:20 Success.
2024-09-24 01:20:20 Latest version is 1.6.7
2024-09-24 01:20:20 App is up to date.
2024-09-24 02:20:20 Checking for update using Github
2024-09-24 02:20:20 Success.
2024-09-24 02:20:20 Latest version is 1.6.7
2024-09-24 02:20:20 App is up to date.
2024-09-24 03:20:20 Checking for update using Github
2024-09-24 03:20:20 Success.
2024-09-24 03:20:20 Latest version is 1.6.7
2024-09-24 03:20:20 App is up to date.
2024-09-25 11:44:09 Loading updated app package /home/j/.config/obsidian/obsidian-1.6.7.asar
2024-09-25 11:44:09 Checking for update using Github
2024-09-25 11:44:09 Success.
2024-09-25 11:44:09 Latest version is 1.6.7
2024-09-25 11:44:09 App is up to date.
2024-09-25 12:44:09 Checking for update using Github
2024-09-25 12:44:09 Success.
2024-09-25 12:44:09 Latest version is 1.6.7
2024-09-25 12:44:09 App is up to date.
2024-09-25 13:44:09 Checking for update using Github
2024-09-25 13:44:09 Success.
2024-09-25 13:44:09 Latest version is 1.6.7
2024-09-25 13:44:09 App is up to date.
2024-09-25 14:44:09 Checking for update using Github
2024-09-25 14:44:09 Success.
2024-09-25 14:44:09 Latest version is 1.6.7
2024-09-25 14:44:09 App is up to date.
2024-09-25 15:44:09 Checking for update using Github
2024-09-25 15:44:09 Success.
2024-09-25 15:44:09 Latest version is 1.6.7
2024-09-25 15:44:09 App is up to date.
2024-09-25 16:44:09 Checking for update using Github
2024-09-25 16:44:09 Success.
2024-09-25 16:44:09 Latest version is 1.6.7
2024-09-25 16:44:09 App is up to date.
2024-09-26 02:17:59 Loading updated app package /home/j/.config/obsidian/obsidian-1.6.7.asar
2024-09-26 02:18:00 Checking for update using Github
2024-09-26 02:18:00 Success.
2024-09-26 02:18:00 Latest version is 1.6.7
2024-09-26 02:18:00 App is up to date.
