2024-06-29 22:22:22.273 [info] Reading sessions from keychain...
2024-06-29 22:22:22.273 [info] Getting sessions for all scopes...
2024-06-29 22:22:22.273 [info] Got stored sessions!
2024-06-29 22:22:22.273 [info] Got 1 verified sessions.
2024-06-29 22:22:22.273 [info] Got 1 sessions for ...
2024-06-29 22:22:22.273 [info] Getting sessions for codespace,read:user,repo,user:email...
2024-06-29 22:22:22.273 [info] Got 1 sessions for codespace,read:user,repo,user:email...
2024-06-29 22:22:23.746 [info] Getting sessions for all scopes...
2024-06-29 22:22:23.746 [info] Got 1 sessions for ...
2024-06-29 22:23:04.170 [info] Getting sessions for read:user,repo,user:email,workflow...
2024-06-29 22:23:04.170 [info] Got 0 sessions for read:user,repo,user:email,workflow...
2024-06-29 22:23:04.828 [info] Getting sessions for project,read:org,read:user,repo,user:email,workflow...
2024-06-29 22:23:04.829 [info] Got 0 sessions for project,read:org,read:user,repo,user:email,workflow...
2024-06-29 22:23:04.915 [info] Getting sessions for read:user,repo,user:email,workflow...
2024-06-29 22:23:04.915 [info] Got 0 sessions for read:user,repo,user:email,workflow...
2024-06-29 22:23:05.008 [info] Getting sessions for read:user,repo,user:email...
2024-06-29 22:23:05.008 [info] Got 0 sessions for read:user,repo,user:email...
2024-06-29 22:23:05.090 [info] Getting sessions for read:user,repo,user:email,workflow...
2024-06-29 22:23:05.091 [info] Got 0 sessions for read:user,repo,user:email,workflow...
2024-06-29 22:23:06.424 [info] Getting sessions for read:user,repo,user:email,workflow...
2024-06-29 22:23:06.424 [info] Got 0 sessions for read:user,repo,user:email,workflow...
2024-06-29 22:24:44.195 [info] Reading sessions from keychain...
2024-06-29 22:24:44.195 [info] Getting sessions for all scopes...
2024-06-29 22:24:44.195 [info] Got stored sessions!
2024-06-29 22:24:44.195 [info] Got 1 verified sessions.
2024-06-29 22:24:44.195 [info] Got 1 sessions for ...
2024-06-29 22:24:44.195 [info] Getting sessions for codespace,read:user,repo,user:email...
2024-06-29 22:24:44.196 [info] Got 1 sessions for codespace,read:user,repo,user:email...
2024-06-29 22:24:45.560 [info] Getting sessions for all scopes...
2024-06-29 22:24:45.560 [info] Got 1 sessions for ...
2024-06-29 22:24:56.143 [info] Getting sessions for read:user,repo,user:email,workflow...
2024-06-29 22:24:56.143 [info] Got 0 sessions for read:user,repo,user:email,workflow...
2024-06-29 22:24:56.505 [info] Getting sessions for project,read:org,read:user,repo,user:email,workflow...
2024-06-29 22:24:56.505 [info] Got 0 sessions for project,read:org,read:user,repo,user:email,workflow...
2024-06-29 22:24:56.591 [info] Getting sessions for read:user,repo,user:email,workflow...
2024-06-29 22:24:56.591 [info] Got 0 sessions for read:user,repo,user:email,workflow...
2024-06-29 22:24:56.701 [info] Getting sessions for read:user,repo,user:email...
2024-06-29 22:24:56.701 [info] Got 0 sessions for read:user,repo,user:email...
2024-06-29 22:24:56.838 [info] Getting sessions for read:user,repo,user:email,workflow...
2024-06-29 22:24:56.838 [info] Got 0 sessions for read:user,repo,user:email,workflow...
2024-06-29 22:24:57.765 [info] Getting sessions for read:user,repo,user:email,workflow...
2024-06-29 22:24:57.765 [info] Got 0 sessions for read:user,repo,user:email,workflow...
2024-06-29 23:24:18.263 [info] Reading sessions from keychain...
2024-06-29 23:24:18.264 [info] Getting sessions for all scopes...
2024-06-29 23:24:18.264 [info] Got stored sessions!
2024-06-29 23:24:18.264 [info] Got 1 verified sessions.
2024-06-29 23:24:18.264 [info] Got 1 sessions for ...
2024-06-29 23:24:18.264 [info] Getting sessions for codespace,read:user,repo,user:email...
2024-06-29 23:24:18.264 [info] Got 1 sessions for codespace,read:user,repo,user:email...
2024-06-29 23:24:19.814 [info] Getting sessions for all scopes...
2024-06-29 23:24:19.814 [info] Got 1 sessions for ...
2024-06-29 23:24:55.389 [info] Getting sessions for read:user,repo,user:email,workflow...
2024-06-29 23:24:55.389 [info] Got 0 sessions for read:user,repo,user:email,workflow...
2024-06-29 23:24:55.976 [info] Getting sessions for project,read:org,read:user,repo,user:email,workflow...
2024-06-29 23:24:55.976 [info] Got 0 sessions for project,read:org,read:user,repo,user:email,workflow...
2024-06-29 23:24:56.064 [info] Getting sessions for read:user,repo,user:email,workflow...
2024-06-29 23:24:56.064 [info] Got 0 sessions for read:user,repo,user:email,workflow...
2024-06-29 23:24:56.143 [info] Getting sessions for read:user,repo,user:email...
2024-06-29 23:24:56.143 [info] Got 0 sessions for read:user,repo,user:email...
2024-06-29 23:24:56.244 [info] Getting sessions for read:user,repo,user:email,workflow...
2024-06-29 23:24:56.244 [info] Got 0 sessions for read:user,repo,user:email,workflow...
2024-06-29 23:24:57.593 [info] Getting sessions for read:user,repo,user:email,workflow...
2024-06-29 23:24:57.593 [info] Got 0 sessions for read:user,repo,user:email,workflow...
2024-06-30 10:28:49.506 [info] Reading sessions from keychain...
2024-06-30 10:28:49.506 [info] Getting sessions for all scopes...
2024-06-30 10:28:49.506 [info] Got stored sessions!
2024-06-30 10:28:49.506 [info] Got 1 verified sessions.
2024-06-30 10:28:49.506 [info] Got 1 sessions for ...
2024-06-30 10:28:49.506 [info] Getting sessions for codespace,read:user,repo,user:email...
2024-06-30 10:28:49.506 [info] Got 1 sessions for codespace,read:user,repo,user:email...
2024-06-30 10:28:51.032 [info] Getting sessions for all scopes...
2024-06-30 10:28:51.032 [info] Got 1 sessions for ...
