2024-07-01 11:47:17.496 [info] Active editor: vscode-remote://codespaces%2Bfantastic-space-waffle-v76qxwprrwgc4gw/workspaces/85962938/practice/week2/pre-madescores.c
2024-07-01 11:47:17.654 [info] Configuration changed
2024-07-01 11:47:17.680 [info] Configuration changed
2024-07-01 11:47:17.695 [info] Configuration changed
2024-07-01 11:47:17.725 [info] Configuration changed
2024-07-01 11:47:17.734 [info] Configuration changed
2024-07-01 11:47:17.743 [info] Configuration changed
2024-07-01 11:49:26.156 [info] /workspaces/85962938/.vscode/settings.json closed
2024-07-01 11:52:43.648 [info] Active editor: vscode-remote://codespaces%2Bfantastic-space-waffle-v76qxwprrwgc4gw/workspaces/85962938/practice/week2/length.c
2024-07-01 11:52:43.659 [info] /workspaces/85962938/practice/week2/pre-madescores.c.git closed
2024-07-01 11:53:23.604 [info] Executing :w
2024-07-01 12:13:54.269 [info] Active editor: vscode-remote://codespaces%2Bfantastic-space-waffle-v76qxwprrwgc4gw/workspaces/85962938/practice/week2/string.c
2024-07-01 12:13:54.280 [info] /workspaces/85962938/practice/week2/length.c.git closed
2024-07-01 12:24:34.078 [info] Executing :w
2024-07-01 12:25:38.206 [info] Active editor: vscode-remote://codespaces%2Bfantastic-space-waffle-v76qxwprrwgc4gw/workspaces/85962938/practice/week2/uppercase.c
2024-07-01 12:25:38.214 [info] /workspaces/85962938/practice/week2/string.c.git closed
2024-07-01 12:25:40.415 [info] Active editor: vscode-remote://codespaces%2Bfantastic-space-waffle-v76qxwprrwgc4gw/workspaces/85962938/practice/week2/pre-madescores.c
2024-07-01 12:25:40.421 [info] /workspaces/85962938/practice/week2/uppercase.c.git closed
2024-07-01 12:25:41.208 [info] /workspaces/85962938/practice/week2/pre-madescores.c closed
2024-07-01 12:25:41.211 [info] Active editor: vscode-remote://codespaces%2Bfantastic-space-waffle-v76qxwprrwgc4gw/workspaces/85962938/practice/week2/uppercase.c
2024-07-01 12:25:41.217 [info] /workspaces/85962938/practice/week2/pre-madescores.c.git closed
2024-07-01 12:25:42.578 [info] Active editor: vscode-remote://codespaces%2Bfantastic-space-waffle-v76qxwprrwgc4gw/workspaces/85962938/practice/week2/string.c
2024-07-01 12:25:42.582 [info] /workspaces/85962938/practice/week2/uppercase.c.git closed
2024-07-01 12:25:43.274 [info] Active editor: vscode-remote://codespaces%2Bfantastic-space-waffle-v76qxwprrwgc4gw/workspaces/85962938/practice/week2/length.c
2024-07-01 12:25:43.280 [info] /workspaces/85962938/practice/week2/string.c.git closed
2024-07-01 12:25:44.123 [info] Active editor: vscode-remote://codespaces%2Bfantastic-space-waffle-v76qxwprrwgc4gw/workspaces/85962938/practice/week2/uppercase.c
2024-07-01 12:25:44.127 [info] /workspaces/85962938/practice/week2/length.c.git closed
2024-07-01 15:20:20.404 [info] Active editor: vscode-remote://codespaces%2Bfantastic-space-waffle-v76qxwprrwgc4gw/workspaces/85962938/practice/week2/uppercase.c
2024-07-01 15:20:20.541 [info] Configuration changed
2024-07-01 15:20:20.616 [info] Configuration changed
2024-07-01 15:20:20.624 [info] Configuration changed
2024-07-01 15:20:20.633 [info] Configuration changed
2024-07-01 15:20:20.643 [info] Configuration changed
2024-07-01 15:20:20.652 [info] Configuration changed
2024-07-01 15:22:25.046 [info] /workspaces/85962938/.vscode/settings.json closed
2024-07-01 15:38:29.941 [info] Executing :w
2024-07-01 22:26:28.697 [info] Active editor: vscode-remote://codespaces%2Bfantastic-space-waffle-v76qxwprrwgc4gw/workspaces/85962938/practice/week2/uppercase.c
2024-07-01 22:26:28.825 [info] Configuration changed
2024-07-01 22:26:28.864 [info] Configuration changed
2024-07-01 22:26:28.874 [info] Configuration changed
2024-07-01 22:26:28.883 [info] Configuration changed
2024-07-01 22:26:28.892 [info] Configuration changed
2024-07-01 22:28:35.521 [info] /workspaces/85962938/.vscode/settings.json closed
