[Client I] GitHub Codespaces version 1.16.23
[Client I] isRunningInWeb: "false"
[Client V] Initializing authentication
[API I] Successfully signed in
[Client:extension:22a3 I] initializing
[Client:extension:22a3:resolver I] created with protocol "codespaces"
[RemoteExplorer I] Updating codespace performance info
[DevContainerJsonSupport I] Initializing devcontainer.json support package
[DevContainerJsonSupport V] [2024-06-30T02:28:50.770Z] Internal initialization of dev container support package...

[Client I] Jupyter API registered? false
[Client:extension:22a3:resolver:resolve:1 I] resolve retry #3
[Client:extension:22a3:resolver:resolve:1 I] resolving "codespaces+fantastic-space-waffle-v76qxwprrwgc4gw"
[Client:extension:22a3:resolver:resolve:1 I] codespace: "fantastic-space-waffle-v76qxwprrwgc4gw", fetching details
[Client:extension:22a3:resolver:resolve:1:fetch-codespace-info I] fetching codespace details for "fantastic-space-waffle-v76qxwprrwgc4gw"
[Client:extension:22a3:resolver:resolve:1:fetch-codespace-info I] signed in, getting the details
[Client:extension:22a3:resolver:resolve:1:fetch-codespace-info I] fetching codespace "fantastic-space-waffle-v76qxwprrwgc4gw" (retries left: 2)
[API:retries-left-2 I] making GET request for "https://api.github.com/user/codespaces/fantastic-space-waffle-v76qxwprrwgc4gw"
[RemoteExplorer I] Updating codespace performance info
[Client:extension:22a3:resolver I] successfully fetched codespace details> object #0: {
  "id": 17269010,
  "name": "<38:<redacted>>",
  "environment_id": "7b7348e7-6af3-4d12-b3e0-5df1e26002da",
  "owner": "<undefined:<redacted>>",
  "billable_owner": {
    "login": "code50",
    "id": 89367332,
    "node_id": "MDEyOk9yZ2FuaXphdGlvbjg5MzY3MzMy",
    "avatar_url": "https://avatars.githubusercontent.com/u/89367332?v=4",
    "gravatar_id": "",
    "url": "https://api.github.com/users/code50",
    "html_url": "https://github.com/code50",
    "followers_url": "https://api.github.com/users/code50/followers",
    "following_url": "https://api.github.com/users/code50/following{/other_user}",
    "gists_url": "https://api.github.com/users/code50/gists{/gist_id}",
    "starred_url": "https://api.github.com/users/code50/starred{/owner}{/repo}",
    "subscriptions_url": "https://api.github.com/users/code50/subscriptions",
    "organizations_url": "https://api.github.com/users/code50/orgs",
    "repos_url": "https://api.github.com/users/code50/repos",
    "events_url": "https://api.github.com/users/code50/events{/privacy}",
    "received_events_url": "https://api.github.com/users/code50/received_events",
    "type": "Organization",
    "site_admin": false
  },
  "repository": {
    "id": 674321661,
    "node_id": "R_kgDOKDFU_Q",
    "name": "<8:<redacted>>",
    "full_name": "code50/85962938",
    "private": true,
    "owner": "<undefined:<redacted>>",
    "html_url": "https://github.com/code50/85962938",
    "description": null,
    "fork": false,
    "url": "https://api.github.com/repos/code50/85962938",
    "forks_url": "https://api.github.com/repos/code50/85962938/forks",
    "keys_url": "https://api.github.com/repos/code50/85962938/keys{/key_id}",
    "collaborators_url": "https://api.github.com/repos/code50/85962938/collaborators{/collaborator}",
    "teams_url": "https://api.github.com/repos/code50/85962938/teams",
    "hooks_url": "https://api.github.com/repos/code50/85962938/hooks",
    "issue_events_url": "https://api.github.com/repos/code50/85962938/issues/events{/number}",
    "events_url": "https://api.github.com/repos/code50/85962938/events",
    "assignees_url": "https://api.github.com/repos/code50/85962938/assignees{/user}",
    "branches_url": "https://api.github.com/repos/code50/85962938/branches{/branch}",
    "tags_url": "https://api.github.com/repos/code50/85962938/tags",
    "blobs_url": "https://api.github.com/repos/code50/85962938/git/blobs{/sha}",
    "git_tags_url": "https://api.github.com/repos/code50/85962938/git/tags{/sha}",
    "git_refs_url": "https://api.github.com/repos/code50/85962938/git/refs{/sha}",
    "trees_url": "https://api.github.com/repos/code50/85962938/git/trees{/sha}",
    "statuses_url": "https://api.github.com/repos/code50/85962938/statuses/{sha}",
    "languages_url": "https://api.github.com/repos/code50/85962938/languages",
    "stargazers_url": "https://api.github.com/repos/code50/85962938/stargazers",
    "contributors_url": "https://api.github.com/repos/code50/85962938/contributors",
    "subscribers_url": "https://api.github.com/repos/code50/85962938/subscribers",
    "subscription_url": "https://api.github.com/repos/code50/85962938/subscription",
    "commits_url": "https://api.github.com/repos/code50/85962938/commits{/sha}",
    "git_commits_url": "https://api.github.com/repos/code50/85962938/git/commits{/sha}",
    "comments_url": "https://api.github.com/repos/code50/85962938/comments{/number}",
    "issue_comment_url": "https://api.github.com/repos/code50/85962938/issues/comments{/number}",
    "contents_url": "https://api.github.com/repos/code50/85962938/contents/{+path}",
    "compare_url": "https://api.github.com/repos/code50/85962938/compare/{base}...{head}",
    "merges_url": "https://api.github.com/repos/code50/85962938/merges",
    "archive_url": "https://api.github.com/repos/code50/85962938/{archive_format}{/ref}",
    "downloads_url": "https://api.github.com/repos/code50/85962938/downloads",
    "issues_url": "https://api.github.com/repos/code50/85962938/issues{/number}",
    "pulls_url": "https://api.github.com/repos/code50/85962938/pulls{/number}",
    "milestones_url": "https://api.github.com/repos/code50/85962938/milestones{/number}",
    "notifications_url": "https://api.github.com/repos/code50/85962938/notifications{?since,all,participating}",
    "labels_url": "https://api.github.com/repos/code50/85962938/labels{/name}",
    "releases_url": "https://api.github.com/repos/code50/85962938/releases{/id}",
    "deployments_url": "https://api.github.com/repos/code50/85962938/deployments"
  },
  "machine": {
    "name": "<14:<redacted>>",
    "display_name": "2 cores, 8 GB RAM, 32 GB storage",
    "operating_system": "linux",
    "storage_in_bytes": 34359738368,
    "memory_in_bytes": 8589934592,
    "cpus": 2,
    "prebuild_availability": null
  },
  "prebuild": null,
  "created_at": "2024-06-24T15:51:47+08:00",
  "updated_at": "2024-06-30T10:28:51+08:00",
  "last_used_at": "2024-06-29T23:24:22+08:00",
  "state": "Shutdown",
  "url": "https://api.github.com/user/codespaces/fantastic-space-waffle-v76qxwprrwgc4gw",
  "git_status": {
    "ahead": 0,
    "behind": 0,
    "has_unpushed_changes": false,
    "has_uncommitted_changes": false,
    "ref": "main"
  },
  "location": "SouthEastAsia",
  "idle_timeout_minutes": 30,
  "web_url": "https://fantastic-space-waffle-v76qxwprrwgc4gw.github.dev",
  "machines_url": "https://api.github.com/user/codespaces/fantastic-space-waffle-v76qxwprrwgc4gw/machines",
  "start_url": "https://api.github.com/user/codespaces/fantastic-space-waffle-v76qxwprrwgc4gw/start",
  "stop_url": "https://api.github.com/user/codespaces/fantastic-space-waffle-v76qxwprrwgc4gw/stop",
  "pulls_url": null,
  "recent_folders": [
    "/workspaces/85962938"
  ],
  "runtime_constraints": {
    "allowed_port_privacy_settings": [
      "private",
      "public",
      "org"
    ]
  },
  "connection": {
    "sessionId": "CEFFD5BAFA41356600F4C1678A8F12A934FF",
    "sessionPath": "/workspaces/85962938",
    "serviceUri": "https://prod.liveshare.vsengsaas.visualstudio.com/api/v1.2/",
    "relayEndpoint": "sb://vsls-prod-ins-asse-private-relay.servicebus.windows.net/80ed827daf84ebdae2b390cb2dc0fe2c82a7--32e1bb8f-9f01-4352-b01b-5d1776cff166",
    "relaySas": "<255:<redacted>>",
    "sessionToken": "<1149:<redacted>>",
    "hostPublicKeys": [
      "AAAAB3NzaC1yc2EAAAADAQABAAABAQDATk7WhpSS5X0zsh5/Mr1zRJmewTUODIjzgXnjum5B5dvCKy6OVbwfxW4IiP0Dm1QG0wqE7fSWdzXdHooXaVEVT2dafpCbuxdGP4go4BSF7c5L8cxbNJx+wdR55ptF4M8A4VejWFYrHY2E7m7keMY2vRuVPefojgcu9jEOWpScdZgEijqaiTm/J5K+hUTs0n5eV3aHwDx7Ni2ijhSXGz54kdGYZdAKFPd0TaNw4Yo1W6YRmjqO0hWwrxfUoYemCuNkciLx3kexU40a4HUuON6kI1X/jen6QqXc1qTu+8vZIlqi5roq4xQppMSlJFi44msgPNJz6qJk0pWvGNb5q2Gt"
    ]
  },
  "container_id": "c03991fcfa0b7d271acb15c8fe0102073bb3f6a7a8ad6beec10ca1982546de41",
  "display_name": "fantastic space waffle",
  "devcontainer_path": ".devcontainer.json",
  "pending_operation": false,
  "feature_flags": {
    "developer": false,
    "devTunnelsOptOut": false,
    "devTunnelsDesktopPortForwarding": true,
    "devTunnelsDesktopMainConnection": true,
    "useBasisForMainConnectionsWebClient": true,
    "disableLiveShareOnAgent": false,
    "detailedActivityMonitor": false,
    "vscodeAccountSwitching": false,
    "enableSmbDiagnosticContinuousMonitoring": true,
    "enableSmbDiagnosticOnAnomalyMonitoring": false,
    "useEarlyWorkbenchWebClient": true,
    "useCoiWebClient": false,
    "remapUserNamespace": false,
    "removeConnectRetriesWebClient": true,
    "storageV2ExhaustiveValidation": false,
    "forcePushShutdownTelemetry": true,
    "useNewJupyterApi": true,
    "improvedWarmupContainerReuse": true,
    "storageV2ComprehensiveDiagnosticsCollection": false,
    "usingCopilotWorkspaceConfig": false,
    "copilotWorkspace": false,
    "Basis": true,
    "Skuheapscaling": true,
    "CacheIde": true,
    "Developer": false,
    "Eap": false
  },
  "retention_period_minutes": 43200,
  "retention_expires_at": "2024-07-29T23:56:52+08:00",
  "template": null,
  "publish_url": null
}
[RemoteExplorer I] Updating codespace performance info
[Client:extension:22a3:resolver:resolve:1:check-codespace-state I] codespace fantastic-space-waffle-v76qxwprrwgc4gw (id: 7b7348e7-6af3-4d12-b3e0-5df1e26002da) is in the "Resume" state
[Client:extension:22a3:resolver:resolve:1:check-codespace-state I] codespace fantastic-space-waffle-v76qxwprrwgc4gw (id: 7b7348e7-6af3-4d12-b3e0-5df1e26002da) is resuming
[Client:extension:22a3:resolver:resolve:1:check-codespace-state I] first run
[Client:extension:22a3:resolver:resolve:1:check-codespace-state I] starting the codespace
[RemoteExplorer I] Updating codespace details
[Client:extension:22a3:resolver:resolve:1:check-codespace-state I] starting the codespace "7b7348e7-6af3-4d12-b3e0-5df1e26002da", attempt #2
[API:retries-left-2 I] making GET request for "https://api.github.com/user/codespaces/fantastic-space-waffle-v76qxwprrwgc4gw"
[RemoteExplorer I] Updating codespace performance info
[RemoteExplorer I] Updating codespace details
[EnvironmentPolling I] Polling fantastic-space-waffle-v76qxwprrwgc4gw...
[API:retries-left-2 I] making GET request for "https://api.github.com/user/codespaces/fantastic-space-waffle-v76qxwprrwgc4gw"
[Client:extension:22a3:resolver:port-forwarder I] Setting up tunnel provider
[Client:extension:22a3:resolver:port-forwarder:tunnel-provider V] subscribing to onDispose event
[Client:extension:22a3:resolver:port-forwarder:tunnel-provider I] Tunnel client is unconnected, fetching tunnel and connecting> object #0: {
  "tunnelId": "quick-dog-vb6gjrm",
  "clusterId": "asse",
  "domain": "app.github.dev",
  "accessTokens": {
    "connect": "eyJhbGciOiJFUzI1NiIsImtpZCI6IkI5Mjg5QzBFRDIyMUJENjhBNTA3MjA3MzY4MEI1MjFDRDVGRTEyQzIiLCJ0eXAiOiJKV1QifQ.eyJjbHVzdGVySWQiOiJhc3NlIiwidHVubmVsSWQiOiJxdWljay1kb2ctdmI2Z2pybSIsInNjcCI6ImNvbm5lY3QiLCJleHAiOjE3MTk4MDA4OTgsImlzcyI6Imh0dHBzOi8vdHVubmVscy5hcGkudmlzdWFsc3R1ZGlvLmNvbS8iLCJuYmYiOjE3MTk3MTM1OTh9.SZBfGOFjeqlxQnb3tuaT26BgB2D3hrM9ulcfJKPllokGm3EvTAVtIJWquKmbzbHXGinG24vHa7Gf-F5sFIqUJg",
    "manage:ports": "eyJhbGciOiJFUzI1NiIsImtpZCI6IkI5Mjg5QzBFRDIyMUJENjhBNTA3MjA3MzY4MEI1MjFDRDVGRTEyQzIiLCJ0eXAiOiJKV1QifQ.eyJjbHVzdGVySWQiOiJhc3NlIiwidHVubmVsSWQiOiJxdWljay1kb2ctdmI2Z2pybSIsInNjcCI6Im1hbmFnZTpwb3J0cyIsImV4cCI6MTcxOTgwMDg5OCwiaXNzIjoiaHR0cHM6Ly90dW5uZWxzLmFwaS52aXN1YWxzdHVkaW8uY29tLyIsIm5iZiI6MTcxOTcxMzU5OH0.CgUFf0VeeSqBm7nCFw3Rq-YFKWQCmLvxE1EvN5HkopFgkNlVBxh5_CdoF4_VEuWTIREdbW7y1_1WXMEH_doyjw"
  }
}
[Client:extension:22a3:resolver:port-forwarder:tunnel-provider V] tunnelClient info 0: Connecting to client tunnel relay wss://asse-data.rel.tunnels.api.visualstudio.com/api/v1/Client/Connect/quick-dog-vb6gjrm
[Client:extension:22a3:resolver:port-forwarder:tunnel-provider V] tunnelClient verbose 0: Sec-WebSocket-Protocol: tunnel-relay-client-v2-dev, tunnel-relay-client
[Client:extension:22a3:resolver:port-forwarder:tunnel-provider V] tunnelClient verbose 0: Authorization: tunnel <tunnel=quick-dog-vb6gjrm.asse, scopes=[connect], issuer=https://tunnels.api.visualstudio.com/, expiration=Mon Jul 01 2024 10:28:18 GMT+0800 (Philippine Standard Time)>
[Client:extension:22a3:resolver:port-forwarder:tunnel-provider V] tunnelClient verbose 0: Connected with subprotocol 'tunnel-relay-client'
[Client:extension:22a3:resolver:port-forwarder:tunnel-provider V] tunnelClient info 9114: SshClientSession connecting...
[Client:extension:22a3:resolver:port-forwarder:tunnel-provider V] tunnelClient verbose 9101: Sending #0 KeyExchangeInitMessage
[Client:extension:22a3:resolver:port-forwarder:tunnel-provider V] tunnelClient info 9100: Local version: SSH-2.0-dev-tunnels-ssh_3.11.36, remote version: SSH-2.0-Microsoft.DevTunnels.Ssh_3.11
[Client:extension:22a3:resolver:port-forwarder:tunnel-provider V] tunnelClient verbose 9102: Receiving #0 KeyExchangeInitMessage
[Client:extension:22a3:resolver:port-forwarder:tunnel-provider V] tunnelClient info 9170: KeyExchange negotiation: Server (diffie-hellman-group16-sha512, diffie-hellman-group14-sha256, ext-info-s) Client (ecdh-sha2-nistp384, ecdh-sha2-nistp256, diffie-hellman-group14-sha256) => diffie-hellman-group14-sha256
[Client:extension:22a3:resolver:port-forwarder:tunnel-provider V] tunnelClient info 9170: PublicKey negotiation: Server (ecdsa-sha2-nistp384) Client (rsa-sha2-512, rsa-sha2-256, ecdsa-sha2-nistp384, ecdsa-sha2-nistp256) => ecdsa-sha2-nistp384
[Client:extension:22a3:resolver:port-forwarder:tunnel-provider V] tunnelClient info 9170: ClientEncryption negotiation: Server (aes256-cbc, aes256-ctr) Client (aes256-gcm@openssh.com, aes256-ctr) => aes256-ctr
[Client:extension:22a3:resolver:port-forwarder:tunnel-provider V] tunnelClient info 9170: ServerEncryption negotiation: Server (aes256-cbc, aes256-ctr) Client (aes256-gcm@openssh.com, aes256-ctr) => aes256-ctr
[Client:extension:22a3:resolver:port-forwarder:tunnel-provider V] tunnelClient info 9170: ClientHmac negotiation: Server (hmac-sha2-512-etm@openssh.com, hmac-sha2-256-etm@openssh.com, hmac-sha2-512, hmac-sha2-256) Client (hmac-sha2-512-etm@openssh.com, hmac-sha2-256-etm@openssh.com, hmac-sha2-512, hmac-sha2-256) => hmac-sha2-512-etm@openssh.com
[Client:extension:22a3:resolver:port-forwarder:tunnel-provider V] tunnelClient info 9170: ServerHmac negotiation: Server (hmac-sha2-512-etm@openssh.com, hmac-sha2-256-etm@openssh.com, hmac-sha2-512, hmac-sha2-256) Client (hmac-sha2-512-etm@openssh.com, hmac-sha2-256-etm@openssh.com, hmac-sha2-512, hmac-sha2-256) => hmac-sha2-512-etm@openssh.com
[Client:extension:22a3:resolver:port-forwarder:tunnel-provider V] tunnelClient info 9170: ClientCompression negotiation: Server (none) Client (none) => none
[Client:extension:22a3:resolver:port-forwarder:tunnel-provider V] tunnelClient info 9170: ServerCompression negotiation: Server (none) Client (none) => none
[Client:extension:22a3:resolver:port-forwarder:tunnel-provider V] tunnelClient verbose 9101: Sending #1 KeyExchangeDhInitMessage
[Client:extension:22a3:resolver:port-forwarder:tunnel-provider V] tunnelClient verbose 9102: Receiving #1 KeyExchangeDhReplyMessage
[Client:extension:22a3:resolver:port-forwarder:tunnel-provider V] tunnelClient verbose 9112: Server public key verification succeeded.
[Client:extension:22a3:resolver:port-forwarder:tunnel-provider V] tunnelClient verbose 9101: Sending #2 NewKeysMessage
[Client:extension:22a3:resolver:port-forwarder:tunnel-provider V] tunnelClient verbose 9102: Receiving #2 NewKeysMessage
[Client:extension:22a3:resolver:port-forwarder:tunnel-provider V] tunnelClient verbose 9101: Sending #3 ExtensionInfoMessage (server-sig-algs=rsa-sha2-512,rsa-sha2-256,ecdsa-sha2-nistp384,ecdsa-sha2-nistp256; open-channel-request@microsoft.com; session-reconnect@microsoft.com)
[Client:extension:22a3:resolver:port-forwarder:tunnel-provider V] tunnelClient info 9110: SshClientSession encrypted.
[Client:extension:22a3:resolver:port-forwarder:tunnel-provider V] tunnelClient info 9111: SshClientSession Authenticating([ecdsa-sha2-nistp384])
[Client:extension:22a3:resolver:port-forwarder:tunnel-provider V] tunnelClient verbose 0: Verified host identity with public key AAAAE2VjZHNhLXNoYTItbmlzdHAzODQAAAAIbmlzdHAzODQAAABhBBODqOATS6RM+/9b9FvTmrV59d8/Z5y1nzNEAbKfHSjOxeXMiLZWwI/4FzFWLUN08H7ucE9eSsTkguhoq77sCdQt+nNJ7SQdAwN+pUtS2wXf18UWOc2+oK7hUkmdvO2PmQ==
[Client:extension:22a3:resolver:port-forwarder:tunnel-provider V] tunnelClient info 9112: SshClientSession server authenticated.
[Client:extension:22a3:resolver:port-forwarder:tunnel-provider V] tunnelClient verbose 9101: Sending #4 ServiceRequestMessage
[Client:extension:22a3:resolver:port-forwarder:tunnel-provider V] tunnelClient verbose 9101: Sending #5 AuthenticationRequestMessage (Method: none, Username: tunnel)
[Client:extension:22a3:resolver:port-forwarder:tunnel-provider V] tunnelClient verbose 9102: Receiving #3 ExtensionInfoMessage (open-channel-request@microsoft.com; server-sig-algs=rsa-sha2-512,rsa-sha2-256,ecdsa-sha2-nistp384,ecdsa-sha2-nistp256; session-latency@microsoft.com; session-reconnect@microsoft.com)
[Client:extension:22a3:resolver:port-forwarder:tunnel-provider V] tunnelClient verbose 9101: Sending #6 SessionRequestMessage (requestType=enable-session-reconnect@microsoft.com)
[Client:extension:22a3:resolver:port-forwarder:tunnel-provider V] tunnelClient verbose 9102: Receiving #4 SessionRequestMessage (requestType=enable-session-reconnect@microsoft.com)
[Client:extension:22a3:resolver:port-forwarder:tunnel-provider V] tunnelClient verbose 9102: Receiving #5 ServiceAcceptMessage
[Client:extension:22a3:resolver:port-forwarder:tunnel-provider V] tunnelClient verbose 9102: Receiving #6 AuthenticationSuccessMessage
[Client:extension:22a3:resolver:port-forwarder:tunnel-provider V] tunnelClient info 9112: SshClientSession client authenticated.
[Client:extension:22a3:resolver:port-forwarder:tunnel-provider I] Tunnel client connected, is reconnect: true
[Client:extension:22a3:resolver I] Initializing RPC client
[Client:extension:22a3:resolver:port-forwarder:tunnel-provider V] Adding forwarded port 16635
[Client:extension:22a3:resolver:port-forwarder:tunnel-provider V] tunnelClient verbose 9102: Receiving #7 SessionRequestMessage (requestType=tcpip-forward)
[Client:extension:22a3:resolver:port-forwarder:tunnel-provider V] tunnelClient verbose 9101: Sending #7 PortForwardSuccessMessage (port=16634)
[Client:extension:22a3:resolver:port-forwarder:tunnel-provider V] tunnelClient verbose 9102: Receiving #8 SessionRequestMessage (requestType=tcpip-forward)
[Client:extension:22a3:resolver:port-forwarder:tunnel-provider V] tunnelClient verbose 9101: Sending #8 PortForwardSuccessMessage (port=16635)
[Client:extension:22a3:resolver:port-forwarder:tunnel-provider V] Not opening workspace tunnel for internal port 16635
[Client:extension:22a3:resolver:port-forwarder:tunnel-provider V] Added port: 16635
[Client:extension:22a3:resolver I] Initializing browser-based codespace host service client
[Client:extension:22a3:resolver I] Initializing browser-based VS Code server host service client
[Client:extension:22a3:resolver I] Initializing browser-based Jupyter server host service client
[API:retries-left-2 I] making GET request for "https://api.github.com/user/codespaces/fantastic-space-waffle-v76qxwprrwgc4gw"
[API:retries-left-2 I] making GET request for "https://api.github.com/user/codespaces/fantastic-space-waffle-v76qxwprrwgc4gw"
[API:retries-left-2 I] making GET request for "https://api.github.com/user/codespaces/fantastic-space-waffle-v76qxwprrwgc4gw"
[API:retries-left-2 I] making GET request for "https://api.github.com/user/codespaces/fantastic-space-waffle-v76qxwprrwgc4gw"
[API:retries-left-2 I] making GET request for "https://api.github.com/user/codespaces/fantastic-space-waffle-v76qxwprrwgc4gw"
[API:retries-left-2 I] making GET request for "https://api.github.com/user/codespaces/fantastic-space-waffle-v76qxwprrwgc4gw"
[EnvironmentPolling I] Finished polling fantastic-space-waffle-v76qxwprrwgc4gw: the predicate is true.
[RemoteExplorer I] Updating codespace performance info
[RemoteExplorer I] Updating codespace details
[Client V] resume duration: 19168 ms
[RemoteExplorer I] Updating codespace performance info
[RemoteExplorer I] Updating codespace details
[Client:extension:22a3:resolver:resolve:1:check-codespace-state I] successfully started codespace
[Client:extension:22a3:resolver:resolve:1:check-codespace-state I] codespace started
[RemoteExplorer I] Updating codespace performance info
[RemoteExplorer I] Updating codespace details
[Client:extension:22a3:resolver:resolve:1:check-codespace-state I] vscode connection options: > object #0: {
  "token": "<1149:<redacted>>",
  "environmentId": "7b7348e7-6af3-4d12-b3e0-5df1e26002da",
  "workspaceId": "8D0C82E0E152CD5C7DE45E911539662FC1DD",
  "vsCodeCommit": "5437499feb04f7a586f677b155b039bc2b3669eb",
  "vsCodeQuality": "stable",
  "extensions": [
    "GitHub.codespaces",
    "GitHub.vscode-pull-request-github"
  ],
  "telemetry": true,
  "liveShareEndpoint": "https://prod.liveshare.vsengsaas.visualstudio.com/api/v1.2/",
  "connectionInfo": {
    "id": "8D0C82E0E152CD5C7DE45E911539662FC1DD",
    "relaySas": "<261:<redacted>>",
    "relayLink": "sb://vsls-prod-ins-asse-private-relay.servicebus.windows.net/f08e682d6ac4fd583bda6c0092cfcd4ed927--362cc5c3-5e21-459e-a531-fa2cd4c1e537",
    "sessionToken": "<1149:<redacted>>",
    "hostPublicKeys": [
      "AAAAB3NzaC1yc2EAAAADAQABAAABAQDF10JyQLdl+RbBByMZ/ysA+UH0rm+FpD+c801cypiH9ZYrkVQcAlXSHHA3Lsn20BlKo9krIio+zTxaryuLjo56ukH41uwGEMwqAwJnGLY8Eu/sJNFMrlVLcwNeaHhJymOPfql5+aRAK/RGkbbmb6zWjdOT6FMNTB7scdST/slHOGccNEPWHWFhrcgktO4p3jHHPckzp38jDAN3NK1UQCrFCMtgncRNafvO3bEB0Tgv+sFmh7XRjiSntbohsGsDAWPxyaGtJ1Zmdpvqz3WyVrYm45UKWZo8nz3wY93Gdww4WHG/aLCWTwIx3vY8rGlo8wP2DGugPvNo+aiJQUUmfiob"
    ],
    "tunnelProperties": {
      "tunnelId": "quick-dog-vb6gjrm",
      "clusterId": "asse",
      "domain": "app.github.dev",
      "connectAccessToken": "<386:<redacted>>",
      "managePortsAccessToken": "<393:<redacted>>",
      "serviceUri": "https://global.rel.tunnels.api.visualstudio.com/"
    }
  }
}
[Client:extension:22a3:resolver:resolve:1 I] Progress: Connecting to codespace...
[Client:extension:22a3:resolver:codespaces-internal-transport V] Received request for StartRemoteServerAsync from client
[Client:extension:22a3:resolver:port-forwarder:tunnel-provider I] Getting stream from port 16635 with protocol https
[Client:extension:22a3:resolver:port-forwarder:tunnel-provider I] Creating or reusing https/16635 with privacy 'undefined', attempt 0
[Client:extension:22a3:resolver:port-forwarder:tunnel-provider I] https/16635 already exists with privacy 'private' so reusing the existing port
[Client:extension:22a3:resolver:codespaces-internal-transport V] Sending message of size 111 bytes to server
[Client:extension:22a3:resolver:codespaces-internal-transport V] Finished sending request to server
[Client:extension:22a3:resolver:port-forwarder:tunnel-provider V] tunnelClient verbose 0: Waiting for forwarded port 16635
[Client:extension:22a3:resolver:port-forwarder:tunnel-provider V] tunnelClient verbose 0: Forwarded port 16635 is ready.
[Client:extension:22a3:resolver:port-forwarder:tunnel-provider V] tunnelClient verbose 9101: Sending #9 PortForwardChannelOpenMessage(channelType=forwarded-tcpip, senderChannel=1) (host=127.0.0.1 port=16635)
[Client:extension:22a3:resolver:port-forwarder:tunnel-provider V] tunnelClient verbose 9102: Receiving #9 ChannelOpenConfirmationMessage (recipientChannel=1)(senderChannel=0)
[Client:extension:22a3:resolver:port-forwarder:tunnel-provider V] tunnelClient info 9154: PortForwardingService opened forwarded-tcpip channel #1 for 127.0.0.1:16635.
[Client:extension:22a3:resolver:port-forwarder:tunnel-provider V] tunnelClient verbose 9102: Receiving #11 ChannelCloseMessage (recipientChannel=1)
[Client:extension:22a3:resolver:port-forwarder:tunnel-provider V] tunnelClient info 9123: SshChannel(Type: forwarded-tcpip, Id: 1, RemoteId: 0) closed remotely. (S: 384, R: 241)
[Client:extension:22a3:resolver:codespaces-internal-transport V] Sending end event to client
[Client:extension:22a3:resolver I] Executed start-remote-server using gRPC
[Client:extension:22a3:resolver:port-forwarder:tunnel-provider V] Adding forwarded port 42825
[Client:extension:22a3:resolver:port-forwarder:tunnel-provider E] Failed to get tunnel port> object #0: Tunnel service error: Not Found code:ERR_BAD_REQUEST
  at settle (/home/j/.vscode/extensions/node_modules/axios/dist/node/axios.cjs:1970:12)
  at IncomingMessage.handleStreamEnd (/home/j/.vscode/extensions/node_modules/axios/dist/node/axios.cjs:3069:11)
  at IncomingMessage.emit (node:events:526:35)
  at endReadableNT (node:internal/streams/readable:1408:12)
  at processTicksAndRejections (node:internal/process/task_queues:82:21)
[Client:extension:22a3:resolver:port-forwarder:tunnel-provider I] Creating or reusing https/42825 with privacy 'private', attempt 0
[Client:extension:22a3:resolver:port-forwarder:tunnel-provider V] tunnelClient verbose 9101: Sending #12 SessionRequestMessage (requestType=RefreshPorts)
[Client:extension:22a3:resolver:port-forwarder:tunnel-provider V] tunnelClient verbose 9102: Receiving #12 SessionRequestMessage (requestType=tcpip-forward)
[Client:extension:22a3:resolver:port-forwarder:tunnel-provider V] tunnelClient verbose 9101: Sending #13 PortForwardSuccessMessage (port=42825)
[Client:extension:22a3:resolver:port-forwarder:tunnel-provider V] tunnelClient verbose 9102: Receiving #13 SessionRequestSuccessMessage
[Client:extension:22a3:resolver:port-forwarder:tunnel-provider I] Created port https/42825 with privacy 'private'
[Client:extension:22a3:resolver:port-forwarder:tunnel-provider I] Forwarding port 42825 locally
[Client:extension:22a3:resolver:port-forwarder:tunnel-provider V] subscribing to onDispose event
[Client:extension:22a3:resolver:port-forwarder:tunnel-provider:local-port-forwarder[42825] V] subscribing to onDispose event
[Client:extension:22a3:resolver:port-forwarder:tunnel-provider:local-port-forwarder[42825] I] Starting local TCP server on port 42825 for remote port 42825
[Client:extension:22a3:resolver:port-forwarder:tunnel-provider:local-port-forwarder[42825] I] Attempting to listen to 127.0.0.1:42825
[Client:extension:22a3:resolver:port-forwarder:tunnel-provider:local-port-forwarder[42825] I] Listening on local port 42825
[Client:extension:22a3:resolver:port-forwarder:tunnel-provider:local-port-forwarder[42825] I] Server started on port 42825
[Client:extension:22a3:resolver:port-forwarder:tunnel-provider I] Using local port 42825
[Client:extension:22a3:resolver:port-forwarder:tunnel-provider I] Setting main connection reference for remote port 42825 to local port 42825
[Client:extension:22a3:resolver:port-forwarder:tunnel-provider V] subscribing to onDispose event
[Client:extension:22a3:resolver:port-forwarder:tunnel-provider V] Reviving ports...
[Client:extension:22a3:resolver:port-forwarder:tunnel-provider V] Not opening workspace tunnel for internal port 16634
[Client:extension:22a3:resolver:port-forwarder:tunnel-provider V] Revived port: 16634
[Client:extension:22a3:resolver:port-forwarder:tunnel-provider V] Not opening workspace tunnel for internal port 16635
[Client:extension:22a3:resolver:port-forwarder:tunnel-provider V] Revived port: 16635
[Client:extension:22a3:resolver:port-forwarder:tunnel-provider V] Not opening workspace tunnel for internal port 42825
[Client:extension:22a3:resolver:port-forwarder:tunnel-provider V] Revived port: 42825
[Client:extension:22a3:resolver:port-forwarder:tunnel-provider V] subscribing to onDispose event
[Client:extension:22a3:resolver:resolve:1 I] vscode server remote port: "42825", local port: "42825"}
[Client V] connect duration: 24949 ms
[Client:extension:22a3:resolver:resolve:1 I] Progress: Done
[Client:extension:22a3:resolver:codespaces-internal-transport V] Received request for EventStream from client
[Client:extension:22a3:resolver:port-forwarder:tunnel-provider I] Getting stream from port 16635 with protocol https
[Client:extension:22a3:resolver:port-forwarder:tunnel-provider I] Creating or reusing https/16635 with privacy 'undefined', attempt 0
[Client:extension:22a3:resolver:port-forwarder:tunnel-provider I] https/16635 already exists with privacy 'private' so reusing the existing port
[Client:extension:22a3:resolver:codespaces-internal-transport V] Sending message of size 5 bytes to server
[Client:extension:22a3:resolver:codespaces-internal-transport V] Finished sending request to server
[Client:extension:22a3:resolver I] Subscribed to event stream
[Client:extension:22a3:resolver:resolve:1:background-tasks I] launching background configuration tasks
[Client:extension:22a3:resolver:resolve:1:background-tasks:post-attach-command-manager I] PostAttachCommandManager: addEnvironmentConfiguredEventCallback()
[Client:extension:22a3:resolver:resolve:1:background-tasks:post-attach-command-manager V] subscribing to onDispose event
[Client:extension:22a3:resolver:resolve:1:background-tasks I] no max idle timeout notice
[Client:extension:22a3:resolver:resolve:1:background-tasks V] checking correctness of the codespace session path> object #0: [
  {
    "uri": {
      "$mid": 1,
      "external": "vscode-remote://codespaces%2Bfantastic-space-waffle-v76qxwprrwgc4gw/workspaces/85962938",
      "path": "/workspaces/85962938",
      "scheme": "vscode-remote",
      "authority": "codespaces+fantastic-space-waffle-v76qxwprrwgc4gw"
    },
    "name": "<8:<redacted>>",
    "index": 0
  }
]
[Client:extension:22a3:resolver:codespaces-internal-transport V] Received request for IsRecoveryContainerAsync from client
[Client:extension:22a3:resolver:port-forwarder:tunnel-provider I] Getting stream from port 16635 with protocol https
[Client:extension:22a3:resolver:port-forwarder:tunnel-provider I] Creating or reusing https/16635 with privacy 'undefined', attempt 0
[Client:extension:22a3:resolver:port-forwarder:tunnel-provider I] https/16635 already exists with privacy 'private' so reusing the existing port
[Client:extension:22a3:resolver:codespaces-internal-transport V] Sending message of size 5 bytes to server
[Client:extension:22a3:resolver:codespaces-internal-transport V] Finished sending request to server
[Client:extension:22a3:resolver:resolve:1:background-tasks I] starting activity monitor, isRunningInWeb: "false"
[Client:extension:22a3:resolver:resolve:1:background-tasks:activity-monitor:vscode-activity-provider I] isRunningInWeb: false
[Client:extension:22a3:resolver:resolve:1:background-tasks:activity-monitor:vscode-activity-provider I] starting activity monitor
[Client:extension:22a3:resolver:resolve:1:background-tasks:activity-monitor:vscode-activity-provider V] sending activity heartbeat
[Client:extension:22a3:resolver:codespaces-internal-transport V] Received request for NotifyCodespaceOfClientActivity from client
[Client:extension:22a3:resolver:port-forwarder:tunnel-provider I] Getting stream from port 16635 with protocol https
[Client:extension:22a3:resolver:port-forwarder:tunnel-provider I] Creating or reusing https/16635 with privacy 'undefined', attempt 0
[Client:extension:22a3:resolver:port-forwarder:tunnel-provider I] https/16635 already exists with privacy 'private' so reusing the existing port
[Client:extension:22a3:resolver:codespaces-internal-transport V] Sending message of size 44 bytes to server
[Client:extension:22a3:resolver:codespaces-internal-transport V] Finished sending request to server
[Client:extension:22a3:resolver:codespaces-internal-transport V] Received request for GetContainerPersistedFolderPath from client
[Client:extension:22a3:resolver:port-forwarder:tunnel-provider I] Getting stream from port 16635 with protocol https
[Client:extension:22a3:resolver:port-forwarder:tunnel-provider I] Creating or reusing https/16635 with privacy 'undefined', attempt 0
[Client:extension:22a3:resolver:port-forwarder:tunnel-provider I] https/16635 already exists with privacy 'private' so reusing the existing port
[Client:extension:22a3:resolver:codespaces-internal-transport V] Sending message of size 5 bytes to server
[Client:extension:22a3:resolver:codespaces-internal-transport V] Finished sending request to server
[Client:extension:22a3:resolver:codespaces-internal-transport V] Received request for GetContainerPersistedFolderPath from client
[Client:extension:22a3:resolver:port-forwarder:tunnel-provider I] Getting stream from port 16635 with protocol https
[Client:extension:22a3:resolver:port-forwarder:tunnel-provider I] Creating or reusing https/16635 with privacy 'undefined', attempt 0
[Client:extension:22a3:resolver:port-forwarder:tunnel-provider I] https/16635 already exists with privacy 'private' so reusing the existing port
[Client:extension:22a3:resolver:codespaces-internal-transport V] Sending message of size 5 bytes to server
[Client:extension:22a3:resolver:codespaces-internal-transport V] Finished sending request to server
[Client:extension:22a3:resolver:codespaces-internal-transport V] Received request for GetContainerPersistedFolderPath from client
[Client:extension:22a3:resolver:port-forwarder:tunnel-provider I] Getting stream from port 16635 with protocol https
[Client:extension:22a3:resolver:port-forwarder:tunnel-provider I] Creating or reusing https/16635 with privacy 'undefined', attempt 0
[Client:extension:22a3:resolver:port-forwarder:tunnel-provider I] https/16635 already exists with privacy 'private' so reusing the existing port
[Client:extension:22a3:resolver:codespaces-internal-transport V] Sending message of size 5 bytes to server
[Client:extension:22a3:resolver:codespaces-internal-transport V] Finished sending request to server
[Client:extension:22a3:resolver:codespaces-internal-transport V] Received request for ConfigureEnvironmentAsync from client
[Client:extension:22a3:resolver:port-forwarder:tunnel-provider I] Getting stream from port 16635 with protocol https
[Client:extension:22a3:resolver:port-forwarder:tunnel-provider I] Creating or reusing https/16635 with privacy 'undefined', attempt 0
[Client:extension:22a3:resolver:port-forwarder:tunnel-provider I] https/16635 already exists with privacy 'private' so reusing the existing port
[Client:extension:22a3:resolver:codespaces-internal-transport V] Sending message of size 5 bytes to server
[Client:extension:22a3:resolver:codespaces-internal-transport V] Finished sending request to server
[Client:extension:22a3:resolver:resolve:1:background-tasks:openDefaultFiles I] Skipping openFiles because it's not the first activation
[Client:extension:22a3:resolver:port-forwarder:tunnel-provider V] tunnelClient verbose 0: Waiting for forwarded port 16635
[Client:extension:22a3:resolver:port-forwarder:tunnel-provider V] tunnelClient verbose 0: Waiting for forwarded port 16635
[Client:extension:22a3:resolver:port-forwarder:tunnel-provider V] tunnelClient verbose 0: Waiting for forwarded port 16635
[Client:extension:22a3:resolver:port-forwarder:tunnel-provider V] tunnelClient verbose 0: Waiting for forwarded port 16635
[Client:extension:22a3:resolver:port-forwarder:tunnel-provider V] tunnelClient verbose 0: Waiting for forwarded port 16635
[Client:extension:22a3:resolver:port-forwarder:tunnel-provider V] tunnelClient verbose 0: Waiting for forwarded port 16635
[Client:extension:22a3:resolver:port-forwarder:tunnel-provider V] tunnelClient verbose 0: Forwarded port 16635 is ready.
[Client:extension:22a3:resolver:port-forwarder:tunnel-provider V] tunnelClient verbose 0: Forwarded port 16635 is ready.
[Client:extension:22a3:resolver:port-forwarder:tunnel-provider V] tunnelClient verbose 0: Forwarded port 16635 is ready.
[Client:extension:22a3:resolver:port-forwarder:tunnel-provider V] tunnelClient verbose 0: Waiting for forwarded port 16635
[Client:extension:22a3:resolver:port-forwarder:tunnel-provider V] tunnelClient verbose 0: Forwarded port 16635 is ready.
[Client:extension:22a3:resolver:port-forwarder:tunnel-provider V] tunnelClient verbose 0: Forwarded port 16635 is ready.
[Client:extension:22a3:resolver:port-forwarder:tunnel-provider V] tunnelClient verbose 0: Forwarded port 16635 is ready.
[Client:extension:22a3:resolver:port-forwarder:tunnel-provider V] tunnelClient verbose 0: Forwarded port 16635 is ready.
[Client:extension:22a3:resolver:port-forwarder:tunnel-provider V] tunnelClient verbose 9101: Sending #14 PortForwardChannelOpenMessage(channelType=forwarded-tcpip, senderChannel=2) (host=127.0.0.1 port=16635)
[Client:extension:22a3:resolver:port-forwarder:tunnel-provider V] tunnelClient verbose 9101: Sending #15 PortForwardChannelOpenMessage(channelType=forwarded-tcpip, senderChannel=3) (host=127.0.0.1 port=16635)
[Client:extension:22a3:resolver:port-forwarder:tunnel-provider V] tunnelClient verbose 9101: Sending #16 PortForwardChannelOpenMessage(channelType=forwarded-tcpip, senderChannel=4) (host=127.0.0.1 port=16635)
[Client:extension:22a3:resolver:port-forwarder:tunnel-provider V] tunnelClient verbose 9101: Sending #17 PortForwardChannelOpenMessage(channelType=forwarded-tcpip, senderChannel=5) (host=127.0.0.1 port=16635)
[Client:extension:22a3:resolver:port-forwarder:tunnel-provider V] tunnelClient verbose 9101: Sending #18 PortForwardChannelOpenMessage(channelType=forwarded-tcpip, senderChannel=6) (host=127.0.0.1 port=16635)
[Client:extension:22a3:resolver:port-forwarder:tunnel-provider V] tunnelClient verbose 9101: Sending #19 PortForwardChannelOpenMessage(channelType=forwarded-tcpip, senderChannel=7) (host=127.0.0.1 port=16635)
[Client:extension:22a3:resolver:port-forwarder:tunnel-provider V] tunnelClient verbose 9101: Sending #20 PortForwardChannelOpenMessage(channelType=forwarded-tcpip, senderChannel=8) (host=127.0.0.1 port=16635)
[Client:extension:22a3:resolver:port-forwarder:tunnel-provider I] Getting stream from port 42825 with protocol https
[Client:extension:22a3:resolver:port-forwarder:tunnel-provider I] Creating or reusing https/42825 with privacy 'undefined', attempt 0
[Client:extension:22a3:resolver:port-forwarder:tunnel-provider I] https/42825 already exists with privacy 'private' so reusing the existing port
[Client:extension:22a3:resolver:port-forwarder:tunnel-provider V] tunnelClient verbose 0: Waiting for forwarded port 42825
[Client:extension:22a3:resolver:port-forwarder:tunnel-provider V] tunnelClient verbose 0: Forwarded port 42825 is ready.
[Client:extension:22a3:resolver:port-forwarder:tunnel-provider V] tunnelClient verbose 9101: Sending #21 PortForwardChannelOpenMessage(channelType=forwarded-tcpip, senderChannel=9) (host=127.0.0.1 port=42825)
[Client:extension:22a3:resolver:port-forwarder:tunnel-provider V] tunnelClient verbose 9102: Receiving #14 ChannelOpenConfirmationMessage (recipientChannel=2)(senderChannel=1)
[Client:extension:22a3:resolver:port-forwarder:tunnel-provider V] tunnelClient info 9154: PortForwardingService opened forwarded-tcpip channel #2 for 127.0.0.1:16635.
[Client:extension:22a3:resolver:port-forwarder:tunnel-provider V] tunnelClient verbose 9102: Receiving #15 ChannelOpenConfirmationMessage (recipientChannel=3)(senderChannel=2)
[Client:extension:22a3:resolver:port-forwarder:tunnel-provider V] tunnelClient info 9154: PortForwardingService opened forwarded-tcpip channel #3 for 127.0.0.1:16635.
[Client:extension:22a3:resolver:port-forwarder:tunnel-provider V] tunnelClient verbose 9102: Receiving #16 ChannelOpenConfirmationMessage (recipientChannel=4)(senderChannel=3)
[Client:extension:22a3:resolver:port-forwarder:tunnel-provider V] tunnelClient info 9154: PortForwardingService opened forwarded-tcpip channel #4 for 127.0.0.1:16635.
[Client:extension:22a3:resolver:port-forwarder:tunnel-provider V] tunnelClient verbose 9102: Receiving #17 ChannelOpenConfirmationMessage (recipientChannel=5)(senderChannel=4)
[Client:extension:22a3:resolver:port-forwarder:tunnel-provider V] tunnelClient info 9154: PortForwardingService opened forwarded-tcpip channel #5 for 127.0.0.1:16635.
[Client:extension:22a3:resolver:port-forwarder:tunnel-provider V] tunnelClient verbose 9102: Receiving #18 ChannelOpenConfirmationMessage (recipientChannel=6)(senderChannel=5)
[Client:extension:22a3:resolver:port-forwarder:tunnel-provider V] tunnelClient info 9154: PortForwardingService opened forwarded-tcpip channel #6 for 127.0.0.1:16635.
[Client:extension:22a3:resolver:port-forwarder:tunnel-provider V] tunnelClient verbose 9102: Receiving #19 ChannelOpenConfirmationMessage (recipientChannel=7)(senderChannel=6)
[Client:extension:22a3:resolver:port-forwarder:tunnel-provider V] tunnelClient info 9154: PortForwardingService opened forwarded-tcpip channel #7 for 127.0.0.1:16635.
[Client:extension:22a3:resolver:port-forwarder:tunnel-provider V] tunnelClient verbose 9102: Receiving #20 ChannelOpenConfirmationMessage (recipientChannel=8)(senderChannel=7)
[Client:extension:22a3:resolver:port-forwarder:tunnel-provider V] tunnelClient info 9154: PortForwardingService opened forwarded-tcpip channel #8 for 127.0.0.1:16635.
[Client:extension:22a3:resolver:port-forwarder:tunnel-provider V] tunnelClient verbose 9102: Receiving #21 ChannelOpenConfirmationMessage (recipientChannel=9)(senderChannel=8)
[Client:extension:22a3:resolver:port-forwarder:tunnel-provider V] tunnelClient info 9154: PortForwardingService opened forwarded-tcpip channel #9 for 127.0.0.1:42825.
[Client:extension:22a3:resolver I] Received event: Subscribed
[Client:extension:22a3:resolver I] Client 3f23de45-bf1a-4091-880a-b28c2cc7a344 subscribed to event stream
[Client:extension:22a3:resolver:port-forwarder:tunnel-provider V] tunnelClient verbose 9102: Receiving #27 ChannelCloseMessage (recipientChannel=3)
[Client:extension:22a3:resolver:port-forwarder:tunnel-provider V] tunnelClient info 9123: SshChannel(Type: forwarded-tcpip, Id: 3, RemoteId: 2) closed remotely. (S: 272, R: 198)
[Client:extension:22a3:resolver:codespaces-internal-transport V] Sending end event to client
[Client:extension:22a3:resolver:resolve:1:background-tasks I] Executed is-recovery-container using gRPC
[Client:extension:22a3:resolver:resolve:1:background-tasks V] not in recovery container
[Client:extension:22a3:resolver:port-forwarder:tunnel-provider V] tunnelClient verbose 9102: Receiving #28 ChannelCloseMessage (recipientChannel=7)
[Client:extension:22a3:resolver:port-forwarder:tunnel-provider V] tunnelClient info 9123: SshChannel(Type: forwarded-tcpip, Id: 7, RemoteId: 6) closed remotely. (S: 279, R: 240)
[Client:extension:22a3:resolver:codespaces-internal-transport V] Sending end event to client
[ResourceUsage I] Executed get-container-persisted-folder using gRPC
[ResourceUsage V] container folder path: "/workspaces/.codespaces/.persistedshare"
[ResourceUsage V] shared folder path: "/workspaces/.codespaces/shared/resource-usage.json"
[ResourceUsage V] shared file path: "vscode-remote:///workspaces/.codespaces/shared/resource-usage.json"
[ResourceUsage I] Starting monitor
[ResourceUsage I] Checking if the codespace connection exists
[Client:extension:22a3:resolver:port-forwarder:tunnel-provider V] tunnelClient verbose 9102: Receiving #29 ChannelCloseMessage (recipientChannel=5)
[Client:extension:22a3:resolver:port-forwarder:tunnel-provider V] tunnelClient info 9123: SshChannel(Type: forwarded-tcpip, Id: 5, RemoteId: 4) closed remotely. (S: 279, R: 240)
[Client:extension:22a3:resolver:codespaces-internal-transport V] Sending end event to client
[Client:extension:22a3:resolver:resolve:1:background-tasks I] Executed get-container-persisted-folder using gRPC
[Client:extension:22a3:resolver:resolve:1:background-tasks V] container folder path: "/workspaces/.codespaces/.persistedshare"
[Client:extension:22a3:resolver:resolve:1:background-tasks V] shared folder path: "/workspaces/.codespaces/shared/postCreateOutput.json"
[Client:extension:22a3:resolver:resolve:1:background-tasks V] shared file path: "vscode-remote:///workspaces/.codespaces/shared/postCreateOutput.json"
[Client:extension:22a3:resolver:port-forwarder:tunnel-provider V] tunnelClient verbose 9102: Receiving #30 ChannelCloseMessage (recipientChannel=6)
[Client:extension:22a3:resolver:port-forwarder:tunnel-provider V] tunnelClient info 9123: SshChannel(Type: forwarded-tcpip, Id: 6, RemoteId: 5) closed remotely. (S: 279, R: 240)
[Client:extension:22a3:resolver:codespaces-internal-transport V] Sending end event to client
[Performance I] Executed get-container-persisted-folder using gRPC
[Client:extension:22a3:resolver:port-forwarder:tunnel-provider V] tunnelClient verbose 9102: Receiving #32 ChannelCloseMessage (recipientChannel=8)
[Client:extension:22a3:resolver:port-forwarder:tunnel-provider V] tunnelClient info 9123: SshChannel(Type: forwarded-tcpip, Id: 8, RemoteId: 7) closed remotely. (S: 273, R: 198)
[Client:extension:22a3:resolver:codespaces-internal-transport V] Sending end event to client
[Client:extension:22a3:resolver:resolve:1:background-tasks I] Executed configure-environment using gRPC
[Client:extension:22a3:resolver:port-forwarder:tunnel-provider V] tunnelClient verbose 9102: Receiving #34 ChannelCloseMessage (recipientChannel=4)
[Client:extension:22a3:resolver:port-forwarder:tunnel-provider V] tunnelClient info 9123: SshChannel(Type: forwarded-tcpip, Id: 4, RemoteId: 3) closed remotely. (S: 319, R: 200)
[Client:extension:22a3:resolver:codespaces-internal-transport V] Sending end event to client
[Client:extension:22a3:resolver:resolve:1:background-tasks:activity-monitor:vscode-activity-provider I] Executed notify-codespace-of-client-activity using gRPC
[Client:extension:22a3:resolver:resolve:1:background-tasks:activity-monitor:vscode-activity-provider I] Activity signal sent with result true
[Client:extension:22a3:resolver:port-forwarder:tunnel-provider I] Getting stream from port 42825 with protocol https
[Client:extension:22a3:resolver:port-forwarder:tunnel-provider I] Creating or reusing https/42825 with privacy 'undefined', attempt 0
[Client:extension:22a3:resolver:port-forwarder:tunnel-provider I] https/42825 already exists with privacy 'private' so reusing the existing port
[Client:extension:22a3:resolver:port-forwarder:tunnel-provider V] tunnelClient verbose 0: Waiting for forwarded port 42825
[Client:extension:22a3:resolver:port-forwarder:tunnel-provider V] tunnelClient verbose 0: Forwarded port 42825 is ready.
[Client:extension:22a3:resolver:port-forwarder:tunnel-provider V] tunnelClient verbose 9101: Sending #38 PortForwardChannelOpenMessage(channelType=forwarded-tcpip, senderChannel=10) (host=127.0.0.1 port=42825)
[Client:extension:22a3:resolver:port-forwarder:tunnel-provider V] tunnelClient verbose 9102: Receiving #36 ChannelOpenConfirmationMessage (recipientChannel=10)(senderChannel=9)
[Client:extension:22a3:resolver:port-forwarder:tunnel-provider V] tunnelClient info 9154: PortForwardingService opened forwarded-tcpip channel #10 for 127.0.0.1:42825.
