2024-06-24 19:03:42.560 [info] Active editor: vscode-remote://codespaces%2Bfantastic-space-waffle-v76qxwprrwgc4gw/workspaces/85962938/practice/meow.c
2024-06-24 19:03:42.968 [info] Configuration changed
2024-06-24 19:03:43.108 [info] Configuration changed
2024-06-24 19:03:43.133 [info] Configuration changed
2024-06-24 19:03:43.158 [info] Configuration changed
2024-06-24 19:03:43.179 [info] Configuration changed
2024-06-24 19:03:43.201 [info] Configuration changed
2024-06-24 19:05:49.232 [info] /workspaces/85962938/.vscode/settings.json closed
2024-06-24 19:14:18.349 [info] Executing :w
2024-06-24 19:26:11.629 [info] Executing :w
2024-06-24 19:30:54.475 [info] /workspaces/85962938/practice/meow.c.git closed
2024-06-24 19:31:12.530 [info] Configuration changed
2024-06-24 19:31:12.543 [info] Configuration changed
2024-06-24 19:31:12.549 [info] Configuration changed
2024-06-24 19:31:12.556 [info] Configuration changed
2024-06-24 19:31:12.562 [info] Configuration changed
2024-06-24 19:31:12.570 [info] Configuration changed
2024-06-24 19:31:16.179 [info] Configuration changed
2024-06-24 19:31:21.234 [info] Active editor: vscode-remote://codespaces%2Bfantastic-space-waffle-v76qxwprrwgc4gw/workspaces/85962938/practice/meow.c
2024-06-24 19:33:14.102 [info] /workspaces/85962938/.vscode/settings.json closed
2024-06-24 22:13:24.213 [info] Configuration changed
2024-06-24 22:13:24.218 [info] Configuration changed
2024-06-24 22:13:24.224 [info] Configuration changed
2024-06-24 22:13:24.231 [info] Configuration changed
2024-06-24 22:13:24.237 [info] Configuration changed
2024-06-24 22:15:30.598 [info] /workspaces/85962938/.vscode/settings.json closed
2024-06-24 22:31:48.387 [info] Active editor: vscode-remote://codespaces%2Bfantastic-space-waffle-v76qxwprrwgc4gw/workspaces/85962938/cs50/problems/2024/x/mario-less/mario.c
2024-06-24 22:31:48.394 [info] /workspaces/85962938/practice/meow.c.git closed
2024-06-24 22:31:49.253 [info] /workspaces/85962938/cs50/problems/2024/x/mario-less/mario.c closed
2024-06-24 22:31:49.257 [info] Active editor: vscode-remote://codespaces%2Bfantastic-space-waffle-v76qxwprrwgc4gw/workspaces/85962938/practice/meow.c
2024-06-24 22:31:49.264 [info] /workspaces/85962938/cs50/problems/2024/x/mario-less/mario.c.git closed
2024-06-24 22:58:31.753 [info] Active editor: vscode-remote://codespaces%2Bfantastic-space-waffle-v76qxwprrwgc4gw/workspaces/85962938/practice/calculator.c
2024-06-24 22:58:31.759 [info] /workspaces/85962938/practice/meow.c.git closed
2024-06-24 23:32:09.420 [info] Active editor: vscode-remote://codespaces%2Bfantastic-space-waffle-v76qxwprrwgc4gw/workspaces/85962938/practice/meow.c
2024-06-24 23:32:09.431 [info] /workspaces/85962938/practice/calculator.c.git closed
2024-06-24 23:32:21.106 [info] Active editor: vscode-remote://codespaces%2Bfantastic-space-waffle-v76qxwprrwgc4gw/workspaces/85962938/practice/calculator.c
2024-06-24 23:32:21.114 [info] /workspaces/85962938/practice/meow.c.git closed
2024-06-24 23:34:11.067 [info] Active editor: vscode-remote://codespaces%2Bfantastic-space-waffle-v76qxwprrwgc4gw/workspaces/85962938/practice/meow.c
2024-06-24 23:34:11.074 [info] /workspaces/85962938/practice/calculator.c.git closed
2024-06-24 23:34:12.162 [info] /workspaces/85962938/practice/meow.c closed
2024-06-24 23:34:12.167 [info] Active editor: vscode-remote://codespaces%2Bfantastic-space-waffle-v76qxwprrwgc4gw/workspaces/85962938/practice/calculator.c
2024-06-24 23:34:12.174 [info] /workspaces/85962938/practice/meow.c.git closed
2024-06-24 23:34:42.359 [info] Active editor: vscode-remote://codespaces%2Bfantastic-space-waffle-v76qxwprrwgc4gw/workspaces/85962938/practice/mario.c
2024-06-24 23:34:42.367 [info] /workspaces/85962938/practice/calculator.c.git closed
2024-06-25 00:58:47.853 [info] Active editor: vscode-remote://codespaces%2Bfantastic-space-waffle-v76qxwprrwgc4gw/workspaces/85962938/practice/mario.c
2024-06-25 00:58:48.020 [info] Configuration changed
2024-06-25 00:58:48.667 [info] Configuration changed
2024-06-25 00:58:48.678 [info] Configuration changed
2024-06-25 00:58:48.688 [info] Configuration changed
2024-06-25 00:58:48.700 [info] Configuration changed
2024-06-25 01:00:59.666 [info] /workspaces/85962938/.vscode/settings.json closed
