2024-07-02 19:46:10.242 [info] Extension host with pid 12882 started
2024-07-02 19:46:10.242 [info] Skipping acquiring lock for /home/j/.config/Code/User/workspaceStorage/7d97b56d92fdf06611f3fc8f868ad160.
2024-07-02 19:46:10.242 [info] $getCanonicalURI invoked for authority (codespaces)
2024-07-02 19:46:10.244 [info] ExtensionService#_doActivateExtension GitHub.codespaces, startup: false, activationEvent: 'onResolveRemoteAuthority:codespaces'
2024-07-02 19:46:10.352 [info] ExtensionService#_doActivateExtension vscode.github-authentication, startup: false, activationEvent: 'api', root cause: GitHub.codespaces
2024-07-02 19:46:11.782 [info] [resolveAuthority(codespaces,1)][0ms] activating remote resolvers codespaces+fantastic-space-waffle-v76qxwprrwgc4gw
2024-07-02 19:46:11.782 [info] [resolveAuthority(codespaces,1)][0ms] activating resolver for codespaces+fantastic-space-waffle-v76qxwprrwgc4gw...
2024-07-02 19:46:11.783 [info] [resolveAuthority(codespaces,1)][1ms] invoking final resolve()...
2024-07-02 19:46:12.783 [info] [resolveAuthority(codespaces,1)][1001ms] waiting...
2024-07-02 19:46:13.791 [info] [resolveAuthority(codespaces,1)][2009ms] waiting...
2024-07-02 19:46:14.791 [info] [resolveAuthority(codespaces,1)][3009ms] waiting...
2024-07-02 19:46:15.792 [info] [resolveAuthority(codespaces,1)][4010ms] waiting...
2024-07-02 19:46:16.792 [info] [resolveAuthority(codespaces,1)][5010ms] waiting...
2024-07-02 19:46:17.793 [info] [resolveAuthority(codespaces,1)][6011ms] waiting...
2024-07-02 19:46:18.792 [info] [resolveAuthority(codespaces,1)][7010ms] waiting...
2024-07-02 19:46:20.038 [info] [resolveAuthority(codespaces,1)][8256ms] waiting...
2024-07-02 19:46:21.050 [info] [resolveAuthority(codespaces,1)][9268ms] waiting...
2024-07-02 19:46:22.051 [info] [resolveAuthority(codespaces,1)][10269ms] waiting...
2024-07-02 19:46:23.051 [info] [resolveAuthority(codespaces,1)][11269ms] waiting...
2024-07-02 19:46:24.051 [info] [resolveAuthority(codespaces,1)][12269ms] waiting...
2024-07-02 19:46:25.051 [info] [resolveAuthority(codespaces,1)][13269ms] waiting...
2024-07-02 19:46:26.051 [info] [resolveAuthority(codespaces,1)][14269ms] waiting...
2024-07-02 19:46:27.052 [info] [resolveAuthority(codespaces,1)][15270ms] waiting...
2024-07-02 19:46:28.053 [info] [resolveAuthority(codespaces,1)][16271ms] waiting...
2024-07-02 19:46:29.053 [info] [resolveAuthority(codespaces,1)][17271ms] waiting...
2024-07-02 19:46:30.053 [info] [resolveAuthority(codespaces,1)][18271ms] waiting...
2024-07-02 19:46:31.053 [info] [resolveAuthority(codespaces,1)][19271ms] waiting...
2024-07-02 19:46:32.053 [info] [resolveAuthority(codespaces,1)][20271ms] waiting...
2024-07-02 19:46:33.053 [info] [resolveAuthority(codespaces,1)][21271ms] waiting...
2024-07-02 19:46:34.053 [info] [resolveAuthority(codespaces,1)][22271ms] waiting...
2024-07-02 19:46:35.054 [info] [resolveAuthority(codespaces,1)][23271ms] waiting...
2024-07-02 19:46:36.053 [info] [resolveAuthority(codespaces,1)][24271ms] waiting...
2024-07-02 19:46:37.053 [info] [resolveAuthority(codespaces,1)][25271ms] waiting...
2024-07-02 19:46:38.053 [info] [resolveAuthority(codespaces,1)][26271ms] waiting...
2024-07-02 19:46:38.591 [info] [resolveAuthority(codespaces,1)][26809ms] setting tunnel factory...
2024-07-02 19:46:38.592 [info] [resolveAuthority(codespaces,1)][26810ms] returned 127.0.0.1:39453
2024-07-02 19:46:43.492 [info] Eager extensions activated
2024-07-02 19:46:43.617 [info] ExtensionService#_doActivateExtension sainnhe.gruvbox-material, startup: false, activationEvent: 'onStartupFinished'
2024-07-02 19:46:43.637 [info] ExtensionService#_doActivateExtension vscodevim.vim, startup: false, activationEvent: 'onStartupFinished'
2024-07-02 19:47:02.686 [info] Extension host terminating: renderer closed the MessagePort
2024-07-02 19:47:02.739 [info] Extension host with pid 12882 exiting with code 0
2024-07-02 19:47:03.735 [info] Extension host with pid 13308 started
2024-07-02 19:47:03.735 [info] Skipping acquiring lock for /home/j/.config/Code/User/workspaceStorage/7d97b56d92fdf06611f3fc8f868ad160.
2024-07-02 19:47:03.735 [info] $getCanonicalURI invoked for authority (codespaces)
2024-07-02 19:47:03.737 [info] ExtensionService#_doActivateExtension GitHub.codespaces, startup: false, activationEvent: 'onResolveRemoteAuthority:codespaces'
2024-07-02 19:47:03.846 [info] ExtensionService#_doActivateExtension vscode.github-authentication, startup: false, activationEvent: 'api', root cause: GitHub.codespaces
2024-07-02 19:47:05.260 [info] [resolveAuthority(codespaces,1)][0ms] activating remote resolvers codespaces+fantastic-space-waffle-v76qxwprrwgc4gw
2024-07-02 19:47:05.260 [info] [resolveAuthority(codespaces,1)][0ms] activating resolver for codespaces+fantastic-space-waffle-v76qxwprrwgc4gw...
2024-07-02 19:47:05.260 [info] [resolveAuthority(codespaces,1)][0ms] invoking final resolve()...
2024-07-02 19:47:06.260 [info] [resolveAuthority(codespaces,1)][1000ms] waiting...
2024-07-02 19:47:07.262 [info] [resolveAuthority(codespaces,1)][2002ms] waiting...
2024-07-02 19:47:08.262 [info] [resolveAuthority(codespaces,1)][3002ms] waiting...
2024-07-02 19:47:09.263 [info] [resolveAuthority(codespaces,1)][4003ms] waiting...
2024-07-02 19:47:10.263 [info] [resolveAuthority(codespaces,1)][5003ms] waiting...
2024-07-02 19:47:11.263 [info] [resolveAuthority(codespaces,1)][6003ms] waiting...
2024-07-02 19:47:12.263 [info] [resolveAuthority(codespaces,1)][7003ms] waiting...
2024-07-02 19:47:13.263 [info] [resolveAuthority(codespaces,1)][8003ms] waiting...
2024-07-02 19:47:14.263 [info] [resolveAuthority(codespaces,1)][9003ms] waiting...
2024-07-02 19:47:15.264 [info] [resolveAuthority(codespaces,1)][10003ms] waiting...
2024-07-02 19:47:16.263 [info] [resolveAuthority(codespaces,1)][11003ms] waiting...
2024-07-02 19:47:17.263 [info] [resolveAuthority(codespaces,1)][12003ms] waiting...
2024-07-02 19:47:18.263 [info] [resolveAuthority(codespaces,1)][13003ms] waiting...
2024-07-02 19:47:19.263 [info] [resolveAuthority(codespaces,1)][14003ms] waiting...
2024-07-02 19:47:20.263 [info] [resolveAuthority(codespaces,1)][15003ms] waiting...
2024-07-02 19:47:21.263 [info] [resolveAuthority(codespaces,1)][16003ms] waiting...
2024-07-02 19:47:22.263 [info] [resolveAuthority(codespaces,1)][17003ms] waiting...
2024-07-02 19:47:23.264 [info] [resolveAuthority(codespaces,1)][18004ms] waiting...
2024-07-02 19:47:24.264 [info] [resolveAuthority(codespaces,1)][19004ms] waiting...
2024-07-02 19:47:25.264 [info] [resolveAuthority(codespaces,1)][20004ms] waiting...
2024-07-02 19:47:26.264 [info] [resolveAuthority(codespaces,1)][21004ms] waiting...
2024-07-02 19:47:27.265 [info] [resolveAuthority(codespaces,1)][22005ms] waiting...
2024-07-02 19:47:28.266 [info] [resolveAuthority(codespaces,1)][23006ms] waiting...
2024-07-02 19:47:29.267 [info] [resolveAuthority(codespaces,1)][24007ms] waiting...
2024-07-02 19:47:30.268 [info] [resolveAuthority(codespaces,1)][25008ms] waiting...
2024-07-02 19:47:31.269 [info] [resolveAuthority(codespaces,1)][26009ms] waiting...
2024-07-02 19:47:32.269 [info] [resolveAuthority(codespaces,1)][27009ms] waiting...
2024-07-02 19:47:32.642 [info] [resolveAuthority(codespaces,1)][27382ms] setting tunnel factory...
2024-07-02 19:47:32.642 [info] [resolveAuthority(codespaces,1)][27382ms] returned 127.0.0.1:45903
2024-07-02 19:47:38.211 [info] Eager extensions activated
2024-07-02 19:47:38.309 [info] ExtensionService#_doActivateExtension sainnhe.gruvbox-material, startup: false, activationEvent: 'onStartupFinished'
2024-07-02 19:47:38.320 [info] ExtensionService#_doActivateExtension vscodevim.vim, startup: false, activationEvent: 'onStartupFinished'
2024-07-02 19:48:15.712 [info] Extension host terminating: renderer closed the MessagePort
2024-07-02 19:48:15.753 [info] Extension host with pid 13308 exiting with code 0
