2024-07-02 19:46:10.371 [info] Reading sessions from keychain...
2024-07-02 19:46:10.371 [info] Getting sessions for all scopes...
2024-07-02 19:46:10.371 [info] Got stored sessions!
2024-07-02 19:46:10.371 [info] Got 1 verified sessions.
2024-07-02 19:46:10.371 [info] Got 1 sessions for ...
2024-07-02 19:46:10.371 [info] Getting sessions for codespace,read:user,repo,user:email...
2024-07-02 19:46:10.371 [info] Got 1 sessions for codespace,read:user,repo,user:email...
2024-07-02 19:46:11.991 [info] Getting sessions for all scopes...
2024-07-02 19:46:11.991 [info] Got 1 sessions for ...
2024-07-02 19:46:52.066 [info] Getting sessions for read:user,repo,user:email,workflow...
2024-07-02 19:46:52.066 [info] Got 0 sessions for read:user,repo,user:email,workflow...
2024-07-02 19:46:52.622 [info] Getting sessions for project,read:org,read:user,repo,user:email,workflow...
2024-07-02 19:46:52.622 [info] Got 0 sessions for project,read:org,read:user,repo,user:email,workflow...
2024-07-02 19:46:52.705 [info] Getting sessions for read:user,repo,user:email,workflow...
2024-07-02 19:46:52.705 [info] Got 0 sessions for read:user,repo,user:email,workflow...
2024-07-02 19:46:52.781 [info] Getting sessions for read:user,repo,user:email...
2024-07-02 19:46:52.781 [info] Got 0 sessions for read:user,repo,user:email...
2024-07-02 19:46:52.860 [info] Getting sessions for read:user,repo,user:email,workflow...
2024-07-02 19:46:52.860 [info] Got 0 sessions for read:user,repo,user:email,workflow...
2024-07-02 19:46:54.228 [info] Getting sessions for read:user,repo,user:email,workflow...
2024-07-02 19:46:54.228 [info] Got 0 sessions for read:user,repo,user:email,workflow...
2024-07-02 19:47:03.860 [info] Reading sessions from keychain...
2024-07-02 19:47:03.861 [info] Getting sessions for all scopes...
2024-07-02 19:47:03.861 [info] Got stored sessions!
2024-07-02 19:47:03.861 [info] Got 1 verified sessions.
2024-07-02 19:47:03.861 [info] Got 1 sessions for ...
2024-07-02 19:47:03.861 [info] Getting sessions for codespace,read:user,repo,user:email...
2024-07-02 19:47:03.861 [info] Got 1 sessions for codespace,read:user,repo,user:email...
2024-07-02 19:47:05.536 [info] Getting sessions for all scopes...
2024-07-02 19:47:05.536 [info] Got 1 sessions for ...
2024-07-02 19:47:40.267 [info] Getting sessions for read:user,repo,user:email,workflow...
2024-07-02 19:47:40.267 [info] Got 0 sessions for read:user,repo,user:email,workflow...
2024-07-02 19:47:40.639 [info] Getting sessions for project,read:org,read:user,repo,user:email,workflow...
2024-07-02 19:47:40.639 [info] Got 0 sessions for project,read:org,read:user,repo,user:email,workflow...
2024-07-02 19:47:40.745 [info] Getting sessions for read:user,repo,user:email,workflow...
2024-07-02 19:47:40.745 [info] Got 0 sessions for read:user,repo,user:email,workflow...
2024-07-02 19:47:40.842 [info] Getting sessions for read:user,repo,user:email...
2024-07-02 19:47:40.842 [info] Got 0 sessions for read:user,repo,user:email...
2024-07-02 19:47:40.926 [info] Getting sessions for read:user,repo,user:email,workflow...
2024-07-02 19:47:40.926 [info] Got 0 sessions for read:user,repo,user:email,workflow...
