2024-07-02 19:48:18.323 [info] Reading sessions from keychain...
2024-07-02 19:48:18.323 [info] Getting sessions for all scopes...
2024-07-02 19:48:18.323 [info] Got stored sessions!
2024-07-02 19:48:18.323 [info] Got 1 verified sessions.
2024-07-02 19:48:18.323 [info] Got 1 sessions for ...
2024-07-02 19:48:18.323 [info] Getting sessions for codespace,read:user,repo,user:email...
2024-07-02 19:48:18.323 [info] Got 1 sessions for codespace,read:user,repo,user:email...
2024-07-02 19:48:19.956 [info] Getting sessions for all scopes...
2024-07-02 19:48:19.957 [info] Got 1 sessions for ...
2024-07-02 19:48:29.183 [info] Getting sessions for read:user,repo,user:email,workflow...
2024-07-02 19:48:29.183 [info] Got 0 sessions for read:user,repo,user:email,workflow...
2024-07-02 19:48:29.931 [info] Getting sessions for project,read:org,read:user,repo,user:email,workflow...
2024-07-02 19:48:29.931 [info] Got 0 sessions for project,read:org,read:user,repo,user:email,workflow...
2024-07-02 19:48:30.051 [info] Getting sessions for read:user,repo,user:email,workflow...
2024-07-02 19:48:30.051 [info] Got 0 sessions for read:user,repo,user:email,workflow...
2024-07-02 19:48:30.148 [info] Getting sessions for read:user,repo,user:email...
2024-07-02 19:48:30.148 [info] Got 0 sessions for read:user,repo,user:email...
2024-07-02 19:48:30.253 [info] Getting sessions for read:user,repo,user:email,workflow...
2024-07-02 19:48:30.253 [info] Got 0 sessions for read:user,repo,user:email,workflow...
2024-07-02 20:34:16.366 [info] Reading sessions from keychain...
2024-07-02 20:34:16.366 [info] Getting sessions for all scopes...
2024-07-02 20:34:16.366 [info] Got stored sessions!
2024-07-02 20:34:16.366 [info] Got 1 verified sessions.
2024-07-02 20:34:16.366 [info] Got 1 sessions for ...
2024-07-02 20:34:16.367 [info] Getting sessions for codespace,read:user,repo,user:email...
2024-07-02 20:34:16.367 [info] Got 1 sessions for codespace,read:user,repo,user:email...
2024-07-02 20:34:18.070 [info] Getting sessions for all scopes...
2024-07-02 20:34:18.070 [info] Got 1 sessions for ...
2024-07-02 20:34:51.158 [info] Getting sessions for read:user,repo,user:email,workflow...
2024-07-02 20:34:51.158 [info] Got 0 sessions for read:user,repo,user:email,workflow...
2024-07-02 20:34:51.827 [info] Getting sessions for project,read:org,read:user,repo,user:email,workflow...
2024-07-02 20:34:51.828 [info] Got 0 sessions for project,read:org,read:user,repo,user:email,workflow...
2024-07-02 20:34:51.913 [info] Getting sessions for read:user,repo,user:email,workflow...
2024-07-02 20:34:51.913 [info] Got 0 sessions for read:user,repo,user:email,workflow...
2024-07-02 20:34:52.033 [info] Getting sessions for read:user,repo,user:email...
2024-07-02 20:34:52.033 [info] Got 0 sessions for read:user,repo,user:email...
2024-07-02 20:34:52.152 [info] Getting sessions for read:user,repo,user:email,workflow...
2024-07-02 20:34:52.152 [info] Got 0 sessions for read:user,repo,user:email,workflow...
2024-07-02 20:34:53.388 [info] Getting sessions for read:user,repo,user:email,workflow...
2024-07-02 20:34:53.388 [info] Got 0 sessions for read:user,repo,user:email,workflow...
