2024-07-02 19:46:10.030 [info] Started local extension host with pid 12882.
2024-07-02 19:46:11.781 [info] Invoking resolveAuthority(codespaces)...
2024-07-02 19:46:11.782 [info] [LocalProcess0][resolveAuthority(codespaces,1)][0ms] obtaining proxy...
2024-07-02 19:46:11.782 [info] [LocalProcess0][resolveAuthority(codespaces,1)][0ms] invoking...
2024-07-02 19:46:12.782 [info] [LocalProcess0][resolveAuthority(codespaces,1)][1001ms] waiting...
2024-07-02 19:46:13.782 [info] [LocalProcess0][resolveAuthority(codespaces,1)][2000ms] waiting...
2024-07-02 19:46:14.782 [info] [LocalProcess0][resolveAuthority(codespaces,1)][3001ms] waiting...
2024-07-02 19:46:15.782 [info] [LocalProcess0][resolveAuthority(codespaces,1)][4001ms] waiting...
2024-07-02 19:46:16.782 [info] [LocalProcess0][resolveAuthority(codespaces,1)][5000ms] waiting...
2024-07-02 19:46:17.782 [info] [LocalProcess0][resolveAuthority(codespaces,1)][6001ms] waiting...
2024-07-02 19:46:18.782 [info] [LocalProcess0][resolveAuthority(codespaces,1)][7001ms] waiting...
2024-07-02 19:46:19.782 [info] [LocalProcess0][resolveAuthority(codespaces,1)][8001ms] waiting...
2024-07-02 19:46:20.782 [info] [LocalProcess0][resolveAuthority(codespaces,1)][9001ms] waiting...
2024-07-02 19:46:21.782 [info] [LocalProcess0][resolveAuthority(codespaces,1)][10001ms] waiting...
2024-07-02 19:46:22.782 [info] [LocalProcess0][resolveAuthority(codespaces,1)][11000ms] waiting...
2024-07-02 19:46:23.782 [info] [LocalProcess0][resolveAuthority(codespaces,1)][12001ms] waiting...
2024-07-02 19:46:24.782 [info] [LocalProcess0][resolveAuthority(codespaces,1)][13001ms] waiting...
2024-07-02 19:46:25.782 [info] [LocalProcess0][resolveAuthority(codespaces,1)][14001ms] waiting...
2024-07-02 19:46:26.782 [info] [LocalProcess0][resolveAuthority(codespaces,1)][15001ms] waiting...
2024-07-02 19:46:27.782 [info] [LocalProcess0][resolveAuthority(codespaces,1)][16001ms] waiting...
2024-07-02 19:46:28.782 [info] [LocalProcess0][resolveAuthority(codespaces,1)][17001ms] waiting...
2024-07-02 19:46:29.782 [info] [LocalProcess0][resolveAuthority(codespaces,1)][18000ms] waiting...
2024-07-02 19:46:30.782 [info] [LocalProcess0][resolveAuthority(codespaces,1)][19000ms] waiting...
2024-07-02 19:46:31.782 [info] [LocalProcess0][resolveAuthority(codespaces,1)][20001ms] waiting...
2024-07-02 19:46:32.782 [info] [LocalProcess0][resolveAuthority(codespaces,1)][21000ms] waiting...
2024-07-02 19:46:33.782 [info] [LocalProcess0][resolveAuthority(codespaces,1)][22000ms] waiting...
2024-07-02 19:46:34.782 [info] [LocalProcess0][resolveAuthority(codespaces,1)][23001ms] waiting...
2024-07-02 19:46:35.782 [info] [LocalProcess0][resolveAuthority(codespaces,1)][24001ms] waiting...
2024-07-02 19:46:36.782 [info] [LocalProcess0][resolveAuthority(codespaces,1)][25001ms] waiting...
2024-07-02 19:46:37.782 [info] [LocalProcess0][resolveAuthority(codespaces,1)][26001ms] waiting...
2024-07-02 19:46:38.598 [info] [LocalProcess0][resolveAuthority(codespaces,1)][26817ms] returned WebSocket(127.0.0.1:39453)
2024-07-02 19:46:38.598 [info] resolveAuthority(codespaces) returned 'WebSocket(127.0.0.1:39453)' after 26817 ms
2024-07-02 19:46:38.599 [info] Creating a socket (renderer-Management-24db0811-0fc4-4d81-a57c-63f37040db21)...
2024-07-02 19:46:38.600 [info] Creating a socket (renderer-ExtensionHost-a6a288ed-be8a-4d65-a1b5-a3f21dd4f8d6)...
2024-07-02 19:46:38.830 [info] Creating a socket (renderer-Management-24db0811-0fc4-4d81-a57c-63f37040db21) was successful after 231 ms.
2024-07-02 19:46:38.945 [info] Creating a socket (renderer-ExtensionHost-a6a288ed-be8a-4d65-a1b5-a3f21dd4f8d6) was successful after 345 ms.
2024-07-02 19:46:44.809 [info] [perf] Render performance baseline is 21ms
2024-07-02 19:46:47.050 [warning] [perf] Renderer reported VERY LONG TASK (307ms), starting profiling session 'b1a282c4-7870-4a4a-b65c-ca793ff1d1db'
2024-07-02 19:46:51.869 [info] Extension host (Remote) is unresponsive.
2024-07-02 19:46:51.884 [info] Extension host (Remote) is responsive.
2024-07-02 19:46:53.522 [error] [Extension Host] (node:344) [DEP0005] DeprecationWarning: Buffer() is deprecated due to security and usability issues. Please use the Buffer.alloc(), Buffer.allocUnsafe(), or Buffer.from() methods instead.
(Use `node --trace-deprecation ...` to show where the warning was created)
2024-07-02 19:47:03.516 [info] Started local extension host with pid 13308.
2024-07-02 19:47:05.259 [info] Invoking resolveAuthority(codespaces)...
2024-07-02 19:47:05.260 [info] [LocalProcess0][resolveAuthority(codespaces,1)][0ms] obtaining proxy...
2024-07-02 19:47:05.260 [info] [LocalProcess0][resolveAuthority(codespaces,1)][0ms] invoking...
2024-07-02 19:47:06.260 [info] [LocalProcess0][resolveAuthority(codespaces,1)][1000ms] waiting...
2024-07-02 19:47:07.260 [info] [LocalProcess0][resolveAuthority(codespaces,1)][2000ms] waiting...
2024-07-02 19:47:08.260 [info] [LocalProcess0][resolveAuthority(codespaces,1)][3000ms] waiting...
2024-07-02 19:47:09.260 [info] [LocalProcess0][resolveAuthority(codespaces,1)][4000ms] waiting...
2024-07-02 19:47:10.260 [info] [LocalProcess0][resolveAuthority(codespaces,1)][5001ms] waiting...
2024-07-02 19:47:11.260 [info] [LocalProcess0][resolveAuthority(codespaces,1)][6000ms] waiting...
2024-07-02 19:47:12.260 [info] [LocalProcess0][resolveAuthority(codespaces,1)][7000ms] waiting...
2024-07-02 19:47:13.260 [info] [LocalProcess0][resolveAuthority(codespaces,1)][8000ms] waiting...
2024-07-02 19:47:14.260 [info] [LocalProcess0][resolveAuthority(codespaces,1)][9000ms] waiting...
2024-07-02 19:47:15.260 [info] [LocalProcess0][resolveAuthority(codespaces,1)][10001ms] waiting...
2024-07-02 19:47:16.260 [info] [LocalProcess0][resolveAuthority(codespaces,1)][11000ms] waiting...
2024-07-02 19:47:17.260 [info] [LocalProcess0][resolveAuthority(codespaces,1)][12000ms] waiting...
2024-07-02 19:47:18.260 [info] [LocalProcess0][resolveAuthority(codespaces,1)][13000ms] waiting...
2024-07-02 19:47:19.260 [info] [LocalProcess0][resolveAuthority(codespaces,1)][14000ms] waiting...
2024-07-02 19:47:20.260 [info] [LocalProcess0][resolveAuthority(codespaces,1)][15000ms] waiting...
2024-07-02 19:47:21.260 [info] [LocalProcess0][resolveAuthority(codespaces,1)][16000ms] waiting...
2024-07-02 19:47:22.260 [info] [LocalProcess0][resolveAuthority(codespaces,1)][17000ms] waiting...
2024-07-02 19:47:23.260 [info] [LocalProcess0][resolveAuthority(codespaces,1)][18000ms] waiting...
2024-07-02 19:47:24.260 [info] [LocalProcess0][resolveAuthority(codespaces,1)][19000ms] waiting...
2024-07-02 19:47:25.260 [info] [LocalProcess0][resolveAuthority(codespaces,1)][20000ms] waiting...
2024-07-02 19:47:26.260 [info] [LocalProcess0][resolveAuthority(codespaces,1)][21001ms] waiting...
2024-07-02 19:47:27.260 [info] [LocalProcess0][resolveAuthority(codespaces,1)][22000ms] waiting...
2024-07-02 19:47:28.260 [info] [LocalProcess0][resolveAuthority(codespaces,1)][23000ms] waiting...
2024-07-02 19:47:29.260 [info] [LocalProcess0][resolveAuthority(codespaces,1)][24000ms] waiting...
2024-07-02 19:47:30.260 [info] [LocalProcess0][resolveAuthority(codespaces,1)][25001ms] waiting...
2024-07-02 19:47:31.260 [info] [LocalProcess0][resolveAuthority(codespaces,1)][26000ms] waiting...
2024-07-02 19:47:32.260 [info] [LocalProcess0][resolveAuthority(codespaces,1)][27001ms] waiting...
2024-07-02 19:47:32.646 [info] [LocalProcess0][resolveAuthority(codespaces,1)][27387ms] returned WebSocket(127.0.0.1:45903)
2024-07-02 19:47:32.646 [info] resolveAuthority(codespaces) returned 'WebSocket(127.0.0.1:45903)' after 27387 ms
2024-07-02 19:47:32.647 [info] Creating a socket (renderer-Management-b8bfd20f-3b11-4de9-a6bb-7d337d1ebbc0)...
2024-07-02 19:47:32.647 [info] Creating a socket (renderer-ExtensionHost-2a9a42ad-3d25-4325-b914-ad03f153df3e)...
2024-07-02 19:47:32.777 [info] Creating a socket (renderer-Management-b8bfd20f-3b11-4de9-a6bb-7d337d1ebbc0) was successful after 130 ms.
2024-07-02 19:47:32.897 [info] Creating a socket (renderer-ExtensionHost-2a9a42ad-3d25-4325-b914-ad03f153df3e) was successful after 250 ms.
2024-07-02 19:47:39.191 [info] [perf] Render performance baseline is 25ms
