2024-06-24 16:42:38.298 [info] Started initializing default profile extensions in extensions installation folder. file:///home/j/.vscode/extensions
2024-06-24 16:42:38.470 [warning] Failed to create default profile extensions manifest in extensions installation folder. file:///home/j/.vscode/extensions Unable to create file 'vscode-userdata:/home/j/.vscode/extensions/extensions.json' that already exists when overwrite flag is not set
2024-06-24 16:42:38.470 [info] Completed initializing default profile extensions in extensions installation folder. file:///home/j/.vscode/extensions
2024-06-24 16:43:18.354 [info] Getting Manifest... github.codespaces
2024-06-24 16:43:18.360 [info] Installing extension: github.codespaces vscode-userdata:/home/j/.vscode/extensions/extensions.json
2024-06-24 16:43:20.179 [info] Extension signature verification result for github.codespaces: Success. Executed: true. Duration: 968ms.
2024-06-24 16:43:20.400 [info] Extracted extension to file:///home/j/.vscode/extensions/github.codespaces-1.16.23: github.codespaces
2024-06-24 16:43:20.404 [info] Renamed to /home/j/.vscode/extensions/github.codespaces-1.16.23
2024-06-24 16:43:20.456 [info] Extension installed successfully: github.codespaces vscode-userdata:/home/j/.vscode/extensions/extensions.json
2024-06-24 16:43:20.490 [error] [uncaught exception in sharedProcess]: Error: ENOENT: no such file or directory, stat '/home/j/.vscode/extensions/extensions.json.vsctmp': EntryNotFound (FileSystemError): Error: ENOENT: no such file or directory, stat '/home/j/.vscode/extensions/extensions.json.vsctmp'
    at c.create (/usr/share/code/resources/app/out/vs/code/node/sharedProcess/sharedProcessMain.js:53:19235)
    at m (/usr/share/code/resources/app/out/vs/code/node/sharedProcess/sharedProcessMain.js:53:19345)
    at t.hb (/usr/share/code/resources/app/out/vs/code/node/sharedProcess/sharedProcessMain.js:58:36685)
    at t.stat (/usr/share/code/resources/app/out/vs/code/node/sharedProcess/sharedProcessMain.js:58:29033)
    at async b.stat (/usr/share/code/resources/app/out/vs/code/node/sharedProcess/sharedProcessMain.js:58:14899)
    at async H.vb (/usr/share/code/resources/app/out/vs/code/node/sharedProcess/sharedProcessMain.js:104:117665)
2024-06-24 16:47:13.807 [info] Getting Manifest... vscodevim.vim
2024-06-24 16:47:13.813 [info] Installing extension: vscodevim.vim vscode-userdata:/home/j/.vscode/extensions/extensions.json
2024-06-24 16:47:15.323 [info] Extension signature verification result for vscodevim.vim: Success. Executed: true. Duration: 694ms.
2024-06-24 16:47:15.358 [info] Extracted extension to file:///home/j/.vscode/extensions/vscodevim.vim-1.27.3: vscodevim.vim
2024-06-24 16:47:15.362 [info] Renamed to /home/j/.vscode/extensions/vscodevim.vim-1.27.3
2024-06-24 16:47:15.403 [info] Extension installed successfully: vscodevim.vim vscode-userdata:/home/j/.vscode/extensions/extensions.json
2024-06-24 16:47:15.447 [error] [uncaught exception in sharedProcess]: Error: ENOENT: no such file or directory, stat '/home/j/.vscode/extensions/extensions.json.vsctmp': EntryNotFound (FileSystemError): Error: ENOENT: no such file or directory, stat '/home/j/.vscode/extensions/extensions.json.vsctmp'
    at c.create (/usr/share/code/resources/app/out/vs/code/node/sharedProcess/sharedProcessMain.js:53:19235)
    at m (/usr/share/code/resources/app/out/vs/code/node/sharedProcess/sharedProcessMain.js:53:19345)
    at t.hb (/usr/share/code/resources/app/out/vs/code/node/sharedProcess/sharedProcessMain.js:58:36685)
    at t.stat (/usr/share/code/resources/app/out/vs/code/node/sharedProcess/sharedProcessMain.js:58:29033)
    at async b.stat (/usr/share/code/resources/app/out/vs/code/node/sharedProcess/sharedProcessMain.js:58:14899)
    at async H.vb (/usr/share/code/resources/app/out/vs/code/node/sharedProcess/sharedProcessMain.js:104:117665)
2024-06-24 16:47:32.633 [info] Getting Manifest... sainnhe.gruvbox-material
2024-06-24 16:47:32.639 [info] Installing extension: sainnhe.gruvbox-material vscode-userdata:/home/j/.vscode/extensions/extensions.json
2024-06-24 16:47:33.874 [info] Extension signature verification result for sainnhe.gruvbox-material: Success. Executed: true. Duration: 705ms.
2024-06-24 16:47:33.917 [info] Extracted extension to file:///home/j/.vscode/extensions/sainnhe.gruvbox-material-6.5.2: sainnhe.gruvbox-material
2024-06-24 16:47:33.920 [info] Renamed to /home/j/.vscode/extensions/sainnhe.gruvbox-material-6.5.2
2024-06-24 16:47:33.971 [info] Extension installed successfully: sainnhe.gruvbox-material vscode-userdata:/home/j/.vscode/extensions/extensions.json
2024-06-24 16:47:34.002 [error] [uncaught exception in sharedProcess]: Error: ENOENT: no such file or directory, stat '/home/j/.vscode/extensions/extensions.json.vsctmp': EntryNotFound (FileSystemError): Error: ENOENT: no such file or directory, stat '/home/j/.vscode/extensions/extensions.json.vsctmp'
    at c.create (/usr/share/code/resources/app/out/vs/code/node/sharedProcess/sharedProcessMain.js:53:19235)
    at m (/usr/share/code/resources/app/out/vs/code/node/sharedProcess/sharedProcessMain.js:53:19345)
    at t.hb (/usr/share/code/resources/app/out/vs/code/node/sharedProcess/sharedProcessMain.js:58:36685)
    at t.stat (/usr/share/code/resources/app/out/vs/code/node/sharedProcess/sharedProcessMain.js:58:29033)
    at async b.stat (/usr/share/code/resources/app/out/vs/code/node/sharedProcess/sharedProcessMain.js:58:14899)
    at async H.vb (/usr/share/code/resources/app/out/vs/code/node/sharedProcess/sharedProcessMain.js:104:117665)
