2024-06-30 19:42:29.715 [info] Reading sessions from keychain...
2024-06-30 19:42:29.715 [info] Getting sessions for all scopes...
2024-06-30 19:42:29.715 [info] Got stored sessions!
2024-06-30 19:42:29.715 [info] Got 1 verified sessions.
2024-06-30 19:42:29.715 [info] Got 1 sessions for ...
2024-06-30 19:42:29.715 [info] Getting sessions for codespace,read:user,repo,user:email...
2024-06-30 19:42:29.715 [info] Got 1 sessions for codespace,read:user,repo,user:email...
2024-06-30 19:42:31.292 [info] Getting sessions for all scopes...
2024-06-30 19:42:31.292 [info] Got 1 sessions for ...
2024-06-30 19:43:07.079 [info] Getting sessions for read:user,repo,user:email,workflow...
2024-06-30 19:43:07.079 [info] Got 0 sessions for read:user,repo,user:email,workflow...
2024-06-30 19:43:07.217 [info] Getting sessions for project,read:org,read:user,repo,user:email,workflow...
2024-06-30 19:43:07.217 [info] Got 0 sessions for project,read:org,read:user,repo,user:email,workflow...
2024-06-30 19:43:07.306 [info] Getting sessions for read:user,repo,user:email,workflow...
2024-06-30 19:43:07.306 [info] Got 0 sessions for read:user,repo,user:email,workflow...
2024-06-30 19:43:07.392 [info] Getting sessions for read:user,repo,user:email...
2024-06-30 19:43:07.392 [info] Got 0 sessions for read:user,repo,user:email...
2024-06-30 19:43:07.490 [info] Getting sessions for read:user,repo,user:email,workflow...
2024-06-30 19:43:07.490 [info] Got 0 sessions for read:user,repo,user:email,workflow...
2024-06-30 19:43:08.710 [info] Getting sessions for read:user,repo,user:email,workflow...
2024-06-30 19:43:08.710 [info] Got 0 sessions for read:user,repo,user:email,workflow...
