2024-07-08 19:23:49.519 [info] Reading sessions from keychain...
2024-07-08 19:23:49.519 [info] Getting sessions for all scopes...
2024-07-08 19:23:49.519 [info] Got stored sessions!
2024-07-08 19:23:49.519 [info] Got 1 verified sessions.
2024-07-08 19:23:49.519 [info] Got 1 sessions for ...
2024-07-08 19:23:49.519 [info] Getting sessions for codespace,read:user,repo,user:email...
2024-07-08 19:23:49.519 [info] Got 1 sessions for codespace,read:user,repo,user:email...
2024-07-08 19:23:51.136 [info] Getting sessions for all scopes...
2024-07-08 19:23:51.136 [info] Got 1 sessions for ...
2024-07-08 19:24:28.006 [info] Getting sessions for read:user,repo,user:email,workflow...
2024-07-08 19:24:28.007 [info] Got 0 sessions for read:user,repo,user:email,workflow...
2024-07-08 19:24:28.345 [info] Getting sessions for project,read:org,read:user,repo,user:email,workflow...
2024-07-08 19:24:28.345 [info] Got 0 sessions for project,read:org,read:user,repo,user:email,workflow...
2024-07-08 19:24:28.452 [info] Getting sessions for read:user,repo,user:email,workflow...
2024-07-08 19:24:28.452 [info] Got 0 sessions for read:user,repo,user:email,workflow...
2024-07-08 19:24:28.538 [info] Getting sessions for read:user,repo,user:email...
2024-07-08 19:24:28.538 [info] Got 0 sessions for read:user,repo,user:email...
2024-07-08 19:24:28.677 [info] Getting sessions for read:user,repo,user:email,workflow...
2024-07-08 19:24:28.677 [info] Got 0 sessions for read:user,repo,user:email,workflow...
2024-07-08 19:24:33.829 [info] Getting sessions for read:user,repo,user:email,workflow...
2024-07-08 19:24:33.829 [info] Got 0 sessions for read:user,repo,user:email,workflow...
